[1.358s] Invoking command in '/home/ubuntu/ros2_ws/src/my_py_package': PYTHONPATH=/home/ubuntu/ros2_ws/install/lib/python3.6/site-packages:${PYTHONPATH} /usr/bin/python3 setup.py egg_info --egg-base ../../build/my_py_package build --build-base /home/ubuntu/ros2_ws/build/my_py_package/build install --prefix /home/ubuntu/ros2_ws/install --record /home/ubuntu/ros2_ws/build/my_py_package/install.log --single-version-externally-managed
[1.713s] /home/ubuntu/.local/lib/python3.6/site-packages/setuptools/dist.py:726: UserWarning: Usage of dash-separated 'script-dir' will not be supported in future versions. Please use the underscore name 'script_dir' instead
[1.714s]   % (opt, underscore_opt)
[1.715s] /home/ubuntu/.local/lib/python3.6/site-packages/setuptools/dist.py:726: UserWarning: Usage of dash-separated 'install-scripts' will not be supported in future versions. Please use the underscore name 'install_scripts' instead
[1.715s]   % (opt, underscore_opt)
[1.754s] running egg_info
[1.755s] writing ../../build/my_py_package/my_py_package.egg-info/PKG-INFO
[1.755s] writing dependency_links to ../../build/my_py_package/my_py_package.egg-info/dependency_links.txt
[1.756s] writing entry points to ../../build/my_py_package/my_py_package.egg-info/entry_points.txt
[1.756s] writing requirements to ../../build/my_py_package/my_py_package.egg-info/requires.txt
[1.757s] writing top-level names to ../../build/my_py_package/my_py_package.egg-info/top_level.txt
[1.760s] reading manifest file '../../build/my_py_package/my_py_package.egg-info/SOURCES.txt'
[1.762s] writing manifest file '../../build/my_py_package/my_py_package.egg-info/SOURCES.txt'
[1.763s] running build
[1.763s] running build_py
[1.764s] running install
[1.764s] /home/ubuntu/.local/lib/python3.6/site-packages/setuptools/command/install.py:37: SetuptoolsDeprecationWarning: setup.py install is deprecated. Use build and pip and other standards-based tools.
[1.765s]   setuptools.SetuptoolsDeprecationWarning,
[1.766s] running install_lib
[1.767s] running install_data
[1.768s] running install_egg_info
[1.771s] removing '/home/ubuntu/ros2_ws/install/lib/python3.6/site-packages/my_py_package-0.0.0-py3.6.egg-info' (and everything under it)
[1.772s] Copying ../../build/my_py_package/my_py_package.egg-info to /home/ubuntu/ros2_ws/install/lib/python3.6/site-packages/my_py_package-0.0.0-py3.6.egg-info
[1.774s] running install_scripts
[1.796s] Installing my_py_node script to /home/ubuntu/ros2_ws/install/lib/my_py_package
[1.797s] writing list of installed files to '/home/ubuntu/ros2_ws/build/my_py_package/install.log'
[1.830s] Invoked command in '/home/ubuntu/ros2_ws/src/my_py_package' returned '0': PYTHONPATH=/home/ubuntu/ros2_ws/install/lib/python3.6/site-packages:${PYTHONPATH} /usr/bin/python3 setup.py egg_info --egg-base ../../build/my_py_package build --build-base /home/ubuntu/ros2_ws/build/my_py_package/build install --prefix /home/ubuntu/ros2_ws/install --record /home/ubuntu/ros2_ws/build/my_py_package/install.log --single-version-externally-managed
