[3.163s] Invoking command in '/home/ubuntu/ros2_ws/src/my_py_srvcli': PYTHONPATH=/home/ubuntu/ros2_ws/install/my_py_srvcli/lib/python3.6/site-packages:${PYTHONPATH} /usr/bin/python3 setup.py egg_info --egg-base ../../build/my_py_srvcli build --build-base /home/ubuntu/ros2_ws/build/my_py_srvcli/build install --prefix /home/ubuntu/ros2_ws/install/my_py_srvcli --record /home/ubuntu/ros2_ws/build/my_py_srvcli/install.log --single-version-externally-managed
[4.446s] /home/ubuntu/.local/lib/python3.6/site-packages/setuptools/dist.py:726: UserWarning: Usage of dash-separated 'script-dir' will not be supported in future versions. Please use the underscore name 'script_dir' instead
[4.446s]   % (opt, underscore_opt)
[4.447s] /home/ubuntu/.local/lib/python3.6/site-packages/setuptools/dist.py:726: UserWarning: Usage of dash-separated 'install-scripts' will not be supported in future versions. Please use the underscore name 'install_scripts' instead
[4.448s]   % (opt, underscore_opt)
[4.477s] running egg_info
[4.478s] writing ../../build/my_py_srvcli/my_py_srvcli.egg-info/PKG-INFO
[4.479s] writing dependency_links to ../../build/my_py_srvcli/my_py_srvcli.egg-info/dependency_links.txt
[4.479s] writing entry points to ../../build/my_py_srvcli/my_py_srvcli.egg-info/entry_points.txt
[4.479s] writing requirements to ../../build/my_py_srvcli/my_py_srvcli.egg-info/requires.txt
[4.480s] writing top-level names to ../../build/my_py_srvcli/my_py_srvcli.egg-info/top_level.txt
[4.482s] reading manifest file '../../build/my_py_srvcli/my_py_srvcli.egg-info/SOURCES.txt'
[4.483s] writing manifest file '../../build/my_py_srvcli/my_py_srvcli.egg-info/SOURCES.txt'
[4.483s] running build
[4.484s] running build_py
[4.484s] running install
[4.484s] /home/ubuntu/.local/lib/python3.6/site-packages/setuptools/command/install.py:37: SetuptoolsDeprecationWarning: setup.py install is deprecated. Use build and pip and other standards-based tools.
[4.485s]   setuptools.SetuptoolsDeprecationWarning,
[4.485s] running install_lib
[4.486s] running install_data
[4.487s] running install_egg_info
[4.489s] removing '/home/ubuntu/ros2_ws/install/my_py_srvcli/lib/python3.6/site-packages/my_py_srvcli-0.0.0-py3.6.egg-info' (and everything under it)
[4.490s] Copying ../../build/my_py_srvcli/my_py_srvcli.egg-info to /home/ubuntu/ros2_ws/install/my_py_srvcli/lib/python3.6/site-packages/my_py_srvcli-0.0.0-py3.6.egg-info
[4.492s] running install_scripts
[4.529s] Installing my_py_cli_node script to /home/ubuntu/ros2_ws/install/my_py_srvcli/lib/my_py_srvcli
[4.529s] writing list of installed files to '/home/ubuntu/ros2_ws/build/my_py_srvcli/install.log'
[4.658s] Invoked command in '/home/ubuntu/ros2_ws/src/my_py_srvcli' returned '0': PYTHONPATH=/home/ubuntu/ros2_ws/install/my_py_srvcli/lib/python3.6/site-packages:${PYTHONPATH} /usr/bin/python3 setup.py egg_info --egg-base ../../build/my_py_srvcli build --build-base /home/ubuntu/ros2_ws/build/my_py_srvcli/build install --prefix /home/ubuntu/ros2_ws/install/my_py_srvcli --record /home/ubuntu/ros2_ws/build/my_py_srvcli/install.log --single-version-externally-managed
