[0.919s] Invoking command in '/home/ubuntu/ros2_ws/src/my_py_srvcli': PYTHONPATH=/home/ubuntu/ros2_ws/install/my_py_srvcli/lib/python3.6/site-packages:${PYTHONPATH} /usr/bin/python3 setup.py egg_info --egg-base ../../build/my_py_srvcli build --build-base /home/ubuntu/ros2_ws/build/my_py_srvcli/build install --prefix /home/ubuntu/ros2_ws/install/my_py_srvcli --record /home/ubuntu/ros2_ws/build/my_py_srvcli/install.log --single-version-externally-managed
[1.186s] /home/ubuntu/.local/lib/python3.6/site-packages/setuptools/dist.py:726: UserWarning: Usage of dash-separated 'script-dir' will not be supported in future versions. Please use the underscore name 'script_dir' instead
[1.186s]   % (opt, underscore_opt)
[1.186s] /home/ubuntu/.local/lib/python3.6/site-packages/setuptools/dist.py:726: UserWarning: Usage of dash-separated 'install-scripts' will not be supported in future versions. Please use the underscore name 'install_scripts' instead
[1.186s]   % (opt, underscore_opt)
[1.214s] running egg_info
[1.215s] writing ../../build/my_py_srvcli/my_py_srvcli.egg-info/PKG-INFO
[1.216s] writing dependency_links to ../../build/my_py_srvcli/my_py_srvcli.egg-info/dependency_links.txt
[1.217s] writing entry points to ../../build/my_py_srvcli/my_py_srvcli.egg-info/entry_points.txt
[1.217s] writing requirements to ../../build/my_py_srvcli/my_py_srvcli.egg-info/requires.txt
[1.217s] writing top-level names to ../../build/my_py_srvcli/my_py_srvcli.egg-info/top_level.txt
[1.219s] reading manifest file '../../build/my_py_srvcli/my_py_srvcli.egg-info/SOURCES.txt'
[1.220s] writing manifest file '../../build/my_py_srvcli/my_py_srvcli.egg-info/SOURCES.txt'
[1.220s] running build
[1.220s] running build_py
[1.221s] /home/ubuntu/.local/lib/python3.6/site-packages/setuptools/command/install.py:37: SetuptoolsDeprecationWarning: setup.py install is deprecated. Use build and pip and other standards-based tools.
[1.221s]   setuptools.SetuptoolsDeprecationWarning,
[1.221s] running install
[1.221s] running install_lib
[1.223s] running install_data
[1.223s] running install_egg_info
[1.226s] removing '/home/ubuntu/ros2_ws/install/my_py_srvcli/lib/python3.6/site-packages/my_py_srvcli-0.0.0-py3.6.egg-info' (and everything under it)
[1.226s] Copying ../../build/my_py_srvcli/my_py_srvcli.egg-info to /home/ubuntu/ros2_ws/install/my_py_srvcli/lib/python3.6/site-packages/my_py_srvcli-0.0.0-py3.6.egg-info
[1.226s] running install_scripts
[1.244s] Installing my_py_cli_node script to /home/ubuntu/ros2_ws/install/my_py_srvcli/lib/my_py_srvcli
[1.244s] writing list of installed files to '/home/ubuntu/ros2_ws/build/my_py_srvcli/install.log'
[1.271s] Invoked command in '/home/ubuntu/ros2_ws/src/my_py_srvcli' returned '0': PYTHONPATH=/home/ubuntu/ros2_ws/install/my_py_srvcli/lib/python3.6/site-packages:${PYTHONPATH} /usr/bin/python3 setup.py egg_info --egg-base ../../build/my_py_srvcli build --build-base /home/ubuntu/ros2_ws/build/my_py_srvcli/build install --prefix /home/ubuntu/ros2_ws/install/my_py_srvcli --record /home/ubuntu/ros2_ws/build/my_py_srvcli/install.log --single-version-externally-managed
