[0.332s] Invoking command in '/home/ubuntu/ros2_ws/build/my_c_srvcli': CMAKE_PREFIX_PATH=/opt/ros/dashing /usr/bin/cmake --build /home/ubuntu/ros2_ws/build/my_c_srvcli -- -j4 -l4
[0.994s] -- Found ament_cmake: 0.7.6 (/opt/ros/dashing/share/ament_cmake/cmake)
[1.103s] -- Using PYTHON_EXECUTABLE: /usr/bin/python3
[1.782s] -- Found turtlesim: 1.0.3 (/opt/ros/dashing/share/turtlesim/cmake)
[2.003s] -- Found rosidl_adapter: 0.7.10 (/opt/ros/dashing/share/rosidl_adapter/cmake)
[2.682s] -- Found std_msgs: 0.7.1 (/opt/ros/dashing/share/std_msgs/cmake)
[2.704s] -- Found rclcpp: 0.7.16 (/opt/ros/dashing/share/rclcpp/cmake)
[2.945s] -- Found rmw_implementation_cmake: 0.7.2 (/opt/ros/dashing/share/rmw_implementation_cmake/cmake)
[2.949s] -- Using RMW implementation 'rmw_fastrtps_cpp' as default
[3.300s] -- Found geometry_msgs: 0.7.1 (/opt/ros/dashing/share/geometry_msgs/cmake)
[3.369s] CMake Error at CMakeLists.txt:36 (install):
[3.369s]   install TARGETS given target "my_c_srv_node" which does not exist in this
[3.369s]   directory.
[3.370s] 
[3.370s] 
[3.435s] -- Found ament_lint_auto: 0.7.12 (/opt/ros/dashing/share/ament_lint_auto/cmake)
[4.044s] -- Added test 'copyright' to check for copyright in CMake / C / C++ / Python code
[4.045s] -- Added test 'cppcheck' to perform static code analysis on C / C++ code
[4.046s] -- Configured cppcheck include dirs: $<BUILD_INTERFACE:/home/ubuntu/ros2_ws/src/my_c_srvcli/include>
[4.064s] -- Added test 'cpplint' to check C / C++ code against the Google style
[4.065s] -- Added test 'lint_cmake' to check CMake code style
[4.066s] -- Added test 'uncrustify' to check C / C++ code style
[4.067s] -- Added test 'xmllint' to check XML markup files
[4.120s] -- Configuring incomplete, errors occurred!
[4.120s] See also "/home/ubuntu/ros2_ws/build/my_c_srvcli/CMakeFiles/CMakeOutput.log".
[4.120s] See also "/home/ubuntu/ros2_ws/build/my_c_srvcli/CMakeFiles/CMakeError.log".
[4.150s] Makefile:252: recipe for target 'cmake_check_build_system' failed
[4.150s] make: *** [cmake_check_build_system] Error 1
[4.154s] Invoked command in '/home/ubuntu/ros2_ws/build/my_c_srvcli' returned '2': CMAKE_PREFIX_PATH=/opt/ros/dashing /usr/bin/cmake --build /home/ubuntu/ros2_ws/build/my_c_srvcli -- -j4 -l4
