[0.066s] Invoking command in '/home/ubuntu/ros2_ws/build/my_c_topic': CMAKE_PREFIX_PATH=/opt/ros/dashing /usr/bin/cmake --build /home/ubuntu/ros2_ws/build/my_c_topic -- -j4 -l4
[0.837s] [35m[1mScanning dependencies of target my_c_publisher_node[0m
[0.838s] [ 50%] [32mBuilding CXX object CMakeFiles/my_c_publisher_node.dir/src/my_c_publisher_node.cpp.o[0m
[0.838s] [100%] [32m[1mLinking CXX executable my_c_publisher_node[0m
[0.838s] [100%] Built target my_c_publisher_node
[0.856s] Invoked command in '/home/ubuntu/ros2_ws/build/my_c_topic' returned '0': CMAKE_PREFIX_PATH=/opt/ros/dashing /usr/bin/cmake --build /home/ubuntu/ros2_ws/build/my_c_topic -- -j4 -l4
[0.933s] Invoking command in '/home/ubuntu/ros2_ws/build/my_c_topic': CMAKE_PREFIX_PATH=/opt/ros/dashing /usr/bin/cmake --build /home/ubuntu/ros2_ws/build/my_c_topic --target install -- -j4 -l4
[1.072s] [100%] Built target my_c_publisher_node
[1.104s] [36mInstall the project...[0m
[1.118s] -- Install configuration: "RelWithDebInfo"
[1.119s] -- Installing: /home/ubuntu/ros2_ws/install/lib/my_c_topic/my_c_publisher_node
[1.119s] -- Set runtime path of "/home/ubuntu/ros2_ws/install/lib/my_c_topic/my_c_publisher_node" to ""
[1.120s] -- Up-to-date: /home/ubuntu/ros2_ws/install/share/ament_index/resource_index/package_run_dependencies/my_c_topic
[1.120s] -- Up-to-date: /home/ubuntu/ros2_ws/install/share/ament_index/resource_index/parent_prefix_path/my_c_topic
[1.120s] -- Up-to-date: /home/ubuntu/ros2_ws/install/share/my_c_topic/environment/ament_prefix_path.sh
[1.121s] -- Up-to-date: /home/ubuntu/ros2_ws/install/share/my_c_topic/environment/path.sh
[1.121s] -- Up-to-date: /home/ubuntu/ros2_ws/install/share/my_c_topic/local_setup.bash
[1.122s] -- Up-to-date: /home/ubuntu/ros2_ws/install/share/my_c_topic/local_setup.sh
[1.124s] -- Up-to-date: /home/ubuntu/ros2_ws/install/share/my_c_topic/local_setup.zsh
[1.124s] -- Up-to-date: /home/ubuntu/ros2_ws/install/share/ament_index/resource_index/packages/my_c_topic
[1.124s] -- Up-to-date: /home/ubuntu/ros2_ws/install/share/my_c_topic/cmake/my_c_topicConfig.cmake
[1.126s] -- Up-to-date: /home/ubuntu/ros2_ws/install/share/my_c_topic/cmake/my_c_topicConfig-version.cmake
[1.126s] -- Up-to-date: /home/ubuntu/ros2_ws/install/share/my_c_topic/package.xml
[1.130s] Invoked command in '/home/ubuntu/ros2_ws/build/my_c_topic' returned '0': CMAKE_PREFIX_PATH=/opt/ros/dashing /usr/bin/cmake --build /home/ubuntu/ros2_ws/build/my_c_topic --target install -- -j4 -l4
