[3.332s] Invoking command in '/home/ubuntu/ros2_ws/src/my_py_topic': PYTHONPATH=/home/ubuntu/ros2_ws/install/lib/python3.6/site-packages:${PYTHONPATH} /usr/bin/python3 setup.py egg_info --egg-base ../../build/my_py_topic build --build-base /home/ubuntu/ros2_ws/build/my_py_topic/build install --prefix /home/ubuntu/ros2_ws/install --record /home/ubuntu/ros2_ws/build/my_py_topic/install.log --single-version-externally-managed
[4.305s] /home/ubuntu/.local/lib/python3.6/site-packages/setuptools/dist.py:726: UserWarning: Usage of dash-separated 'script-dir' will not be supported in future versions. Please use the underscore name 'script_dir' instead
[4.305s]   % (opt, underscore_opt)
[4.306s] /home/ubuntu/.local/lib/python3.6/site-packages/setuptools/dist.py:726: UserWarning: Usage of dash-separated 'install-scripts' will not be supported in future versions. Please use the underscore name 'install_scripts' instead
[4.306s]   % (opt, underscore_opt)
[4.428s] running egg_info
[4.431s] creating ../../build/my_py_topic/my_py_topic.egg-info
[4.432s] writing ../../build/my_py_topic/my_py_topic.egg-info/PKG-INFO
[4.433s] writing dependency_links to ../../build/my_py_topic/my_py_topic.egg-info/dependency_links.txt
[4.434s] writing entry points to ../../build/my_py_topic/my_py_topic.egg-info/entry_points.txt
[4.434s] writing requirements to ../../build/my_py_topic/my_py_topic.egg-info/requires.txt
[4.435s] writing top-level names to ../../build/my_py_topic/my_py_topic.egg-info/top_level.txt
[4.435s] writing manifest file '../../build/my_py_topic/my_py_topic.egg-info/SOURCES.txt'
[4.437s] reading manifest file '../../build/my_py_topic/my_py_topic.egg-info/SOURCES.txt'
[4.438s] writing manifest file '../../build/my_py_topic/my_py_topic.egg-info/SOURCES.txt'
[4.439s] running build
[4.439s] running build_py
[4.439s] creating /home/ubuntu/ros2_ws/build/my_py_topic/build
[4.440s] creating /home/ubuntu/ros2_ws/build/my_py_topic/build/lib
[4.440s] creating /home/ubuntu/ros2_ws/build/my_py_topic/build/lib/my_py_topic
[4.440s] copying my_py_topic/my_py_publisher_node.py -> /home/ubuntu/ros2_ws/build/my_py_topic/build/lib/my_py_topic
[4.441s] copying my_py_topic/__init__.py -> /home/ubuntu/ros2_ws/build/my_py_topic/build/lib/my_py_topic
[4.441s] running install
[4.441s] /home/ubuntu/.local/lib/python3.6/site-packages/setuptools/command/install.py:37: SetuptoolsDeprecationWarning: setup.py install is deprecated. Use build and pip and other standards-based tools.
[4.442s]   setuptools.SetuptoolsDeprecationWarning,
[4.442s] running install_lib
[4.443s] creating /home/ubuntu/ros2_ws/install/lib/python3.6/site-packages/my_py_topic
[4.443s] copying /home/ubuntu/ros2_ws/build/my_py_topic/build/lib/my_py_topic/my_py_publisher_node.py -> /home/ubuntu/ros2_ws/install/lib/python3.6/site-packages/my_py_topic
[4.444s] copying /home/ubuntu/ros2_ws/build/my_py_topic/build/lib/my_py_topic/__init__.py -> /home/ubuntu/ros2_ws/install/lib/python3.6/site-packages/my_py_topic
[4.444s] byte-compiling /home/ubuntu/ros2_ws/install/lib/python3.6/site-packages/my_py_topic/my_py_publisher_node.py to my_py_publisher_node.cpython-36.pyc
[4.445s] byte-compiling /home/ubuntu/ros2_ws/install/lib/python3.6/site-packages/my_py_topic/__init__.py to __init__.cpython-36.pyc
[4.446s] running install_data
[4.446s] copying resource/my_py_topic -> /home/ubuntu/ros2_ws/install/share/ament_index/resource_index/packages
[4.447s] copying package.xml -> /home/ubuntu/ros2_ws/install/share/my_py_topic
[4.447s] running install_egg_info
[4.449s] Copying ../../build/my_py_topic/my_py_topic.egg-info to /home/ubuntu/ros2_ws/install/lib/python3.6/site-packages/my_py_topic-0.0.0-py3.6.egg-info
[4.451s] running install_scripts
[4.477s] Installing my_py_publisher_node script to /home/ubuntu/ros2_ws/install/lib/my_py_topic
[4.478s] writing list of installed files to '/home/ubuntu/ros2_ws/build/my_py_topic/install.log'
[4.513s] Invoked command in '/home/ubuntu/ros2_ws/src/my_py_topic' returned '0': PYTHONPATH=/home/ubuntu/ros2_ws/install/lib/python3.6/site-packages:${PYTHONPATH} /usr/bin/python3 setup.py egg_info --egg-base ../../build/my_py_topic build --build-base /home/ubuntu/ros2_ws/build/my_py_topic/build install --prefix /home/ubuntu/ros2_ws/install --record /home/ubuntu/ros2_ws/build/my_py_topic/install.log --single-version-externally-managed
