[0.053s] Invoking command in '/home/ubuntu/ros2_ws/build/my_c_package': CMAKE_PREFIX_PATH=/home/ubuntu/ros2_ws/install:/opt/ros/dashing /usr/bin/cmake /home/ubuntu/ros2_ws/src/my_c_package -DCMAKE_INSTALL_PREFIX=/home/ubuntu/ros2_ws/install/my_c_package
[0.719s] -- The C compiler identification is GNU 7.5.0
[0.719s] -- The CXX compiler identification is GNU 7.5.0
[0.720s] -- Check for working C compiler: /usr/bin/cc
[0.720s] -- Check for working C compiler: /usr/bin/cc -- works
[0.720s] -- Detecting C compiler ABI info
[0.720s] -- Detecting C compiler ABI info - done
[0.720s] -- Detecting C compile features
[0.720s] -- Detecting C compile features - done
[0.720s] -- Check for working CXX compiler: /usr/bin/c++
[0.758s] -- Check for working CXX compiler: /usr/bin/c++ -- works
[0.760s] -- Detecting CXX compiler ABI info
[0.887s] -- Detecting CXX compiler ABI info - done
[0.891s] -- Detecting CXX compile features
[1.482s] -- Detecting CXX compile features - done
[1.484s] -- Found ament_cmake: 0.7.6 (/opt/ros/dashing/share/ament_cmake/cmake)
[1.527s] -- Found PythonInterp: /usr/bin/python3 (found suitable version "3.6.9", minimum required is "3") 
[1.527s] -- Using PYTHON_EXECUTABLE: /usr/bin/python3
[2.025s] -- Found ament_lint_auto: 0.7.12 (/opt/ros/dashing/share/ament_lint_auto/cmake)
[2.251s] -- Added test 'copyright' to check for copyright in CMake / C / C++ / Python code
[2.252s] -- Added test 'cppcheck' to perform static code analysis on C / C++ code
[2.252s] -- Configured cppcheck include dirs: $<BUILD_INTERFACE:/home/ubuntu/ros2_ws/src/my_c_package/include>
[2.253s] -- Added test 'cpplint' to check C / C++ code against the Google style
[2.254s] -- Added test 'lint_cmake' to check CMake code style
[2.256s] -- Added test 'uncrustify' to check C / C++ code style
[2.273s] -- Added test 'xmllint' to check XML markup files
[2.279s] -- Configuring done
[2.321s] -- Generating done
[2.322s] -- Build files have been written to: /home/ubuntu/ros2_ws/build/my_c_package
[2.329s] Invoked command in '/home/ubuntu/ros2_ws/build/my_c_package' returned '0': CMAKE_PREFIX_PATH=/home/ubuntu/ros2_ws/install:/opt/ros/dashing /usr/bin/cmake /home/ubuntu/ros2_ws/src/my_c_package -DCMAKE_INSTALL_PREFIX=/home/ubuntu/ros2_ws/install/my_c_package
[2.331s] Invoking command in '/home/ubuntu/ros2_ws/build/my_c_package': CMAKE_PREFIX_PATH=/home/ubuntu/ros2_ws/install:/opt/ros/dashing /usr/bin/cmake --build /home/ubuntu/ros2_ws/build/my_c_package -- -j4 -l4
[2.373s] [35m[1mScanning dependencies of target my_c_node[0m
[2.400s] [ 50%] [32mBuilding CXX object CMakeFiles/my_c_node.dir/src/my_c_node.cpp.o[0m
[2.766s] [100%] [32m[1mLinking CXX executable my_c_node[0m
[2.810s] [100%] Built target my_c_node
[2.822s] Invoked command in '/home/ubuntu/ros2_ws/build/my_c_package' returned '0': CMAKE_PREFIX_PATH=/home/ubuntu/ros2_ws/install:/opt/ros/dashing /usr/bin/cmake --build /home/ubuntu/ros2_ws/build/my_c_package -- -j4 -l4
[2.871s] Invoking command in '/home/ubuntu/ros2_ws/build/my_c_package': CMAKE_PREFIX_PATH=/home/ubuntu/ros2_ws/install:/opt/ros/dashing /usr/bin/cmake --build /home/ubuntu/ros2_ws/build/my_c_package --target install -- -j4 -l4
[2.931s] [100%] Built target my_c_node
[2.951s] [36mInstall the project...[0m
[2.960s] -- Install configuration: ""
[2.960s] -- Installing: /home/ubuntu/ros2_ws/install/my_c_package/lib/my_c_package/my_c_node
[2.960s] -- Installing: /home/ubuntu/ros2_ws/install/my_c_package/share/ament_index/resource_index/package_run_dependencies/my_c_package
[2.960s] -- Installing: /home/ubuntu/ros2_ws/install/my_c_package/share/ament_index/resource_index/parent_prefix_path/my_c_package
[2.961s] -- Installing: /home/ubuntu/ros2_ws/install/my_c_package/share/my_c_package/environment/ament_prefix_path.sh
[2.961s] -- Installing: /home/ubuntu/ros2_ws/install/my_c_package/share/my_c_package/environment/path.sh
[2.961s] -- Installing: /home/ubuntu/ros2_ws/install/my_c_package/share/my_c_package/local_setup.bash
[2.961s] -- Installing: /home/ubuntu/ros2_ws/install/my_c_package/share/my_c_package/local_setup.sh
[2.961s] -- Installing: /home/ubuntu/ros2_ws/install/my_c_package/share/my_c_package/local_setup.zsh
[2.961s] -- Installing: /home/ubuntu/ros2_ws/install/my_c_package/share/ament_index/resource_index/packages/my_c_package
[2.962s] -- Installing: /home/ubuntu/ros2_ws/install/my_c_package/share/my_c_package/cmake/my_c_packageConfig.cmake
[2.962s] -- Installing: /home/ubuntu/ros2_ws/install/my_c_package/share/my_c_package/cmake/my_c_packageConfig-version.cmake
[2.962s] -- Installing: /home/ubuntu/ros2_ws/install/my_c_package/share/my_c_package/package.xml
[2.966s] Invoked command in '/home/ubuntu/ros2_ws/build/my_c_package' returned '0': CMAKE_PREFIX_PATH=/home/ubuntu/ros2_ws/install:/opt/ros/dashing /usr/bin/cmake --build /home/ubuntu/ros2_ws/build/my_c_package --target install -- -j4 -l4
