[0.040s] Invoking command in '/home/ubuntu/ros2_ws/build/my_c_srvcli': CMAKE_PREFIX_PATH=/opt/ros/dashing /usr/bin/cmake --build /home/ubuntu/ros2_ws/build/my_c_srvcli -- -j4 -l4
[0.367s] [35m[1mScanning dependencies of target my_c_cli_node[0m
[0.367s] [ 50%] [32mBuilding CXX object CMakeFiles/my_c_cli_node.dir/src/my_c_cli_node.cpp.o[0m
[1.728s] [100%] [32m[1mLinking CXX executable my_c_cli_node[0m
[2.038s] [100%] Built target my_c_cli_node
[2.051s] Invoked command in '/home/ubuntu/ros2_ws/build/my_c_srvcli' returned '0': CMAKE_PREFIX_PATH=/opt/ros/dashing /usr/bin/cmake --build /home/ubuntu/ros2_ws/build/my_c_srvcli -- -j4 -l4
[2.077s] Invoking command in '/home/ubuntu/ros2_ws/build/my_c_srvcli': CMAKE_PREFIX_PATH=/opt/ros/dashing /usr/bin/cmake --build /home/ubuntu/ros2_ws/build/my_c_srvcli --target install -- -j4 -l4
[2.131s] [100%] Built target my_c_cli_node
[2.151s] [36mInstall the project...[0m
[2.160s] -- Install configuration: ""
[2.160s] -- Installing: /home/ubuntu/ros2_ws/install/my_c_srvcli/lib/my_c_srvcli/my_c_cli_node
[2.161s] -- Set runtime path of "/home/ubuntu/ros2_ws/install/my_c_srvcli/lib/my_c_srvcli/my_c_cli_node" to ""
[2.161s] -- Installing: /home/ubuntu/ros2_ws/install/my_c_srvcli/share/ament_index/resource_index/package_run_dependencies/my_c_srvcli
[2.161s] -- Installing: /home/ubuntu/ros2_ws/install/my_c_srvcli/share/ament_index/resource_index/parent_prefix_path/my_c_srvcli
[2.161s] -- Installing: /home/ubuntu/ros2_ws/install/my_c_srvcli/share/my_c_srvcli/environment/ament_prefix_path.sh
[2.161s] -- Installing: /home/ubuntu/ros2_ws/install/my_c_srvcli/share/my_c_srvcli/environment/path.sh
[2.161s] -- Installing: /home/ubuntu/ros2_ws/install/my_c_srvcli/share/my_c_srvcli/local_setup.bash
[2.162s] -- Installing: /home/ubuntu/ros2_ws/install/my_c_srvcli/share/my_c_srvcli/local_setup.sh
[2.162s] -- Installing: /home/ubuntu/ros2_ws/install/my_c_srvcli/share/my_c_srvcli/local_setup.zsh
[2.162s] -- Installing: /home/ubuntu/ros2_ws/install/my_c_srvcli/share/ament_index/resource_index/packages/my_c_srvcli
[2.162s] -- Installing: /home/ubuntu/ros2_ws/install/my_c_srvcli/share/my_c_srvcli/cmake/my_c_srvcliConfig.cmake
[2.162s] -- Installing: /home/ubuntu/ros2_ws/install/my_c_srvcli/share/my_c_srvcli/cmake/my_c_srvcliConfig-version.cmake
[2.163s] -- Installing: /home/ubuntu/ros2_ws/install/my_c_srvcli/share/my_c_srvcli/package.xml
[2.167s] Invoked command in '/home/ubuntu/ros2_ws/build/my_c_srvcli' returned '0': CMAKE_PREFIX_PATH=/opt/ros/dashing /usr/bin/cmake --build /home/ubuntu/ros2_ws/build/my_c_srvcli --target install -- -j4 -l4
