[0.045s] Invoking command in '/home/ubuntu/ros2_ws/build/my_c_package': CMAKE_PREFIX_PATH=${CMAKE_PREFIX_PATH}:/home/ubuntu/ros2_ws/install/my_py_topic:/home/ubuntu/ros2_ws/install/my_py_package:/opt/ros/dashing /usr/bin/cmake --build /home/ubuntu/ros2_ws/build/my_c_package -- -j4 -l4
[0.640s] [100%] Built target my_c_node
[0.656s] Invoked command in '/home/ubuntu/ros2_ws/build/my_c_package' returned '0': CMAKE_PREFIX_PATH=${CMAKE_PREFIX_PATH}:/home/ubuntu/ros2_ws/install/my_py_topic:/home/ubuntu/ros2_ws/install/my_py_package:/opt/ros/dashing /usr/bin/cmake --build /home/ubuntu/ros2_ws/build/my_c_package -- -j4 -l4
[0.700s] Invoking command in '/home/ubuntu/ros2_ws/build/my_c_package': CMAKE_PREFIX_PATH=${CMAKE_PREFIX_PATH}:/home/ubuntu/ros2_ws/install/my_py_topic:/home/ubuntu/ros2_ws/install/my_py_package:/opt/ros/dashing /usr/bin/cmake --build /home/ubuntu/ros2_ws/build/my_c_package --target install -- -j4 -l4
[0.767s] [100%] Built target my_c_node
[0.789s] [36mInstall the project...[0m
[0.799s] -- Install configuration: ""
[0.800s] -- Up-to-date: /home/ubuntu/ros2_ws/install/my_c_package/lib/my_c_package/my_c_node
[0.800s] -- Up-to-date: /home/ubuntu/ros2_ws/install/my_c_package/share/ament_index/resource_index/package_run_dependencies/my_c_package
[0.800s] -- Up-to-date: /home/ubuntu/ros2_ws/install/my_c_package/share/ament_index/resource_index/parent_prefix_path/my_c_package
[0.800s] -- Up-to-date: /home/ubuntu/ros2_ws/install/my_c_package/share/my_c_package/environment/ament_prefix_path.sh
[0.800s] -- Up-to-date: /home/ubuntu/ros2_ws/install/my_c_package/share/my_c_package/environment/path.sh
[0.800s] -- Up-to-date: /home/ubuntu/ros2_ws/install/my_c_package/share/my_c_package/local_setup.bash
[0.801s] -- Up-to-date: /home/ubuntu/ros2_ws/install/my_c_package/share/my_c_package/local_setup.sh
[0.801s] -- Up-to-date: /home/ubuntu/ros2_ws/install/my_c_package/share/my_c_package/local_setup.zsh
[0.801s] -- Up-to-date: /home/ubuntu/ros2_ws/install/my_c_package/share/ament_index/resource_index/packages/my_c_package
[0.801s] -- Up-to-date: /home/ubuntu/ros2_ws/install/my_c_package/share/my_c_package/cmake/my_c_packageConfig.cmake
[0.801s] -- Up-to-date: /home/ubuntu/ros2_ws/install/my_c_package/share/my_c_package/cmake/my_c_packageConfig-version.cmake
[0.801s] -- Up-to-date: /home/ubuntu/ros2_ws/install/my_c_package/share/my_c_package/package.xml
[0.812s] Invoked command in '/home/ubuntu/ros2_ws/build/my_c_package' returned '0': CMAKE_PREFIX_PATH=${CMAKE_PREFIX_PATH}:/home/ubuntu/ros2_ws/install/my_py_topic:/home/ubuntu/ros2_ws/install/my_py_package:/opt/ros/dashing /usr/bin/cmake --build /home/ubuntu/ros2_ws/build/my_c_package --target install -- -j4 -l4
