[0.000000] (-) TimerEvent: {}
[0.002700] (my_c_package) JobQueued: {'identifier': 'my_c_package', 'dependencies': OrderedDict()}
[0.002852] (my_c_topic) JobQueued: {'identifier': 'my_c_topic', 'dependencies': OrderedDict()}
[0.002907] (my_py_package) JobQueued: {'identifier': 'my_py_package', 'dependencies': OrderedDict()}
[0.002932] (my_c_package) JobStarted: {'identifier': 'my_c_package'}
[0.012130] (my_c_topic) JobStarted: {'identifier': 'my_c_topic'}
[0.024334] (my_py_package) JobStarted: {'identifier': 'my_py_package'}
[0.039468] (my_c_package) JobProgress: {'identifier': 'my_c_package', 'progress': 'cmake'}
[0.041655] (my_c_package) JobProgress: {'identifier': 'my_c_package', 'progress': 'build'}
[0.041876] (my_c_package) Command: {'cmd': ['/usr/bin/cmake', '--build', '/home/ubuntu/ros2_ws/build/my_c_package', '--', '-j4', '-l4'], 'cwd': '/home/ubuntu/ros2_ws/build/my_c_package', 'env': OrderedDict([('GJS_DEBUG_TOPICS', 'JS ERROR;JS LOG'), ('LESSOPEN', '| /usr/bin/lesspipe %s'), ('USER', 'ubuntu'), ('LANGUAGE', 'zh_CN:en_US:en'), ('SVGA_VGPU10', '0'), ('LC_TIME', 'zh_CN.UTF-8'), ('TEXTDOMAIN', 'im-config'), ('XDG_SEAT', 'seat0'), ('SSH_AGENT_PID', '2268'), ('XDG_SESSION_TYPE', 'x11'), ('GIT_ASKPASS', '/usr/share/code/resources/app/extensions/git/dist/askpass.sh'), ('LD_LIBRARY_PATH', '/opt/ros/dashing/opt/yaml_cpp_vendor/lib:/opt/ros/dashing/opt/rviz_ogre_vendor/lib:/opt/ros/dashing/lib'), ('SHLVL', '2'), ('CHROME_DESKTOP', 'code-url-handler.desktop'), ('QT4_IM_MODULE', 'xim'), ('HOME', '/home/ubuntu'), ('DESKTOP_SESSION', 'ubuntu'), ('TERM_PROGRAM_VERSION', '1.66.2'), ('GIO_LAUNCHED_DESKTOP_FILE', '/usr/share/applications/code.desktop'), ('GNOME_SHELL_SESSION_MODE', 'ubuntu'), ('GTK_MODULES', 'gail:atk-bridge'), ('VSCODE_GIT_ASKPASS_MAIN', '/usr/share/code/resources/app/extensions/git/dist/askpass-main.js'), ('ROS_PYTHON_VERSION', '3'), ('LC_MONETARY', 'zh_CN.UTF-8'), ('VSCODE_GIT_ASKPASS_NODE', '/usr/share/code/code'), ('DBUS_SESSION_BUS_ADDRESS', 'unix:path=/run/user/1000/bus'), ('COLORTERM', 'truecolor'), ('GIO_LAUNCHED_DESKTOP_FILE_PID', '11040'), ('IM_CONFIG_PHASE', '2'), ('ROS_DISTRO', 'dashing'), ('LOGNAME', 'ubuntu'), ('GTK_IM_MODULE', 'ibus'), ('_', '/usr/bin/colcon'), ('ROS_VERSION', '2'), ('PKG_CONFIG_PATH', '/usr/local/lib/pkgconfig:/usr/local/lib/pkgconfig::/usr/local/lib/pkgconfig'), ('USERNAME', 'ubuntu'), ('XDG_SESSION_ID', '5'), ('TERM', 'xterm-256color'), ('GNOME_DESKTOP_SESSION_ID', 'this-is-deprecated'), ('WINDOWPATH', '2'), ('PATH', '/opt/gcc-arm-none-eabi-9-2020-q2-update/bin:/home/ubuntu/.local/bin:/opt/ros/dashing/bin:/opt/gcc-arm-none-eabi-9-2020-q2-update/bin:/home/ubuntu/.local/bin:/usr/local/sbin:/usr/local/bin:/usr/sbin:/usr/bin:/sbin:/bin:/usr/games:/usr/local/games:/snap/bin'), ('PAPERSIZE', 'a4'), ('SESSION_MANAGER', 'local/ubuntu-vm:@/tmp/.ICE-unix/2191,unix/ubuntu-vm:/tmp/.ICE-unix/2191'), ('XDG_MENU_PREFIX', 'gnome-'), ('LC_ADDRESS', 'zh_CN.UTF-8'), ('GDK_BACKEND', 'x11'), ('XDG_RUNTIME_DIR', '/run/user/1000'), ('DISPLAY', ':1'), ('LANG', 'zh_CN.UTF-8'), ('XDG_CURRENT_DESKTOP', 'Unity'), ('LC_TELEPHONE', 'zh_CN.UTF-8'), ('TERM_PROGRAM', 'vscode'), ('XDG_SESSION_DESKTOP', 'ubuntu'), ('XMODIFIERS', '@im=ibus'), ('VSCODE_GIT_IPC_HANDLE', '/run/user/1000/vscode-git-5508b6727b.sock'), ('XAUTHORITY', '/run/user/1000/gdm/Xauthority'), ('AMENT_PREFIX_PATH', '/opt/ros/dashing'), ('ORIGINAL_XDG_CURRENT_DESKTOP', 'ubuntu:GNOME'), ('SSH_AUTH_SOCK', '/run/user/1000/keyring/ssh'), ('LC_NAME', 'zh_CN.UTF-8'), ('SHELL', '/bin/bash'), ('QT_ACCESSIBILITY', '1'), ('GDMSESSION', 'ubuntu'), ('LESSCLOSE', '/usr/bin/lesspipe %s %s'), ('LC_MEASUREMENT', 'zh_CN.UTF-8'), ('TEXTDOMAINDIR', '/usr/share/locale/'), ('GJS_DEBUG_OUTPUT', 'stderr'), ('GPG_AGENT_INFO', '/run/user/1000/gnupg/S.gpg-agent:0:1'), ('LC_IDENTIFICATION', 'zh_CN.UTF-8'), ('VSCODE_GIT_ASKPASS_EXTRA_ARGS', '--ms-enable-electron-run-as-node'), ('XDG_VTNR', '2'), ('QT_IM_MODULE', 'ibus'), ('LC_ALL', 'en_US.UTF-8'), ('PWD', '/home/ubuntu/ros2_ws/build/my_c_package'), ('CLUTTER_IM_MODULE', 'xim'), ('XDG_DATA_DIRS', '/usr/share/ubuntu:/usr/local/share/:/usr/share/:/var/lib/snapd/desktop'), ('XDG_CONFIG_DIRS', '/etc/xdg/xdg-ubuntu:/etc/xdg'), ('LC_NUMERIC', 'zh_CN.UTF-8'), ('PYTHONPATH', '/opt/ros/dashing/lib/python3.6/site-packages'), ('LC_PAPER', 'zh_CN.UTF-8'), ('COLCON', '1'), ('CMAKE_PREFIX_PATH', '/opt/ros/dashing')]), 'shell': False}
[0.052911] (my_c_topic) JobProgress: {'identifier': 'my_c_topic', 'progress': 'cmake'}
[0.052993] (my_c_topic) JobProgress: {'identifier': 'my_c_topic', 'progress': 'build'}
[0.053021] (my_c_topic) Command: {'cmd': ['/usr/bin/cmake', '--build', '/home/ubuntu/ros2_ws/build/my_c_topic', '--', '-j4', '-l4'], 'cwd': '/home/ubuntu/ros2_ws/build/my_c_topic', 'env': OrderedDict([('GJS_DEBUG_TOPICS', 'JS ERROR;JS LOG'), ('LESSOPEN', '| /usr/bin/lesspipe %s'), ('USER', 'ubuntu'), ('LANGUAGE', 'zh_CN:en_US:en'), ('SVGA_VGPU10', '0'), ('LC_TIME', 'zh_CN.UTF-8'), ('TEXTDOMAIN', 'im-config'), ('XDG_SEAT', 'seat0'), ('SSH_AGENT_PID', '2268'), ('XDG_SESSION_TYPE', 'x11'), ('GIT_ASKPASS', '/usr/share/code/resources/app/extensions/git/dist/askpass.sh'), ('LD_LIBRARY_PATH', '/opt/ros/dashing/opt/yaml_cpp_vendor/lib:/opt/ros/dashing/opt/rviz_ogre_vendor/lib:/opt/ros/dashing/lib'), ('SHLVL', '2'), ('CHROME_DESKTOP', 'code-url-handler.desktop'), ('QT4_IM_MODULE', 'xim'), ('HOME', '/home/ubuntu'), ('DESKTOP_SESSION', 'ubuntu'), ('TERM_PROGRAM_VERSION', '1.66.2'), ('GIO_LAUNCHED_DESKTOP_FILE', '/usr/share/applications/code.desktop'), ('GNOME_SHELL_SESSION_MODE', 'ubuntu'), ('GTK_MODULES', 'gail:atk-bridge'), ('VSCODE_GIT_ASKPASS_MAIN', '/usr/share/code/resources/app/extensions/git/dist/askpass-main.js'), ('ROS_PYTHON_VERSION', '3'), ('LC_MONETARY', 'zh_CN.UTF-8'), ('VSCODE_GIT_ASKPASS_NODE', '/usr/share/code/code'), ('DBUS_SESSION_BUS_ADDRESS', 'unix:path=/run/user/1000/bus'), ('COLORTERM', 'truecolor'), ('GIO_LAUNCHED_DESKTOP_FILE_PID', '11040'), ('IM_CONFIG_PHASE', '2'), ('ROS_DISTRO', 'dashing'), ('LOGNAME', 'ubuntu'), ('GTK_IM_MODULE', 'ibus'), ('_', '/usr/bin/colcon'), ('ROS_VERSION', '2'), ('PKG_CONFIG_PATH', '/usr/local/lib/pkgconfig:/usr/local/lib/pkgconfig::/usr/local/lib/pkgconfig'), ('USERNAME', 'ubuntu'), ('XDG_SESSION_ID', '5'), ('TERM', 'xterm-256color'), ('GNOME_DESKTOP_SESSION_ID', 'this-is-deprecated'), ('WINDOWPATH', '2'), ('PATH', '/opt/gcc-arm-none-eabi-9-2020-q2-update/bin:/home/ubuntu/.local/bin:/opt/ros/dashing/bin:/opt/gcc-arm-none-eabi-9-2020-q2-update/bin:/home/ubuntu/.local/bin:/usr/local/sbin:/usr/local/bin:/usr/sbin:/usr/bin:/sbin:/bin:/usr/games:/usr/local/games:/snap/bin'), ('PAPERSIZE', 'a4'), ('SESSION_MANAGER', 'local/ubuntu-vm:@/tmp/.ICE-unix/2191,unix/ubuntu-vm:/tmp/.ICE-unix/2191'), ('XDG_MENU_PREFIX', 'gnome-'), ('LC_ADDRESS', 'zh_CN.UTF-8'), ('GDK_BACKEND', 'x11'), ('XDG_RUNTIME_DIR', '/run/user/1000'), ('DISPLAY', ':1'), ('LANG', 'zh_CN.UTF-8'), ('XDG_CURRENT_DESKTOP', 'Unity'), ('LC_TELEPHONE', 'zh_CN.UTF-8'), ('TERM_PROGRAM', 'vscode'), ('XDG_SESSION_DESKTOP', 'ubuntu'), ('XMODIFIERS', '@im=ibus'), ('VSCODE_GIT_IPC_HANDLE', '/run/user/1000/vscode-git-5508b6727b.sock'), ('XAUTHORITY', '/run/user/1000/gdm/Xauthority'), ('AMENT_PREFIX_PATH', '/opt/ros/dashing'), ('ORIGINAL_XDG_CURRENT_DESKTOP', 'ubuntu:GNOME'), ('SSH_AUTH_SOCK', '/run/user/1000/keyring/ssh'), ('LC_NAME', 'zh_CN.UTF-8'), ('SHELL', '/bin/bash'), ('QT_ACCESSIBILITY', '1'), ('GDMSESSION', 'ubuntu'), ('LESSCLOSE', '/usr/bin/lesspipe %s %s'), ('LC_MEASUREMENT', 'zh_CN.UTF-8'), ('TEXTDOMAINDIR', '/usr/share/locale/'), ('GJS_DEBUG_OUTPUT', 'stderr'), ('GPG_AGENT_INFO', '/run/user/1000/gnupg/S.gpg-agent:0:1'), ('LC_IDENTIFICATION', 'zh_CN.UTF-8'), ('VSCODE_GIT_ASKPASS_EXTRA_ARGS', '--ms-enable-electron-run-as-node'), ('XDG_VTNR', '2'), ('QT_IM_MODULE', 'ibus'), ('LC_ALL', 'en_US.UTF-8'), ('PWD', '/home/ubuntu/ros2_ws/build/my_c_topic'), ('CLUTTER_IM_MODULE', 'xim'), ('XDG_DATA_DIRS', '/usr/share/ubuntu:/usr/local/share/:/usr/share/:/var/lib/snapd/desktop'), ('XDG_CONFIG_DIRS', '/etc/xdg/xdg-ubuntu:/etc/xdg'), ('LC_NUMERIC', 'zh_CN.UTF-8'), ('PYTHONPATH', '/opt/ros/dashing/lib/python3.6/site-packages'), ('LC_PAPER', 'zh_CN.UTF-8'), ('COLCON', '1'), ('CMAKE_PREFIX_PATH', '/opt/ros/dashing')]), 'shell': False}
[0.099749] (-) TimerEvent: {}
[0.109873] (my_c_package) StdoutLine: {'line': b'[100%] Built target my_c_node\n'}
[0.114143] (my_c_topic) StdoutLine: {'line': b'\x1b[35m\x1b[1mScanning dependencies of target my_c_publisher_node\x1b[0m\n'}
[0.137019] (my_c_topic) StdoutLine: {'line': b'[ 50%] \x1b[32mBuilding CXX object CMakeFiles/my_c_publisher_node.dir/src/my_c_publisher_node.cpp.o\x1b[0m\n'}
[0.200134] (-) TimerEvent: {}
[0.300777] (-) TimerEvent: {}
[0.401505] (-) TimerEvent: {}
[0.503163] (-) TimerEvent: {}
[0.522847] (my_c_package) CommandEnded: {'returncode': 0}
[0.576287] (my_c_package) JobProgress: {'identifier': 'my_c_package', 'progress': 'install'}
[0.594532] (my_c_package) Command: {'cmd': ['/usr/bin/cmake', '--build', '/home/ubuntu/ros2_ws/build/my_c_package', '--target', 'install', '--', '-j4', '-l4'], 'cwd': '/home/ubuntu/ros2_ws/build/my_c_package', 'env': OrderedDict([('GJS_DEBUG_TOPICS', 'JS ERROR;JS LOG'), ('LESSOPEN', '| /usr/bin/lesspipe %s'), ('USER', 'ubuntu'), ('LANGUAGE', 'zh_CN:en_US:en'), ('SVGA_VGPU10', '0'), ('LC_TIME', 'zh_CN.UTF-8'), ('TEXTDOMAIN', 'im-config'), ('XDG_SEAT', 'seat0'), ('SSH_AGENT_PID', '2268'), ('XDG_SESSION_TYPE', 'x11'), ('GIT_ASKPASS', '/usr/share/code/resources/app/extensions/git/dist/askpass.sh'), ('LD_LIBRARY_PATH', '/opt/ros/dashing/opt/yaml_cpp_vendor/lib:/opt/ros/dashing/opt/rviz_ogre_vendor/lib:/opt/ros/dashing/lib'), ('SHLVL', '2'), ('CHROME_DESKTOP', 'code-url-handler.desktop'), ('QT4_IM_MODULE', 'xim'), ('HOME', '/home/ubuntu'), ('DESKTOP_SESSION', 'ubuntu'), ('TERM_PROGRAM_VERSION', '1.66.2'), ('GIO_LAUNCHED_DESKTOP_FILE', '/usr/share/applications/code.desktop'), ('GNOME_SHELL_SESSION_MODE', 'ubuntu'), ('GTK_MODULES', 'gail:atk-bridge'), ('VSCODE_GIT_ASKPASS_MAIN', '/usr/share/code/resources/app/extensions/git/dist/askpass-main.js'), ('ROS_PYTHON_VERSION', '3'), ('LC_MONETARY', 'zh_CN.UTF-8'), ('VSCODE_GIT_ASKPASS_NODE', '/usr/share/code/code'), ('DBUS_SESSION_BUS_ADDRESS', 'unix:path=/run/user/1000/bus'), ('COLORTERM', 'truecolor'), ('GIO_LAUNCHED_DESKTOP_FILE_PID', '11040'), ('IM_CONFIG_PHASE', '2'), ('ROS_DISTRO', 'dashing'), ('LOGNAME', 'ubuntu'), ('GTK_IM_MODULE', 'ibus'), ('_', '/usr/bin/colcon'), ('ROS_VERSION', '2'), ('PKG_CONFIG_PATH', '/usr/local/lib/pkgconfig:/usr/local/lib/pkgconfig::/usr/local/lib/pkgconfig'), ('USERNAME', 'ubuntu'), ('XDG_SESSION_ID', '5'), ('TERM', 'xterm-256color'), ('GNOME_DESKTOP_SESSION_ID', 'this-is-deprecated'), ('WINDOWPATH', '2'), ('PATH', '/opt/gcc-arm-none-eabi-9-2020-q2-update/bin:/home/ubuntu/.local/bin:/opt/ros/dashing/bin:/opt/gcc-arm-none-eabi-9-2020-q2-update/bin:/home/ubuntu/.local/bin:/usr/local/sbin:/usr/local/bin:/usr/sbin:/usr/bin:/sbin:/bin:/usr/games:/usr/local/games:/snap/bin'), ('PAPERSIZE', 'a4'), ('SESSION_MANAGER', 'local/ubuntu-vm:@/tmp/.ICE-unix/2191,unix/ubuntu-vm:/tmp/.ICE-unix/2191'), ('XDG_MENU_PREFIX', 'gnome-'), ('LC_ADDRESS', 'zh_CN.UTF-8'), ('GDK_BACKEND', 'x11'), ('XDG_RUNTIME_DIR', '/run/user/1000'), ('DISPLAY', ':1'), ('LANG', 'zh_CN.UTF-8'), ('XDG_CURRENT_DESKTOP', 'Unity'), ('LC_TELEPHONE', 'zh_CN.UTF-8'), ('TERM_PROGRAM', 'vscode'), ('XDG_SESSION_DESKTOP', 'ubuntu'), ('XMODIFIERS', '@im=ibus'), ('VSCODE_GIT_IPC_HANDLE', '/run/user/1000/vscode-git-5508b6727b.sock'), ('XAUTHORITY', '/run/user/1000/gdm/Xauthority'), ('AMENT_PREFIX_PATH', '/opt/ros/dashing'), ('ORIGINAL_XDG_CURRENT_DESKTOP', 'ubuntu:GNOME'), ('SSH_AUTH_SOCK', '/run/user/1000/keyring/ssh'), ('LC_NAME', 'zh_CN.UTF-8'), ('SHELL', '/bin/bash'), ('QT_ACCESSIBILITY', '1'), ('GDMSESSION', 'ubuntu'), ('LESSCLOSE', '/usr/bin/lesspipe %s %s'), ('LC_MEASUREMENT', 'zh_CN.UTF-8'), ('TEXTDOMAINDIR', '/usr/share/locale/'), ('GJS_DEBUG_OUTPUT', 'stderr'), ('GPG_AGENT_INFO', '/run/user/1000/gnupg/S.gpg-agent:0:1'), ('LC_IDENTIFICATION', 'zh_CN.UTF-8'), ('VSCODE_GIT_ASKPASS_EXTRA_ARGS', '--ms-enable-electron-run-as-node'), ('XDG_VTNR', '2'), ('QT_IM_MODULE', 'ibus'), ('LC_ALL', 'en_US.UTF-8'), ('PWD', '/home/ubuntu/ros2_ws/build/my_c_package'), ('CLUTTER_IM_MODULE', 'xim'), ('XDG_DATA_DIRS', '/usr/share/ubuntu:/usr/local/share/:/usr/share/:/var/lib/snapd/desktop'), ('XDG_CONFIG_DIRS', '/etc/xdg/xdg-ubuntu:/etc/xdg'), ('LC_NUMERIC', 'zh_CN.UTF-8'), ('PYTHONPATH', '/opt/ros/dashing/lib/python3.6/site-packages'), ('LC_PAPER', 'zh_CN.UTF-8'), ('COLCON', '1'), ('CMAKE_PREFIX_PATH', '/opt/ros/dashing')]), 'shell': False}
[0.604061] (-) TimerEvent: {}
[0.651654] (my_c_package) StdoutLine: {'line': b'[100%] Built target my_c_node\n'}
[0.675015] (my_c_package) StdoutLine: {'line': b'\x1b[36mInstall the project...\x1b[0m\n'}
[0.684435] (my_c_package) StdoutLine: {'line': b'-- Install configuration: "RelWithDebInfo"\n'}
[0.684732] (my_c_package) StdoutLine: {'line': b'-- Up-to-date: /home/ubuntu/ros2_ws/install/lib/my_c_package/my_c_node\n'}
[0.684980] (my_c_package) StdoutLine: {'line': b'-- Up-to-date: /home/ubuntu/ros2_ws/install/share/ament_index/resource_index/package_run_dependencies/my_c_package\n'}
[0.685124] (my_c_package) StdoutLine: {'line': b'-- Up-to-date: /home/ubuntu/ros2_ws/install/share/ament_index/resource_index/parent_prefix_path/my_c_package\n'}
[0.685354] (my_c_package) StdoutLine: {'line': b'-- Up-to-date: /home/ubuntu/ros2_ws/install/share/my_c_package/environment/ament_prefix_path.sh\n'}
[0.685498] (my_c_package) StdoutLine: {'line': b'-- Up-to-date: /home/ubuntu/ros2_ws/install/share/my_c_package/environment/path.sh\n'}
[0.685646] (my_c_package) StdoutLine: {'line': b'-- Up-to-date: /home/ubuntu/ros2_ws/install/share/my_c_package/local_setup.bash\n'}
[0.685805] (my_c_package) StdoutLine: {'line': b'-- Up-to-date: /home/ubuntu/ros2_ws/install/share/my_c_package/local_setup.sh\n'}
[0.686033] (my_c_package) StdoutLine: {'line': b'-- Up-to-date: /home/ubuntu/ros2_ws/install/share/my_c_package/local_setup.zsh\n'}
[0.686120] (my_c_package) StdoutLine: {'line': b'-- Up-to-date: /home/ubuntu/ros2_ws/install/share/ament_index/resource_index/packages/my_c_package\n'}
[0.686185] (my_c_package) StdoutLine: {'line': b'-- Up-to-date: /home/ubuntu/ros2_ws/install/share/my_c_package/cmake/my_c_packageConfig.cmake\n'}
[0.686346] (my_c_package) StdoutLine: {'line': b'-- Up-to-date: /home/ubuntu/ros2_ws/install/share/my_c_package/cmake/my_c_packageConfig-version.cmake\n'}
[0.686426] (my_c_package) StdoutLine: {'line': b'-- Up-to-date: /home/ubuntu/ros2_ws/install/share/my_c_package/package.xml\n'}
[0.697671] (my_c_package) CommandEnded: {'returncode': 0}
[0.705349] (-) TimerEvent: {}
[0.785823] (my_c_package) JobEnded: {'identifier': 'my_c_package', 'rc': 0}
[0.805501] (-) TimerEvent: {}
[0.906366] (-) TimerEvent: {}
[1.007015] (-) TimerEvent: {}
[1.075646] (my_py_package) Command: {'cmd': ['/usr/bin/python3', 'setup.py', 'egg_info', '--egg-base', '../../build/my_py_package', 'build', '--build-base', '/home/ubuntu/ros2_ws/build/my_py_package/build', 'install', '--prefix', '/home/ubuntu/ros2_ws/install', '--record', '/home/ubuntu/ros2_ws/build/my_py_package/install.log', '--single-version-externally-managed'], 'cwd': '/home/ubuntu/ros2_ws/src/my_py_package', 'env': {'GJS_DEBUG_TOPICS': 'JS ERROR;JS LOG', 'LESSOPEN': '| /usr/bin/lesspipe %s', 'USER': 'ubuntu', 'LANGUAGE': 'zh_CN:en_US:en', 'SVGA_VGPU10': '0', 'LC_TIME': 'zh_CN.UTF-8', 'TEXTDOMAIN': 'im-config', 'XDG_SEAT': 'seat0', 'SSH_AGENT_PID': '2268', 'XDG_SESSION_TYPE': 'x11', 'GIT_ASKPASS': '/usr/share/code/resources/app/extensions/git/dist/askpass.sh', 'LD_LIBRARY_PATH': '/opt/ros/dashing/opt/yaml_cpp_vendor/lib:/opt/ros/dashing/opt/rviz_ogre_vendor/lib:/opt/ros/dashing/lib', 'SHLVL': '2', 'CHROME_DESKTOP': 'code-url-handler.desktop', 'QT4_IM_MODULE': 'xim', 'HOME': '/home/ubuntu', 'DESKTOP_SESSION': 'ubuntu', 'TERM_PROGRAM_VERSION': '1.66.2', 'GIO_LAUNCHED_DESKTOP_FILE': '/usr/share/applications/code.desktop', 'GNOME_SHELL_SESSION_MODE': 'ubuntu', 'GTK_MODULES': 'gail:atk-bridge', 'VSCODE_GIT_ASKPASS_MAIN': '/usr/share/code/resources/app/extensions/git/dist/askpass-main.js', 'ROS_PYTHON_VERSION': '3', 'LC_MONETARY': 'zh_CN.UTF-8', 'VSCODE_GIT_ASKPASS_NODE': '/usr/share/code/code', 'DBUS_SESSION_BUS_ADDRESS': 'unix:path=/run/user/1000/bus', 'COLORTERM': 'truecolor', 'GIO_LAUNCHED_DESKTOP_FILE_PID': '11040', 'IM_CONFIG_PHASE': '2', 'ROS_DISTRO': 'dashing', 'LOGNAME': 'ubuntu', 'GTK_IM_MODULE': 'ibus', '_': '/usr/bin/colcon', 'ROS_VERSION': '2', 'PKG_CONFIG_PATH': '/usr/local/lib/pkgconfig:/usr/local/lib/pkgconfig::/usr/local/lib/pkgconfig', 'USERNAME': 'ubuntu', 'XDG_SESSION_ID': '5', 'TERM': 'xterm-256color', 'GNOME_DESKTOP_SESSION_ID': 'this-is-deprecated', 'WINDOWPATH': '2', 'PATH': '/opt/gcc-arm-none-eabi-9-2020-q2-update/bin:/home/ubuntu/.local/bin:/opt/ros/dashing/bin:/opt/gcc-arm-none-eabi-9-2020-q2-update/bin:/home/ubuntu/.local/bin:/usr/local/sbin:/usr/local/bin:/usr/sbin:/usr/bin:/sbin:/bin:/usr/games:/usr/local/games:/snap/bin', 'PAPERSIZE': 'a4', 'SESSION_MANAGER': 'local/ubuntu-vm:@/tmp/.ICE-unix/2191,unix/ubuntu-vm:/tmp/.ICE-unix/2191', 'XDG_MENU_PREFIX': 'gnome-', 'LC_ADDRESS': 'zh_CN.UTF-8', 'GDK_BACKEND': 'x11', 'XDG_RUNTIME_DIR': '/run/user/1000', 'DISPLAY': ':1', 'LANG': 'zh_CN.UTF-8', 'XDG_CURRENT_DESKTOP': 'Unity', 'LC_TELEPHONE': 'zh_CN.UTF-8', 'TERM_PROGRAM': 'vscode', 'XDG_SESSION_DESKTOP': 'ubuntu', 'XMODIFIERS': '@im=ibus', 'VSCODE_GIT_IPC_HANDLE': '/run/user/1000/vscode-git-5508b6727b.sock', 'XAUTHORITY': '/run/user/1000/gdm/Xauthority', 'AMENT_PREFIX_PATH': '/opt/ros/dashing', 'ORIGINAL_XDG_CURRENT_DESKTOP': 'ubuntu:GNOME', 'SSH_AUTH_SOCK': '/run/user/1000/keyring/ssh', 'LC_NAME': 'zh_CN.UTF-8', 'SHELL': '/bin/bash', 'QT_ACCESSIBILITY': '1', 'GDMSESSION': 'ubuntu', 'LESSCLOSE': '/usr/bin/lesspipe %s %s', 'LC_MEASUREMENT': 'zh_CN.UTF-8', 'TEXTDOMAINDIR': '/usr/share/locale/', 'GJS_DEBUG_OUTPUT': 'stderr', 'GPG_AGENT_INFO': '/run/user/1000/gnupg/S.gpg-agent:0:1', 'LC_IDENTIFICATION': 'zh_CN.UTF-8', 'VSCODE_GIT_ASKPASS_EXTRA_ARGS': '--ms-enable-electron-run-as-node', 'XDG_VTNR': '2', 'QT_IM_MODULE': 'ibus', 'LC_ALL': 'en_US.UTF-8', 'PWD': '/home/ubuntu/ros2_ws/build/my_py_package', 'CLUTTER_IM_MODULE': 'xim', 'XDG_DATA_DIRS': '/usr/share/ubuntu:/usr/local/share/:/usr/share/:/var/lib/snapd/desktop', 'XDG_CONFIG_DIRS': '/etc/xdg/xdg-ubuntu:/etc/xdg', 'LC_NUMERIC': 'zh_CN.UTF-8', 'PYTHONPATH': '/home/ubuntu/ros2_ws/install/lib/python3.6/site-packages:/opt/ros/dashing/lib/python3.6/site-packages', 'LC_PAPER': 'zh_CN.UTF-8', 'COLCON': '1'}, 'shell': False}
[1.107331] (-) TimerEvent: {}
[1.208511] (-) TimerEvent: {}
[1.309231] (-) TimerEvent: {}
[1.411254] (-) TimerEvent: {}
[1.418244] (my_py_package) StderrLine: {'line': b"/home/ubuntu/.local/lib/python3.6/site-packages/setuptools/dist.py:726: UserWarning: Usage of dash-separated 'script-dir' will not be supported in future versions. Please use the underscore name 'script_dir' instead\n"}
[1.418489] (my_py_package) StderrLine: {'line': b'  % (opt, underscore_opt)\n'}
[1.418702] (my_py_package) StderrLine: {'line': b"/home/ubuntu/.local/lib/python3.6/site-packages/setuptools/dist.py:726: UserWarning: Usage of dash-separated 'install-scripts' will not be supported in future versions. Please use the underscore name 'install_scripts' instead\n"}
[1.418918] (my_py_package) StderrLine: {'line': b'  % (opt, underscore_opt)\n'}
[1.460040] (my_py_package) StdoutLine: {'line': b'running egg_info\n'}
[1.461424] (my_py_package) StdoutLine: {'line': b'writing ../../build/my_py_package/my_py_package.egg-info/PKG-INFO\n'}
[1.465443] (my_py_package) StdoutLine: {'line': b'writing dependency_links to ../../build/my_py_package/my_py_package.egg-info/dependency_links.txt\n'}
[1.466433] (my_py_package) StdoutLine: {'line': b'writing entry points to ../../build/my_py_package/my_py_package.egg-info/entry_points.txt\n'}
[1.466698] (my_py_package) StdoutLine: {'line': b'writing requirements to ../../build/my_py_package/my_py_package.egg-info/requires.txt\n'}
[1.466850] (my_py_package) StdoutLine: {'line': b'writing top-level names to ../../build/my_py_package/my_py_package.egg-info/top_level.txt\n'}
[1.470775] (my_py_package) StdoutLine: {'line': b"reading manifest file '../../build/my_py_package/my_py_package.egg-info/SOURCES.txt'\n"}
[1.471798] (my_py_package) StdoutLine: {'line': b"writing manifest file '../../build/my_py_package/my_py_package.egg-info/SOURCES.txt'\n"}
[1.472026] (my_py_package) StdoutLine: {'line': b'running build\n'}
[1.472213] (my_py_package) StdoutLine: {'line': b'running build_py\n'}
[1.472548] (my_py_package) StdoutLine: {'line': b'running install\n'}
[1.472817] (my_py_package) StderrLine: {'line': b'/home/ubuntu/.local/lib/python3.6/site-packages/setuptools/command/install.py:37: SetuptoolsDeprecationWarning: setup.py install is deprecated. Use build and pip and other standards-based tools.\n'}
[1.472926] (my_py_package) StderrLine: {'line': b'  setuptools.SetuptoolsDeprecationWarning,\n'}
[1.474433] (my_py_package) StdoutLine: {'line': b'running install_lib\n'}
[1.475859] (my_py_package) StdoutLine: {'line': b'running install_data\n'}
[1.476230] (my_py_package) StdoutLine: {'line': b'running install_egg_info\n'}
[1.483459] (my_py_package) StdoutLine: {'line': b"removing '/home/ubuntu/ros2_ws/install/lib/python3.6/site-packages/my_py_package-0.0.0-py3.6.egg-info' (and everything under it)\n"}
[1.483923] (my_py_package) StdoutLine: {'line': b'Copying ../../build/my_py_package/my_py_package.egg-info to /home/ubuntu/ros2_ws/install/lib/python3.6/site-packages/my_py_package-0.0.0-py3.6.egg-info\n'}
[1.485077] (my_py_package) StdoutLine: {'line': b'running install_scripts\n'}
[1.511439] (-) TimerEvent: {}
[1.544230] (my_py_package) StdoutLine: {'line': b'Installing my_py_node script to /home/ubuntu/ros2_ws/install/lib/my_py_package\n'}
[1.544752] (my_py_package) StdoutLine: {'line': b"writing list of installed files to '/home/ubuntu/ros2_ws/build/my_py_package/install.log'\n"}
[1.574615] (my_py_package) CommandEnded: {'returncode': 0}
[1.587783] (my_py_package) JobEnded: {'identifier': 'my_py_package', 'rc': 0}
[1.612444] (-) TimerEvent: {}
[1.713173] (-) TimerEvent: {}
[1.814111] (-) TimerEvent: {}
[1.915775] (-) TimerEvent: {}
[2.017274] (-) TimerEvent: {}
[2.118165] (-) TimerEvent: {}
[2.218899] (-) TimerEvent: {}
[2.319646] (-) TimerEvent: {}
[2.420624] (-) TimerEvent: {}
[2.521394] (-) TimerEvent: {}
[2.621978] (-) TimerEvent: {}
[2.722698] (-) TimerEvent: {}
[2.823328] (-) TimerEvent: {}
[2.924180] (-) TimerEvent: {}
[3.024804] (-) TimerEvent: {}
[3.125226] (-) TimerEvent: {}
[3.226426] (-) TimerEvent: {}
[3.327113] (-) TimerEvent: {}
[3.427881] (-) TimerEvent: {}
[3.528515] (-) TimerEvent: {}
[3.629295] (-) TimerEvent: {}
[3.730085] (-) TimerEvent: {}
[3.830865] (-) TimerEvent: {}
[3.931468] (-) TimerEvent: {}
[4.032207] (-) TimerEvent: {}
[4.133250] (-) TimerEvent: {}
[4.245599] (-) TimerEvent: {}
[4.346410] (-) TimerEvent: {}
[4.447178] (-) TimerEvent: {}
[4.547916] (-) TimerEvent: {}
[4.648651] (-) TimerEvent: {}
[4.749450] (-) TimerEvent: {}
[4.850116] (-) TimerEvent: {}
[4.902060] (my_c_topic) StdoutLine: {'line': b'[100%] \x1b[32m\x1b[1mLinking CXX executable my_c_publisher_node\x1b[0m\n'}
[4.950989] (-) TimerEvent: {}
[5.021437] (my_c_topic) StdoutLine: {'line': b'[100%] Built target my_c_publisher_node\n'}
[5.032606] (my_c_topic) CommandEnded: {'returncode': 0}
[5.051651] (-) TimerEvent: {}
[5.059388] (my_c_topic) JobProgress: {'identifier': 'my_c_topic', 'progress': 'install'}
[5.061156] (my_c_topic) Command: {'cmd': ['/usr/bin/cmake', '--build', '/home/ubuntu/ros2_ws/build/my_c_topic', '--target', 'install', '--', '-j4', '-l4'], 'cwd': '/home/ubuntu/ros2_ws/build/my_c_topic', 'env': OrderedDict([('GJS_DEBUG_TOPICS', 'JS ERROR;JS LOG'), ('LESSOPEN', '| /usr/bin/lesspipe %s'), ('USER', 'ubuntu'), ('LANGUAGE', 'zh_CN:en_US:en'), ('SVGA_VGPU10', '0'), ('LC_TIME', 'zh_CN.UTF-8'), ('TEXTDOMAIN', 'im-config'), ('XDG_SEAT', 'seat0'), ('SSH_AGENT_PID', '2268'), ('XDG_SESSION_TYPE', 'x11'), ('GIT_ASKPASS', '/usr/share/code/resources/app/extensions/git/dist/askpass.sh'), ('LD_LIBRARY_PATH', '/opt/ros/dashing/opt/yaml_cpp_vendor/lib:/opt/ros/dashing/opt/rviz_ogre_vendor/lib:/opt/ros/dashing/lib'), ('SHLVL', '2'), ('CHROME_DESKTOP', 'code-url-handler.desktop'), ('QT4_IM_MODULE', 'xim'), ('HOME', '/home/ubuntu'), ('DESKTOP_SESSION', 'ubuntu'), ('TERM_PROGRAM_VERSION', '1.66.2'), ('GIO_LAUNCHED_DESKTOP_FILE', '/usr/share/applications/code.desktop'), ('GNOME_SHELL_SESSION_MODE', 'ubuntu'), ('GTK_MODULES', 'gail:atk-bridge'), ('VSCODE_GIT_ASKPASS_MAIN', '/usr/share/code/resources/app/extensions/git/dist/askpass-main.js'), ('ROS_PYTHON_VERSION', '3'), ('LC_MONETARY', 'zh_CN.UTF-8'), ('VSCODE_GIT_ASKPASS_NODE', '/usr/share/code/code'), ('DBUS_SESSION_BUS_ADDRESS', 'unix:path=/run/user/1000/bus'), ('COLORTERM', 'truecolor'), ('GIO_LAUNCHED_DESKTOP_FILE_PID', '11040'), ('IM_CONFIG_PHASE', '2'), ('ROS_DISTRO', 'dashing'), ('LOGNAME', 'ubuntu'), ('GTK_IM_MODULE', 'ibus'), ('_', '/usr/bin/colcon'), ('ROS_VERSION', '2'), ('PKG_CONFIG_PATH', '/usr/local/lib/pkgconfig:/usr/local/lib/pkgconfig::/usr/local/lib/pkgconfig'), ('USERNAME', 'ubuntu'), ('XDG_SESSION_ID', '5'), ('TERM', 'xterm-256color'), ('GNOME_DESKTOP_SESSION_ID', 'this-is-deprecated'), ('WINDOWPATH', '2'), ('PATH', '/opt/gcc-arm-none-eabi-9-2020-q2-update/bin:/home/ubuntu/.local/bin:/opt/ros/dashing/bin:/opt/gcc-arm-none-eabi-9-2020-q2-update/bin:/home/ubuntu/.local/bin:/usr/local/sbin:/usr/local/bin:/usr/sbin:/usr/bin:/sbin:/bin:/usr/games:/usr/local/games:/snap/bin'), ('PAPERSIZE', 'a4'), ('SESSION_MANAGER', 'local/ubuntu-vm:@/tmp/.ICE-unix/2191,unix/ubuntu-vm:/tmp/.ICE-unix/2191'), ('XDG_MENU_PREFIX', 'gnome-'), ('LC_ADDRESS', 'zh_CN.UTF-8'), ('GDK_BACKEND', 'x11'), ('XDG_RUNTIME_DIR', '/run/user/1000'), ('DISPLAY', ':1'), ('LANG', 'zh_CN.UTF-8'), ('XDG_CURRENT_DESKTOP', 'Unity'), ('LC_TELEPHONE', 'zh_CN.UTF-8'), ('TERM_PROGRAM', 'vscode'), ('XDG_SESSION_DESKTOP', 'ubuntu'), ('XMODIFIERS', '@im=ibus'), ('VSCODE_GIT_IPC_HANDLE', '/run/user/1000/vscode-git-5508b6727b.sock'), ('XAUTHORITY', '/run/user/1000/gdm/Xauthority'), ('AMENT_PREFIX_PATH', '/opt/ros/dashing'), ('ORIGINAL_XDG_CURRENT_DESKTOP', 'ubuntu:GNOME'), ('SSH_AUTH_SOCK', '/run/user/1000/keyring/ssh'), ('LC_NAME', 'zh_CN.UTF-8'), ('SHELL', '/bin/bash'), ('QT_ACCESSIBILITY', '1'), ('GDMSESSION', 'ubuntu'), ('LESSCLOSE', '/usr/bin/lesspipe %s %s'), ('LC_MEASUREMENT', 'zh_CN.UTF-8'), ('TEXTDOMAINDIR', '/usr/share/locale/'), ('GJS_DEBUG_OUTPUT', 'stderr'), ('GPG_AGENT_INFO', '/run/user/1000/gnupg/S.gpg-agent:0:1'), ('LC_IDENTIFICATION', 'zh_CN.UTF-8'), ('VSCODE_GIT_ASKPASS_EXTRA_ARGS', '--ms-enable-electron-run-as-node'), ('XDG_VTNR', '2'), ('QT_IM_MODULE', 'ibus'), ('LC_ALL', 'en_US.UTF-8'), ('PWD', '/home/ubuntu/ros2_ws/build/my_c_topic'), ('CLUTTER_IM_MODULE', 'xim'), ('XDG_DATA_DIRS', '/usr/share/ubuntu:/usr/local/share/:/usr/share/:/var/lib/snapd/desktop'), ('XDG_CONFIG_DIRS', '/etc/xdg/xdg-ubuntu:/etc/xdg'), ('LC_NUMERIC', 'zh_CN.UTF-8'), ('PYTHONPATH', '/opt/ros/dashing/lib/python3.6/site-packages'), ('LC_PAPER', 'zh_CN.UTF-8'), ('COLCON', '1'), ('CMAKE_PREFIX_PATH', '/opt/ros/dashing')]), 'shell': False}
[5.116005] (my_c_topic) StdoutLine: {'line': b'[100%] Built target my_c_publisher_node\n'}
[5.135065] (my_c_topic) StdoutLine: {'line': b'\x1b[36mInstall the project...\x1b[0m\n'}
[5.144085] (my_c_topic) StdoutLine: {'line': b'-- Install configuration: "RelWithDebInfo"\n'}
[5.144626] (my_c_topic) StdoutLine: {'line': b'-- Installing: /home/ubuntu/ros2_ws/install/lib/my_c_topic/my_c_publisher_node\n'}
[5.146420] (my_c_topic) StdoutLine: {'line': b'-- Set runtime path of "/home/ubuntu/ros2_ws/install/lib/my_c_topic/my_c_publisher_node" to ""\n'}
[5.146691] (my_c_topic) StdoutLine: {'line': b'-- Up-to-date: /home/ubuntu/ros2_ws/install/share/ament_index/resource_index/package_run_dependencies/my_c_topic\n'}
[5.146840] (my_c_topic) StdoutLine: {'line': b'-- Up-to-date: /home/ubuntu/ros2_ws/install/share/ament_index/resource_index/parent_prefix_path/my_c_topic\n'}
[5.146948] (my_c_topic) StdoutLine: {'line': b'-- Up-to-date: /home/ubuntu/ros2_ws/install/share/my_c_topic/environment/ament_prefix_path.sh\n'}
[5.147122] (my_c_topic) StdoutLine: {'line': b'-- Up-to-date: /home/ubuntu/ros2_ws/install/share/my_c_topic/environment/path.sh\n'}
[5.147245] (my_c_topic) StdoutLine: {'line': b'-- Up-to-date: /home/ubuntu/ros2_ws/install/share/my_c_topic/local_setup.bash\n'}
[5.147404] (my_c_topic) StdoutLine: {'line': b'-- Up-to-date: /home/ubuntu/ros2_ws/install/share/my_c_topic/local_setup.sh\n'}
[5.147531] (my_c_topic) StdoutLine: {'line': b'-- Up-to-date: /home/ubuntu/ros2_ws/install/share/my_c_topic/local_setup.zsh\n'}
[5.147639] (my_c_topic) StdoutLine: {'line': b'-- Up-to-date: /home/ubuntu/ros2_ws/install/share/ament_index/resource_index/packages/my_c_topic\n'}
[5.147739] (my_c_topic) StdoutLine: {'line': b'-- Up-to-date: /home/ubuntu/ros2_ws/install/share/my_c_topic/cmake/my_c_topicConfig.cmake\n'}
[5.147853] (my_c_topic) StdoutLine: {'line': b'-- Up-to-date: /home/ubuntu/ros2_ws/install/share/my_c_topic/cmake/my_c_topicConfig-version.cmake\n'}
[5.147961] (my_c_topic) StdoutLine: {'line': b'-- Up-to-date: /home/ubuntu/ros2_ws/install/share/my_c_topic/package.xml\n'}
[5.152080] (my_c_topic) CommandEnded: {'returncode': 0}
[5.152537] (-) TimerEvent: {}
[5.200680] (my_c_topic) JobEnded: {'identifier': 'my_c_topic', 'rc': 0}
[5.201744] (-) EventReactorShutdown: {}
