Determining if the pthread_create exist failed with the following output:
Change Dir: /home/ubuntu/ros2_ws/build/my_c_topic/CMakeFiles/CMakeTmp

Run Build Command:"/usr/bin/make" "cmTC_26371/fast"
/usr/bin/make -f CMakeFiles/cmTC_26371.dir/build.make CMakeFiles/cmTC_26371.dir/build
make[1]: 进入目录“/home/ubuntu/ros2_ws/build/my_c_topic/CMakeFiles/CMakeTmp”
Building C object CMakeFiles/cmTC_26371.dir/CheckSymbolExists.c.o
/usr/bin/cc    -o CMakeFiles/cmTC_26371.dir/CheckSymbolExists.c.o   -c /home/ubuntu/ros2_ws/build/my_c_topic/CMakeFiles/CMakeTmp/CheckSymbolExists.c
Linking C executable cmTC_26371
/usr/bin/cmake -E cmake_link_script CMakeFiles/cmTC_26371.dir/link.txt --verbose=1
/usr/bin/cc      CMakeFiles/cmTC_26371.dir/CheckSymbolExists.c.o  -o cmTC_26371 
CMakeFiles/cmTC_26371.dir/CheckSymbolExists.c.o：在函数‘main’中：
CheckSymbolExists.c:(.text+0x1b)：对‘pthread_create’未定义的引用
collect2: error: ld returned 1 exit status
CMakeFiles/cmTC_26371.dir/build.make:97: recipe for target 'cmTC_26371' failed
make[1]: *** [cmTC_26371] Error 1
make[1]: 离开目录“/home/ubuntu/ros2_ws/build/my_c_topic/CMakeFiles/CMakeTmp”
Makefile:126: recipe for target 'cmTC_26371/fast' failed
make: *** [cmTC_26371/fast] Error 2

File /home/ubuntu/ros2_ws/build/my_c_topic/CMakeFiles/CMakeTmp/CheckSymbolExists.c:
/* */
#include <pthread.h>

int main(int argc, char** argv)
{
  (void)argv;
#ifndef pthread_create
  return ((int*)(&pthread_create))[argc];
#else
  (void)argc;
  return 0;
#endif
}

Determining if the function pthread_create exists in the pthreads failed with the following output:
Change Dir: /home/ubuntu/ros2_ws/build/my_c_topic/CMakeFiles/CMakeTmp

Run Build Command:"/usr/bin/make" "cmTC_d51ba/fast"
/usr/bin/make -f CMakeFiles/cmTC_d51ba.dir/build.make CMakeFiles/cmTC_d51ba.dir/build
make[1]: 进入目录“/home/ubuntu/ros2_ws/build/my_c_topic/CMakeFiles/CMakeTmp”
Building C object CMakeFiles/cmTC_d51ba.dir/CheckFunctionExists.c.o
/usr/bin/cc   -DCHECK_FUNCTION_EXISTS=pthread_create   -o CMakeFiles/cmTC_d51ba.dir/CheckFunctionExists.c.o   -c /usr/share/cmake-3.10/Modules/CheckFunctionExists.c
Linking C executable cmTC_d51ba
/usr/bin/cmake -E cmake_link_script CMakeFiles/cmTC_d51ba.dir/link.txt --verbose=1
/usr/bin/cc  -DCHECK_FUNCTION_EXISTS=pthread_create    CMakeFiles/cmTC_d51ba.dir/CheckFunctionExists.c.o  -o cmTC_d51ba -lpthreads 
/usr/bin/ld: 找不到 -lpthreads
collect2: error: ld returned 1 exit status
CMakeFiles/cmTC_d51ba.dir/build.make:97: recipe for target 'cmTC_d51ba' failed
make[1]: *** [cmTC_d51ba] Error 1
make[1]: 离开目录“/home/ubuntu/ros2_ws/build/my_c_topic/CMakeFiles/CMakeTmp”
Makefile:126: recipe for target 'cmTC_d51ba/fast' failed
make: *** [cmTC_d51ba/fast] Error 2


