[0.033s] Invoking command in '/home/ubuntu/ros2_ws/build/my_c_srvcli': CMAKE_PREFIX_PATH=/opt/ros/dashing /usr/bin/cmake --build /home/ubuntu/ros2_ws/build/my_c_srvcli -- -j4 -l4
[0.162s] [35m[1mScanning dependencies of target my_c_cli_node[0m
[0.268s] [ 50%] [32mBuilding CXX object CMakeFiles/my_c_cli_node.dir/src/my_c_cli_node.cpp.o[0m
[4.151s] [01m[K/home/ubuntu/ros2_ws/src/my_c_srvcli/src/my_c_cli_node.cpp:[m[K In function ‘[01m[Kint main(int, char**)[m[K’:
[4.151s] [01m[K/home/ubuntu/ros2_ws/src/my_c_srvcli/src/my_c_cli_node.cpp:36:13:[m[K [01;31m[Kerror: [m[Kno match for ‘[01m[Koperator<<[m[K’ (operand types are ‘[01m[Kstd::ostream {aka std::basic_ostream<char>}[m[K’ and ‘[01m[Kstd::shared_future<std::shared_ptr<turtlesim::srv::Spawn_Response_<std::allocator<void> > > >[m[K’)
[4.151s]    [01;31m[Kstd::cout << result[m[K << std::endl;
[4.151s]    [01;31m[K~~~~~~~~~~^~~~~~~~~[m[K
[4.152s] In file included from [01m[K/usr/include/c++/7/iostream:39:0[m[K,
[4.152s]                  from [01m[K/opt/ros/dashing/include/rclcpp/executor.hpp:22[m[K,
[4.152s]                  from [01m[K/opt/ros/dashing/include/rclcpp/executors/multi_threaded_executor.hpp:24[m[K,
[4.152s]                  from [01m[K/opt/ros/dashing/include/rclcpp/executors.hpp:21[m[K,
[4.152s]                  from [01m[K/opt/ros/dashing/include/rclcpp/rclcpp.hpp:144[m[K,
[4.152s]                  from [01m[K/home/ubuntu/ros2_ws/src/my_c_srvcli/src/my_c_cli_node.cpp:1[m[K:
[4.152s] [01m[K/usr/include/c++/7/ostream:108:7:[m[K [01;36m[Knote: [m[Kcandidate: std::basic_ostream<_CharT, _Traits>::__ostream_type& std::basic_ostream<_CharT, _Traits>::operator<<(std::basic_ostream<_CharT, _Traits>::__ostream_type& (*)(std::basic_ostream<_CharT, _Traits>::__ostream_type&)) [with _CharT = char; _Traits = std::char_traits<char>; std::basic_ostream<_CharT, _Traits>::__ostream_type = std::basic_ostream<char>]
[4.152s]        [01;36m[Koperator[m[K<<(__ostream_type& (*__pf)(__ostream_type&))
[4.152s]        [01;36m[K^~~~~~~~[m[K
[4.153s] [01m[K/usr/include/c++/7/ostream:108:7:[m[K [01;36m[Knote: [m[K  no known conversion for argument 1 from ‘[01m[Kstd::shared_future<std::shared_ptr<turtlesim::srv::Spawn_Response_<std::allocator<void> > > >[m[K’ to ‘[01m[Kstd::basic_ostream<char>::__ostream_type& (*)(std::basic_ostream<char>::__ostream_type&) {aka std::basic_ostream<char>& (*)(std::basic_ostream<char>&)}[m[K’
[4.153s] [01m[K/usr/include/c++/7/ostream:117:7:[m[K [01;36m[Knote: [m[Kcandidate: std::basic_ostream<_CharT, _Traits>::__ostream_type& std::basic_ostream<_CharT, _Traits>::operator<<(std::basic_ostream<_CharT, _Traits>::__ios_type& (*)(std::basic_ostream<_CharT, _Traits>::__ios_type&)) [with _CharT = char; _Traits = std::char_traits<char>; std::basic_ostream<_CharT, _Traits>::__ostream_type = std::basic_ostream<char>; std::basic_ostream<_CharT, _Traits>::__ios_type = std::basic_ios<char>]
[4.153s]        [01;36m[Koperator[m[K<<(__ios_type& (*__pf)(__ios_type&))
[4.153s]        [01;36m[K^~~~~~~~[m[K
[4.153s] [01m[K/usr/include/c++/7/ostream:117:7:[m[K [01;36m[Knote: [m[K  no known conversion for argument 1 from ‘[01m[Kstd::shared_future<std::shared_ptr<turtlesim::srv::Spawn_Response_<std::allocator<void> > > >[m[K’ to ‘[01m[Kstd::basic_ostream<char>::__ios_type& (*)(std::basic_ostream<char>::__ios_type&) {aka std::basic_ios<char>& (*)(std::basic_ios<char>&)}[m[K’
[4.153s] [01m[K/usr/include/c++/7/ostream:127:7:[m[K [01;36m[Knote: [m[Kcandidate: std::basic_ostream<_CharT, _Traits>::__ostream_type& std::basic_ostream<_CharT, _Traits>::operator<<(std::ios_base& (*)(std::ios_base&)) [with _CharT = char; _Traits = std::char_traits<char>; std::basic_ostream<_CharT, _Traits>::__ostream_type = std::basic_ostream<char>]
[4.153s]        [01;36m[Koperator[m[K<<(ios_base& (*__pf) (ios_base&))
[4.153s]        [01;36m[K^~~~~~~~[m[K
[4.153s] [01m[K/usr/include/c++/7/ostream:127:7:[m[K [01;36m[Knote: [m[K  no known conversion for argument 1 from ‘[01m[Kstd::shared_future<std::shared_ptr<turtlesim::srv::Spawn_Response_<std::allocator<void> > > >[m[K’ to ‘[01m[Kstd::ios_base& (*)(std::ios_base&)[m[K’
[4.154s] [01m[K/usr/include/c++/7/ostream:166:7:[m[K [01;36m[Knote: [m[Kcandidate: std::basic_ostream<_CharT, _Traits>::__ostream_type& std::basic_ostream<_CharT, _Traits>::operator<<(long int) [with _CharT = char; _Traits = std::char_traits<char>; std::basic_ostream<_CharT, _Traits>::__ostream_type = std::basic_ostream<char>]
[4.154s]        [01;36m[Koperator[m[K<<(long __n)
[4.154s]        [01;36m[K^~~~~~~~[m[K
[4.154s] [01m[K/usr/include/c++/7/ostream:166:7:[m[K [01;36m[Knote: [m[K  no known conversion for argument 1 from ‘[01m[Kstd::shared_future<std::shared_ptr<turtlesim::srv::Spawn_Response_<std::allocator<void> > > >[m[K’ to ‘[01m[Klong int[m[K’
[4.154s] [01m[K/usr/include/c++/7/ostream:170:7:[m[K [01;36m[Knote: [m[Kcandidate: std::basic_ostream<_CharT, _Traits>::__ostream_type& std::basic_ostream<_CharT, _Traits>::operator<<(long unsigned int) [with _CharT = char; _Traits = std::char_traits<char>; std::basic_ostream<_CharT, _Traits>::__ostream_type = std::basic_ostream<char>]
[4.154s]        [01;36m[Koperator[m[K<<(unsigned long __n)
[4.154s]        [01;36m[K^~~~~~~~[m[K
[4.154s] [01m[K/usr/include/c++/7/ostream:170:7:[m[K [01;36m[Knote: [m[K  no known conversion for argument 1 from ‘[01m[Kstd::shared_future<std::shared_ptr<turtlesim::srv::Spawn_Response_<std::allocator<void> > > >[m[K’ to ‘[01m[Klong unsigned int[m[K’
[4.154s] [01m[K/usr/include/c++/7/ostream:174:7:[m[K [01;36m[Knote: [m[Kcandidate: std::basic_ostream<_CharT, _Traits>::__ostream_type& std::basic_ostream<_CharT, _Traits>::operator<<(bool) [with _CharT = char; _Traits = std::char_traits<char>; std::basic_ostream<_CharT, _Traits>::__ostream_type = std::basic_ostream<char>]
[4.154s]        [01;36m[Koperator[m[K<<(bool __n)
[4.155s]        [01;36m[K^~~~~~~~[m[K
[4.155s] [01m[K/usr/include/c++/7/ostream:174:7:[m[K [01;36m[Knote: [m[K  no known conversion for argument 1 from ‘[01m[Kstd::shared_future<std::shared_ptr<turtlesim::srv::Spawn_Response_<std::allocator<void> > > >[m[K’ to ‘[01m[Kbool[m[K’
[4.155s] In file included from [01m[K/usr/include/c++/7/ostream:693:0[m[K,
[4.155s]                  from [01m[K/usr/include/c++/7/iostream:39[m[K,
[4.155s]                  from [01m[K/opt/ros/dashing/include/rclcpp/executor.hpp:22[m[K,
[4.155s]                  from [01m[K/opt/ros/dashing/include/rclcpp/executors/multi_threaded_executor.hpp:24[m[K,
[4.155s]                  from [01m[K/opt/ros/dashing/include/rclcpp/executors.hpp:21[m[K,
[4.155s]                  from [01m[K/opt/ros/dashing/include/rclcpp/rclcpp.hpp:144[m[K,
[4.155s]                  from [01m[K/home/ubuntu/ros2_ws/src/my_c_srvcli/src/my_c_cli_node.cpp:1[m[K:
[4.156s] [01m[K/usr/include/c++/7/bits/ostream.tcc:91:5:[m[K [01;36m[Knote: [m[Kcandidate: std::basic_ostream<_CharT, _Traits>& std::basic_ostream<_CharT, _Traits>::operator<<(short int) [with _CharT = char; _Traits = std::char_traits<char>]
[4.156s]      [01;36m[Kbasic_ostream<_CharT, _Traits>[m[K::
[4.156s]      [01;36m[K^~~~~~~~~~~~~~~~~~~~~~~~~~~~~~[m[K
[4.156s] [01m[K/usr/include/c++/7/bits/ostream.tcc:91:5:[m[K [01;36m[Knote: [m[K  no known conversion for argument 1 from ‘[01m[Kstd::shared_future<std::shared_ptr<turtlesim::srv::Spawn_Response_<std::allocator<void> > > >[m[K’ to ‘[01m[Kshort int[m[K’
[4.156s] In file included from [01m[K/usr/include/c++/7/iostream:39:0[m[K,
[4.156s]                  from [01m[K/opt/ros/dashing/include/rclcpp/executor.hpp:22[m[K,
[4.156s]                  from [01m[K/opt/ros/dashing/include/rclcpp/executors/multi_threaded_executor.hpp:24[m[K,
[4.156s]                  from [01m[K/opt/ros/dashing/include/rclcpp/executors.hpp:21[m[K,
[4.156s]                  from [01m[K/opt/ros/dashing/include/rclcpp/rclcpp.hpp:144[m[K,
[4.157s]                  from [01m[K/home/ubuntu/ros2_ws/src/my_c_srvcli/src/my_c_cli_node.cpp:1[m[K:
[4.158s] [01m[K/usr/include/c++/7/ostream:181:7:[m[K [01;36m[Knote: [m[Kcandidate: std::basic_ostream<_CharT, _Traits>::__ostream_type& std::basic_ostream<_CharT, _Traits>::operator<<(short unsigned int) [with _CharT = char; _Traits = std::char_traits<char>; std::basic_ostream<_CharT, _Traits>::__ostream_type = std::basic_ostream<char>]
[4.159s]        [01;36m[Koperator[m[K<<(unsigned short __n)
[4.159s]        [01;36m[K^~~~~~~~[m[K
[4.159s] [01m[K/usr/include/c++/7/ostream:181:7:[m[K [01;36m[Knote: [m[K  no known conversion for argument 1 from ‘[01m[Kstd::shared_future<std::shared_ptr<turtlesim::srv::Spawn_Response_<std::allocator<void> > > >[m[K’ to ‘[01m[Kshort unsigned int[m[K’
[4.159s] In file included from [01m[K/usr/include/c++/7/ostream:693:0[m[K,
[4.159s]                  from [01m[K/usr/include/c++/7/iostream:39[m[K,
[4.159s]                  from [01m[K/opt/ros/dashing/include/rclcpp/executor.hpp:22[m[K,
[4.159s]                  from [01m[K/opt/ros/dashing/include/rclcpp/executors/multi_threaded_executor.hpp:24[m[K,
[4.159s]                  from [01m[K/opt/ros/dashing/include/rclcpp/executors.hpp:21[m[K,
[4.160s]                  from [01m[K/opt/ros/dashing/include/rclcpp/rclcpp.hpp:144[m[K,
[4.160s]                  from [01m[K/home/ubuntu/ros2_ws/src/my_c_srvcli/src/my_c_cli_node.cpp:1[m[K:
[4.160s] [01m[K/usr/include/c++/7/bits/ostream.tcc:105:5:[m[K [01;36m[Knote: [m[Kcandidate: std::basic_ostream<_CharT, _Traits>& std::basic_ostream<_CharT, _Traits>::operator<<(int) [with _CharT = char; _Traits = std::char_traits<char>]
[4.160s]      [01;36m[Kbasic_ostream<_CharT, _Traits>[m[K::
[4.160s]      [01;36m[K^~~~~~~~~~~~~~~~~~~~~~~~~~~~~~[m[K
[4.160s] [01m[K/usr/include/c++/7/bits/ostream.tcc:105:5:[m[K [01;36m[Knote: [m[K  no known conversion for argument 1 from ‘[01m[Kstd::shared_future<std::shared_ptr<turtlesim::srv::Spawn_Response_<std::allocator<void> > > >[m[K’ to ‘[01m[Kint[m[K’
[4.160s] In file included from [01m[K/usr/include/c++/7/iostream:39:0[m[K,
[4.160s]                  from [01m[K/opt/ros/dashing/include/rclcpp/executor.hpp:22[m[K,
[4.160s]                  from [01m[K/opt/ros/dashing/include/rclcpp/executors/multi_threaded_executor.hpp:24[m[K,
[4.160s]                  from [01m[K/opt/ros/dashing/include/rclcpp/executors.hpp:21[m[K,
[4.161s]                  from [01m[K/opt/ros/dashing/include/rclcpp/rclcpp.hpp:144[m[K,
[4.161s]                  from [01m[K/home/ubuntu/ros2_ws/src/my_c_srvcli/src/my_c_cli_node.cpp:1[m[K:
[4.161s] [01m[K/usr/include/c++/7/ostream:192:7:[m[K [01;36m[Knote: [m[Kcandidate: std::basic_ostream<_CharT, _Traits>::__ostream_type& std::basic_ostream<_CharT, _Traits>::operator<<(unsigned int) [with _CharT = char; _Traits = std::char_traits<char>; std::basic_ostream<_CharT, _Traits>::__ostream_type = std::basic_ostream<char>]
[4.161s]        [01;36m[Koperator[m[K<<(unsigned int __n)
[4.161s]        [01;36m[K^~~~~~~~[m[K
[4.161s] [01m[K/usr/include/c++/7/ostream:192:7:[m[K [01;36m[Knote: [m[K  no known conversion for argument 1 from ‘[01m[Kstd::shared_future<std::shared_ptr<turtlesim::srv::Spawn_Response_<std::allocator<void> > > >[m[K’ to ‘[01m[Kunsigned int[m[K’
[4.161s] [01m[K/usr/include/c++/7/ostream:201:7:[m[K [01;36m[Knote: [m[Kcandidate: std::basic_ostream<_CharT, _Traits>::__ostream_type& std::basic_ostream<_CharT, _Traits>::operator<<(long long int) [with _CharT = char; _Traits = std::char_traits<char>; std::basic_ostream<_CharT, _Traits>::__ostream_type = std::basic_ostream<char>]
[4.161s]        [01;36m[Koperator[m[K<<(long long __n)
[4.161s]        [01;36m[K^~~~~~~~[m[K
[4.162s] [01m[K/usr/include/c++/7/ostream:201:7:[m[K [01;36m[Knote: [m[K  no known conversion for argument 1 from ‘[01m[Kstd::shared_future<std::shared_ptr<turtlesim::srv::Spawn_Response_<std::allocator<void> > > >[m[K’ to ‘[01m[Klong long int[m[K’
[4.162s] [01m[K/usr/include/c++/7/ostream:205:7:[m[K [01;36m[Knote: [m[Kcandidate: std::basic_ostream<_CharT, _Traits>::__ostream_type& std::basic_ostream<_CharT, _Traits>::operator<<(long long unsigned int) [with _CharT = char; _Traits = std::char_traits<char>; std::basic_ostream<_CharT, _Traits>::__ostream_type = std::basic_ostream<char>]
[4.162s]        [01;36m[Koperator[m[K<<(unsigned long long __n)
[4.162s]        [01;36m[K^~~~~~~~[m[K
[4.162s] [01m[K/usr/include/c++/7/ostream:205:7:[m[K [01;36m[Knote: [m[K  no known conversion for argument 1 from ‘[01m[Kstd::shared_future<std::shared_ptr<turtlesim::srv::Spawn_Response_<std::allocator<void> > > >[m[K’ to ‘[01m[Klong long unsigned int[m[K’
[4.162s] [01m[K/usr/include/c++/7/ostream:220:7:[m[K [01;36m[Knote: [m[Kcandidate: std::basic_ostream<_CharT, _Traits>::__ostream_type& std::basic_ostream<_CharT, _Traits>::operator<<(double) [with _CharT = char; _Traits = std::char_traits<char>; std::basic_ostream<_CharT, _Traits>::__ostream_type = std::basic_ostream<char>]
[4.162s]        [01;36m[Koperator[m[K<<(double __f)
[4.162s]        [01;36m[K^~~~~~~~[m[K
[4.162s] [01m[K/usr/include/c++/7/ostream:220:7:[m[K [01;36m[Knote: [m[K  no known conversion for argument 1 from ‘[01m[Kstd::shared_future<std::shared_ptr<turtlesim::srv::Spawn_Response_<std::allocator<void> > > >[m[K’ to ‘[01m[Kdouble[m[K’
[4.162s] [01m[K/usr/include/c++/7/ostream:224:7:[m[K [01;36m[Knote: [m[Kcandidate: std::basic_ostream<_CharT, _Traits>::__ostream_type& std::basic_ostream<_CharT, _Traits>::operator<<(float) [with _CharT = char; _Traits = std::char_traits<char>; std::basic_ostream<_CharT, _Traits>::__ostream_type = std::basic_ostream<char>]
[4.163s]        [01;36m[Koperator[m[K<<(float __f)
[4.163s]        [01;36m[K^~~~~~~~[m[K
[4.163s] [01m[K/usr/include/c++/7/ostream:224:7:[m[K [01;36m[Knote: [m[K  no known conversion for argument 1 from ‘[01m[Kstd::shared_future<std::shared_ptr<turtlesim::srv::Spawn_Response_<std::allocator<void> > > >[m[K’ to ‘[01m[Kfloat[m[K’
[4.163s] [01m[K/usr/include/c++/7/ostream:232:7:[m[K [01;36m[Knote: [m[Kcandidate: std::basic_ostream<_CharT, _Traits>::__ostream_type& std::basic_ostream<_CharT, _Traits>::operator<<(long double) [with _CharT = char; _Traits = std::char_traits<char>; std::basic_ostream<_CharT, _Traits>::__ostream_type = std::basic_ostream<char>]
[4.163s]        [01;36m[Koperator[m[K<<(long double __f)
[4.163s]        [01;36m[K^~~~~~~~[m[K
[4.163s] [01m[K/usr/include/c++/7/ostream:232:7:[m[K [01;36m[Knote: [m[K  no known conversion for argument 1 from ‘[01m[Kstd::shared_future<std::shared_ptr<turtlesim::srv::Spawn_Response_<std::allocator<void> > > >[m[K’ to ‘[01m[Klong double[m[K’
[4.163s] [01m[K/usr/include/c++/7/ostream:245:7:[m[K [01;36m[Knote: [m[Kcandidate: std::basic_ostream<_CharT, _Traits>::__ostream_type& std::basic_ostream<_CharT, _Traits>::operator<<(const void*) [with _CharT = char; _Traits = std::char_traits<char>; std::basic_ostream<_CharT, _Traits>::__ostream_type = std::basic_ostream<char>]
[4.163s]        [01;36m[Koperator[m[K<<(const void* __p)
[4.163s]        [01;36m[K^~~~~~~~[m[K
[4.164s] [01m[K/usr/include/c++/7/ostream:245:7:[m[K [01;36m[Knote: [m[K  no known conversion for argument 1 from ‘[01m[Kstd::shared_future<std::shared_ptr<turtlesim::srv::Spawn_Response_<std::allocator<void> > > >[m[K’ to ‘[01m[Kconst void*[m[K’
[4.164s] In file included from [01m[K/usr/include/c++/7/ostream:693:0[m[K,
[4.164s]                  from [01m[K/usr/include/c++/7/iostream:39[m[K,
[4.164s]                  from [01m[K/opt/ros/dashing/include/rclcpp/executor.hpp:22[m[K,
[4.164s]                  from [01m[K/opt/ros/dashing/include/rclcpp/executors/multi_threaded_executor.hpp:24[m[K,
[4.164s]                  from [01m[K/opt/ros/dashing/include/rclcpp/executors.hpp:21[m[K,
[4.164s]                  from [01m[K/opt/ros/dashing/include/rclcpp/rclcpp.hpp:144[m[K,
[4.164s]                  from [01m[K/home/ubuntu/ros2_ws/src/my_c_srvcli/src/my_c_cli_node.cpp:1[m[K:
[4.164s] [01m[K/usr/include/c++/7/bits/ostream.tcc:119:5:[m[K [01;36m[Knote: [m[Kcandidate: std::basic_ostream<_CharT, _Traits>& std::basic_ostream<_CharT, _Traits>::operator<<(std::basic_ostream<_CharT, _Traits>::__streambuf_type*) [with _CharT = char; _Traits = std::char_traits<char>; std::basic_ostream<_CharT, _Traits>::__streambuf_type = std::basic_streambuf<char>]
[4.165s]      [01;36m[Kbasic_ostream<_CharT, _Traits>[m[K::
[4.165s]      [01;36m[K^~~~~~~~~~~~~~~~~~~~~~~~~~~~~~[m[K
[4.165s] [01m[K/usr/include/c++/7/bits/ostream.tcc:119:5:[m[K [01;36m[Knote: [m[K  no known conversion for argument 1 from ‘[01m[Kstd::shared_future<std::shared_ptr<turtlesim::srv::Spawn_Response_<std::allocator<void> > > >[m[K’ to ‘[01m[Kstd::basic_ostream<char>::__streambuf_type* {aka std::basic_streambuf<char>*}[m[K’
[4.165s] In file included from [01m[K/usr/include/c++/7/iostream:39:0[m[K,
[4.165s]                  from [01m[K/opt/ros/dashing/include/rclcpp/executor.hpp:22[m[K,
[4.165s]                  from [01m[K/opt/ros/dashing/include/rclcpp/executors/multi_threaded_executor.hpp:24[m[K,
[4.165s]                  from [01m[K/opt/ros/dashing/include/rclcpp/executors.hpp:21[m[K,
[4.165s]                  from [01m[K/opt/ros/dashing/include/rclcpp/rclcpp.hpp:144[m[K,
[4.165s]                  from [01m[K/home/ubuntu/ros2_ws/src/my_c_srvcli/src/my_c_cli_node.cpp:1[m[K:
[4.165s] [01m[K/usr/include/c++/7/ostream:682:5:[m[K [01;36m[Knote: [m[Kcandidate: template<class _Ostream, class _Tp> typename std::enable_if<std::__and_<std::__not_<std::is_lvalue_reference<_Tp> >, std::__is_convertible_to_basic_ostream<_Ostream>, std::__is_insertable<typename std::__is_convertible_to_basic_ostream<_Tp>::__ostream_type, const _Tp&, void> >::value, typename std::__is_convertible_to_basic_ostream<_Tp>::__ostream_type>::type std::operator<<(_Ostream&&, const _Tp&)
[4.166s]      [01;36m[Koperator[m[K<<(_Ostream&& __os, const _Tp& __x)
[4.166s]      [01;36m[K^~~~~~~~[m[K
[4.166s] [01m[K/usr/include/c++/7/ostream:682:5:[m[K [01;36m[Knote: [m[K  template argument deduction/substitution failed:
[4.166s] /usr/include/c++/7/ostream: In substitution of ‘[01m[Ktemplate<class _Ostream, class _Tp> typename std::enable_if<std::__and_<std::__not_<std::is_lvalue_reference<_Tp> >, std::__is_convertible_to_basic_ostream<_Ostream>, std::__is_insertable<typename std::__is_convertible_to_basic_ostream<_Tp>::__ostream_type, const _Tp&, void> >::value, typename std::__is_convertible_to_basic_ostream<_Tp>::__ostream_type>::type std::operator<<(_Ostream&&, const _Tp&) [with _Ostream = std::basic_ostream<char>&; _Tp = std::shared_future<std::shared_ptr<turtlesim::srv::Spawn_Response_<std::allocator<void> > > >][m[K’:
[4.166s] [01m[K/home/ubuntu/ros2_ws/src/my_c_srvcli/src/my_c_cli_node.cpp:36:16:[m[K   required from here
[4.166s] [01m[K/usr/include/c++/7/ostream:682:5:[m[K [01;31m[Kerror: [m[Kno type named ‘[01m[Ktype[m[K’ in ‘[01m[Kstruct std::enable_if<false, std::basic_ostream<char>&>[m[K’
[4.166s] [01m[K/usr/include/c++/7/ostream:574:5:[m[K [01;36m[Knote: [m[Kcandidate: template<class _Traits> std::basic_ostream<char, _Traits>& std::operator<<(std::basic_ostream<char, _Traits>&, const unsigned char*)
[4.166s]      [01;36m[Koperator[m[K<<(basic_ostream<char, _Traits>& __out, const unsigned char* __s)
[4.166s]      [01;36m[K^~~~~~~~[m[K
[4.166s] [01m[K/usr/include/c++/7/ostream:574:5:[m[K [01;36m[Knote: [m[K  template argument deduction/substitution failed:
[4.167s] [01m[K/home/ubuntu/ros2_ws/src/my_c_srvcli/src/my_c_cli_node.cpp:36:16:[m[K [01;36m[Knote: [m[K  cannot convert ‘[01m[Kresult[m[K’ (type ‘[01m[Kstd::shared_future<std::shared_ptr<turtlesim::srv::Spawn_Response_<std::allocator<void> > > >[m[K’) to type ‘[01m[Kconst unsigned char*[m[K’
[4.167s]    std::cout << [01;36m[Kresult[m[K << std::endl;
[4.167s]                 [01;36m[K^~~~~~[m[K
[4.167s] In file included from [01m[K/usr/include/c++/7/iostream:39:0[m[K,
[4.167s]                  from [01m[K/opt/ros/dashing/include/rclcpp/executor.hpp:22[m[K,
[4.167s]                  from [01m[K/opt/ros/dashing/include/rclcpp/executors/multi_threaded_executor.hpp:24[m[K,
[4.167s]                  from [01m[K/opt/ros/dashing/include/rclcpp/executors.hpp:21[m[K,
[4.167s]                  from [01m[K/opt/ros/dashing/include/rclcpp/rclcpp.hpp:144[m[K,
[4.167s]                  from [01m[K/home/ubuntu/ros2_ws/src/my_c_srvcli/src/my_c_cli_node.cpp:1[m[K:
[4.168s] [01m[K/usr/include/c++/7/ostream:569:5:[m[K [01;36m[Knote: [m[Kcandidate: template<class _Traits> std::basic_ostream<char, _Traits>& std::operator<<(std::basic_ostream<char, _Traits>&, const signed char*)
[4.168s]      [01;36m[Koperator[m[K<<(basic_ostream<char, _Traits>& __out, const signed char* __s)
[4.168s]      [01;36m[K^~~~~~~~[m[K
[4.168s] [01m[K/usr/include/c++/7/ostream:569:5:[m[K [01;36m[Knote: [m[K  template argument deduction/substitution failed:
[4.168s] [01m[K/home/ubuntu/ros2_ws/src/my_c_srvcli/src/my_c_cli_node.cpp:36:16:[m[K [01;36m[Knote: [m[K  cannot convert ‘[01m[Kresult[m[K’ (type ‘[01m[Kstd::shared_future<std::shared_ptr<turtlesim::srv::Spawn_Response_<std::allocator<void> > > >[m[K’) to type ‘[01m[Kconst signed char*[m[K’
[4.168s]    std::cout << [01;36m[Kresult[m[K << std::endl;
[4.168s]                 [01;36m[K^~~~~~[m[K
[4.168s] In file included from [01m[K/usr/include/c++/7/iostream:39:0[m[K,
[4.168s]                  from [01m[K/opt/ros/dashing/include/rclcpp/executor.hpp:22[m[K,
[4.168s]                  from [01m[K/opt/ros/dashing/include/rclcpp/executors/multi_threaded_executor.hpp:24[m[K,
[4.169s]                  from [01m[K/opt/ros/dashing/include/rclcpp/executors.hpp:21[m[K,
[4.169s]                  from [01m[K/opt/ros/dashing/include/rclcpp/rclcpp.hpp:144[m[K,
[4.169s]                  from [01m[K/home/ubuntu/ros2_ws/src/my_c_srvcli/src/my_c_cli_node.cpp:1[m[K:
[4.169s] [01m[K/usr/include/c++/7/ostream:556:5:[m[K [01;36m[Knote: [m[Kcandidate: template<class _Traits> std::basic_ostream<char, _Traits>& std::operator<<(std::basic_ostream<char, _Traits>&, const char*)
[4.169s]      [01;36m[Koperator[m[K<<(basic_ostream<char, _Traits>& __out, const char* __s)
[4.169s]      [01;36m[K^~~~~~~~[m[K
[4.169s] [01m[K/usr/include/c++/7/ostream:556:5:[m[K [01;36m[Knote: [m[K  template argument deduction/substitution failed:
[4.169s] [01m[K/home/ubuntu/ros2_ws/src/my_c_srvcli/src/my_c_cli_node.cpp:36:16:[m[K [01;36m[Knote: [m[K  cannot convert ‘[01m[Kresult[m[K’ (type ‘[01m[Kstd::shared_future<std::shared_ptr<turtlesim::srv::Spawn_Response_<std::allocator<void> > > >[m[K’) to type ‘[01m[Kconst char*[m[K’
[4.169s]    std::cout << [01;36m[Kresult[m[K << std::endl;
[4.170s]                 [01;36m[K^~~~~~[m[K
[4.170s] In file included from [01m[K/usr/include/c++/7/ostream:693:0[m[K,
[4.170s]                  from [01m[K/usr/include/c++/7/iostream:39[m[K,
[4.170s]                  from [01m[K/opt/ros/dashing/include/rclcpp/executor.hpp:22[m[K,
[4.170s]                  from [01m[K/opt/ros/dashing/include/rclcpp/executors/multi_threaded_executor.hpp:24[m[K,
[4.170s]                  from [01m[K/opt/ros/dashing/include/rclcpp/executors.hpp:21[m[K,
[4.170s]                  from [01m[K/opt/ros/dashing/include/rclcpp/rclcpp.hpp:144[m[K,
[4.170s]                  from [01m[K/home/ubuntu/ros2_ws/src/my_c_srvcli/src/my_c_cli_node.cpp:1[m[K:
[4.170s] [01m[K/usr/include/c++/7/bits/ostream.tcc:321:5:[m[K [01;36m[Knote: [m[Kcandidate: template<class _CharT, class _Traits> std::basic_ostream<_CharT, _Traits>& std::operator<<(std::basic_ostream<_CharT, _Traits>&, const char*)
[4.170s]      [01;36m[Koperator[m[K<<(basic_ostream<_CharT, _Traits>& __out, const char* __s)
[4.171s]      [01;36m[K^~~~~~~~[m[K
[4.171s] [01m[K/usr/include/c++/7/bits/ostream.tcc:321:5:[m[K [01;36m[Knote: [m[K  template argument deduction/substitution failed:
[4.171s] [01m[K/home/ubuntu/ros2_ws/src/my_c_srvcli/src/my_c_cli_node.cpp:36:16:[m[K [01;36m[Knote: [m[K  cannot convert ‘[01m[Kresult[m[K’ (type ‘[01m[Kstd::shared_future<std::shared_ptr<turtlesim::srv::Spawn_Response_<std::allocator<void> > > >[m[K’) to type ‘[01m[Kconst char*[m[K’
[4.171s]    std::cout << [01;36m[Kresult[m[K << std::endl;
[4.171s]                 [01;36m[K^~~~~~[m[K
[4.171s] In file included from [01m[K/usr/include/c++/7/iostream:39:0[m[K,
[4.171s]                  from [01m[K/opt/ros/dashing/include/rclcpp/executor.hpp:22[m[K,
[4.171s]                  from [01m[K/opt/ros/dashing/include/rclcpp/executors/multi_threaded_executor.hpp:24[m[K,
[4.171s]                  from [01m[K/opt/ros/dashing/include/rclcpp/executors.hpp:21[m[K,
[4.172s]                  from [01m[K/opt/ros/dashing/include/rclcpp/rclcpp.hpp:144[m[K,
[4.172s]                  from [01m[K/home/ubuntu/ros2_ws/src/my_c_srvcli/src/my_c_cli_node.cpp:1[m[K:
[4.172s] [01m[K/usr/include/c++/7/ostream:539:5:[m[K [01;36m[Knote: [m[Kcandidate: template<class _CharT, class _Traits> std::basic_ostream<_CharT, _Traits>& std::operator<<(std::basic_ostream<_CharT, _Traits>&, const _CharT*)
[4.172s]      [01;36m[Koperator[m[K<<(basic_ostream<_CharT, _Traits>& __out, const _CharT* __s)
[4.172s]      [01;36m[K^~~~~~~~[m[K
[4.172s] [01m[K/usr/include/c++/7/ostream:539:5:[m[K [01;36m[Knote: [m[K  template argument deduction/substitution failed:
[4.172s] [01m[K/home/ubuntu/ros2_ws/src/my_c_srvcli/src/my_c_cli_node.cpp:36:16:[m[K [01;36m[Knote: [m[K  mismatched types ‘[01m[Kconst _CharT*[m[K’ and ‘[01m[Kstd::shared_future<std::shared_ptr<turtlesim::srv::Spawn_Response_<std::allocator<void> > > >[m[K’
[4.172s]    std::cout << [01;36m[Kresult[m[K << std::endl;
[4.172s]                 [01;36m[K^~~~~~[m[K
[4.172s] In file included from [01m[K/usr/include/c++/7/iostream:39:0[m[K,
[4.173s]                  from [01m[K/opt/ros/dashing/include/rclcpp/executor.hpp:22[m[K,
[4.173s]                  from [01m[K/opt/ros/dashing/include/rclcpp/executors/multi_threaded_executor.hpp:24[m[K,
[4.173s]                  from [01m[K/opt/ros/dashing/include/rclcpp/executors.hpp:21[m[K,
[4.173s]                  from [01m[K/opt/ros/dashing/include/rclcpp/rclcpp.hpp:144[m[K,
[4.173s]                  from [01m[K/home/ubuntu/ros2_ws/src/my_c_srvcli/src/my_c_cli_node.cpp:1[m[K:
[4.173s] [01m[K/usr/include/c++/7/ostream:519:5:[m[K [01;36m[Knote: [m[Kcandidate: template<class _Traits> std::basic_ostream<char, _Traits>& std::operator<<(std::basic_ostream<char, _Traits>&, unsigned char)
[4.173s]      [01;36m[Koperator[m[K<<(basic_ostream<char, _Traits>& __out, unsigned char __c)
[4.173s]      [01;36m[K^~~~~~~~[m[K
[4.173s] [01m[K/usr/include/c++/7/ostream:519:5:[m[K [01;36m[Knote: [m[K  template argument deduction/substitution failed:
[4.174s] [01m[K/home/ubuntu/ros2_ws/src/my_c_srvcli/src/my_c_cli_node.cpp:36:16:[m[K [01;36m[Knote: [m[K  cannot convert ‘[01m[Kresult[m[K’ (type ‘[01m[Kstd::shared_future<std::shared_ptr<turtlesim::srv::Spawn_Response_<std::allocator<void> > > >[m[K’) to type ‘[01m[Kunsigned char[m[K’
[4.174s]    std::cout << [01;36m[Kresult[m[K << std::endl;
[4.174s]                 [01;36m[K^~~~~~[m[K
[4.174s] In file included from [01m[K/usr/include/c++/7/iostream:39:0[m[K,
[4.174s]                  from [01m[K/opt/ros/dashing/include/rclcpp/executor.hpp:22[m[K,
[4.174s]                  from [01m[K/opt/ros/dashing/include/rclcpp/executors/multi_threaded_executor.hpp:24[m[K,
[4.174s]                  from [01m[K/opt/ros/dashing/include/rclcpp/executors.hpp:21[m[K,
[4.174s]                  from [01m[K/opt/ros/dashing/include/rclcpp/rclcpp.hpp:144[m[K,
[4.174s]                  from [01m[K/home/ubuntu/ros2_ws/src/my_c_srvcli/src/my_c_cli_node.cpp:1[m[K:
[4.174s] [01m[K/usr/include/c++/7/ostream:514:5:[m[K [01;36m[Knote: [m[Kcandidate: template<class _Traits> std::basic_ostream<char, _Traits>& std::operator<<(std::basic_ostream<char, _Traits>&, signed char)
[4.174s]      [01;36m[Koperator[m[K<<(basic_ostream<char, _Traits>& __out, signed char __c)
[4.175s]      [01;36m[K^~~~~~~~[m[K
[4.175s] [01m[K/usr/include/c++/7/ostream:514:5:[m[K [01;36m[Knote: [m[K  template argument deduction/substitution failed:
[4.175s] [01m[K/home/ubuntu/ros2_ws/src/my_c_srvcli/src/my_c_cli_node.cpp:36:16:[m[K [01;36m[Knote: [m[K  cannot convert ‘[01m[Kresult[m[K’ (type ‘[01m[Kstd::shared_future<std::shared_ptr<turtlesim::srv::Spawn_Response_<std::allocator<void> > > >[m[K’) to type ‘[01m[Ksigned char[m[K’
[4.175s]    std::cout << [01;36m[Kresult[m[K << std::endl;
[4.175s]                 [01;36m[K^~~~~~[m[K
[4.175s] In file included from [01m[K/usr/include/c++/7/iostream:39:0[m[K,
[4.175s]                  from [01m[K/opt/ros/dashing/include/rclcpp/executor.hpp:22[m[K,
[4.175s]                  from [01m[K/opt/ros/dashing/include/rclcpp/executors/multi_threaded_executor.hpp:24[m[K,
[4.175s]                  from [01m[K/opt/ros/dashing/include/rclcpp/executors.hpp:21[m[K,
[4.175s]                  from [01m[K/opt/ros/dashing/include/rclcpp/rclcpp.hpp:144[m[K,
[4.176s]                  from [01m[K/home/ubuntu/ros2_ws/src/my_c_srvcli/src/my_c_cli_node.cpp:1[m[K:
[4.176s] [01m[K/usr/include/c++/7/ostream:508:5:[m[K [01;36m[Knote: [m[Kcandidate: template<class _Traits> std::basic_ostream<char, _Traits>& std::operator<<(std::basic_ostream<char, _Traits>&, char)
[4.176s]      [01;36m[Koperator[m[K<<(basic_ostream<char, _Traits>& __out, char __c)
[4.176s]      [01;36m[K^~~~~~~~[m[K
[4.176s] [01m[K/usr/include/c++/7/ostream:508:5:[m[K [01;36m[Knote: [m[K  template argument deduction/substitution failed:
[4.176s] [01m[K/home/ubuntu/ros2_ws/src/my_c_srvcli/src/my_c_cli_node.cpp:36:16:[m[K [01;36m[Knote: [m[K  cannot convert ‘[01m[Kresult[m[K’ (type ‘[01m[Kstd::shared_future<std::shared_ptr<turtlesim::srv::Spawn_Response_<std::allocator<void> > > >[m[K’) to type ‘[01m[Kchar[m[K’
[4.176s]    std::cout << [01;36m[Kresult[m[K << std::endl;
[4.176s]                 [01;36m[K^~~~~~[m[K
[4.176s] In file included from [01m[K/usr/include/c++/7/iostream:39:0[m[K,
[4.176s]                  from [01m[K/opt/ros/dashing/include/rclcpp/executor.hpp:22[m[K,
[4.177s]                  from [01m[K/opt/ros/dashing/include/rclcpp/executors/multi_threaded_executor.hpp:24[m[K,
[4.177s]                  from [01m[K/opt/ros/dashing/include/rclcpp/executors.hpp:21[m[K,
[4.177s]                  from [01m[K/opt/ros/dashing/include/rclcpp/rclcpp.hpp:144[m[K,
[4.177s]                  from [01m[K/home/ubuntu/ros2_ws/src/my_c_srvcli/src/my_c_cli_node.cpp:1[m[K:
[4.177s] [01m[K/usr/include/c++/7/ostream:502:5:[m[K [01;36m[Knote: [m[Kcandidate: template<class _CharT, class _Traits> std::basic_ostream<_CharT, _Traits>& std::operator<<(std::basic_ostream<_CharT, _Traits>&, char)
[4.177s]      [01;36m[Koperator[m[K<<(basic_ostream<_CharT, _Traits>& __out, char __c)
[4.177s]      [01;36m[K^~~~~~~~[m[K
[4.177s] [01m[K/usr/include/c++/7/ostream:502:5:[m[K [01;36m[Knote: [m[K  template argument deduction/substitution failed:
[4.177s] [01m[K/home/ubuntu/ros2_ws/src/my_c_srvcli/src/my_c_cli_node.cpp:36:16:[m[K [01;36m[Knote: [m[K  cannot convert ‘[01m[Kresult[m[K’ (type ‘[01m[Kstd::shared_future<std::shared_ptr<turtlesim::srv::Spawn_Response_<std::allocator<void> > > >[m[K’) to type ‘[01m[Kchar[m[K’
[4.177s]    std::cout << [01;36m[Kresult[m[K << std::endl;
[4.178s]                 [01;36m[K^~~~~~[m[K
[4.178s] In file included from [01m[K/usr/include/c++/7/iostream:39:0[m[K,
[4.178s]                  from [01m[K/opt/ros/dashing/include/rclcpp/executor.hpp:22[m[K,
[4.178s]                  from [01m[K/opt/ros/dashing/include/rclcpp/executors/multi_threaded_executor.hpp:24[m[K,
[4.178s]                  from [01m[K/opt/ros/dashing/include/rclcpp/executors.hpp:21[m[K,
[4.178s]                  from [01m[K/opt/ros/dashing/include/rclcpp/rclcpp.hpp:144[m[K,
[4.178s]                  from [01m[K/home/ubuntu/ros2_ws/src/my_c_srvcli/src/my_c_cli_node.cpp:1[m[K:
[4.178s] [01m[K/usr/include/c++/7/ostream:497:5:[m[K [01;36m[Knote: [m[Kcandidate: template<class _CharT, class _Traits> std::basic_ostream<_CharT, _Traits>& std::operator<<(std::basic_ostream<_CharT, _Traits>&, _CharT)
[4.178s]      [01;36m[Koperator[m[K<<(basic_ostream<_CharT, _Traits>& __out, _CharT __c)
[4.178s]      [01;36m[K^~~~~~~~[m[K
[4.179s] [01m[K/usr/include/c++/7/ostream:497:5:[m[K [01;36m[Knote: [m[K  template argument deduction/substitution failed:
[4.179s] [01m[K/home/ubuntu/ros2_ws/src/my_c_srvcli/src/my_c_cli_node.cpp:36:16:[m[K [01;36m[Knote: [m[K  deduced conflicting types for parameter ‘[01m[K_CharT[m[K’ (‘[01m[Kchar[m[K’ and ‘[01m[Kstd::shared_future<std::shared_ptr<turtlesim::srv::Spawn_Response_<std::allocator<void> > > >[m[K’)
[4.179s]    std::cout << [01;36m[Kresult[m[K << std::endl;
[4.179s]                 [01;36m[K^~~~~~[m[K
[4.179s] In file included from [01m[K/usr/include/c++/7/future:39:0[m[K,
[4.179s]                  from [01m[K/opt/ros/dashing/include/rclcpp/executors.hpp:18[m[K,
[4.179s]                  from [01m[K/opt/ros/dashing/include/rclcpp/rclcpp.hpp:144[m[K,
[4.179s]                  from [01m[K/home/ubuntu/ros2_ws/src/my_c_srvcli/src/my_c_cli_node.cpp:1[m[K:
[4.179s] [01m[K/usr/include/c++/7/thread:313:5:[m[K [01;36m[Knote: [m[Kcandidate: template<class _CharT, class _Traits> std::basic_ostream<_CharT, _Traits>& std::operator<<(std::basic_ostream<_CharT, _Traits>&, std::thread::id)
[4.179s]      [01;36m[Koperator[m[K<<(basic_ostream<_CharT, _Traits>& __out, thread::id __id)
[4.180s]      [01;36m[K^~~~~~~~[m[K
[4.180s] [01m[K/usr/include/c++/7/thread:313:5:[m[K [01;36m[Knote: [m[K  template argument deduction/substitution failed:
[4.180s] [01m[K/home/ubuntu/ros2_ws/src/my_c_srvcli/src/my_c_cli_node.cpp:36:16:[m[K [01;36m[Knote: [m[K  cannot convert ‘[01m[Kresult[m[K’ (type ‘[01m[Kstd::shared_future<std::shared_ptr<turtlesim::srv::Spawn_Response_<std::allocator<void> > > >[m[K’) to type ‘[01m[Kstd::thread::id[m[K’
[4.180s]    std::cout << [01;36m[Kresult[m[K << std::endl;
[4.180s]                 [01;36m[K^~~~~~[m[K
[4.180s] In file included from [01m[K/usr/include/c++/7/mutex:42:0[m[K,
[4.180s]                  from [01m[K/usr/include/c++/7/future:38[m[K,
[4.180s]                  from [01m[K/opt/ros/dashing/include/rclcpp/executors.hpp:18[m[K,
[4.180s]                  from [01m[K/opt/ros/dashing/include/rclcpp/rclcpp.hpp:144[m[K,
[4.180s]                  from [01m[K/home/ubuntu/ros2_ws/src/my_c_srvcli/src/my_c_cli_node.cpp:1[m[K:
[4.180s] [01m[K/usr/include/c++/7/system_error:217:5:[m[K [01;36m[Knote: [m[Kcandidate: template<class _CharT, class _Traits> std::basic_ostream<_CharT, _Traits>& std::operator<<(std::basic_ostream<_CharT, _Traits>&, const std::error_code&)
[4.180s]      [01;36m[Koperator[m[K<<(basic_ostream<_CharT, _Traits>& __os, const error_code& __e)
[4.181s]      [01;36m[K^~~~~~~~[m[K
[4.181s] [01m[K/usr/include/c++/7/system_error:217:5:[m[K [01;36m[Knote: [m[K  template argument deduction/substitution failed:
[4.181s] [01m[K/home/ubuntu/ros2_ws/src/my_c_srvcli/src/my_c_cli_node.cpp:36:16:[m[K [01;36m[Knote: [m[K  cannot convert ‘[01m[Kresult[m[K’ (type ‘[01m[Kstd::shared_future<std::shared_ptr<turtlesim::srv::Spawn_Response_<std::allocator<void> > > >[m[K’) to type ‘[01m[Kconst std::error_code&[m[K’
[4.181s]    std::cout << [01;36m[Kresult[m[K << std::endl;
[4.181s]                 [01;36m[K^~~~~~[m[K
[4.181s] In file included from [01m[K/usr/include/c++/7/memory:81:0[m[K,
[4.181s]                  from [01m[K/opt/ros/dashing/include/rclcpp/rclcpp.hpp:142[m[K,
[4.181s]                  from [01m[K/home/ubuntu/ros2_ws/src/my_c_srvcli/src/my_c_cli_node.cpp:1[m[K:
[4.181s] [01m[K/usr/include/c++/7/bits/shared_ptr.h:66:5:[m[K [01;36m[Knote: [m[Kcandidate: template<class _Ch, class _Tr, class _Tp, __gnu_cxx::_Lock_policy _Lp> std::basic_ostream<_CharT, _Traits>& std::operator<<(std::basic_ostream<_CharT, _Traits>&, const std::__shared_ptr<_Tp, _Lp>&)
[4.181s]      [01;36m[Koperator[m[K<<(std::basic_ostream<_Ch, _Tr>& __os,
[4.182s]      [01;36m[K^~~~~~~~[m[K
[4.182s] [01m[K/usr/include/c++/7/bits/shared_ptr.h:66:5:[m[K [01;36m[Knote: [m[K  template argument deduction/substitution failed:
[4.182s] [01m[K/home/ubuntu/ros2_ws/src/my_c_srvcli/src/my_c_cli_node.cpp:36:16:[m[K [01;36m[Knote: [m[K  ‘[01m[Kstd::shared_future<std::shared_ptr<turtlesim::srv::Spawn_Response_<std::allocator<void> > > >[m[K’ is not derived from ‘[01m[Kconst std::__shared_ptr<_Tp, _Lp>[m[K’
[4.182s]    std::cout << [01;36m[Kresult[m[K << std::endl;
[4.182s]                 [01;36m[K^~~~~~[m[K
[4.182s] In file included from [01m[K/usr/include/c++/7/string:52:0[m[K,
[4.182s]                  from [01m[K/usr/include/c++/7/stdexcept:39[m[K,
[4.182s]                  from [01m[K/usr/include/c++/7/array:39[m[K,
[4.182s]                  from [01m[K/usr/include/c++/7/tuple:39[m[K,
[4.182s]                  from [01m[K/usr/include/c++/7/bits/unique_ptr.h:37[m[K,
[4.183s]                  from [01m[K/usr/include/c++/7/memory:80[m[K,
[4.183s]                  from [01m[K/opt/ros/dashing/include/rclcpp/rclcpp.hpp:142[m[K,
[4.183s]                  from [01m[K/home/ubuntu/ros2_ws/src/my_c_srvcli/src/my_c_cli_node.cpp:1[m[K:
[4.183s] [01m[K/usr/include/c++/7/bits/basic_string.h:6284:5:[m[K [01;36m[Knote: [m[Kcandidate: template<class _CharT, class _Traits, class _Alloc> std::basic_ostream<_CharT, _Traits>& std::operator<<(std::basic_ostream<_CharT, _Traits>&, const std::__cxx11::basic_string<_CharT, _Traits, _Alloc>&)
[4.183s]      [01;36m[Koperator[m[K<<(basic_ostream<_CharT, _Traits>& __os,
[4.183s]      [01;36m[K^~~~~~~~[m[K
[4.183s] [01m[K/usr/include/c++/7/bits/basic_string.h:6284:5:[m[K [01;36m[Knote: [m[K  template argument deduction/substitution failed:
[4.183s] [01m[K/home/ubuntu/ros2_ws/src/my_c_srvcli/src/my_c_cli_node.cpp:36:16:[m[K [01;36m[Knote: [m[K  ‘[01m[Kstd::shared_future<std::shared_ptr<turtlesim::srv::Spawn_Response_<std::allocator<void> > > >[m[K’ is not derived from ‘[01m[Kconst std::__cxx11::basic_string<_CharT, _Traits, _Alloc>[m[K’
[4.183s]    std::cout << [01;36m[Kresult[m[K << std::endl;
[4.183s]                 [01;36m[K^~~~~~[m[K
[4.868s] CMakeFiles/my_c_cli_node.dir/build.make:62: recipe for target 'CMakeFiles/my_c_cli_node.dir/src/my_c_cli_node.cpp.o' failed
[4.868s] make[2]: *** [CMakeFiles/my_c_cli_node.dir/src/my_c_cli_node.cpp.o] Error 1
[4.869s] make[1]: *** [CMakeFiles/my_c_cli_node.dir/all] Error 2
[4.869s] make: *** [all] Error 2
[4.869s] CMakeFiles/Makefile2:67: recipe for target 'CMakeFiles/my_c_cli_node.dir/all' failed
[4.869s] Makefile:140: recipe for target 'all' failed
[4.870s] Invoked command in '/home/ubuntu/ros2_ws/build/my_c_srvcli' returned '2': CMAKE_PREFIX_PATH=/opt/ros/dashing /usr/bin/cmake --build /home/ubuntu/ros2_ws/build/my_c_srvcli -- -j4 -l4
