[0.291s] DEBUG:colcon:Command line arguments: ['/usr/bin/colcon', 'build']
[0.291s] DEBUG:colcon:Parsed command line arguments: Namespace(allow_overriding=[], ament_cmake_args=None, base_paths=['.'], build_base='build', catkin_cmake_args=None, catkin_skip_building_tests=False, cmake_args=None, cmake_clean_cache=False, cmake_clean_first=False, cmake_force_configure=False, cmake_target=None, cmake_target_skip_unavailable=False, continue_on_error=False, event_handlers=None, executor='parallel', ignore_user_meta=False, install_base='install', log_base=None, log_level=None, main=<bound method BuildVerb.main of <colcon_core.verb.build.BuildVerb object at 0x7f5e395c7e48>>, merge_install=False, metas=['./colcon.meta'], packages_above=None, packages_above_and_dependencies=None, packages_above_depth=None, packages_end=None, packages_ignore=None, packages_ignore_regex=None, packages_select=None, packages_select_build_failed=False, packages_select_by_dep=None, packages_select_regex=None, packages_select_test_failures=False, packages_skip=None, packages_skip_build_finished=False, packages_skip_by_dep=None, packages_skip_regex=None, packages_skip_test_passed=False, packages_skip_up_to=None, packages_start=None, packages_up_to=None, packages_up_to_regex=None, parallel_workers=4, paths=None, symlink_install=False, test_result_base=None, verb_extension=<colcon_core.verb.build.BuildVerb object at 0x7f5e395c7e48>, verb_name='build', verb_parser=<colcon_defaults.argument_parser.defaults.DefaultArgumentsDecorator object at 0x7f5e392d17f0>)
[0.321s] Level 1:colcon.colcon_core.package_discovery:discover_packages(colcon_meta) check parameters
[0.321s] Level 1:colcon.colcon_core.package_discovery:discover_packages(recursive) check parameters
[0.321s] Level 1:colcon.colcon_core.package_discovery:discover_packages(ignore) check parameters
[0.321s] Level 1:colcon.colcon_core.package_discovery:discover_packages(path) check parameters
[0.321s] Level 1:colcon.colcon_core.package_discovery:discover_packages(colcon_meta) discover
[0.322s] Level 1:colcon.colcon_core.package_discovery:discover_packages(recursive) discover
[0.322s] INFO:colcon.colcon_core.package_discovery:Crawling recursively for packages in '/home/ubuntu/ros2_ws'
[0.322s] Level 1:colcon.colcon_core.package_identification:_identify(.) by extensions ['ignore', 'ignore_ament_install']
[0.322s] Level 1:colcon.colcon_core.package_identification:_identify(.) by extension 'ignore'
[0.322s] Level 1:colcon.colcon_core.package_identification:_identify(.) by extension 'ignore_ament_install'
[0.322s] Level 1:colcon.colcon_core.package_identification:_identify(.) by extensions ['colcon_pkg']
[0.322s] Level 1:colcon.colcon_core.package_identification:_identify(.) by extension 'colcon_pkg'
[0.322s] Level 1:colcon.colcon_core.package_identification:_identify(.) by extensions ['colcon_meta']
[0.322s] Level 1:colcon.colcon_core.package_identification:_identify(.) by extension 'colcon_meta'
[0.322s] Level 1:colcon.colcon_core.package_identification:_identify(.) by extensions ['ros']
[0.323s] Level 1:colcon.colcon_core.package_identification:_identify(.) by extension 'ros'
[0.350s] Level 1:colcon.colcon_core.package_identification:_identify(.) by extensions ['cmake', 'python']
[0.350s] Level 1:colcon.colcon_core.package_identification:_identify(.) by extension 'cmake'
[0.350s] Level 1:colcon.colcon_core.package_identification:_identify(.) by extension 'python'
[0.350s] Level 1:colcon.colcon_core.package_identification:_identify(.) by extensions ['python_setup_py']
[0.351s] Level 1:colcon.colcon_core.package_identification:_identify(.) by extension 'python_setup_py'
[0.351s] Level 1:colcon.colcon_core.package_identification:_identify(build) by extensions ['ignore', 'ignore_ament_install']
[0.351s] Level 1:colcon.colcon_core.package_identification:_identify(build) by extension 'ignore'
[0.351s] Level 1:colcon.colcon_core.package_identification:_identify(build) ignored
[0.351s] Level 1:colcon.colcon_core.package_identification:_identify(install) by extensions ['ignore', 'ignore_ament_install']
[0.351s] Level 1:colcon.colcon_core.package_identification:_identify(install) by extension 'ignore'
[0.351s] Level 1:colcon.colcon_core.package_identification:_identify(install) ignored
[0.352s] Level 1:colcon.colcon_core.package_identification:_identify(log) by extensions ['ignore', 'ignore_ament_install']
[0.352s] Level 1:colcon.colcon_core.package_identification:_identify(log) by extension 'ignore'
[0.352s] Level 1:colcon.colcon_core.package_identification:_identify(log) ignored
[0.352s] Level 1:colcon.colcon_core.package_identification:_identify(src) by extensions ['ignore', 'ignore_ament_install']
[0.352s] Level 1:colcon.colcon_core.package_identification:_identify(src) by extension 'ignore'
[0.352s] Level 1:colcon.colcon_core.package_identification:_identify(src) by extension 'ignore_ament_install'
[0.352s] Level 1:colcon.colcon_core.package_identification:_identify(src) by extensions ['colcon_pkg']
[0.352s] Level 1:colcon.colcon_core.package_identification:_identify(src) by extension 'colcon_pkg'
[0.352s] Level 1:colcon.colcon_core.package_identification:_identify(src) by extensions ['colcon_meta']
[0.352s] Level 1:colcon.colcon_core.package_identification:_identify(src) by extension 'colcon_meta'
[0.352s] Level 1:colcon.colcon_core.package_identification:_identify(src) by extensions ['ros']
[0.352s] Level 1:colcon.colcon_core.package_identification:_identify(src) by extension 'ros'
[0.353s] Level 1:colcon.colcon_core.package_identification:_identify(src) by extensions ['cmake', 'python']
[0.353s] Level 1:colcon.colcon_core.package_identification:_identify(src) by extension 'cmake'
[0.353s] Level 1:colcon.colcon_core.package_identification:_identify(src) by extension 'python'
[0.353s] Level 1:colcon.colcon_core.package_identification:_identify(src) by extensions ['python_setup_py']
[0.353s] Level 1:colcon.colcon_core.package_identification:_identify(src) by extension 'python_setup_py'
[0.353s] Level 1:colcon.colcon_core.package_identification:_identify(src/my_c_package) by extensions ['ignore', 'ignore_ament_install']
[0.353s] Level 1:colcon.colcon_core.package_identification:_identify(src/my_c_package) by extension 'ignore'
[0.353s] Level 1:colcon.colcon_core.package_identification:_identify(src/my_c_package) by extension 'ignore_ament_install'
[0.353s] Level 1:colcon.colcon_core.package_identification:_identify(src/my_c_package) by extensions ['colcon_pkg']
[0.353s] Level 1:colcon.colcon_core.package_identification:_identify(src/my_c_package) by extension 'colcon_pkg'
[0.353s] Level 1:colcon.colcon_core.package_identification:_identify(src/my_c_package) by extensions ['colcon_meta']
[0.353s] Level 1:colcon.colcon_core.package_identification:_identify(src/my_c_package) by extension 'colcon_meta'
[0.353s] Level 1:colcon.colcon_core.package_identification:_identify(src/my_c_package) by extensions ['ros']
[0.353s] Level 1:colcon.colcon_core.package_identification:_identify(src/my_c_package) by extension 'ros'
[0.356s] DEBUG:colcon.colcon_core.package_identification:Package 'src/my_c_package' with type 'ros.ament_cmake' and name 'my_c_package'
[0.356s] Level 1:colcon.colcon_core.package_identification:_identify(src/my_c_topic) by extensions ['ignore', 'ignore_ament_install']
[0.356s] Level 1:colcon.colcon_core.package_identification:_identify(src/my_c_topic) by extension 'ignore'
[0.356s] Level 1:colcon.colcon_core.package_identification:_identify(src/my_c_topic) by extension 'ignore_ament_install'
[0.356s] Level 1:colcon.colcon_core.package_identification:_identify(src/my_c_topic) by extensions ['colcon_pkg']
[0.357s] Level 1:colcon.colcon_core.package_identification:_identify(src/my_c_topic) by extension 'colcon_pkg'
[0.357s] Level 1:colcon.colcon_core.package_identification:_identify(src/my_c_topic) by extensions ['colcon_meta']
[0.357s] Level 1:colcon.colcon_core.package_identification:_identify(src/my_c_topic) by extension 'colcon_meta'
[0.357s] Level 1:colcon.colcon_core.package_identification:_identify(src/my_c_topic) by extensions ['ros']
[0.357s] Level 1:colcon.colcon_core.package_identification:_identify(src/my_c_topic) by extension 'ros'
[0.357s] DEBUG:colcon.colcon_core.package_identification:Package 'src/my_c_topic' with type 'ros.ament_cmake' and name 'my_c_topic'
[0.358s] Level 1:colcon.colcon_core.package_identification:_identify(src/my_py_package) by extensions ['ignore', 'ignore_ament_install']
[0.358s] Level 1:colcon.colcon_core.package_identification:_identify(src/my_py_package) by extension 'ignore'
[0.358s] Level 1:colcon.colcon_core.package_identification:_identify(src/my_py_package) by extension 'ignore_ament_install'
[0.358s] Level 1:colcon.colcon_core.package_identification:_identify(src/my_py_package) by extensions ['colcon_pkg']
[0.358s] Level 1:colcon.colcon_core.package_identification:_identify(src/my_py_package) by extension 'colcon_pkg'
[0.358s] Level 1:colcon.colcon_core.package_identification:_identify(src/my_py_package) by extensions ['colcon_meta']
[0.358s] Level 1:colcon.colcon_core.package_identification:_identify(src/my_py_package) by extension 'colcon_meta'
[0.358s] Level 1:colcon.colcon_core.package_identification:_identify(src/my_py_package) by extensions ['ros']
[0.358s] Level 1:colcon.colcon_core.package_identification:_identify(src/my_py_package) by extension 'ros'
[0.359s] DEBUG:colcon.colcon_core.package_identification:Package 'src/my_py_package' with type 'ros.ament_python' and name 'my_py_package'
[0.359s] Level 1:colcon.colcon_core.package_identification:_identify(src/my_py_topic) by extensions ['ignore', 'ignore_ament_install']
[0.359s] Level 1:colcon.colcon_core.package_identification:_identify(src/my_py_topic) by extension 'ignore'
[0.359s] Level 1:colcon.colcon_core.package_identification:_identify(src/my_py_topic) by extension 'ignore_ament_install'
[0.359s] Level 1:colcon.colcon_core.package_identification:_identify(src/my_py_topic) by extensions ['colcon_pkg']
[0.359s] Level 1:colcon.colcon_core.package_identification:_identify(src/my_py_topic) by extension 'colcon_pkg'
[0.359s] Level 1:colcon.colcon_core.package_identification:_identify(src/my_py_topic) by extensions ['colcon_meta']
[0.359s] Level 1:colcon.colcon_core.package_identification:_identify(src/my_py_topic) by extension 'colcon_meta'
[0.359s] Level 1:colcon.colcon_core.package_identification:_identify(src/my_py_topic) by extensions ['ros']
[0.359s] Level 1:colcon.colcon_core.package_identification:_identify(src/my_py_topic) by extension 'ros'
[0.360s] DEBUG:colcon.colcon_core.package_identification:Package 'src/my_py_topic' with type 'ros.ament_python' and name 'my_py_topic'
[0.360s] Level 1:colcon.colcon_core.package_discovery:discover_packages(recursive) using defaults
[0.360s] Level 1:colcon.colcon_core.package_discovery:discover_packages(ignore) discover
[0.360s] Level 1:colcon.colcon_core.package_discovery:discover_packages(ignore) using defaults
[0.360s] Level 1:colcon.colcon_core.package_discovery:discover_packages(path) discover
[0.360s] Level 1:colcon.colcon_core.package_discovery:discover_packages(path) using defaults
[0.380s] Level 1:colcon.colcon_core.package_discovery:discover_packages(prefix_path) check parameters
[0.380s] Level 1:colcon.colcon_core.package_discovery:discover_packages(prefix_path) discover
[0.383s] DEBUG:colcon.colcon_installed_package_information.package_discovery:Found 4 installed packages in /home/ubuntu/ros2_ws/install
[0.384s] DEBUG:colcon.colcon_installed_package_information.package_discovery:Found 215 installed packages in /opt/ros/dashing
[0.385s] Level 1:colcon.colcon_core.package_discovery:discover_packages(prefix_path) using defaults
[0.439s] Level 5:colcon.colcon_core.verb:set package 'my_c_package' build argument 'cmake_args' from command line to 'None'
[0.439s] Level 5:colcon.colcon_core.verb:set package 'my_c_package' build argument 'cmake_target' from command line to 'None'
[0.439s] Level 5:colcon.colcon_core.verb:set package 'my_c_package' build argument 'cmake_target_skip_unavailable' from command line to 'False'
[0.439s] Level 5:colcon.colcon_core.verb:set package 'my_c_package' build argument 'cmake_clean_cache' from command line to 'False'
[0.439s] Level 5:colcon.colcon_core.verb:set package 'my_c_package' build argument 'cmake_clean_first' from command line to 'False'
[0.439s] Level 5:colcon.colcon_core.verb:set package 'my_c_package' build argument 'cmake_force_configure' from command line to 'False'
[0.439s] Level 5:colcon.colcon_core.verb:set package 'my_c_package' build argument 'ament_cmake_args' from command line to 'None'
[0.439s] Level 5:colcon.colcon_core.verb:set package 'my_c_package' build argument 'catkin_cmake_args' from command line to 'None'
[0.439s] Level 5:colcon.colcon_core.verb:set package 'my_c_package' build argument 'catkin_skip_building_tests' from command line to 'False'
[0.439s] DEBUG:colcon.colcon_core.verb:Building package 'my_c_package' with the following arguments: {'ament_cmake_args': None, 'build_base': '/home/ubuntu/ros2_ws/build/my_c_package', 'catkin_cmake_args': None, 'catkin_skip_building_tests': False, 'cmake_args': None, 'cmake_clean_cache': False, 'cmake_clean_first': False, 'cmake_force_configure': False, 'cmake_target': None, 'cmake_target_skip_unavailable': False, 'install_base': '/home/ubuntu/ros2_ws/install/my_c_package', 'merge_install': False, 'path': '/home/ubuntu/ros2_ws/src/my_c_package', 'symlink_install': False, 'test_result_base': None}
[0.440s] Level 5:colcon.colcon_core.verb:set package 'my_c_topic' build argument 'cmake_args' from command line to 'None'
[0.440s] Level 5:colcon.colcon_core.verb:set package 'my_c_topic' build argument 'cmake_target' from command line to 'None'
[0.440s] Level 5:colcon.colcon_core.verb:set package 'my_c_topic' build argument 'cmake_target_skip_unavailable' from command line to 'False'
[0.440s] Level 5:colcon.colcon_core.verb:set package 'my_c_topic' build argument 'cmake_clean_cache' from command line to 'False'
[0.440s] Level 5:colcon.colcon_core.verb:set package 'my_c_topic' build argument 'cmake_clean_first' from command line to 'False'
[0.440s] Level 5:colcon.colcon_core.verb:set package 'my_c_topic' build argument 'cmake_force_configure' from command line to 'False'
[0.440s] Level 5:colcon.colcon_core.verb:set package 'my_c_topic' build argument 'ament_cmake_args' from command line to 'None'
[0.440s] Level 5:colcon.colcon_core.verb:set package 'my_c_topic' build argument 'catkin_cmake_args' from command line to 'None'
[0.440s] Level 5:colcon.colcon_core.verb:set package 'my_c_topic' build argument 'catkin_skip_building_tests' from command line to 'False'
[0.440s] DEBUG:colcon.colcon_core.verb:Building package 'my_c_topic' with the following arguments: {'ament_cmake_args': None, 'build_base': '/home/ubuntu/ros2_ws/build/my_c_topic', 'catkin_cmake_args': None, 'catkin_skip_building_tests': False, 'cmake_args': None, 'cmake_clean_cache': False, 'cmake_clean_first': False, 'cmake_force_configure': False, 'cmake_target': None, 'cmake_target_skip_unavailable': False, 'install_base': '/home/ubuntu/ros2_ws/install/my_c_topic', 'merge_install': False, 'path': '/home/ubuntu/ros2_ws/src/my_c_topic', 'symlink_install': False, 'test_result_base': None}
[0.441s] Level 5:colcon.colcon_core.verb:set package 'my_py_package' build argument 'cmake_args' from command line to 'None'
[0.441s] Level 5:colcon.colcon_core.verb:set package 'my_py_package' build argument 'cmake_target' from command line to 'None'
[0.441s] Level 5:colcon.colcon_core.verb:set package 'my_py_package' build argument 'cmake_target_skip_unavailable' from command line to 'False'
[0.441s] Level 5:colcon.colcon_core.verb:set package 'my_py_package' build argument 'cmake_clean_cache' from command line to 'False'
[0.441s] Level 5:colcon.colcon_core.verb:set package 'my_py_package' build argument 'cmake_clean_first' from command line to 'False'
[0.442s] Level 5:colcon.colcon_core.verb:set package 'my_py_package' build argument 'cmake_force_configure' from command line to 'False'
[0.442s] Level 5:colcon.colcon_core.verb:set package 'my_py_package' build argument 'ament_cmake_args' from command line to 'None'
[0.442s] Level 5:colcon.colcon_core.verb:set package 'my_py_package' build argument 'catkin_cmake_args' from command line to 'None'
[0.442s] Level 5:colcon.colcon_core.verb:set package 'my_py_package' build argument 'catkin_skip_building_tests' from command line to 'False'
[0.442s] DEBUG:colcon.colcon_core.verb:Building package 'my_py_package' with the following arguments: {'ament_cmake_args': None, 'build_base': '/home/ubuntu/ros2_ws/build/my_py_package', 'catkin_cmake_args': None, 'catkin_skip_building_tests': False, 'cmake_args': None, 'cmake_clean_cache': False, 'cmake_clean_first': False, 'cmake_force_configure': False, 'cmake_target': None, 'cmake_target_skip_unavailable': False, 'install_base': '/home/ubuntu/ros2_ws/install/my_py_package', 'merge_install': False, 'path': '/home/ubuntu/ros2_ws/src/my_py_package', 'symlink_install': False, 'test_result_base': None}
[0.442s] Level 5:colcon.colcon_core.verb:set package 'my_py_topic' build argument 'cmake_args' from command line to 'None'
[0.443s] Level 5:colcon.colcon_core.verb:set package 'my_py_topic' build argument 'cmake_target' from command line to 'None'
[0.443s] Level 5:colcon.colcon_core.verb:set package 'my_py_topic' build argument 'cmake_target_skip_unavailable' from command line to 'False'
[0.443s] Level 5:colcon.colcon_core.verb:set package 'my_py_topic' build argument 'cmake_clean_cache' from command line to 'False'
[0.443s] Level 5:colcon.colcon_core.verb:set package 'my_py_topic' build argument 'cmake_clean_first' from command line to 'False'
[0.443s] Level 5:colcon.colcon_core.verb:set package 'my_py_topic' build argument 'cmake_force_configure' from command line to 'False'
[0.443s] Level 5:colcon.colcon_core.verb:set package 'my_py_topic' build argument 'ament_cmake_args' from command line to 'None'
[0.443s] Level 5:colcon.colcon_core.verb:set package 'my_py_topic' build argument 'catkin_cmake_args' from command line to 'None'
[0.443s] Level 5:colcon.colcon_core.verb:set package 'my_py_topic' build argument 'catkin_skip_building_tests' from command line to 'False'
[0.443s] DEBUG:colcon.colcon_core.verb:Building package 'my_py_topic' with the following arguments: {'ament_cmake_args': None, 'build_base': '/home/ubuntu/ros2_ws/build/my_py_topic', 'catkin_cmake_args': None, 'catkin_skip_building_tests': False, 'cmake_args': None, 'cmake_clean_cache': False, 'cmake_clean_first': False, 'cmake_force_configure': False, 'cmake_target': None, 'cmake_target_skip_unavailable': False, 'install_base': '/home/ubuntu/ros2_ws/install/my_py_topic', 'merge_install': False, 'path': '/home/ubuntu/ros2_ws/src/my_py_topic', 'symlink_install': False, 'test_result_base': None}
[0.443s] INFO:colcon.colcon_core.executor:Executing jobs using 'parallel' executor
[0.446s] DEBUG:colcon.colcon_parallel_executor.executor.parallel:run_until_complete
[0.446s] INFO:colcon.colcon_ros.task.ament_cmake.build:Building ROS package in '/home/ubuntu/ros2_ws/src/my_c_package' with build type 'ament_cmake'
[0.446s] INFO:colcon.colcon_cmake.task.cmake.build:Building CMake package in '/home/ubuntu/ros2_ws/src/my_c_package'
[0.450s] INFO:colcon.colcon_core.plugin_system:Skipping extension 'colcon_core.shell.bat': Not used on non-Windows systems
[0.450s] INFO:colcon.colcon_core.shell:Skip shell extension 'powershell' for command environment: Not usable outside of PowerShell
[0.450s] DEBUG:colcon.colcon_core.shell:Skip shell extension 'dsv' for command environment
[0.456s] INFO:colcon.colcon_ros.task.ament_cmake.build:Building ROS package in '/home/ubuntu/ros2_ws/src/my_c_topic' with build type 'ament_cmake'
[0.456s] INFO:colcon.colcon_cmake.task.cmake.build:Building CMake package in '/home/ubuntu/ros2_ws/src/my_c_topic'
[0.458s] INFO:colcon.colcon_core.shell:Skip shell extension 'powershell' for command environment: Not usable outside of PowerShell
[0.458s] DEBUG:colcon.colcon_core.shell:Skip shell extension 'dsv' for command environment
[0.464s] INFO:colcon.colcon_ros.task.ament_python.build:Building ROS package in '/home/ubuntu/ros2_ws/src/my_py_package' with build type 'ament_python'
[0.464s] Level 1:colcon.colcon_core.shell:create_environment_hook('my_py_package', 'ament_prefix_path')
[0.466s] INFO:colcon.colcon_core.shell:Creating environment hook '/home/ubuntu/ros2_ws/install/my_py_package/share/my_py_package/hook/ament_prefix_path.ps1'
[0.467s] INFO:colcon.colcon_core.shell:Creating environment descriptor '/home/ubuntu/ros2_ws/install/my_py_package/share/my_py_package/hook/ament_prefix_path.dsv'
[0.467s] INFO:colcon.colcon_core.shell:Creating environment hook '/home/ubuntu/ros2_ws/install/my_py_package/share/my_py_package/hook/ament_prefix_path.sh'
[0.468s] INFO:colcon.colcon_core.shell:Skip shell extension 'powershell' for command environment: Not usable outside of PowerShell
[0.468s] DEBUG:colcon.colcon_core.shell:Skip shell extension 'dsv' for command environment
[0.473s] INFO:colcon.colcon_ros.task.ament_python.build:Building ROS package in '/home/ubuntu/ros2_ws/src/my_py_topic' with build type 'ament_python'
[0.474s] Level 1:colcon.colcon_core.shell:create_environment_hook('my_py_topic', 'ament_prefix_path')
[0.475s] INFO:colcon.colcon_core.shell:Creating environment hook '/home/ubuntu/ros2_ws/install/my_py_topic/share/my_py_topic/hook/ament_prefix_path.ps1'
[0.476s] INFO:colcon.colcon_core.shell:Creating environment descriptor '/home/ubuntu/ros2_ws/install/my_py_topic/share/my_py_topic/hook/ament_prefix_path.dsv'
[0.476s] INFO:colcon.colcon_core.shell:Creating environment hook '/home/ubuntu/ros2_ws/install/my_py_topic/share/my_py_topic/hook/ament_prefix_path.sh'
[0.477s] INFO:colcon.colcon_core.shell:Skip shell extension 'powershell' for command environment: Not usable outside of PowerShell
[0.478s] DEBUG:colcon.colcon_core.shell:Skip shell extension 'dsv' for command environment
[0.489s] DEBUG:colcon.colcon_core.event_handler.log_command:Invoking command in '/home/ubuntu/ros2_ws/build/my_c_package': CMAKE_PREFIX_PATH=${CMAKE_PREFIX_PATH}:/home/ubuntu/ros2_ws/install/my_py_topic:/home/ubuntu/ros2_ws/install/my_py_package:/opt/ros/dashing /usr/bin/cmake --build /home/ubuntu/ros2_ws/build/my_c_package -- -j4 -l4
[0.497s] DEBUG:colcon.colcon_core.event_handler.log_command:Invoking command in '/home/ubuntu/ros2_ws/build/my_c_topic': CMAKE_PREFIX_PATH=${CMAKE_PREFIX_PATH}:/home/ubuntu/ros2_ws/install/my_py_topic:/home/ubuntu/ros2_ws/install/my_py_package:/opt/ros/dashing /usr/bin/cmake --build /home/ubuntu/ros2_ws/build/my_c_topic -- -j4 -l4
[0.791s] INFO:colcon.colcon_core.task.python.build:Building Python package in '/home/ubuntu/ros2_ws/src/my_py_package'
[0.792s] INFO:colcon.colcon_core.shell:Skip shell extension 'powershell' for command environment: Not usable outside of PowerShell
[0.792s] DEBUG:colcon.colcon_core.shell:Skip shell extension 'dsv' for command environment
[1.104s] INFO:colcon.colcon_core.task.python.build:Building Python package in '/home/ubuntu/ros2_ws/src/my_py_topic'
[1.105s] INFO:colcon.colcon_core.shell:Skip shell extension 'powershell' for command environment: Not usable outside of PowerShell
[1.105s] DEBUG:colcon.colcon_core.shell:Skip shell extension 'dsv' for command environment
[1.119s] DEBUG:colcon.colcon_core.event_handler.log_command:Invoked command in '/home/ubuntu/ros2_ws/build/my_c_package' returned '0': CMAKE_PREFIX_PATH=${CMAKE_PREFIX_PATH}:/home/ubuntu/ros2_ws/install/my_py_topic:/home/ubuntu/ros2_ws/install/my_py_package:/opt/ros/dashing /usr/bin/cmake --build /home/ubuntu/ros2_ws/build/my_c_package -- -j4 -l4
[1.124s] DEBUG:colcon.colcon_core.event_handler.log_command:Invoked command in '/home/ubuntu/ros2_ws/build/my_c_topic' returned '0': CMAKE_PREFIX_PATH=${CMAKE_PREFIX_PATH}:/home/ubuntu/ros2_ws/install/my_py_topic:/home/ubuntu/ros2_ws/install/my_py_package:/opt/ros/dashing /usr/bin/cmake --build /home/ubuntu/ros2_ws/build/my_c_topic -- -j4 -l4
[1.173s] DEBUG:colcon.colcon_core.event_handler.log_command:Invoking command in '/home/ubuntu/ros2_ws/build/my_c_package': CMAKE_PREFIX_PATH=${CMAKE_PREFIX_PATH}:/home/ubuntu/ros2_ws/install/my_py_topic:/home/ubuntu/ros2_ws/install/my_py_package:/opt/ros/dashing /usr/bin/cmake --build /home/ubuntu/ros2_ws/build/my_c_package --target install -- -j4 -l4
[1.193s] DEBUG:colcon.colcon_core.event_handler.log_command:Invoking command in '/home/ubuntu/ros2_ws/build/my_c_topic': CMAKE_PREFIX_PATH=${CMAKE_PREFIX_PATH}:/home/ubuntu/ros2_ws/install/my_py_topic:/home/ubuntu/ros2_ws/install/my_py_package:/opt/ros/dashing /usr/bin/cmake --build /home/ubuntu/ros2_ws/build/my_c_topic --target install -- -j4 -l4
[1.299s] Level 1:colcon.colcon_core.environment:create_environment_scripts_only(my_c_package)
[1.302s] DEBUG:colcon.colcon_core.event_handler.log_command:Invoked command in '/home/ubuntu/ros2_ws/build/my_c_package' returned '0': CMAKE_PREFIX_PATH=${CMAKE_PREFIX_PATH}:/home/ubuntu/ros2_ws/install/my_py_topic:/home/ubuntu/ros2_ws/install/my_py_package:/opt/ros/dashing /usr/bin/cmake --build /home/ubuntu/ros2_ws/build/my_c_package --target install -- -j4 -l4
[1.305s] Level 1:colcon.colcon_core.environment:checking '/home/ubuntu/ros2_ws/install/my_c_package' for CMake module files
[1.306s] Level 1:colcon.colcon_core.environment:checking '/home/ubuntu/ros2_ws/install/my_c_package' for CMake config files
[1.306s] Level 1:colcon.colcon_core.shell:create_environment_hook('my_c_package', 'cmake_prefix_path')
[1.307s] INFO:colcon.colcon_core.shell:Creating environment hook '/home/ubuntu/ros2_ws/install/my_c_package/share/my_c_package/hook/cmake_prefix_path.ps1'
[1.308s] INFO:colcon.colcon_core.shell:Creating environment descriptor '/home/ubuntu/ros2_ws/install/my_c_package/share/my_c_package/hook/cmake_prefix_path.dsv'
[1.309s] INFO:colcon.colcon_core.shell:Creating environment hook '/home/ubuntu/ros2_ws/install/my_c_package/share/my_c_package/hook/cmake_prefix_path.sh'
[1.311s] Level 1:colcon.colcon_core.environment:checking '/home/ubuntu/ros2_ws/install/my_c_package/lib'
[1.311s] Level 1:colcon.colcon_core.environment:checking '/home/ubuntu/ros2_ws/install/my_c_package/bin'
[1.311s] Level 1:colcon.colcon_core.environment:checking '/home/ubuntu/ros2_ws/install/my_c_package/lib/pkgconfig/my_c_package.pc'
[1.312s] Level 1:colcon.colcon_core.environment:checking '/home/ubuntu/ros2_ws/install/my_c_package/lib/python3.6/site-packages'
[1.312s] Level 1:colcon.colcon_core.environment:checking '/home/ubuntu/ros2_ws/install/my_c_package/bin'
[1.313s] INFO:colcon.colcon_core.shell:Creating package script '/home/ubuntu/ros2_ws/install/my_c_package/share/my_c_package/package.ps1'
[1.314s] INFO:colcon.colcon_core.shell:Creating package descriptor '/home/ubuntu/ros2_ws/install/my_c_package/share/my_c_package/package.dsv'
[1.315s] INFO:colcon.colcon_core.shell:Creating package script '/home/ubuntu/ros2_ws/install/my_c_package/share/my_c_package/package.sh'
[1.318s] INFO:colcon.colcon_core.shell:Creating package script '/home/ubuntu/ros2_ws/install/my_c_package/share/my_c_package/package.bash'
[1.320s] INFO:colcon.colcon_core.shell:Creating package script '/home/ubuntu/ros2_ws/install/my_c_package/share/my_c_package/package.zsh'
[1.320s] Level 1:colcon.colcon_core.environment:create_file_with_runtime_dependencies(/home/ubuntu/ros2_ws/install/my_c_package/share/colcon-core/packages/my_c_package)
[1.325s] Level 1:colcon.colcon_core.environment:create_environment_scripts_only(my_c_topic)
[1.326s] DEBUG:colcon.colcon_core.event_handler.log_command:Invoked command in '/home/ubuntu/ros2_ws/build/my_c_topic' returned '0': CMAKE_PREFIX_PATH=${CMAKE_PREFIX_PATH}:/home/ubuntu/ros2_ws/install/my_py_topic:/home/ubuntu/ros2_ws/install/my_py_package:/opt/ros/dashing /usr/bin/cmake --build /home/ubuntu/ros2_ws/build/my_c_topic --target install -- -j4 -l4
[1.328s] Level 1:colcon.colcon_core.environment:checking '/home/ubuntu/ros2_ws/install/my_c_topic' for CMake module files
[1.328s] Level 1:colcon.colcon_core.environment:checking '/home/ubuntu/ros2_ws/install/my_c_topic' for CMake config files
[1.329s] Level 1:colcon.colcon_core.shell:create_environment_hook('my_c_topic', 'cmake_prefix_path')
[1.329s] INFO:colcon.colcon_core.shell:Creating environment hook '/home/ubuntu/ros2_ws/install/my_c_topic/share/my_c_topic/hook/cmake_prefix_path.ps1'
[1.330s] INFO:colcon.colcon_core.shell:Creating environment descriptor '/home/ubuntu/ros2_ws/install/my_c_topic/share/my_c_topic/hook/cmake_prefix_path.dsv'
[1.331s] INFO:colcon.colcon_core.shell:Creating environment hook '/home/ubuntu/ros2_ws/install/my_c_topic/share/my_c_topic/hook/cmake_prefix_path.sh'
[1.332s] Level 1:colcon.colcon_core.environment:checking '/home/ubuntu/ros2_ws/install/my_c_topic/lib'
[1.332s] Level 1:colcon.colcon_core.environment:checking '/home/ubuntu/ros2_ws/install/my_c_topic/bin'
[1.332s] Level 1:colcon.colcon_core.environment:checking '/home/ubuntu/ros2_ws/install/my_c_topic/lib/pkgconfig/my_c_topic.pc'
[1.332s] Level 1:colcon.colcon_core.environment:checking '/home/ubuntu/ros2_ws/install/my_c_topic/lib/python3.6/site-packages'
[1.333s] Level 1:colcon.colcon_core.environment:checking '/home/ubuntu/ros2_ws/install/my_c_topic/bin'
[1.333s] INFO:colcon.colcon_core.shell:Creating package script '/home/ubuntu/ros2_ws/install/my_c_topic/share/my_c_topic/package.ps1'
[1.334s] INFO:colcon.colcon_core.shell:Creating package descriptor '/home/ubuntu/ros2_ws/install/my_c_topic/share/my_c_topic/package.dsv'
[1.335s] INFO:colcon.colcon_core.shell:Creating package script '/home/ubuntu/ros2_ws/install/my_c_topic/share/my_c_topic/package.sh'
[1.335s] INFO:colcon.colcon_core.shell:Creating package script '/home/ubuntu/ros2_ws/install/my_c_topic/share/my_c_topic/package.bash'
[1.336s] INFO:colcon.colcon_core.shell:Creating package script '/home/ubuntu/ros2_ws/install/my_c_topic/share/my_c_topic/package.zsh'
[1.336s] Level 1:colcon.colcon_core.environment:create_file_with_runtime_dependencies(/home/ubuntu/ros2_ws/install/my_c_topic/share/colcon-core/packages/my_c_topic)
[1.350s] Level 1:colcon.colcon_core.environment:create_environment_scripts_only(my_c_package)
[1.351s] Level 1:colcon.colcon_core.environment:checking '/home/ubuntu/ros2_ws/install/my_c_package' for CMake module files
[1.351s] Level 1:colcon.colcon_core.environment:checking '/home/ubuntu/ros2_ws/install/my_c_package' for CMake config files
[1.352s] Level 1:colcon.colcon_core.shell:create_environment_hook('my_c_package', 'cmake_prefix_path')
[1.353s] INFO:colcon.colcon_core.shell:Creating environment hook '/home/ubuntu/ros2_ws/install/my_c_package/share/my_c_package/hook/cmake_prefix_path.ps1'
[1.354s] INFO:colcon.colcon_core.shell:Creating environment descriptor '/home/ubuntu/ros2_ws/install/my_c_package/share/my_c_package/hook/cmake_prefix_path.dsv'
[1.354s] INFO:colcon.colcon_core.shell:Creating environment hook '/home/ubuntu/ros2_ws/install/my_c_package/share/my_c_package/hook/cmake_prefix_path.sh'
[1.355s] Level 1:colcon.colcon_core.environment:checking '/home/ubuntu/ros2_ws/install/my_c_package/lib'
[1.355s] Level 1:colcon.colcon_core.environment:checking '/home/ubuntu/ros2_ws/install/my_c_package/bin'
[1.356s] Level 1:colcon.colcon_core.environment:checking '/home/ubuntu/ros2_ws/install/my_c_package/lib/pkgconfig/my_c_package.pc'
[1.356s] Level 1:colcon.colcon_core.environment:checking '/home/ubuntu/ros2_ws/install/my_c_package/lib/python3.6/site-packages'
[1.356s] Level 1:colcon.colcon_core.environment:checking '/home/ubuntu/ros2_ws/install/my_c_package/bin'
[1.357s] INFO:colcon.colcon_core.shell:Creating package script '/home/ubuntu/ros2_ws/install/my_c_package/share/my_c_package/package.ps1'
[1.357s] INFO:colcon.colcon_core.shell:Creating package descriptor '/home/ubuntu/ros2_ws/install/my_c_package/share/my_c_package/package.dsv'
[1.358s] INFO:colcon.colcon_core.shell:Creating package script '/home/ubuntu/ros2_ws/install/my_c_package/share/my_c_package/package.sh'
[1.359s] INFO:colcon.colcon_core.shell:Creating package script '/home/ubuntu/ros2_ws/install/my_c_package/share/my_c_package/package.bash'
[1.359s] INFO:colcon.colcon_core.shell:Creating package script '/home/ubuntu/ros2_ws/install/my_c_package/share/my_c_package/package.zsh'
[1.360s] Level 1:colcon.colcon_core.environment:create_file_with_runtime_dependencies(/home/ubuntu/ros2_ws/install/my_c_package/share/colcon-core/packages/my_c_package)
[1.377s] Level 1:colcon.colcon_core.environment:create_environment_scripts_only(my_c_topic)
[1.378s] Level 1:colcon.colcon_core.environment:checking '/home/ubuntu/ros2_ws/install/my_c_topic' for CMake module files
[1.379s] Level 1:colcon.colcon_core.environment:checking '/home/ubuntu/ros2_ws/install/my_c_topic' for CMake config files
[1.379s] Level 1:colcon.colcon_core.shell:create_environment_hook('my_c_topic', 'cmake_prefix_path')
[1.380s] INFO:colcon.colcon_core.shell:Creating environment hook '/home/ubuntu/ros2_ws/install/my_c_topic/share/my_c_topic/hook/cmake_prefix_path.ps1'
[1.380s] INFO:colcon.colcon_core.shell:Creating environment descriptor '/home/ubuntu/ros2_ws/install/my_c_topic/share/my_c_topic/hook/cmake_prefix_path.dsv'
[1.381s] INFO:colcon.colcon_core.shell:Creating environment hook '/home/ubuntu/ros2_ws/install/my_c_topic/share/my_c_topic/hook/cmake_prefix_path.sh'
[1.382s] Level 1:colcon.colcon_core.environment:checking '/home/ubuntu/ros2_ws/install/my_c_topic/lib'
[1.382s] Level 1:colcon.colcon_core.environment:checking '/home/ubuntu/ros2_ws/install/my_c_topic/bin'
[1.382s] Level 1:colcon.colcon_core.environment:checking '/home/ubuntu/ros2_ws/install/my_c_topic/lib/pkgconfig/my_c_topic.pc'
[1.382s] Level 1:colcon.colcon_core.environment:checking '/home/ubuntu/ros2_ws/install/my_c_topic/lib/python3.6/site-packages'
[1.382s] Level 1:colcon.colcon_core.environment:checking '/home/ubuntu/ros2_ws/install/my_c_topic/bin'
[1.383s] INFO:colcon.colcon_core.shell:Creating package script '/home/ubuntu/ros2_ws/install/my_c_topic/share/my_c_topic/package.ps1'
[1.384s] INFO:colcon.colcon_core.shell:Creating package descriptor '/home/ubuntu/ros2_ws/install/my_c_topic/share/my_c_topic/package.dsv'
[1.384s] INFO:colcon.colcon_core.shell:Creating package script '/home/ubuntu/ros2_ws/install/my_c_topic/share/my_c_topic/package.sh'
[1.385s] INFO:colcon.colcon_core.shell:Creating package script '/home/ubuntu/ros2_ws/install/my_c_topic/share/my_c_topic/package.bash'
[1.385s] INFO:colcon.colcon_core.shell:Creating package script '/home/ubuntu/ros2_ws/install/my_c_topic/share/my_c_topic/package.zsh'
[1.390s] Level 1:colcon.colcon_core.environment:create_file_with_runtime_dependencies(/home/ubuntu/ros2_ws/install/my_c_topic/share/colcon-core/packages/my_c_topic)
[1.596s] DEBUG:colcon.colcon_core.event_handler.log_command:Invoking command in '/home/ubuntu/ros2_ws/src/my_py_topic': PYTHONPATH=/home/ubuntu/ros2_ws/install/my_py_topic/lib/python3.6/site-packages:${PYTHONPATH} /usr/bin/python3 setup.py egg_info --egg-base ../../build/my_py_topic build --build-base /home/ubuntu/ros2_ws/build/my_py_topic/build install --prefix /home/ubuntu/ros2_ws/install/my_py_topic --record /home/ubuntu/ros2_ws/build/my_py_topic/install.log --single-version-externally-managed
[1.612s] DEBUG:colcon.colcon_core.event_handler.log_command:Invoking command in '/home/ubuntu/ros2_ws/src/my_py_package': PYTHONPATH=/home/ubuntu/ros2_ws/install/my_py_package/lib/python3.6/site-packages:${PYTHONPATH} /usr/bin/python3 setup.py egg_info --egg-base ../../build/my_py_package build --build-base /home/ubuntu/ros2_ws/build/my_py_package/build install --prefix /home/ubuntu/ros2_ws/install/my_py_package --record /home/ubuntu/ros2_ws/build/my_py_package/install.log --single-version-externally-managed
[1.949s] Level 1:colcon.colcon_core.environment:checking '/home/ubuntu/ros2_ws/install/my_py_package' for CMake module files
[1.950s] Level 1:colcon.colcon_core.environment:checking '/home/ubuntu/ros2_ws/install/my_py_package' for CMake config files
[1.950s] Level 1:colcon.colcon_core.environment:checking '/home/ubuntu/ros2_ws/install/my_py_package/lib'
[1.951s] Level 1:colcon.colcon_core.environment:checking '/home/ubuntu/ros2_ws/install/my_py_package/bin'
[1.951s] Level 1:colcon.colcon_core.environment:checking '/home/ubuntu/ros2_ws/install/my_py_package/lib/pkgconfig/my_py_package.pc'
[1.951s] Level 1:colcon.colcon_core.environment:checking '/home/ubuntu/ros2_ws/install/my_py_package/lib/python3.6/site-packages'
[1.951s] Level 1:colcon.colcon_core.shell:create_environment_hook('my_py_package', 'pythonpath')
[1.952s] INFO:colcon.colcon_core.shell:Creating environment hook '/home/ubuntu/ros2_ws/install/my_py_package/share/my_py_package/hook/pythonpath.ps1'
[1.952s] INFO:colcon.colcon_core.shell:Creating environment descriptor '/home/ubuntu/ros2_ws/install/my_py_package/share/my_py_package/hook/pythonpath.dsv'
[1.953s] INFO:colcon.colcon_core.shell:Creating environment hook '/home/ubuntu/ros2_ws/install/my_py_package/share/my_py_package/hook/pythonpath.sh'
[1.953s] Level 1:colcon.colcon_core.environment:checking '/home/ubuntu/ros2_ws/install/my_py_package/bin'
[1.953s] Level 1:colcon.colcon_core.environment:create_environment_scripts_only(my_py_package)
[1.954s] INFO:colcon.colcon_core.shell:Creating package script '/home/ubuntu/ros2_ws/install/my_py_package/share/my_py_package/package.ps1'
[1.955s] INFO:colcon.colcon_core.shell:Creating package descriptor '/home/ubuntu/ros2_ws/install/my_py_package/share/my_py_package/package.dsv'
[1.955s] INFO:colcon.colcon_core.shell:Creating package script '/home/ubuntu/ros2_ws/install/my_py_package/share/my_py_package/package.sh'
[1.956s] INFO:colcon.colcon_core.shell:Creating package script '/home/ubuntu/ros2_ws/install/my_py_package/share/my_py_package/package.bash'
[1.956s] INFO:colcon.colcon_core.shell:Creating package script '/home/ubuntu/ros2_ws/install/my_py_package/share/my_py_package/package.zsh'
[1.957s] Level 1:colcon.colcon_core.environment:create_file_with_runtime_dependencies(/home/ubuntu/ros2_ws/install/my_py_package/share/colcon-core/packages/my_py_package)
[1.959s] DEBUG:colcon.colcon_core.event_handler.log_command:Invoked command in '/home/ubuntu/ros2_ws/src/my_py_package' returned '0': PYTHONPATH=/home/ubuntu/ros2_ws/install/my_py_package/lib/python3.6/site-packages:${PYTHONPATH} /usr/bin/python3 setup.py egg_info --egg-base ../../build/my_py_package build --build-base /home/ubuntu/ros2_ws/build/my_py_package/build install --prefix /home/ubuntu/ros2_ws/install/my_py_package --record /home/ubuntu/ros2_ws/build/my_py_package/install.log --single-version-externally-managed
[1.960s] Level 1:colcon.colcon_core.environment:checking '/home/ubuntu/ros2_ws/install/my_py_topic' for CMake module files
[1.962s] DEBUG:colcon.colcon_core.event_handler.log_command:Invoked command in '/home/ubuntu/ros2_ws/src/my_py_topic' returned '0': PYTHONPATH=/home/ubuntu/ros2_ws/install/my_py_topic/lib/python3.6/site-packages:${PYTHONPATH} /usr/bin/python3 setup.py egg_info --egg-base ../../build/my_py_topic build --build-base /home/ubuntu/ros2_ws/build/my_py_topic/build install --prefix /home/ubuntu/ros2_ws/install/my_py_topic --record /home/ubuntu/ros2_ws/build/my_py_topic/install.log --single-version-externally-managed
[1.963s] Level 1:colcon.colcon_core.environment:checking '/home/ubuntu/ros2_ws/install/my_py_topic' for CMake config files
[1.963s] Level 1:colcon.colcon_core.environment:checking '/home/ubuntu/ros2_ws/install/my_py_topic/lib'
[1.963s] Level 1:colcon.colcon_core.environment:checking '/home/ubuntu/ros2_ws/install/my_py_topic/bin'
[1.964s] Level 1:colcon.colcon_core.environment:checking '/home/ubuntu/ros2_ws/install/my_py_topic/lib/pkgconfig/my_py_topic.pc'
[1.964s] Level 1:colcon.colcon_core.environment:checking '/home/ubuntu/ros2_ws/install/my_py_topic/lib/python3.6/site-packages'
[1.964s] Level 1:colcon.colcon_core.shell:create_environment_hook('my_py_topic', 'pythonpath')
[1.964s] INFO:colcon.colcon_core.shell:Creating environment hook '/home/ubuntu/ros2_ws/install/my_py_topic/share/my_py_topic/hook/pythonpath.ps1'
[1.965s] INFO:colcon.colcon_core.shell:Creating environment descriptor '/home/ubuntu/ros2_ws/install/my_py_topic/share/my_py_topic/hook/pythonpath.dsv'
[1.966s] INFO:colcon.colcon_core.shell:Creating environment hook '/home/ubuntu/ros2_ws/install/my_py_topic/share/my_py_topic/hook/pythonpath.sh'
[1.966s] Level 1:colcon.colcon_core.environment:checking '/home/ubuntu/ros2_ws/install/my_py_topic/bin'
[1.966s] Level 1:colcon.colcon_core.environment:create_environment_scripts_only(my_py_topic)
[1.967s] INFO:colcon.colcon_core.shell:Creating package script '/home/ubuntu/ros2_ws/install/my_py_topic/share/my_py_topic/package.ps1'
[1.967s] INFO:colcon.colcon_core.shell:Creating package descriptor '/home/ubuntu/ros2_ws/install/my_py_topic/share/my_py_topic/package.dsv'
[1.968s] INFO:colcon.colcon_core.shell:Creating package script '/home/ubuntu/ros2_ws/install/my_py_topic/share/my_py_topic/package.sh'
[1.968s] INFO:colcon.colcon_core.shell:Creating package script '/home/ubuntu/ros2_ws/install/my_py_topic/share/my_py_topic/package.bash'
[1.969s] INFO:colcon.colcon_core.shell:Creating package script '/home/ubuntu/ros2_ws/install/my_py_topic/share/my_py_topic/package.zsh'
[1.969s] Level 1:colcon.colcon_core.environment:create_file_with_runtime_dependencies(/home/ubuntu/ros2_ws/install/my_py_topic/share/colcon-core/packages/my_py_topic)
[1.970s] DEBUG:colcon.colcon_parallel_executor.executor.parallel:closing loop
[1.974s] DEBUG:colcon.colcon_parallel_executor.executor.parallel:loop closed
[1.974s] DEBUG:colcon.colcon_parallel_executor.executor.parallel:run_until_complete finished with '0'
[1.974s] DEBUG:colcon.colcon_core.event_reactor:joining thread
[1.982s] INFO:colcon.colcon_core.plugin_system:Skipping extension 'colcon_notification.desktop_notification.terminal_notifier': Not used on non-Darwin systems
[1.983s] INFO:colcon.colcon_core.plugin_system:Skipping extension 'colcon_notification.desktop_notification.win32': Not used on non-Windows systems
[1.983s] INFO:colcon.colcon_notification.desktop_notification:Sending desktop notification using 'notify2'
[1.989s] DEBUG:colcon.colcon_core.event_reactor:joined thread
[1.990s] INFO:colcon.colcon_core.shell:Creating prefix script '/home/ubuntu/ros2_ws/install/local_setup.ps1'
[1.991s] INFO:colcon.colcon_core.shell:Creating prefix util module '/home/ubuntu/ros2_ws/install/_local_setup_util_ps1.py'
[1.993s] INFO:colcon.colcon_core.shell:Creating prefix chain script '/home/ubuntu/ros2_ws/install/setup.ps1'
[1.995s] INFO:colcon.colcon_core.shell:Creating prefix script '/home/ubuntu/ros2_ws/install/local_setup.sh'
[1.996s] INFO:colcon.colcon_core.shell:Creating prefix util module '/home/ubuntu/ros2_ws/install/_local_setup_util_sh.py'
[1.996s] INFO:colcon.colcon_core.shell:Creating prefix chain script '/home/ubuntu/ros2_ws/install/setup.sh'
[1.998s] INFO:colcon.colcon_core.shell:Creating prefix script '/home/ubuntu/ros2_ws/install/local_setup.bash'
[1.999s] INFO:colcon.colcon_core.shell:Creating prefix chain script '/home/ubuntu/ros2_ws/install/setup.bash'
[2.000s] INFO:colcon.colcon_core.shell:Creating prefix script '/home/ubuntu/ros2_ws/install/local_setup.zsh'
[2.001s] INFO:colcon.colcon_core.shell:Creating prefix chain script '/home/ubuntu/ros2_ws/install/setup.zsh'
