[5.062s] Invoking command in '/home/ubuntu/ros2_ws/src/my_py_package': PYTHONPATH=/home/ubuntu/ros2_ws/install/my_py_package/lib/python3.6/site-packages:${PYTHONPATH} /usr/bin/python3 setup.py egg_info --egg-base ../../build/my_py_package build --build-base /home/ubuntu/ros2_ws/build/my_py_package/build install --prefix /home/ubuntu/ros2_ws/install/my_py_package --record /home/ubuntu/ros2_ws/build/my_py_package/install.log --single-version-externally-managed
[5.322s] /home/ubuntu/.local/lib/python3.6/site-packages/setuptools/dist.py:726: UserWarning: Usage of dash-separated 'script-dir' will not be supported in future versions. Please use the underscore name 'script_dir' instead
[5.323s]   % (opt, underscore_opt)
[5.323s] /home/ubuntu/.local/lib/python3.6/site-packages/setuptools/dist.py:726: UserWarning: Usage of dash-separated 'install-scripts' will not be supported in future versions. Please use the underscore name 'install_scripts' instead
[5.323s]   % (opt, underscore_opt)
[5.351s] running egg_info
[5.352s] writing ../../build/my_py_package/my_py_package.egg-info/PKG-INFO
[5.352s] writing dependency_links to ../../build/my_py_package/my_py_package.egg-info/dependency_links.txt
[5.352s] writing entry points to ../../build/my_py_package/my_py_package.egg-info/entry_points.txt
[5.353s] writing requirements to ../../build/my_py_package/my_py_package.egg-info/requires.txt
[5.353s] writing top-level names to ../../build/my_py_package/my_py_package.egg-info/top_level.txt
[5.355s] reading manifest file '../../build/my_py_package/my_py_package.egg-info/SOURCES.txt'
[5.356s] writing manifest file '../../build/my_py_package/my_py_package.egg-info/SOURCES.txt'
[5.356s] running build
[5.356s] running build_py
[5.357s] running install
[5.370s] /home/ubuntu/.local/lib/python3.6/site-packages/setuptools/command/install.py:37: SetuptoolsDeprecationWarning: setup.py install is deprecated. Use build and pip and other standards-based tools.
[5.370s]   setuptools.SetuptoolsDeprecationWarning,
[5.371s] running install_lib
[5.371s] running install_data
[5.371s] running install_egg_info
[5.373s] removing '/home/ubuntu/ros2_ws/install/my_py_package/lib/python3.6/site-packages/my_py_package-0.0.0-py3.6.egg-info' (and everything under it)
[5.373s] Copying ../../build/my_py_package/my_py_package.egg-info to /home/ubuntu/ros2_ws/install/my_py_package/lib/python3.6/site-packages/my_py_package-0.0.0-py3.6.egg-info
[5.403s] running install_scripts
[5.418s] Installing my_py_node script to /home/ubuntu/ros2_ws/install/my_py_package/lib/my_py_package
[5.418s] writing list of installed files to '/home/ubuntu/ros2_ws/build/my_py_package/install.log'
[5.440s] Invoked command in '/home/ubuntu/ros2_ws/src/my_py_package' returned '0': PYTHONPATH=/home/ubuntu/ros2_ws/install/my_py_package/lib/python3.6/site-packages:${PYTHONPATH} /usr/bin/python3 setup.py egg_info --egg-base ../../build/my_py_package build --build-base /home/ubuntu/ros2_ws/build/my_py_package/build install --prefix /home/ubuntu/ros2_ws/install/my_py_package --record /home/ubuntu/ros2_ws/build/my_py_package/install.log --single-version-externally-managed
