[1.277s] Invoking command in '/home/ubuntu/ros2_ws/src/my_py_topic': PYTHONPATH=/home/ubuntu/ros2_ws/install/my_py_topic/lib/python3.6/site-packages:${PYTHONPATH} /usr/bin/python3 setup.py egg_info --egg-base ../../build/my_py_topic build --build-base /home/ubuntu/ros2_ws/build/my_py_topic/build install --prefix /home/ubuntu/ros2_ws/install/my_py_topic --record /home/ubuntu/ros2_ws/build/my_py_topic/install.log --single-version-externally-managed
[1.580s] /home/ubuntu/.local/lib/python3.6/site-packages/setuptools/dist.py:726: UserWarning: Usage of dash-separated 'script-dir' will not be supported in future versions. Please use the underscore name 'script_dir' instead
[1.580s]   % (opt, underscore_opt)
[1.581s] /home/ubuntu/.local/lib/python3.6/site-packages/setuptools/dist.py:726: UserWarning: Usage of dash-separated 'install-scripts' will not be supported in future versions. Please use the underscore name 'install_scripts' instead
[1.581s]   % (opt, underscore_opt)
[1.623s] running egg_info
[1.623s] creating ../../build/my_py_topic/my_py_topic.egg-info
[1.623s] writing ../../build/my_py_topic/my_py_topic.egg-info/PKG-INFO
[1.623s] writing dependency_links to ../../build/my_py_topic/my_py_topic.egg-info/dependency_links.txt
[1.623s] writing entry points to ../../build/my_py_topic/my_py_topic.egg-info/entry_points.txt
[1.623s] writing requirements to ../../build/my_py_topic/my_py_topic.egg-info/requires.txt
[1.623s] writing top-level names to ../../build/my_py_topic/my_py_topic.egg-info/top_level.txt
[1.623s] writing manifest file '../../build/my_py_topic/my_py_topic.egg-info/SOURCES.txt'
[1.623s] reading manifest file '../../build/my_py_topic/my_py_topic.egg-info/SOURCES.txt'
[1.623s] writing manifest file '../../build/my_py_topic/my_py_topic.egg-info/SOURCES.txt'
[1.623s] running build
[1.624s] running build_py
[1.624s] creating /home/ubuntu/ros2_ws/build/my_py_topic/build
[1.624s] creating /home/ubuntu/ros2_ws/build/my_py_topic/build/lib
[1.624s] creating /home/ubuntu/ros2_ws/build/my_py_topic/build/lib/my_py_topic
[1.624s] copying my_py_topic/my_py_publisher_node.py -> /home/ubuntu/ros2_ws/build/my_py_topic/build/lib/my_py_topic
[1.624s] copying my_py_topic/__init__.py -> /home/ubuntu/ros2_ws/build/my_py_topic/build/lib/my_py_topic
[1.624s] running install
[1.625s] /home/ubuntu/.local/lib/python3.6/site-packages/setuptools/command/install.py:37: SetuptoolsDeprecationWarning: setup.py install is deprecated. Use build and pip and other standards-based tools.
[1.625s]   setuptools.SetuptoolsDeprecationWarning,
[1.625s] running install_lib
[1.626s] creating /home/ubuntu/ros2_ws/install/my_py_topic/lib/python3.6/site-packages/my_py_topic
[1.627s] copying /home/ubuntu/ros2_ws/build/my_py_topic/build/lib/my_py_topic/my_py_publisher_node.py -> /home/ubuntu/ros2_ws/install/my_py_topic/lib/python3.6/site-packages/my_py_topic
[1.627s] copying /home/ubuntu/ros2_ws/build/my_py_topic/build/lib/my_py_topic/__init__.py -> /home/ubuntu/ros2_ws/install/my_py_topic/lib/python3.6/site-packages/my_py_topic
[1.627s] byte-compiling /home/ubuntu/ros2_ws/install/my_py_topic/lib/python3.6/site-packages/my_py_topic/my_py_publisher_node.py to my_py_publisher_node.cpython-36.pyc
[1.628s] byte-compiling /home/ubuntu/ros2_ws/install/my_py_topic/lib/python3.6/site-packages/my_py_topic/__init__.py to __init__.cpython-36.pyc
[1.628s] running install_data
[1.628s] creating /home/ubuntu/ros2_ws/install/my_py_topic/share/ament_index
[1.629s] creating /home/ubuntu/ros2_ws/install/my_py_topic/share/ament_index/resource_index
[1.629s] creating /home/ubuntu/ros2_ws/install/my_py_topic/share/ament_index/resource_index/packages
[1.629s] copying resource/my_py_topic -> /home/ubuntu/ros2_ws/install/my_py_topic/share/ament_index/resource_index/packages
[1.629s] copying package.xml -> /home/ubuntu/ros2_ws/install/my_py_topic/share/my_py_topic
[1.629s] running install_egg_info
[1.634s] Copying ../../build/my_py_topic/my_py_topic.egg-info to /home/ubuntu/ros2_ws/install/my_py_topic/lib/python3.6/site-packages/my_py_topic-0.0.0-py3.6.egg-info
[1.634s] running install_scripts
[1.650s] Installing my_py_publisher_node script to /home/ubuntu/ros2_ws/install/my_py_topic/lib/my_py_topic
[1.650s] writing list of installed files to '/home/ubuntu/ros2_ws/build/my_py_topic/install.log'
[1.674s] Invoked command in '/home/ubuntu/ros2_ws/src/my_py_topic' returned '0': PYTHONPATH=/home/ubuntu/ros2_ws/install/my_py_topic/lib/python3.6/site-packages:${PYTHONPATH} /usr/bin/python3 setup.py egg_info --egg-base ../../build/my_py_topic build --build-base /home/ubuntu/ros2_ws/build/my_py_topic/build install --prefix /home/ubuntu/ros2_ws/install/my_py_topic --record /home/ubuntu/ros2_ws/build/my_py_topic/install.log --single-version-externally-managed
