[0.045s] Invoking command in '/home/ubuntu/ros2_ws/build/my_c_srvcli': CMAKE_PREFIX_PATH=/opt/ros/dashing /usr/bin/cmake --build /home/ubuntu/ros2_ws/build/my_c_srvcli -- -j4 -l4
[0.367s] [ 50%] Built target my_c_cli_node
[0.367s] [ 75%] [32mBuilding CXX object CMakeFiles/my_c_srv_node.dir/src/my_c_srv_node.cpp.o[0m
[1.128s] [01m[K/home/ubuntu/ros2_ws/src/my_c_srvcli/src/my_c_srv_node.cpp:[m[K In member function ‘[01m[Kvoid my_c_srv_node::server_cb(std_srvs::srv::Trigger_Request_<std::allocator<void> >::SharedPtr, std_srvs::srv::Trigger_Response_<std::allocator<void> >::SharedPtr)[m[K’:
[1.128s] [01m[K/home/ubuntu/ros2_ws/src/my_c_srvcli/src/my_c_srv_node.cpp:31:80:[m[K [01;35m[Kwarning: [m[Kunused parameter ‘[01m[Krequest[m[K’ [[01;35m[K-Wunused-parameter[m[K]
[1.128s]  void my_c_srv_node::server_cb(const std_srvs::srv::Trigger::Request::SharedPtr [01;35m[Krequest[m[K,
[1.128s]                                                                                 [01;35m[K^~~~~~~[m[K
[1.128s] [01m[K/home/ubuntu/ros2_ws/src/my_c_srvcli/src/my_c_srv_node.cpp:32:81:[m[K [01;35m[Kwarning: [m[Kunused parameter ‘[01m[Kresponse[m[K’ [[01;35m[K-Wunused-parameter[m[K]
[1.128s]                                const std_srvs::srv::Trigger::Response::SharedPtr [01;35m[Kresponse[m[K)
[1.128s]                                                                                  [01;35m[K^~~~~~~~[m[K
[1.215s] In file included from [01m[K/opt/ros/dashing/include/rclcpp/client.hpp:31:0[m[K,
[1.215s]                  from [01m[K/opt/ros/dashing/include/rclcpp/callback_group.hpp:23[m[K,
[1.215s]                  from [01m[K/opt/ros/dashing/include/rclcpp/any_executable.hpp:20[m[K,
[1.215s]                  from [01m[K/opt/ros/dashing/include/rclcpp/memory_strategy.hpp:24[m[K,
[1.215s]                  from [01m[K/opt/ros/dashing/include/rclcpp/memory_strategies.hpp:18[m[K,
[1.215s]                  from [01m[K/opt/ros/dashing/include/rclcpp/executor.hpp:33[m[K,
[1.215s]                  from [01m[K/opt/ros/dashing/include/rclcpp/executors/multi_threaded_executor.hpp:24[m[K,
[1.215s]                  from [01m[K/opt/ros/dashing/include/rclcpp/executors.hpp:21[m[K,
[1.216s]                  from [01m[K/opt/ros/dashing/include/rclcpp/rclcpp.hpp:144[m[K,
[1.216s]                  from [01m[K/home/ubuntu/ros2_ws/src/my_c_srvcli/src/my_c_srv_node.cpp:2[m[K:
[1.216s] /opt/ros/dashing/include/rclcpp/function_traits.hpp: In instantiation of ‘[01m[Kstruct rclcpp::function_traits::function_traits<void (my_c_srv_node::*)(std::shared_ptr<std_srvs::srv::Trigger_Request_<std::allocator<void> > >, std::shared_ptr<std_srvs::srv::Trigger_Response_<std::allocator<void> > >)>[m[K’:
[1.216s] [01m[K/opt/ros/dashing/include/rclcpp/function_traits.hpp:159:8:[m[K   required from ‘[01m[Kstruct rclcpp::function_traits::same_arguments<void (my_c_srv_node::*)(std::shared_ptr<std_srvs::srv::Trigger_Request_<std::allocator<void> > >, std::shared_ptr<std_srvs::srv::Trigger_Response_<std::allocator<void> > >), std::function<void(std::shared_ptr<rmw_request_id_t>, std::shared_ptr<std_srvs::srv::Trigger_Request_<std::allocator<void> > >, std::shared_ptr<std_srvs::srv::Trigger_Response_<std::allocator<void> > >)> >[m[K’
[1.216s] [01m[K/opt/ros/dashing/include/rclcpp/any_service_callback.hpp:77:17:[m[K   required by substitution of ‘[01m[Ktemplate<class CallbackT, typename std::enable_if<rclcpp::function_traits::same_arguments<CallbackT, std::function<void(std::shared_ptr<rmw_request_id_t>, std::shared_ptr<std_srvs::srv::Trigger_Request_<std::allocator<void> > >, std::shared_ptr<std_srvs::srv::Trigger_Response_<std::allocator<void> > >)> >::value, void>::type* <anonymous> > void rclcpp::AnyServiceCallback<std_srvs::srv::Trigger>::set<CallbackT, <enumerator> >(CallbackT) [with CallbackT = void (my_c_srv_node::*)(std::shared_ptr<std_srvs::srv::Trigger_Request_<std::allocator<void> > >, std::shared_ptr<std_srvs::srv::Trigger_Response_<std::allocator<void> > >); typename std::enable_if<rclcpp::function_traits::same_arguments<CallbackT, std::function<void(std::shared_ptr<rmw_request_id_t>, std::shared_ptr<std_srvs::srv::Trigger_Request_<std::allocator<void> > >, std::shared_ptr<std_srvs::srv::Trigger_Response_<std::allocator<void> > >)> >::value, void>::type* <anonymous> = <missing>][m[K’
[1.216s] [01m[K/opt/ros/dashing/include/rclcpp/create_service.hpp:43:3:[m[K   required from ‘[01m[Ktypename rclcpp::Service<ServiceT>::SharedPtr rclcpp::create_service(std::shared_ptr<rclcpp::node_interfaces::NodeBaseInterface>, std::shared_ptr<rclcpp::node_interfaces::NodeServicesInterface>, const string&, CallbackT&&, const rmw_qos_profile_t&, rclcpp::callback_group::CallbackGroup::SharedPtr) [with ServiceT = std_srvs::srv::Trigger; CallbackT = void (my_c_srv_node::*)(std::shared_ptr<std_srvs::srv::Trigger_Request_<std::allocator<void> > >, std::shared_ptr<std_srvs::srv::Trigger_Response_<std::allocator<void> > >); typename rclcpp::Service<ServiceT>::SharedPtr = std::shared_ptr<rclcpp::Service<std_srvs::srv::Trigger> >; std::__cxx11::string = std::__cxx11::basic_string<char>; rmw_qos_profile_t = rmw_qos_profile_t; rclcpp::callback_group::CallbackGroup::SharedPtr = std::shared_ptr<rclcpp::callback_group::CallbackGroup>][m[K’
[1.216s] [01m[K/opt/ros/dashing/include/rclcpp/node_impl.hpp:239:53:[m[K   required from ‘[01m[Ktypename rclcpp::Service<ServiceT>::SharedPtr rclcpp::Node::create_service(const string&, CallbackT&&, const rmw_qos_profile_t&, rclcpp::callback_group::CallbackGroup::SharedPtr) [with ServiceT = std_srvs::srv::Trigger; CallbackT = void (my_c_srv_node::*)(std::shared_ptr<std_srvs::srv::Trigger_Request_<std::allocator<void> > >, std::shared_ptr<std_srvs::srv::Trigger_Response_<std::allocator<void> > >); typename rclcpp::Service<ServiceT>::SharedPtr = std::shared_ptr<rclcpp::Service<std_srvs::srv::Trigger> >; std::__cxx11::string = std::__cxx11::basic_string<char>; rmw_qos_profile_t = rmw_qos_profile_t; rclcpp::callback_group::CallbackGroup::SharedPtr = std::shared_ptr<rclcpp::callback_group::CallbackGroup>][m[K’
[1.216s] [01m[K/home/ubuntu/ros2_ws/src/my_c_srvcli/src/my_c_srv_node.cpp:28:86:[m[K   required from here
[1.217s] [01m[K/opt/ros/dashing/include/rclcpp/function_traits.hpp:52:40:[m[K [01;31m[Kerror: [m[K‘[01m[Koperator()[m[K’ is not a member of ‘[01m[Kvoid (my_c_srv_node::*)(std::shared_ptr<std_srvs::srv::Trigger_Request_<std::allocator<void> > >, std::shared_ptr<std_srvs::srv::Trigger_Response_<std::allocator<void> > >)[m[K’
[1.217s]      typename function_traits<decltype( [01;31m[K&FunctionT[m[K::operator())>::arguments>::type;
[1.217s]                                         [01;31m[K^~~~~~~~~~[m[K
[1.217s] [01m[K/opt/ros/dashing/include/rclcpp/function_traits.hpp:52:40:[m[K [01;31m[Kerror: [m[K‘[01m[Koperator()[m[K’ is not a member of ‘[01m[Kvoid (my_c_srv_node::*)(std::shared_ptr<std_srvs::srv::Trigger_Request_<std::allocator<void> > >, std::shared_ptr<std_srvs::srv::Trigger_Response_<std::allocator<void> > >)[m[K’
[1.217s] [01m[K/opt/ros/dashing/include/rclcpp/function_traits.hpp:52:40:[m[K [01;31m[Kerror: [m[K‘[01m[Koperator()[m[K’ is not a member of ‘[01m[Kvoid (my_c_srv_node::*)(std::shared_ptr<std_srvs::srv::Trigger_Request_<std::allocator<void> > >, std::shared_ptr<std_srvs::srv::Trigger_Response_<std::allocator<void> > >)[m[K’
[1.217s] In file included from [01m[K/opt/ros/dashing/include/rclcpp/node_impl.hpp:40:0[m[K,
[1.217s]                  from [01m[K/opt/ros/dashing/include/rclcpp/node.hpp:1219[m[K,
[1.217s]                  from [01m[K/opt/ros/dashing/include/rclcpp/executors/single_threaded_executor.hpp:28[m[K,
[1.217s]                  from [01m[K/opt/ros/dashing/include/rclcpp/executors.hpp:22[m[K,
[1.217s]                  from [01m[K/opt/ros/dashing/include/rclcpp/rclcpp.hpp:144[m[K,
[1.218s]                  from [01m[K/home/ubuntu/ros2_ws/src/my_c_srvcli/src/my_c_srv_node.cpp:2[m[K:
[1.218s] /opt/ros/dashing/include/rclcpp/create_service.hpp: In instantiation of ‘[01m[Ktypename rclcpp::Service<ServiceT>::SharedPtr rclcpp::create_service(std::shared_ptr<rclcpp::node_interfaces::NodeBaseInterface>, std::shared_ptr<rclcpp::node_interfaces::NodeServicesInterface>, const string&, CallbackT&&, const rmw_qos_profile_t&, rclcpp::callback_group::CallbackGroup::SharedPtr) [with ServiceT = std_srvs::srv::Trigger; CallbackT = void (my_c_srv_node::*)(std::shared_ptr<std_srvs::srv::Trigger_Request_<std::allocator<void> > >, std::shared_ptr<std_srvs::srv::Trigger_Response_<std::allocator<void> > >); typename rclcpp::Service<ServiceT>::SharedPtr = std::shared_ptr<rclcpp::Service<std_srvs::srv::Trigger> >; std::__cxx11::string = std::__cxx11::basic_string<char>; rmw_qos_profile_t = rmw_qos_profile_t; rclcpp::callback_group::CallbackGroup::SharedPtr = std::shared_ptr<rclcpp::callback_group::CallbackGroup>][m[K’:
[1.218s] [01m[K/opt/ros/dashing/include/rclcpp/node_impl.hpp:239:53:[m[K   required from ‘[01m[Ktypename rclcpp::Service<ServiceT>::SharedPtr rclcpp::Node::create_service(const string&, CallbackT&&, const rmw_qos_profile_t&, rclcpp::callback_group::CallbackGroup::SharedPtr) [with ServiceT = std_srvs::srv::Trigger; CallbackT = void (my_c_srv_node::*)(std::shared_ptr<std_srvs::srv::Trigger_Request_<std::allocator<void> > >, std::shared_ptr<std_srvs::srv::Trigger_Response_<std::allocator<void> > >); typename rclcpp::Service<ServiceT>::SharedPtr = std::shared_ptr<rclcpp::Service<std_srvs::srv::Trigger> >; std::__cxx11::string = std::__cxx11::basic_string<char>; rmw_qos_profile_t = rmw_qos_profile_t; rclcpp::callback_group::CallbackGroup::SharedPtr = std::shared_ptr<rclcpp::callback_group::CallbackGroup>][m[K’
[1.218s] [01m[K/home/ubuntu/ros2_ws/src/my_c_srvcli/src/my_c_srv_node.cpp:28:86:[m[K   required from here
[1.218s] [01m[K/opt/ros/dashing/include/rclcpp/create_service.hpp:43:3:[m[K [01;31m[Kerror: [m[Kno matching function for call to ‘[01m[Krclcpp::AnyServiceCallback<std_srvs::srv::Trigger>::set(void (my_c_srv_node::*)(std::shared_ptr<std_srvs::srv::Trigger_Request_<std::allocator<void> > >, std::shared_ptr<std_srvs::srv::Trigger_Response_<std::allocator<void> > >))[m[K’
[1.218s]    [01;31m[Kany_service_callback[m[K.set(std::forward<CallbackT>(callback));
[1.218s]    [01;31m[K^~~~~~~~~~~~~~~~~~~~[m[K
[1.218s] In file included from [01m[K/opt/ros/dashing/include/rclcpp/service.hpp:27:0[m[K,
[1.218s]                  from [01m[K/opt/ros/dashing/include/rclcpp/callback_group.hpp:25[m[K,
[1.219s]                  from [01m[K/opt/ros/dashing/include/rclcpp/any_executable.hpp:20[m[K,
[1.219s]                  from [01m[K/opt/ros/dashing/include/rclcpp/memory_strategy.hpp:24[m[K,
[1.219s]                  from [01m[K/opt/ros/dashing/include/rclcpp/memory_strategies.hpp:18[m[K,
[1.219s]                  from [01m[K/opt/ros/dashing/include/rclcpp/executor.hpp:33[m[K,
[1.219s]                  from [01m[K/opt/ros/dashing/include/rclcpp/executors/multi_threaded_executor.hpp:24[m[K,
[1.219s]                  from [01m[K/opt/ros/dashing/include/rclcpp/executors.hpp:21[m[K,
[1.219s]                  from [01m[K/opt/ros/dashing/include/rclcpp/rclcpp.hpp:144[m[K,
[1.219s]                  from [01m[K/home/ubuntu/ros2_ws/src/my_c_srvcli/src/my_c_srv_node.cpp:2[m[K:
[1.219s] [01m[K/opt/ros/dashing/include/rclcpp/any_service_callback.hpp:65:8:[m[K [01;36m[Knote: [m[Kcandidate: template<class CallbackT, typename std::enable_if<rclcpp::function_traits::same_arguments<CallbackT, std::function<void(std::shared_ptr<std_srvs::srv::Trigger_Request_<std::allocator<void> > >, std::shared_ptr<std_srvs::srv::Trigger_Response_<std::allocator<void> > >)> >::value, void>::type* <anonymous> > void rclcpp::AnyServiceCallback<ServiceT>::set(CallbackT) [with CallbackT = CallbackT; typename std::enable_if<rclcpp::function_traits::same_arguments<CallbackT, std::function<void(std::shared_ptr<typename ServiceT::Request>, std::shared_ptr<typename ServiceT::Response>)> >::value>::type* <anonymous> = <enumerator>; ServiceT = std_srvs::srv::Trigger]
[1.219s]    void [01;36m[Kset[m[K(CallbackT callback)
[1.220s]         [01;36m[K^~~[m[K
[1.220s] [01m[K/opt/ros/dashing/include/rclcpp/any_service_callback.hpp:65:8:[m[K [01;36m[Knote: [m[K  template argument deduction/substitution failed:
[1.220s] [01m[K/opt/ros/dashing/include/rclcpp/any_service_callback.hpp:63:17:[m[K [01;31m[Kerror: [m[K‘[01m[Kvalue[m[K’ is not a member of ‘[01m[Krclcpp::function_traits::same_arguments<void (my_c_srv_node::*)(std::shared_ptr<std_srvs::srv::Trigger_Request_<std::allocator<void> > >, std::shared_ptr<std_srvs::srv::Trigger_Response_<std::allocator<void> > >), std::function<void(std::shared_ptr<std_srvs::srv::Trigger_Request_<std::allocator<void> > >, std::shared_ptr<std_srvs::srv::Trigger_Response_<std::allocator<void> > >)> >[m[K’
[1.220s]      >::type * = [01;31m[Knullptr[m[K
[1.220s]                  [01;31m[K^~~~~~~[m[K
[1.220s] [01m[K/opt/ros/dashing/include/rclcpp/any_service_callback.hpp:63:17:[m[K [01;36m[Knote: [m[Kinvalid template non-type parameter
[1.220s] [01m[K/opt/ros/dashing/include/rclcpp/any_service_callback.hpp:79:8:[m[K [01;36m[Knote: [m[Kcandidate: template<class CallbackT, typename std::enable_if<rclcpp::function_traits::same_arguments<CallbackT, std::function<void(std::shared_ptr<rmw_request_id_t>, std::shared_ptr<std_srvs::srv::Trigger_Request_<std::allocator<void> > >, std::shared_ptr<std_srvs::srv::Trigger_Response_<std::allocator<void> > >)> >::value, void>::type* <anonymous> > void rclcpp::AnyServiceCallback<ServiceT>::set(CallbackT) [with CallbackT = CallbackT; typename std::enable_if<rclcpp::function_traits::same_arguments<CallbackT, std::function<void(std::shared_ptr<rmw_request_id_t>, std::shared_ptr<typename ServiceT::Request>, std::shared_ptr<typename ServiceT::Response>)> >::value>::type* <anonymous> = <enumerator>; ServiceT = std_srvs::srv::Trigger]
[1.220s]    void [01;36m[Kset[m[K(CallbackT callback)
[1.220s]         [01;36m[K^~~[m[K
[1.220s] [01m[K/opt/ros/dashing/include/rclcpp/any_service_callback.hpp:79:8:[m[K [01;36m[Knote: [m[K  substitution of deduced template arguments resulted in errors seen above
[1.480s] CMakeFiles/my_c_srv_node.dir/build.make:62: recipe for target 'CMakeFiles/my_c_srv_node.dir/src/my_c_srv_node.cpp.o' failed
[1.480s] make[2]: *** [CMakeFiles/my_c_srv_node.dir/src/my_c_srv_node.cpp.o] Error 1
[1.481s] CMakeFiles/Makefile2:136: recipe for target 'CMakeFiles/my_c_srv_node.dir/all' failed
[1.481s] make[1]: *** [CMakeFiles/my_c_srv_node.dir/all] Error 2
[1.481s] make: *** [all] Error 2
[1.481s] Makefile:140: recipe for target 'all' failed
[1.486s] Invoked command in '/home/ubuntu/ros2_ws/build/my_c_srvcli' returned '2': CMAKE_PREFIX_PATH=/opt/ros/dashing /usr/bin/cmake --build /home/ubuntu/ros2_ws/build/my_c_srvcli -- -j4 -l4
