running egg_info
writing ../../build/my_py_topic/my_py_topic.egg-info/PKG-INFO
writing dependency_links to ../../build/my_py_topic/my_py_topic.egg-info/dependency_links.txt
writing entry points to ../../build/my_py_topic/my_py_topic.egg-info/entry_points.txt
writing requirements to ../../build/my_py_topic/my_py_topic.egg-info/requires.txt
writing top-level names to ../../build/my_py_topic/my_py_topic.egg-info/top_level.txt
reading manifest file '../../build/my_py_topic/my_py_topic.egg-info/SOURCES.txt'
writing manifest file '../../build/my_py_topic/my_py_topic.egg-info/SOURCES.txt'
running build
running build_py
copying my_py_topic/my_py_publisher_node.py -> /home/ubuntu/ros2_ws/build/my_py_topic/build/lib/my_py_topic
copying my_py_topic/my_py_subscriber_node.py -> /home/ubuntu/ros2_ws/build/my_py_topic/build/lib/my_py_topic
running install
running install_lib
copying /home/ubuntu/ros2_ws/build/my_py_topic/build/lib/my_py_topic/my_py_publisher_node.py -> /home/ubuntu/ros2_ws/install/my_py_topic/lib/python3.6/site-packages/my_py_topic
copying /home/ubuntu/ros2_ws/build/my_py_topic/build/lib/my_py_topic/my_py_subscriber_node.py -> /home/ubuntu/ros2_ws/install/my_py_topic/lib/python3.6/site-packages/my_py_topic
byte-compiling /home/ubuntu/ros2_ws/install/my_py_topic/lib/python3.6/site-packages/my_py_topic/my_py_publisher_node.py to my_py_publisher_node.cpython-36.pyc
byte-compiling /home/ubuntu/ros2_ws/install/my_py_topic/lib/python3.6/site-packages/my_py_topic/my_py_subscriber_node.py to my_py_subscriber_node.cpython-36.pyc
running install_data
running install_egg_info
removing '/home/ubuntu/ros2_ws/install/my_py_topic/lib/python3.6/site-packages/my_py_topic-0.0.0-py3.6.egg-info' (and everything under it)
Copying ../../build/my_py_topic/my_py_topic.egg-info to /home/ubuntu/ros2_ws/install/my_py_topic/lib/python3.6/site-packages/my_py_topic-0.0.0-py3.6.egg-info
running install_scripts
Installing my_py_publisher_node script to /home/ubuntu/ros2_ws/install/my_py_topic/lib/my_py_topic
Installing my_py_subscriber_node script to /home/ubuntu/ros2_ws/install/my_py_topic/lib/my_py_topic
writing list of installed files to '/home/ubuntu/ros2_ws/build/my_py_topic/install.log'
