[35m[1mScanning dependencies of target my_c_publisher_node[0m
[ 50%] [32mBuilding CXX object CMakeFiles/my_c_publisher_node.dir/src/my_c_publisher_node.cpp.o[0m
[100%] [32m[1mLinking CXX executable my_c_publisher_node[0m
[100%] Built target my_c_publisher_node
[100%] Built target my_c_publisher_node
[36mInstall the project...[0m
-- Install configuration: "RelWithDebInfo"
-- Installing: /home/ubuntu/ros2_ws/install/lib/my_c_topic/my_c_publisher_node
-- Set runtime path of "/home/ubuntu/ros2_ws/install/lib/my_c_topic/my_c_publisher_node" to ""
-- Up-to-date: /home/ubuntu/ros2_ws/install/share/ament_index/resource_index/package_run_dependencies/my_c_topic
-- Up-to-date: /home/ubuntu/ros2_ws/install/share/ament_index/resource_index/parent_prefix_path/my_c_topic
-- Up-to-date: /home/ubuntu/ros2_ws/install/share/my_c_topic/environment/ament_prefix_path.sh
-- Up-to-date: /home/ubuntu/ros2_ws/install/share/my_c_topic/environment/path.sh
-- Up-to-date: /home/ubuntu/ros2_ws/install/share/my_c_topic/local_setup.bash
-- Up-to-date: /home/ubuntu/ros2_ws/install/share/my_c_topic/local_setup.sh
-- Up-to-date: /home/ubuntu/ros2_ws/install/share/my_c_topic/local_setup.zsh
-- Up-to-date: /home/ubuntu/ros2_ws/install/share/ament_index/resource_index/packages/my_c_topic
-- Up-to-date: /home/ubuntu/ros2_ws/install/share/my_c_topic/cmake/my_c_topicConfig.cmake
-- Up-to-date: /home/ubuntu/ros2_ws/install/share/my_c_topic/cmake/my_c_topicConfig-version.cmake
-- Up-to-date: /home/ubuntu/ros2_ws/install/share/my_c_topic/package.xml
