[0.040s] Invoking command in '/home/ubuntu/ros2_ws/build/my_c_package': CMAKE_PREFIX_PATH=/opt/ros/dashing /usr/bin/cmake --build /home/ubuntu/ros2_ws/build/my_c_package -- -j4 -l4
[1.246s] [100%] Built target my_c_node
[1.254s] Invoked command in '/home/ubuntu/ros2_ws/build/my_c_package' returned '0': CMAKE_PREFIX_PATH=/opt/ros/dashing /usr/bin/cmake --build /home/ubuntu/ros2_ws/build/my_c_package -- -j4 -l4
[1.313s] Invoking command in '/home/ubuntu/ros2_ws/build/my_c_package': CMAKE_PREFIX_PATH=/opt/ros/dashing /usr/bin/cmake --build /home/ubuntu/ros2_ws/build/my_c_package --target install -- -j4 -l4
[1.644s] [100%] Built target my_c_node
[1.679s] [36mInstall the project...[0m
[1.727s] -- Install configuration: ""
[1.728s] -- Up-to-date: /home/ubuntu/ros2_ws/install/my_c_package/lib/my_c_package/my_c_node
[1.729s] -- Up-to-date: /home/ubuntu/ros2_ws/install/my_c_package/share/ament_index/resource_index/package_run_dependencies/my_c_package
[1.729s] -- Up-to-date: /home/ubuntu/ros2_ws/install/my_c_package/share/ament_index/resource_index/parent_prefix_path/my_c_package
[1.729s] -- Up-to-date: /home/ubuntu/ros2_ws/install/my_c_package/share/my_c_package/environment/ament_prefix_path.sh
[1.729s] -- Up-to-date: /home/ubuntu/ros2_ws/install/my_c_package/share/my_c_package/environment/path.sh
[1.730s] -- Up-to-date: /home/ubuntu/ros2_ws/install/my_c_package/share/my_c_package/local_setup.bash
[1.730s] -- Up-to-date: /home/ubuntu/ros2_ws/install/my_c_package/share/my_c_package/local_setup.sh
[1.730s] -- Up-to-date: /home/ubuntu/ros2_ws/install/my_c_package/share/my_c_package/local_setup.zsh
[1.730s] -- Up-to-date: /home/ubuntu/ros2_ws/install/my_c_package/share/ament_index/resource_index/packages/my_c_package
[1.730s] -- Up-to-date: /home/ubuntu/ros2_ws/install/my_c_package/share/my_c_package/cmake/my_c_packageConfig.cmake
[1.731s] -- Up-to-date: /home/ubuntu/ros2_ws/install/my_c_package/share/my_c_package/cmake/my_c_packageConfig-version.cmake
[1.732s] -- Up-to-date: /home/ubuntu/ros2_ws/install/my_c_package/share/my_c_package/package.xml
[1.747s] Invoked command in '/home/ubuntu/ros2_ws/build/my_c_package' returned '0': CMAKE_PREFIX_PATH=/opt/ros/dashing /usr/bin/cmake --build /home/ubuntu/ros2_ws/build/my_c_package --target install -- -j4 -l4
