[0.036s] Invoking command in '/home/ubuntu/ros2_ws/build/my_c_srvcli': CMAKE_PREFIX_PATH=/opt/ros/dashing /usr/bin/cmake --build /home/ubuntu/ros2_ws/build/my_c_srvcli -- -j4 -l4
[1.237s] [35m[1mScanning dependencies of target my_c_srv_node[0m
[1.237s] [ 50%] Built target my_c_cli_node
[1.238s] [ 75%] [32mBuilding CXX object CMakeFiles/my_c_srv_node.dir/src/my_c_srv_node.cpp.o[0m
[6.489s] In file included from [01m[K/opt/ros/dashing/include/rclcpp/node_impl.hpp:40:0[m[K,
[6.489s]                  from [01m[K/opt/ros/dashing/include/rclcpp/node.hpp:1219[m[K,
[6.490s]                  from [01m[K/opt/ros/dashing/include/rclcpp/executors/single_threaded_executor.hpp:28[m[K,
[6.490s]                  from [01m[K/opt/ros/dashing/include/rclcpp/executors.hpp:22[m[K,
[6.490s]                  from [01m[K/opt/ros/dashing/include/rclcpp/rclcpp.hpp:144[m[K,
[6.490s]                  from [01m[K/home/ubuntu/ros2_ws/src/my_c_srvcli/src/my_c_srv_node.cpp:2[m[K:
[6.490s] /opt/ros/dashing/include/rclcpp/create_service.hpp: In instantiation of ‘[01m[Ktypename rclcpp::Service<ServiceT>::SharedPtr rclcpp::create_service(std::shared_ptr<rclcpp::node_interfaces::NodeBaseInterface>, std::shared_ptr<rclcpp::node_interfaces::NodeServicesInterface>, const string&, CallbackT&&, const rmw_qos_profile_t&, rclcpp::callback_group::CallbackGroup::SharedPtr) [with ServiceT = std_srvs::srv::Trigger; CallbackT = std::_Bind<void (my_c_srv_node::*(my_c_srv_node*))()>; typename rclcpp::Service<ServiceT>::SharedPtr = std::shared_ptr<rclcpp::Service<std_srvs::srv::Trigger> >; std::__cxx11::string = std::__cxx11::basic_string<char>; rmw_qos_profile_t = rmw_qos_profile_t; rclcpp::callback_group::CallbackGroup::SharedPtr = std::shared_ptr<rclcpp::callback_group::CallbackGroup>][m[K’:
[6.490s] [01m[K/opt/ros/dashing/include/rclcpp/node_impl.hpp:239:53:[m[K   required from ‘[01m[Ktypename rclcpp::Service<ServiceT>::SharedPtr rclcpp::Node::create_service(const string&, CallbackT&&, const rmw_qos_profile_t&, rclcpp::callback_group::CallbackGroup::SharedPtr) [with ServiceT = std_srvs::srv::Trigger; CallbackT = std::_Bind<void (my_c_srv_node::*(my_c_srv_node*))()>; typename rclcpp::Service<ServiceT>::SharedPtr = std::shared_ptr<rclcpp::Service<std_srvs::srv::Trigger> >; std::__cxx11::string = std::__cxx11::basic_string<char>; rmw_qos_profile_t = rmw_qos_profile_t; rclcpp::callback_group::CallbackGroup::SharedPtr = std::shared_ptr<rclcpp::callback_group::CallbackGroup>][m[K’
[6.490s] [01m[K/home/ubuntu/ros2_ws/src/my_c_srvcli/src/my_c_srv_node.cpp:24:103:[m[K   required from here
[6.490s] [01m[K/opt/ros/dashing/include/rclcpp/create_service.hpp:43:3:[m[K [01;31m[Kerror: [m[Kno matching function for call to ‘[01m[Krclcpp::AnyServiceCallback<std_srvs::srv::Trigger>::set(std::_Bind<void (my_c_srv_node::*(my_c_srv_node*))()>)[m[K’
[6.490s]    [01;31m[Kany_service_callback[m[K.set(std::forward<CallbackT>(callback));
[6.490s]    [01;31m[K^~~~~~~~~~~~~~~~~~~~[m[K
[6.490s] In file included from [01m[K/opt/ros/dashing/include/rclcpp/service.hpp:27:0[m[K,
[6.490s]                  from [01m[K/opt/ros/dashing/include/rclcpp/callback_group.hpp:25[m[K,
[6.490s]                  from [01m[K/opt/ros/dashing/include/rclcpp/any_executable.hpp:20[m[K,
[6.490s]                  from [01m[K/opt/ros/dashing/include/rclcpp/memory_strategy.hpp:24[m[K,
[6.490s]                  from [01m[K/opt/ros/dashing/include/rclcpp/memory_strategies.hpp:18[m[K,
[6.491s]                  from [01m[K/opt/ros/dashing/include/rclcpp/executor.hpp:33[m[K,
[6.491s]                  from [01m[K/opt/ros/dashing/include/rclcpp/executors/multi_threaded_executor.hpp:24[m[K,
[6.491s]                  from [01m[K/opt/ros/dashing/include/rclcpp/executors.hpp:21[m[K,
[6.491s]                  from [01m[K/opt/ros/dashing/include/rclcpp/rclcpp.hpp:144[m[K,
[6.491s]                  from [01m[K/home/ubuntu/ros2_ws/src/my_c_srvcli/src/my_c_srv_node.cpp:2[m[K:
[6.491s] [01m[K/opt/ros/dashing/include/rclcpp/any_service_callback.hpp:65:8:[m[K [01;36m[Knote: [m[Kcandidate: template<class CallbackT, typename std::enable_if<rclcpp::function_traits::same_arguments<CallbackT, std::function<void(std::shared_ptr<std_srvs::srv::Trigger_Request_<std::allocator<void> > >, std::shared_ptr<std_srvs::srv::Trigger_Response_<std::allocator<void> > >)> >::value, void>::type* <anonymous> > void rclcpp::AnyServiceCallback<ServiceT>::set(CallbackT) [with CallbackT = CallbackT; typename std::enable_if<rclcpp::function_traits::same_arguments<CallbackT, std::function<void(std::shared_ptr<typename ServiceT::Request>, std::shared_ptr<typename ServiceT::Response>)> >::value>::type* <anonymous> = <enumerator>; ServiceT = std_srvs::srv::Trigger]
[6.491s]    void [01;36m[Kset[m[K(CallbackT callback)
[6.491s]         [01;36m[K^~~[m[K
[6.491s] [01m[K/opt/ros/dashing/include/rclcpp/any_service_callback.hpp:65:8:[m[K [01;36m[Knote: [m[K  template argument deduction/substitution failed:
[6.492s] [01m[K/opt/ros/dashing/include/rclcpp/any_service_callback.hpp:63:17:[m[K [01;31m[Kerror: [m[Kno type named ‘[01m[Ktype[m[K’ in ‘[01m[Kstruct std::enable_if<false, void>[m[K’
[6.492s]      >::type * = [01;31m[Knullptr[m[K
[6.492s]                  [01;31m[K^~~~~~~[m[K
[6.492s] [01m[K/opt/ros/dashing/include/rclcpp/any_service_callback.hpp:63:17:[m[K [01;36m[Knote: [m[Kinvalid template non-type parameter
[6.492s] [01m[K/opt/ros/dashing/include/rclcpp/any_service_callback.hpp:79:8:[m[K [01;36m[Knote: [m[Kcandidate: template<class CallbackT, typename std::enable_if<rclcpp::function_traits::same_arguments<CallbackT, std::function<void(std::shared_ptr<rmw_request_id_t>, std::shared_ptr<std_srvs::srv::Trigger_Request_<std::allocator<void> > >, std::shared_ptr<std_srvs::srv::Trigger_Response_<std::allocator<void> > >)> >::value, void>::type* <anonymous> > void rclcpp::AnyServiceCallback<ServiceT>::set(CallbackT) [with CallbackT = CallbackT; typename std::enable_if<rclcpp::function_traits::same_arguments<CallbackT, std::function<void(std::shared_ptr<rmw_request_id_t>, std::shared_ptr<typename ServiceT::Request>, std::shared_ptr<typename ServiceT::Response>)> >::value>::type* <anonymous> = <enumerator>; ServiceT = std_srvs::srv::Trigger]
[6.492s]    void [01;36m[Kset[m[K(CallbackT callback)
[6.492s]         [01;36m[K^~~[m[K
[6.493s] [01m[K/opt/ros/dashing/include/rclcpp/any_service_callback.hpp:79:8:[m[K [01;36m[Knote: [m[K  template argument deduction/substitution failed:
[6.493s] [01m[K/opt/ros/dashing/include/rclcpp/any_service_callback.hpp:77:17:[m[K [01;31m[Kerror: [m[Kno type named ‘[01m[Ktype[m[K’ in ‘[01m[Kstruct std::enable_if<false, void>[m[K’
[6.493s]      >::type * = [01;31m[Knullptr[m[K
[6.493s]                  [01;31m[K^~~~~~~[m[K
[6.493s] [01m[K/opt/ros/dashing/include/rclcpp/any_service_callback.hpp:77:17:[m[K [01;36m[Knote: [m[Kinvalid template non-type parameter
[6.750s] make[2]: *** [CMakeFiles/my_c_srv_node.dir/src/my_c_srv_node.cpp.o] Error 1
[6.750s] make[1]: *** [CMakeFiles/my_c_srv_node.dir/all] Error 2
[6.751s] make: *** [all] Error 2
[6.751s] CMakeFiles/my_c_srv_node.dir/build.make:62: recipe for target 'CMakeFiles/my_c_srv_node.dir/src/my_c_srv_node.cpp.o' failed
[6.753s] CMakeFiles/Makefile2:136: recipe for target 'CMakeFiles/my_c_srv_node.dir/all' failed
[6.753s] Makefile:140: recipe for target 'all' failed
[6.754s] Invoked command in '/home/ubuntu/ros2_ws/build/my_c_srvcli' returned '2': CMAKE_PREFIX_PATH=/opt/ros/dashing /usr/bin/cmake --build /home/ubuntu/ros2_ws/build/my_c_srvcli -- -j4 -l4
