[0.281s] DEBUG:colcon:Command line arguments: ['/usr/bin/colcon', 'build']
[0.282s] DEBUG:colcon:Parsed command line arguments: Namespace(allow_overriding=[], ament_cmake_args=None, base_paths=['.'], build_base='build', catkin_cmake_args=None, catkin_skip_building_tests=False, cmake_args=None, cmake_clean_cache=False, cmake_clean_first=False, cmake_force_configure=False, cmake_target=None, cmake_target_skip_unavailable=False, continue_on_error=False, event_handlers=None, executor='parallel', ignore_user_meta=False, install_base='install', log_base=None, log_level=None, main=<bound method BuildVerb.main of <colcon_core.verb.build.BuildVerb object at 0x7f65f6084e10>>, merge_install=False, metas=['./colcon.meta'], packages_above=None, packages_above_and_dependencies=None, packages_above_depth=None, packages_end=None, packages_ignore=None, packages_ignore_regex=None, packages_select=None, packages_select_build_failed=False, packages_select_by_dep=None, packages_select_regex=None, packages_select_test_failures=False, packages_skip=None, packages_skip_build_finished=False, packages_skip_by_dep=None, packages_skip_regex=None, packages_skip_test_passed=False, packages_skip_up_to=None, packages_start=None, packages_up_to=None, packages_up_to_regex=None, parallel_workers=4, paths=None, symlink_install=False, test_result_base=None, verb_extension=<colcon_core.verb.build.BuildVerb object at 0x7f65f6084e10>, verb_name='build', verb_parser=<colcon_defaults.argument_parser.defaults.DefaultArgumentsDecorator object at 0x7f65f5d8e7b8>)
[0.310s] Level 1:colcon.colcon_core.package_discovery:discover_packages(colcon_meta) check parameters
[0.310s] Level 1:colcon.colcon_core.package_discovery:discover_packages(recursive) check parameters
[0.310s] Level 1:colcon.colcon_core.package_discovery:discover_packages(ignore) check parameters
[0.310s] Level 1:colcon.colcon_core.package_discovery:discover_packages(path) check parameters
[0.310s] Level 1:colcon.colcon_core.package_discovery:discover_packages(colcon_meta) discover
[0.310s] Level 1:colcon.colcon_core.package_discovery:discover_packages(recursive) discover
[0.310s] INFO:colcon.colcon_core.package_discovery:Crawling recursively for packages in '/home/ubuntu/ros2_ws'
[0.310s] Level 1:colcon.colcon_core.package_identification:_identify(.) by extensions ['ignore', 'ignore_ament_install']
[0.311s] Level 1:colcon.colcon_core.package_identification:_identify(.) by extension 'ignore'
[0.311s] Level 1:colcon.colcon_core.package_identification:_identify(.) by extension 'ignore_ament_install'
[0.311s] Level 1:colcon.colcon_core.package_identification:_identify(.) by extensions ['colcon_pkg']
[0.311s] Level 1:colcon.colcon_core.package_identification:_identify(.) by extension 'colcon_pkg'
[0.311s] Level 1:colcon.colcon_core.package_identification:_identify(.) by extensions ['colcon_meta']
[0.311s] Level 1:colcon.colcon_core.package_identification:_identify(.) by extension 'colcon_meta'
[0.311s] Level 1:colcon.colcon_core.package_identification:_identify(.) by extensions ['ros']
[0.311s] Level 1:colcon.colcon_core.package_identification:_identify(.) by extension 'ros'
[0.338s] Level 1:colcon.colcon_core.package_identification:_identify(.) by extensions ['cmake', 'python']
[0.338s] Level 1:colcon.colcon_core.package_identification:_identify(.) by extension 'cmake'
[0.338s] Level 1:colcon.colcon_core.package_identification:_identify(.) by extension 'python'
[0.338s] Level 1:colcon.colcon_core.package_identification:_identify(.) by extensions ['python_setup_py']
[0.338s] Level 1:colcon.colcon_core.package_identification:_identify(.) by extension 'python_setup_py'
[0.338s] Level 1:colcon.colcon_core.package_identification:_identify(build) by extensions ['ignore', 'ignore_ament_install']
[0.339s] Level 1:colcon.colcon_core.package_identification:_identify(build) by extension 'ignore'
[0.339s] Level 1:colcon.colcon_core.package_identification:_identify(build) ignored
[0.339s] Level 1:colcon.colcon_core.package_identification:_identify(install) by extensions ['ignore', 'ignore_ament_install']
[0.339s] Level 1:colcon.colcon_core.package_identification:_identify(install) by extension 'ignore'
[0.339s] Level 1:colcon.colcon_core.package_identification:_identify(install) ignored
[0.339s] Level 1:colcon.colcon_core.package_identification:_identify(log) by extensions ['ignore', 'ignore_ament_install']
[0.339s] Level 1:colcon.colcon_core.package_identification:_identify(log) by extension 'ignore'
[0.339s] Level 1:colcon.colcon_core.package_identification:_identify(log) ignored
[0.340s] Level 1:colcon.colcon_core.package_identification:_identify(src) by extensions ['ignore', 'ignore_ament_install']
[0.340s] Level 1:colcon.colcon_core.package_identification:_identify(src) by extension 'ignore'
[0.340s] Level 1:colcon.colcon_core.package_identification:_identify(src) by extension 'ignore_ament_install'
[0.340s] Level 1:colcon.colcon_core.package_identification:_identify(src) by extensions ['colcon_pkg']
[0.340s] Level 1:colcon.colcon_core.package_identification:_identify(src) by extension 'colcon_pkg'
[0.340s] Level 1:colcon.colcon_core.package_identification:_identify(src) by extensions ['colcon_meta']
[0.340s] Level 1:colcon.colcon_core.package_identification:_identify(src) by extension 'colcon_meta'
[0.340s] Level 1:colcon.colcon_core.package_identification:_identify(src) by extensions ['ros']
[0.340s] Level 1:colcon.colcon_core.package_identification:_identify(src) by extension 'ros'
[0.340s] Level 1:colcon.colcon_core.package_identification:_identify(src) by extensions ['cmake', 'python']
[0.340s] Level 1:colcon.colcon_core.package_identification:_identify(src) by extension 'cmake'
[0.340s] Level 1:colcon.colcon_core.package_identification:_identify(src) by extension 'python'
[0.340s] Level 1:colcon.colcon_core.package_identification:_identify(src) by extensions ['python_setup_py']
[0.340s] Level 1:colcon.colcon_core.package_identification:_identify(src) by extension 'python_setup_py'
[0.341s] Level 1:colcon.colcon_core.package_identification:_identify(src/my_c_package) by extensions ['ignore', 'ignore_ament_install']
[0.341s] Level 1:colcon.colcon_core.package_identification:_identify(src/my_c_package) by extension 'ignore'
[0.341s] Level 1:colcon.colcon_core.package_identification:_identify(src/my_c_package) by extension 'ignore_ament_install'
[0.341s] Level 1:colcon.colcon_core.package_identification:_identify(src/my_c_package) by extensions ['colcon_pkg']
[0.341s] Level 1:colcon.colcon_core.package_identification:_identify(src/my_c_package) by extension 'colcon_pkg'
[0.341s] Level 1:colcon.colcon_core.package_identification:_identify(src/my_c_package) by extensions ['colcon_meta']
[0.341s] Level 1:colcon.colcon_core.package_identification:_identify(src/my_c_package) by extension 'colcon_meta'
[0.341s] Level 1:colcon.colcon_core.package_identification:_identify(src/my_c_package) by extensions ['ros']
[0.341s] Level 1:colcon.colcon_core.package_identification:_identify(src/my_c_package) by extension 'ros'
[0.343s] DEBUG:colcon.colcon_core.package_identification:Package 'src/my_c_package' with type 'ros.ament_cmake' and name 'my_c_package'
[0.343s] Level 1:colcon.colcon_core.package_identification:_identify(src/my_c_topic) by extensions ['ignore', 'ignore_ament_install']
[0.343s] Level 1:colcon.colcon_core.package_identification:_identify(src/my_c_topic) by extension 'ignore'
[0.343s] Level 1:colcon.colcon_core.package_identification:_identify(src/my_c_topic) by extension 'ignore_ament_install'
[0.343s] Level 1:colcon.colcon_core.package_identification:_identify(src/my_c_topic) by extensions ['colcon_pkg']
[0.344s] Level 1:colcon.colcon_core.package_identification:_identify(src/my_c_topic) by extension 'colcon_pkg'
[0.344s] Level 1:colcon.colcon_core.package_identification:_identify(src/my_c_topic) by extensions ['colcon_meta']
[0.344s] Level 1:colcon.colcon_core.package_identification:_identify(src/my_c_topic) by extension 'colcon_meta'
[0.344s] Level 1:colcon.colcon_core.package_identification:_identify(src/my_c_topic) by extensions ['ros']
[0.344s] Level 1:colcon.colcon_core.package_identification:_identify(src/my_c_topic) by extension 'ros'
[0.344s] DEBUG:colcon.colcon_core.package_identification:Package 'src/my_c_topic' with type 'ros.ament_cmake' and name 'my_c_topic'
[0.344s] Level 1:colcon.colcon_core.package_identification:_identify(src/my_py_package) by extensions ['ignore', 'ignore_ament_install']
[0.345s] Level 1:colcon.colcon_core.package_identification:_identify(src/my_py_package) by extension 'ignore'
[0.345s] Level 1:colcon.colcon_core.package_identification:_identify(src/my_py_package) by extension 'ignore_ament_install'
[0.345s] Level 1:colcon.colcon_core.package_identification:_identify(src/my_py_package) by extensions ['colcon_pkg']
[0.345s] Level 1:colcon.colcon_core.package_identification:_identify(src/my_py_package) by extension 'colcon_pkg'
[0.345s] Level 1:colcon.colcon_core.package_identification:_identify(src/my_py_package) by extensions ['colcon_meta']
[0.345s] Level 1:colcon.colcon_core.package_identification:_identify(src/my_py_package) by extension 'colcon_meta'
[0.345s] Level 1:colcon.colcon_core.package_identification:_identify(src/my_py_package) by extensions ['ros']
[0.345s] Level 1:colcon.colcon_core.package_identification:_identify(src/my_py_package) by extension 'ros'
[0.346s] DEBUG:colcon.colcon_core.package_identification:Package 'src/my_py_package' with type 'ros.ament_python' and name 'my_py_package'
[0.346s] Level 1:colcon.colcon_core.package_identification:_identify(src/my_py_topic) by extensions ['ignore', 'ignore_ament_install']
[0.346s] Level 1:colcon.colcon_core.package_identification:_identify(src/my_py_topic) by extension 'ignore'
[0.346s] Level 1:colcon.colcon_core.package_identification:_identify(src/my_py_topic) by extension 'ignore_ament_install'
[0.346s] Level 1:colcon.colcon_core.package_identification:_identify(src/my_py_topic) by extensions ['colcon_pkg']
[0.346s] Level 1:colcon.colcon_core.package_identification:_identify(src/my_py_topic) by extension 'colcon_pkg'
[0.346s] Level 1:colcon.colcon_core.package_identification:_identify(src/my_py_topic) by extensions ['colcon_meta']
[0.346s] Level 1:colcon.colcon_core.package_identification:_identify(src/my_py_topic) by extension 'colcon_meta'
[0.346s] Level 1:colcon.colcon_core.package_identification:_identify(src/my_py_topic) by extensions ['ros']
[0.346s] Level 1:colcon.colcon_core.package_identification:_identify(src/my_py_topic) by extension 'ros'
[0.347s] DEBUG:colcon.colcon_core.package_identification:Package 'src/my_py_topic' with type 'ros.ament_python' and name 'my_py_topic'
[0.347s] Level 1:colcon.colcon_core.package_discovery:discover_packages(recursive) using defaults
[0.347s] Level 1:colcon.colcon_core.package_discovery:discover_packages(ignore) discover
[0.347s] Level 1:colcon.colcon_core.package_discovery:discover_packages(ignore) using defaults
[0.347s] Level 1:colcon.colcon_core.package_discovery:discover_packages(path) discover
[0.347s] Level 1:colcon.colcon_core.package_discovery:discover_packages(path) using defaults
[0.367s] Level 1:colcon.colcon_core.package_discovery:discover_packages(prefix_path) check parameters
[0.367s] Level 1:colcon.colcon_core.package_discovery:discover_packages(prefix_path) discover
[0.369s] DEBUG:colcon.colcon_installed_package_information.package_discovery:Found 4 installed packages in /home/ubuntu/ros2_ws/install
[0.370s] DEBUG:colcon.colcon_installed_package_information.package_discovery:Found 215 installed packages in /opt/ros/dashing
[0.371s] Level 1:colcon.colcon_core.package_discovery:discover_packages(prefix_path) using defaults
[0.421s] Level 5:colcon.colcon_core.verb:set package 'my_c_package' build argument 'cmake_args' from command line to 'None'
[0.421s] Level 5:colcon.colcon_core.verb:set package 'my_c_package' build argument 'cmake_target' from command line to 'None'
[0.421s] Level 5:colcon.colcon_core.verb:set package 'my_c_package' build argument 'cmake_target_skip_unavailable' from command line to 'False'
[0.421s] Level 5:colcon.colcon_core.verb:set package 'my_c_package' build argument 'cmake_clean_cache' from command line to 'False'
[0.421s] Level 5:colcon.colcon_core.verb:set package 'my_c_package' build argument 'cmake_clean_first' from command line to 'False'
[0.421s] Level 5:colcon.colcon_core.verb:set package 'my_c_package' build argument 'cmake_force_configure' from command line to 'False'
[0.421s] Level 5:colcon.colcon_core.verb:set package 'my_c_package' build argument 'ament_cmake_args' from command line to 'None'
[0.421s] Level 5:colcon.colcon_core.verb:set package 'my_c_package' build argument 'catkin_cmake_args' from command line to 'None'
[0.421s] Level 5:colcon.colcon_core.verb:set package 'my_c_package' build argument 'catkin_skip_building_tests' from command line to 'False'
[0.421s] DEBUG:colcon.colcon_core.verb:Building package 'my_c_package' with the following arguments: {'ament_cmake_args': None, 'build_base': '/home/ubuntu/ros2_ws/build/my_c_package', 'catkin_cmake_args': None, 'catkin_skip_building_tests': False, 'cmake_args': None, 'cmake_clean_cache': False, 'cmake_clean_first': False, 'cmake_force_configure': False, 'cmake_target': None, 'cmake_target_skip_unavailable': False, 'install_base': '/home/ubuntu/ros2_ws/install/my_c_package', 'merge_install': False, 'path': '/home/ubuntu/ros2_ws/src/my_c_package', 'symlink_install': False, 'test_result_base': None}
[0.422s] Level 5:colcon.colcon_core.verb:set package 'my_c_topic' build argument 'cmake_args' from command line to 'None'
[0.422s] Level 5:colcon.colcon_core.verb:set package 'my_c_topic' build argument 'cmake_target' from command line to 'None'
[0.422s] Level 5:colcon.colcon_core.verb:set package 'my_c_topic' build argument 'cmake_target_skip_unavailable' from command line to 'False'
[0.422s] Level 5:colcon.colcon_core.verb:set package 'my_c_topic' build argument 'cmake_clean_cache' from command line to 'False'
[0.422s] Level 5:colcon.colcon_core.verb:set package 'my_c_topic' build argument 'cmake_clean_first' from command line to 'False'
[0.422s] Level 5:colcon.colcon_core.verb:set package 'my_c_topic' build argument 'cmake_force_configure' from command line to 'False'
[0.422s] Level 5:colcon.colcon_core.verb:set package 'my_c_topic' build argument 'ament_cmake_args' from command line to 'None'
[0.422s] Level 5:colcon.colcon_core.verb:set package 'my_c_topic' build argument 'catkin_cmake_args' from command line to 'None'
[0.422s] Level 5:colcon.colcon_core.verb:set package 'my_c_topic' build argument 'catkin_skip_building_tests' from command line to 'False'
[0.422s] DEBUG:colcon.colcon_core.verb:Building package 'my_c_topic' with the following arguments: {'ament_cmake_args': None, 'build_base': '/home/ubuntu/ros2_ws/build/my_c_topic', 'catkin_cmake_args': None, 'catkin_skip_building_tests': False, 'cmake_args': None, 'cmake_clean_cache': False, 'cmake_clean_first': False, 'cmake_force_configure': False, 'cmake_target': None, 'cmake_target_skip_unavailable': False, 'install_base': '/home/ubuntu/ros2_ws/install/my_c_topic', 'merge_install': False, 'path': '/home/ubuntu/ros2_ws/src/my_c_topic', 'symlink_install': False, 'test_result_base': None}
[0.423s] Level 5:colcon.colcon_core.verb:set package 'my_py_package' build argument 'cmake_args' from command line to 'None'
[0.423s] Level 5:colcon.colcon_core.verb:set package 'my_py_package' build argument 'cmake_target' from command line to 'None'
[0.423s] Level 5:colcon.colcon_core.verb:set package 'my_py_package' build argument 'cmake_target_skip_unavailable' from command line to 'False'
[0.423s] Level 5:colcon.colcon_core.verb:set package 'my_py_package' build argument 'cmake_clean_cache' from command line to 'False'
[0.423s] Level 5:colcon.colcon_core.verb:set package 'my_py_package' build argument 'cmake_clean_first' from command line to 'False'
[0.423s] Level 5:colcon.colcon_core.verb:set package 'my_py_package' build argument 'cmake_force_configure' from command line to 'False'
[0.423s] Level 5:colcon.colcon_core.verb:set package 'my_py_package' build argument 'ament_cmake_args' from command line to 'None'
[0.423s] Level 5:colcon.colcon_core.verb:set package 'my_py_package' build argument 'catkin_cmake_args' from command line to 'None'
[0.423s] Level 5:colcon.colcon_core.verb:set package 'my_py_package' build argument 'catkin_skip_building_tests' from command line to 'False'
[0.423s] DEBUG:colcon.colcon_core.verb:Building package 'my_py_package' with the following arguments: {'ament_cmake_args': None, 'build_base': '/home/ubuntu/ros2_ws/build/my_py_package', 'catkin_cmake_args': None, 'catkin_skip_building_tests': False, 'cmake_args': None, 'cmake_clean_cache': False, 'cmake_clean_first': False, 'cmake_force_configure': False, 'cmake_target': None, 'cmake_target_skip_unavailable': False, 'install_base': '/home/ubuntu/ros2_ws/install/my_py_package', 'merge_install': False, 'path': '/home/ubuntu/ros2_ws/src/my_py_package', 'symlink_install': False, 'test_result_base': None}
[0.424s] Level 5:colcon.colcon_core.verb:set package 'my_py_topic' build argument 'cmake_args' from command line to 'None'
[0.424s] Level 5:colcon.colcon_core.verb:set package 'my_py_topic' build argument 'cmake_target' from command line to 'None'
[0.424s] Level 5:colcon.colcon_core.verb:set package 'my_py_topic' build argument 'cmake_target_skip_unavailable' from command line to 'False'
[0.424s] Level 5:colcon.colcon_core.verb:set package 'my_py_topic' build argument 'cmake_clean_cache' from command line to 'False'
[0.424s] Level 5:colcon.colcon_core.verb:set package 'my_py_topic' build argument 'cmake_clean_first' from command line to 'False'
[0.424s] Level 5:colcon.colcon_core.verb:set package 'my_py_topic' build argument 'cmake_force_configure' from command line to 'False'
[0.424s] Level 5:colcon.colcon_core.verb:set package 'my_py_topic' build argument 'ament_cmake_args' from command line to 'None'
[0.424s] Level 5:colcon.colcon_core.verb:set package 'my_py_topic' build argument 'catkin_cmake_args' from command line to 'None'
[0.424s] Level 5:colcon.colcon_core.verb:set package 'my_py_topic' build argument 'catkin_skip_building_tests' from command line to 'False'
[0.424s] DEBUG:colcon.colcon_core.verb:Building package 'my_py_topic' with the following arguments: {'ament_cmake_args': None, 'build_base': '/home/ubuntu/ros2_ws/build/my_py_topic', 'catkin_cmake_args': None, 'catkin_skip_building_tests': False, 'cmake_args': None, 'cmake_clean_cache': False, 'cmake_clean_first': False, 'cmake_force_configure': False, 'cmake_target': None, 'cmake_target_skip_unavailable': False, 'install_base': '/home/ubuntu/ros2_ws/install/my_py_topic', 'merge_install': False, 'path': '/home/ubuntu/ros2_ws/src/my_py_topic', 'symlink_install': False, 'test_result_base': None}
[0.425s] INFO:colcon.colcon_core.executor:Executing jobs using 'parallel' executor
[0.427s] DEBUG:colcon.colcon_parallel_executor.executor.parallel:run_until_complete
[0.427s] INFO:colcon.colcon_ros.task.ament_cmake.build:Building ROS package in '/home/ubuntu/ros2_ws/src/my_c_package' with build type 'ament_cmake'
[0.428s] INFO:colcon.colcon_cmake.task.cmake.build:Building CMake package in '/home/ubuntu/ros2_ws/src/my_c_package'
[0.431s] INFO:colcon.colcon_core.plugin_system:Skipping extension 'colcon_core.shell.bat': Not used on non-Windows systems
[0.432s] INFO:colcon.colcon_core.shell:Skip shell extension 'powershell' for command environment: Not usable outside of PowerShell
[0.432s] DEBUG:colcon.colcon_core.shell:Skip shell extension 'dsv' for command environment
[0.437s] INFO:colcon.colcon_ros.task.ament_cmake.build:Building ROS package in '/home/ubuntu/ros2_ws/src/my_c_topic' with build type 'ament_cmake'
[0.437s] INFO:colcon.colcon_cmake.task.cmake.build:Building CMake package in '/home/ubuntu/ros2_ws/src/my_c_topic'
[0.438s] INFO:colcon.colcon_core.shell:Skip shell extension 'powershell' for command environment: Not usable outside of PowerShell
[0.438s] DEBUG:colcon.colcon_core.shell:Skip shell extension 'dsv' for command environment
[0.446s] INFO:colcon.colcon_ros.task.ament_python.build:Building ROS package in '/home/ubuntu/ros2_ws/src/my_py_package' with build type 'ament_python'
[0.446s] Level 1:colcon.colcon_core.shell:create_environment_hook('my_py_package', 'ament_prefix_path')
[0.447s] INFO:colcon.colcon_core.shell:Creating environment hook '/home/ubuntu/ros2_ws/install/my_py_package/share/my_py_package/hook/ament_prefix_path.ps1'
[0.449s] INFO:colcon.colcon_core.shell:Creating environment descriptor '/home/ubuntu/ros2_ws/install/my_py_package/share/my_py_package/hook/ament_prefix_path.dsv'
[0.449s] INFO:colcon.colcon_core.shell:Creating environment hook '/home/ubuntu/ros2_ws/install/my_py_package/share/my_py_package/hook/ament_prefix_path.sh'
[0.450s] INFO:colcon.colcon_core.shell:Skip shell extension 'powershell' for command environment: Not usable outside of PowerShell
[0.451s] DEBUG:colcon.colcon_core.shell:Skip shell extension 'dsv' for command environment
[0.455s] INFO:colcon.colcon_ros.task.ament_python.build:Building ROS package in '/home/ubuntu/ros2_ws/src/my_py_topic' with build type 'ament_python'
[0.456s] Level 1:colcon.colcon_core.shell:create_environment_hook('my_py_topic', 'ament_prefix_path')
[0.457s] INFO:colcon.colcon_core.shell:Creating environment hook '/home/ubuntu/ros2_ws/install/my_py_topic/share/my_py_topic/hook/ament_prefix_path.ps1'
[0.458s] INFO:colcon.colcon_core.shell:Creating environment descriptor '/home/ubuntu/ros2_ws/install/my_py_topic/share/my_py_topic/hook/ament_prefix_path.dsv'
[0.459s] INFO:colcon.colcon_core.shell:Creating environment hook '/home/ubuntu/ros2_ws/install/my_py_topic/share/my_py_topic/hook/ament_prefix_path.sh'
[0.461s] INFO:colcon.colcon_core.shell:Skip shell extension 'powershell' for command environment: Not usable outside of PowerShell
[0.461s] DEBUG:colcon.colcon_core.shell:Skip shell extension 'dsv' for command environment
[0.471s] DEBUG:colcon.colcon_core.event_handler.log_command:Invoking command in '/home/ubuntu/ros2_ws/build/my_c_package': CMAKE_PREFIX_PATH=${CMAKE_PREFIX_PATH}:/home/ubuntu/ros2_ws/install/my_py_topic:/home/ubuntu/ros2_ws/install/my_py_package:/opt/ros/dashing /usr/bin/cmake --build /home/ubuntu/ros2_ws/build/my_c_package -- -j4 -l4
[0.482s] DEBUG:colcon.colcon_core.event_handler.log_command:Invoking command in '/home/ubuntu/ros2_ws/build/my_c_topic': CMAKE_PREFIX_PATH=${CMAKE_PREFIX_PATH}:/home/ubuntu/ros2_ws/install/my_py_topic:/home/ubuntu/ros2_ws/install/my_py_package:/opt/ros/dashing /usr/bin/cmake --build /home/ubuntu/ros2_ws/build/my_c_topic -- -j4 -l4
[0.786s] INFO:colcon.colcon_core.task.python.build:Building Python package in '/home/ubuntu/ros2_ws/src/my_py_package'
[0.787s] INFO:colcon.colcon_core.shell:Skip shell extension 'powershell' for command environment: Not usable outside of PowerShell
[0.787s] DEBUG:colcon.colcon_core.shell:Skip shell extension 'dsv' for command environment
[1.108s] INFO:colcon.colcon_core.task.python.build:Building Python package in '/home/ubuntu/ros2_ws/src/my_py_topic'
[1.109s] INFO:colcon.colcon_core.shell:Skip shell extension 'powershell' for command environment: Not usable outside of PowerShell
[1.109s] DEBUG:colcon.colcon_core.shell:Skip shell extension 'dsv' for command environment
[1.123s] DEBUG:colcon.colcon_core.event_handler.log_command:Invoked command in '/home/ubuntu/ros2_ws/build/my_c_package' returned '0': CMAKE_PREFIX_PATH=${CMAKE_PREFIX_PATH}:/home/ubuntu/ros2_ws/install/my_py_topic:/home/ubuntu/ros2_ws/install/my_py_package:/opt/ros/dashing /usr/bin/cmake --build /home/ubuntu/ros2_ws/build/my_c_package -- -j4 -l4
[1.184s] DEBUG:colcon.colcon_core.event_handler.log_command:Invoking command in '/home/ubuntu/ros2_ws/build/my_c_package': CMAKE_PREFIX_PATH=${CMAKE_PREFIX_PATH}:/home/ubuntu/ros2_ws/install/my_py_topic:/home/ubuntu/ros2_ws/install/my_py_package:/opt/ros/dashing /usr/bin/cmake --build /home/ubuntu/ros2_ws/build/my_c_package --target install -- -j4 -l4
[1.297s] Level 1:colcon.colcon_core.environment:create_environment_scripts_only(my_c_package)
[1.302s] Level 1:colcon.colcon_core.environment:checking '/home/ubuntu/ros2_ws/install/my_c_package' for CMake module files
[1.302s] Level 1:colcon.colcon_core.environment:checking '/home/ubuntu/ros2_ws/install/my_c_package' for CMake config files
[1.303s] Level 1:colcon.colcon_core.shell:create_environment_hook('my_c_package', 'cmake_prefix_path')
[1.303s] INFO:colcon.colcon_core.shell:Creating environment hook '/home/ubuntu/ros2_ws/install/my_c_package/share/my_c_package/hook/cmake_prefix_path.ps1'
[1.304s] DEBUG:colcon.colcon_core.event_handler.log_command:Invoked command in '/home/ubuntu/ros2_ws/build/my_c_package' returned '0': CMAKE_PREFIX_PATH=${CMAKE_PREFIX_PATH}:/home/ubuntu/ros2_ws/install/my_py_topic:/home/ubuntu/ros2_ws/install/my_py_package:/opt/ros/dashing /usr/bin/cmake --build /home/ubuntu/ros2_ws/build/my_c_package --target install -- -j4 -l4
[1.305s] INFO:colcon.colcon_core.shell:Creating environment descriptor '/home/ubuntu/ros2_ws/install/my_c_package/share/my_c_package/hook/cmake_prefix_path.dsv'
[1.305s] INFO:colcon.colcon_core.shell:Creating environment hook '/home/ubuntu/ros2_ws/install/my_c_package/share/my_c_package/hook/cmake_prefix_path.sh'
[1.306s] Level 1:colcon.colcon_core.environment:checking '/home/ubuntu/ros2_ws/install/my_c_package/lib'
[1.307s] Level 1:colcon.colcon_core.environment:checking '/home/ubuntu/ros2_ws/install/my_c_package/bin'
[1.307s] Level 1:colcon.colcon_core.environment:checking '/home/ubuntu/ros2_ws/install/my_c_package/lib/pkgconfig/my_c_package.pc'
[1.307s] Level 1:colcon.colcon_core.environment:checking '/home/ubuntu/ros2_ws/install/my_c_package/lib/python3.6/site-packages'
[1.307s] Level 1:colcon.colcon_core.environment:checking '/home/ubuntu/ros2_ws/install/my_c_package/bin'
[1.308s] INFO:colcon.colcon_core.shell:Creating package script '/home/ubuntu/ros2_ws/install/my_c_package/share/my_c_package/package.ps1'
[1.309s] INFO:colcon.colcon_core.shell:Creating package descriptor '/home/ubuntu/ros2_ws/install/my_c_package/share/my_c_package/package.dsv'
[1.310s] INFO:colcon.colcon_core.shell:Creating package script '/home/ubuntu/ros2_ws/install/my_c_package/share/my_c_package/package.sh'
[1.310s] INFO:colcon.colcon_core.shell:Creating package script '/home/ubuntu/ros2_ws/install/my_c_package/share/my_c_package/package.bash'
[1.311s] INFO:colcon.colcon_core.shell:Creating package script '/home/ubuntu/ros2_ws/install/my_c_package/share/my_c_package/package.zsh'
[1.312s] Level 1:colcon.colcon_core.environment:create_file_with_runtime_dependencies(/home/ubuntu/ros2_ws/install/my_c_package/share/colcon-core/packages/my_c_package)
[1.339s] Level 1:colcon.colcon_core.environment:create_environment_scripts_only(my_c_package)
[1.340s] Level 1:colcon.colcon_core.environment:checking '/home/ubuntu/ros2_ws/install/my_c_package' for CMake module files
[1.341s] Level 1:colcon.colcon_core.environment:checking '/home/ubuntu/ros2_ws/install/my_c_package' for CMake config files
[1.341s] Level 1:colcon.colcon_core.shell:create_environment_hook('my_c_package', 'cmake_prefix_path')
[1.341s] INFO:colcon.colcon_core.shell:Creating environment hook '/home/ubuntu/ros2_ws/install/my_c_package/share/my_c_package/hook/cmake_prefix_path.ps1'
[1.342s] INFO:colcon.colcon_core.shell:Creating environment descriptor '/home/ubuntu/ros2_ws/install/my_c_package/share/my_c_package/hook/cmake_prefix_path.dsv'
[1.343s] INFO:colcon.colcon_core.shell:Creating environment hook '/home/ubuntu/ros2_ws/install/my_c_package/share/my_c_package/hook/cmake_prefix_path.sh'
[1.343s] Level 1:colcon.colcon_core.environment:checking '/home/ubuntu/ros2_ws/install/my_c_package/lib'
[1.344s] Level 1:colcon.colcon_core.environment:checking '/home/ubuntu/ros2_ws/install/my_c_package/bin'
[1.344s] Level 1:colcon.colcon_core.environment:checking '/home/ubuntu/ros2_ws/install/my_c_package/lib/pkgconfig/my_c_package.pc'
[1.344s] Level 1:colcon.colcon_core.environment:checking '/home/ubuntu/ros2_ws/install/my_c_package/lib/python3.6/site-packages'
[1.345s] Level 1:colcon.colcon_core.environment:checking '/home/ubuntu/ros2_ws/install/my_c_package/bin'
[1.345s] INFO:colcon.colcon_core.shell:Creating package script '/home/ubuntu/ros2_ws/install/my_c_package/share/my_c_package/package.ps1'
[1.346s] INFO:colcon.colcon_core.shell:Creating package descriptor '/home/ubuntu/ros2_ws/install/my_c_package/share/my_c_package/package.dsv'
[1.347s] INFO:colcon.colcon_core.shell:Creating package script '/home/ubuntu/ros2_ws/install/my_c_package/share/my_c_package/package.sh'
[1.347s] INFO:colcon.colcon_core.shell:Creating package script '/home/ubuntu/ros2_ws/install/my_c_package/share/my_c_package/package.bash'
[1.348s] INFO:colcon.colcon_core.shell:Creating package script '/home/ubuntu/ros2_ws/install/my_c_package/share/my_c_package/package.zsh'
[1.348s] Level 1:colcon.colcon_core.environment:create_file_with_runtime_dependencies(/home/ubuntu/ros2_ws/install/my_c_package/share/colcon-core/packages/my_c_package)
[1.587s] DEBUG:colcon.colcon_core.event_handler.log_command:Invoking command in '/home/ubuntu/ros2_ws/src/my_py_topic': PYTHONPATH=/home/ubuntu/ros2_ws/install/my_py_topic/lib/python3.6/site-packages:${PYTHONPATH} /usr/bin/python3 setup.py egg_info --egg-base ../../build/my_py_topic build --build-base /home/ubuntu/ros2_ws/build/my_py_topic/build install --prefix /home/ubuntu/ros2_ws/install/my_py_topic --record /home/ubuntu/ros2_ws/build/my_py_topic/install.log --single-version-externally-managed
[1.595s] DEBUG:colcon.colcon_core.event_handler.log_command:Invoking command in '/home/ubuntu/ros2_ws/src/my_py_package': PYTHONPATH=/home/ubuntu/ros2_ws/install/my_py_package/lib/python3.6/site-packages:${PYTHONPATH} /usr/bin/python3 setup.py egg_info --egg-base ../../build/my_py_package build --build-base /home/ubuntu/ros2_ws/build/my_py_package/build install --prefix /home/ubuntu/ros2_ws/install/my_py_package --record /home/ubuntu/ros2_ws/build/my_py_package/install.log --single-version-externally-managed
[1.941s] Level 1:colcon.colcon_core.environment:checking '/home/ubuntu/ros2_ws/install/my_py_topic' for CMake module files
[1.942s] DEBUG:colcon.colcon_core.event_handler.log_command:Invoked command in '/home/ubuntu/ros2_ws/src/my_py_topic' returned '0': PYTHONPATH=/home/ubuntu/ros2_ws/install/my_py_topic/lib/python3.6/site-packages:${PYTHONPATH} /usr/bin/python3 setup.py egg_info --egg-base ../../build/my_py_topic build --build-base /home/ubuntu/ros2_ws/build/my_py_topic/build install --prefix /home/ubuntu/ros2_ws/install/my_py_topic --record /home/ubuntu/ros2_ws/build/my_py_topic/install.log --single-version-externally-managed
[1.942s] Level 1:colcon.colcon_core.environment:checking '/home/ubuntu/ros2_ws/install/my_py_topic' for CMake config files
[1.943s] Level 1:colcon.colcon_core.environment:checking '/home/ubuntu/ros2_ws/install/my_py_topic/lib'
[1.943s] Level 1:colcon.colcon_core.environment:checking '/home/ubuntu/ros2_ws/install/my_py_topic/bin'
[1.943s] Level 1:colcon.colcon_core.environment:checking '/home/ubuntu/ros2_ws/install/my_py_topic/lib/pkgconfig/my_py_topic.pc'
[1.944s] Level 1:colcon.colcon_core.environment:checking '/home/ubuntu/ros2_ws/install/my_py_topic/lib/python3.6/site-packages'
[1.944s] Level 1:colcon.colcon_core.shell:create_environment_hook('my_py_topic', 'pythonpath')
[1.944s] INFO:colcon.colcon_core.shell:Creating environment hook '/home/ubuntu/ros2_ws/install/my_py_topic/share/my_py_topic/hook/pythonpath.ps1'
[1.945s] INFO:colcon.colcon_core.shell:Creating environment descriptor '/home/ubuntu/ros2_ws/install/my_py_topic/share/my_py_topic/hook/pythonpath.dsv'
[1.945s] INFO:colcon.colcon_core.shell:Creating environment hook '/home/ubuntu/ros2_ws/install/my_py_topic/share/my_py_topic/hook/pythonpath.sh'
[1.946s] Level 1:colcon.colcon_core.environment:checking '/home/ubuntu/ros2_ws/install/my_py_topic/bin'
[1.946s] Level 1:colcon.colcon_core.environment:create_environment_scripts_only(my_py_topic)
[1.947s] INFO:colcon.colcon_core.shell:Creating package script '/home/ubuntu/ros2_ws/install/my_py_topic/share/my_py_topic/package.ps1'
[1.948s] INFO:colcon.colcon_core.shell:Creating package descriptor '/home/ubuntu/ros2_ws/install/my_py_topic/share/my_py_topic/package.dsv'
[1.948s] INFO:colcon.colcon_core.shell:Creating package script '/home/ubuntu/ros2_ws/install/my_py_topic/share/my_py_topic/package.sh'
[1.949s] INFO:colcon.colcon_core.shell:Creating package script '/home/ubuntu/ros2_ws/install/my_py_topic/share/my_py_topic/package.bash'
[1.949s] INFO:colcon.colcon_core.shell:Creating package script '/home/ubuntu/ros2_ws/install/my_py_topic/share/my_py_topic/package.zsh'
[1.950s] Level 1:colcon.colcon_core.environment:create_file_with_runtime_dependencies(/home/ubuntu/ros2_ws/install/my_py_topic/share/colcon-core/packages/my_py_topic)
[2.000s] Level 1:colcon.colcon_core.environment:checking '/home/ubuntu/ros2_ws/install/my_py_package' for CMake module files
[2.000s] DEBUG:colcon.colcon_core.event_handler.log_command:Invoked command in '/home/ubuntu/ros2_ws/src/my_py_package' returned '0': PYTHONPATH=/home/ubuntu/ros2_ws/install/my_py_package/lib/python3.6/site-packages:${PYTHONPATH} /usr/bin/python3 setup.py egg_info --egg-base ../../build/my_py_package build --build-base /home/ubuntu/ros2_ws/build/my_py_package/build install --prefix /home/ubuntu/ros2_ws/install/my_py_package --record /home/ubuntu/ros2_ws/build/my_py_package/install.log --single-version-externally-managed
[2.001s] Level 1:colcon.colcon_core.environment:checking '/home/ubuntu/ros2_ws/install/my_py_package' for CMake config files
[2.002s] Level 1:colcon.colcon_core.environment:checking '/home/ubuntu/ros2_ws/install/my_py_package/lib'
[2.002s] Level 1:colcon.colcon_core.environment:checking '/home/ubuntu/ros2_ws/install/my_py_package/bin'
[2.002s] Level 1:colcon.colcon_core.environment:checking '/home/ubuntu/ros2_ws/install/my_py_package/lib/pkgconfig/my_py_package.pc'
[2.002s] Level 1:colcon.colcon_core.environment:checking '/home/ubuntu/ros2_ws/install/my_py_package/lib/python3.6/site-packages'
[2.002s] Level 1:colcon.colcon_core.shell:create_environment_hook('my_py_package', 'pythonpath')
[2.003s] INFO:colcon.colcon_core.shell:Creating environment hook '/home/ubuntu/ros2_ws/install/my_py_package/share/my_py_package/hook/pythonpath.ps1'
[2.003s] INFO:colcon.colcon_core.shell:Creating environment descriptor '/home/ubuntu/ros2_ws/install/my_py_package/share/my_py_package/hook/pythonpath.dsv'
[2.004s] INFO:colcon.colcon_core.shell:Creating environment hook '/home/ubuntu/ros2_ws/install/my_py_package/share/my_py_package/hook/pythonpath.sh'
[2.004s] Level 1:colcon.colcon_core.environment:checking '/home/ubuntu/ros2_ws/install/my_py_package/bin'
[2.004s] Level 1:colcon.colcon_core.environment:create_environment_scripts_only(my_py_package)
[2.005s] INFO:colcon.colcon_core.shell:Creating package script '/home/ubuntu/ros2_ws/install/my_py_package/share/my_py_package/package.ps1'
[2.005s] INFO:colcon.colcon_core.shell:Creating package descriptor '/home/ubuntu/ros2_ws/install/my_py_package/share/my_py_package/package.dsv'
[2.006s] INFO:colcon.colcon_core.shell:Creating package script '/home/ubuntu/ros2_ws/install/my_py_package/share/my_py_package/package.sh'
[2.006s] INFO:colcon.colcon_core.shell:Creating package script '/home/ubuntu/ros2_ws/install/my_py_package/share/my_py_package/package.bash'
[2.007s] INFO:colcon.colcon_core.shell:Creating package script '/home/ubuntu/ros2_ws/install/my_py_package/share/my_py_package/package.zsh'
[2.007s] Level 1:colcon.colcon_core.environment:create_file_with_runtime_dependencies(/home/ubuntu/ros2_ws/install/my_py_package/share/colcon-core/packages/my_py_package)
[2.771s] DEBUG:colcon.colcon_core.event_handler.log_command:Invoked command in '/home/ubuntu/ros2_ws/build/my_c_topic' returned '0': CMAKE_PREFIX_PATH=${CMAKE_PREFIX_PATH}:/home/ubuntu/ros2_ws/install/my_py_topic:/home/ubuntu/ros2_ws/install/my_py_package:/opt/ros/dashing /usr/bin/cmake --build /home/ubuntu/ros2_ws/build/my_c_topic -- -j4 -l4
[2.798s] DEBUG:colcon.colcon_core.event_handler.log_command:Invoking command in '/home/ubuntu/ros2_ws/build/my_c_topic': CMAKE_PREFIX_PATH=${CMAKE_PREFIX_PATH}:/home/ubuntu/ros2_ws/install/my_py_topic:/home/ubuntu/ros2_ws/install/my_py_package:/opt/ros/dashing /usr/bin/cmake --build /home/ubuntu/ros2_ws/build/my_c_topic --target install -- -j4 -l4
[2.884s] Level 1:colcon.colcon_core.environment:create_environment_scripts_only(my_c_topic)
[2.886s] Level 1:colcon.colcon_core.environment:checking '/home/ubuntu/ros2_ws/install/my_c_topic' for CMake module files
[2.886s] DEBUG:colcon.colcon_core.event_handler.log_command:Invoked command in '/home/ubuntu/ros2_ws/build/my_c_topic' returned '0': CMAKE_PREFIX_PATH=${CMAKE_PREFIX_PATH}:/home/ubuntu/ros2_ws/install/my_py_topic:/home/ubuntu/ros2_ws/install/my_py_package:/opt/ros/dashing /usr/bin/cmake --build /home/ubuntu/ros2_ws/build/my_c_topic --target install -- -j4 -l4
[2.887s] Level 1:colcon.colcon_core.environment:checking '/home/ubuntu/ros2_ws/install/my_c_topic' for CMake config files
[2.887s] Level 1:colcon.colcon_core.shell:create_environment_hook('my_c_topic', 'cmake_prefix_path')
[2.888s] INFO:colcon.colcon_core.shell:Creating environment hook '/home/ubuntu/ros2_ws/install/my_c_topic/share/my_c_topic/hook/cmake_prefix_path.ps1'
[2.889s] INFO:colcon.colcon_core.shell:Creating environment descriptor '/home/ubuntu/ros2_ws/install/my_c_topic/share/my_c_topic/hook/cmake_prefix_path.dsv'
[2.889s] INFO:colcon.colcon_core.shell:Creating environment hook '/home/ubuntu/ros2_ws/install/my_c_topic/share/my_c_topic/hook/cmake_prefix_path.sh'
[2.890s] Level 1:colcon.colcon_core.environment:checking '/home/ubuntu/ros2_ws/install/my_c_topic/lib'
[2.890s] Level 1:colcon.colcon_core.environment:checking '/home/ubuntu/ros2_ws/install/my_c_topic/bin'
[2.890s] Level 1:colcon.colcon_core.environment:checking '/home/ubuntu/ros2_ws/install/my_c_topic/lib/pkgconfig/my_c_topic.pc'
[2.890s] Level 1:colcon.colcon_core.environment:checking '/home/ubuntu/ros2_ws/install/my_c_topic/lib/python3.6/site-packages'
[2.890s] Level 1:colcon.colcon_core.environment:checking '/home/ubuntu/ros2_ws/install/my_c_topic/bin'
[2.891s] INFO:colcon.colcon_core.shell:Creating package script '/home/ubuntu/ros2_ws/install/my_c_topic/share/my_c_topic/package.ps1'
[2.892s] INFO:colcon.colcon_core.shell:Creating package descriptor '/home/ubuntu/ros2_ws/install/my_c_topic/share/my_c_topic/package.dsv'
[2.892s] INFO:colcon.colcon_core.shell:Creating package script '/home/ubuntu/ros2_ws/install/my_c_topic/share/my_c_topic/package.sh'
[2.892s] INFO:colcon.colcon_core.shell:Creating package script '/home/ubuntu/ros2_ws/install/my_c_topic/share/my_c_topic/package.bash'
[2.893s] INFO:colcon.colcon_core.shell:Creating package script '/home/ubuntu/ros2_ws/install/my_c_topic/share/my_c_topic/package.zsh'
[2.893s] Level 1:colcon.colcon_core.environment:create_file_with_runtime_dependencies(/home/ubuntu/ros2_ws/install/my_c_topic/share/colcon-core/packages/my_c_topic)
[2.922s] Level 1:colcon.colcon_core.environment:create_environment_scripts_only(my_c_topic)
[2.923s] Level 1:colcon.colcon_core.environment:checking '/home/ubuntu/ros2_ws/install/my_c_topic' for CMake module files
[2.924s] Level 1:colcon.colcon_core.environment:checking '/home/ubuntu/ros2_ws/install/my_c_topic' for CMake config files
[2.924s] Level 1:colcon.colcon_core.shell:create_environment_hook('my_c_topic', 'cmake_prefix_path')
[2.924s] INFO:colcon.colcon_core.shell:Creating environment hook '/home/ubuntu/ros2_ws/install/my_c_topic/share/my_c_topic/hook/cmake_prefix_path.ps1'
[2.925s] INFO:colcon.colcon_core.shell:Creating environment descriptor '/home/ubuntu/ros2_ws/install/my_c_topic/share/my_c_topic/hook/cmake_prefix_path.dsv'
[2.926s] INFO:colcon.colcon_core.shell:Creating environment hook '/home/ubuntu/ros2_ws/install/my_c_topic/share/my_c_topic/hook/cmake_prefix_path.sh'
[2.927s] Level 1:colcon.colcon_core.environment:checking '/home/ubuntu/ros2_ws/install/my_c_topic/lib'
[2.927s] Level 1:colcon.colcon_core.environment:checking '/home/ubuntu/ros2_ws/install/my_c_topic/bin'
[2.927s] Level 1:colcon.colcon_core.environment:checking '/home/ubuntu/ros2_ws/install/my_c_topic/lib/pkgconfig/my_c_topic.pc'
[2.927s] Level 1:colcon.colcon_core.environment:checking '/home/ubuntu/ros2_ws/install/my_c_topic/lib/python3.6/site-packages'
[2.927s] Level 1:colcon.colcon_core.environment:checking '/home/ubuntu/ros2_ws/install/my_c_topic/bin'
[2.928s] INFO:colcon.colcon_core.shell:Creating package script '/home/ubuntu/ros2_ws/install/my_c_topic/share/my_c_topic/package.ps1'
[2.929s] INFO:colcon.colcon_core.shell:Creating package descriptor '/home/ubuntu/ros2_ws/install/my_c_topic/share/my_c_topic/package.dsv'
[2.929s] INFO:colcon.colcon_core.shell:Creating package script '/home/ubuntu/ros2_ws/install/my_c_topic/share/my_c_topic/package.sh'
[2.930s] INFO:colcon.colcon_core.shell:Creating package script '/home/ubuntu/ros2_ws/install/my_c_topic/share/my_c_topic/package.bash'
[2.930s] INFO:colcon.colcon_core.shell:Creating package script '/home/ubuntu/ros2_ws/install/my_c_topic/share/my_c_topic/package.zsh'
[2.930s] Level 1:colcon.colcon_core.environment:create_file_with_runtime_dependencies(/home/ubuntu/ros2_ws/install/my_c_topic/share/colcon-core/packages/my_c_topic)
[2.931s] DEBUG:colcon.colcon_parallel_executor.executor.parallel:closing loop
[2.932s] DEBUG:colcon.colcon_parallel_executor.executor.parallel:loop closed
[2.932s] DEBUG:colcon.colcon_parallel_executor.executor.parallel:run_until_complete finished with '0'
[2.932s] DEBUG:colcon.colcon_core.event_reactor:joining thread
[2.941s] INFO:colcon.colcon_core.plugin_system:Skipping extension 'colcon_notification.desktop_notification.terminal_notifier': Not used on non-Darwin systems
[2.941s] INFO:colcon.colcon_core.plugin_system:Skipping extension 'colcon_notification.desktop_notification.win32': Not used on non-Windows systems
[2.941s] INFO:colcon.colcon_notification.desktop_notification:Sending desktop notification using 'notify2'
[2.945s] DEBUG:colcon.colcon_core.event_reactor:joined thread
[2.945s] INFO:colcon.colcon_core.shell:Creating prefix script '/home/ubuntu/ros2_ws/install/local_setup.ps1'
[2.946s] INFO:colcon.colcon_core.shell:Creating prefix util module '/home/ubuntu/ros2_ws/install/_local_setup_util_ps1.py'
[2.948s] INFO:colcon.colcon_core.shell:Creating prefix chain script '/home/ubuntu/ros2_ws/install/setup.ps1'
[2.949s] INFO:colcon.colcon_core.shell:Creating prefix script '/home/ubuntu/ros2_ws/install/local_setup.sh'
[2.950s] INFO:colcon.colcon_core.shell:Creating prefix util module '/home/ubuntu/ros2_ws/install/_local_setup_util_sh.py'
[2.951s] INFO:colcon.colcon_core.shell:Creating prefix chain script '/home/ubuntu/ros2_ws/install/setup.sh'
[2.952s] INFO:colcon.colcon_core.shell:Creating prefix script '/home/ubuntu/ros2_ws/install/local_setup.bash'
[2.953s] INFO:colcon.colcon_core.shell:Creating prefix chain script '/home/ubuntu/ros2_ws/install/setup.bash'
[2.955s] INFO:colcon.colcon_core.shell:Creating prefix script '/home/ubuntu/ros2_ws/install/local_setup.zsh'
[2.955s] INFO:colcon.colcon_core.shell:Creating prefix chain script '/home/ubuntu/ros2_ws/install/setup.zsh'
