[0.039s] Invoking command in '/home/ubuntu/ros2_ws/build/my_c_srvcli': CMAKE_PREFIX_PATH=/opt/ros/dashing /usr/bin/cmake --build /home/ubuntu/ros2_ws/build/my_c_srvcli -- -j4 -l4
[0.231s] [35m[1mScanning dependencies of target my_c_srv_node[0m
[0.258s] [ 50%] Built target my_c_cli_node
[0.266s] [ 75%] [32mBuilding CXX object CMakeFiles/my_c_srv_node.dir/src/my_c_srv_node.cpp.o[0m
[4.588s] [01m[K/home/ubuntu/ros2_ws/src/my_c_srvcli/src/my_c_srv_node.cpp:[m[K In constructor ‘[01m[Kmy_c_srv_node::my_c_srv_node()[m[K’:
[4.588s] [01m[K/home/ubuntu/ros2_ws/src/my_c_srvcli/src/my_c_srv_node.cpp:23:50:[m[K [01;31m[Kerror: [m[Kno matching function for call to ‘[01m[Krclcpp::Publisher<geometry_msgs::msg::Twist_<std::allocator<void> > >::Publisher()[m[K’
[4.588s]  my_c_srv_node::my_c_srv_node() : Node("my_server"[01;31m[K)[m[K
[4.588s]                                                   [01;31m[K^[m[K
[4.588s] In file included from [01m[K/opt/ros/dashing/include/rclcpp/callback_group.hpp:24:0[m[K,
[4.588s]                  from [01m[K/opt/ros/dashing/include/rclcpp/any_executable.hpp:20[m[K,
[4.588s]                  from [01m[K/opt/ros/dashing/include/rclcpp/memory_strategy.hpp:24[m[K,
[4.589s]                  from [01m[K/opt/ros/dashing/include/rclcpp/memory_strategies.hpp:18[m[K,
[4.589s]                  from [01m[K/opt/ros/dashing/include/rclcpp/executor.hpp:33[m[K,
[4.589s]                  from [01m[K/opt/ros/dashing/include/rclcpp/executors/multi_threaded_executor.hpp:24[m[K,
[4.589s]                  from [01m[K/opt/ros/dashing/include/rclcpp/executors.hpp:21[m[K,
[4.589s]                  from [01m[K/opt/ros/dashing/include/rclcpp/rclcpp.hpp:144[m[K,
[4.589s]                  from [01m[K/home/ubuntu/ros2_ws/src/my_c_srvcli/src/my_c_srv_node.cpp:2[m[K:
[4.589s] [01m[K/opt/ros/dashing/include/rclcpp/publisher.hpp:57:3:[m[K [01;36m[Knote: [m[Kcandidate: rclcpp::Publisher<MessageT, Alloc>::Publisher(rclcpp::node_interfaces::NodeBaseInterface*, const string&, const rcl_publisher_options_t&, const rclcpp::PublisherEventCallbacks&, const std::shared_ptr<typename std::allocator_traits<_Alloc>::rebind_traits<T>::allocator_type>&) [with MessageT = geometry_msgs::msg::Twist_<std::allocator<void> >; Alloc = std::allocator<void>; std::__cxx11::string = std::__cxx11::basic_string<char>; rcl_publisher_options_t = rcl_publisher_options_t; typename std::allocator_traits<_Alloc>::rebind_traits<T>::allocator_type = std::allocator<geometry_msgs::msg::Twist_<std::allocator<void> > >]
[4.589s]    [01;36m[KPublisher[m[K(
[4.589s]    [01;36m[K^~~~~~~~~[m[K
[4.589s] [01m[K/opt/ros/dashing/include/rclcpp/publisher.hpp:57:3:[m[K [01;36m[Knote: [m[K  candidate expects 5 arguments, 0 provided
[4.589s] [01m[K/opt/ros/dashing/include/rclcpp/publisher.hpp:46:7:[m[K [01;36m[Knote: [m[Kcandidate: rclcpp::Publisher<geometry_msgs::msg::Twist_<std::allocator<void> > >::Publisher(const rclcpp::Publisher<geometry_msgs::msg::Twist_<std::allocator<void> > >&)
[4.589s]  class [01;36m[KPublisher[m[K : public PublisherBase
[4.589s]        [01;36m[K^~~~~~~~~[m[K
[4.589s] [01m[K/opt/ros/dashing/include/rclcpp/publisher.hpp:46:7:[m[K [01;36m[Knote: [m[K  candidate expects 1 argument, 0 provided
[4.590s] [01m[K/home/ubuntu/ros2_ws/src/my_c_srvcli/src/my_c_srv_node.cpp:23:50:[m[K [01;31m[Kerror: [m[Kuse of deleted function ‘[01m[Krclcpp::Service<ServiceT>::Service() [with ServiceT = std_srvs::srv::Trigger][m[K’
[4.590s]  my_c_srv_node::my_c_srv_node() : Node("my_server"[01;31m[K)[m[K
[4.590s]                                                   [01;31m[K^[m[K
[4.590s] In file included from [01m[K/opt/ros/dashing/include/rclcpp/callback_group.hpp:25:0[m[K,
[4.590s]                  from [01m[K/opt/ros/dashing/include/rclcpp/any_executable.hpp:20[m[K,
[4.590s]                  from [01m[K/opt/ros/dashing/include/rclcpp/memory_strategy.hpp:24[m[K,
[4.590s]                  from [01m[K/opt/ros/dashing/include/rclcpp/memory_strategies.hpp:18[m[K,
[4.590s]                  from [01m[K/opt/ros/dashing/include/rclcpp/executor.hpp:33[m[K,
[4.590s]                  from [01m[K/opt/ros/dashing/include/rclcpp/executors/multi_threaded_executor.hpp:24[m[K,
[4.590s]                  from [01m[K/opt/ros/dashing/include/rclcpp/executors.hpp:21[m[K,
[4.591s]                  from [01m[K/opt/ros/dashing/include/rclcpp/rclcpp.hpp:144[m[K,
[4.591s]                  from [01m[K/home/ubuntu/ros2_ws/src/my_c_srvcli/src/my_c_srv_node.cpp:2[m[K:
[4.591s] [01m[K/opt/ros/dashing/include/rclcpp/service.hpp:217:3:[m[K [01;36m[Knote: [m[Kdeclared here
[4.591s]    [01;36m[KService[m[K() = delete;
[4.591s]    [01;36m[K^~~~~~~[m[K
[4.596s] [01m[K/home/ubuntu/ros2_ws/src/my_c_srvcli/src/my_c_srv_node.cpp:26:88:[m[K [01;31m[Kerror: [m[Kno match for ‘[01m[Koperator=[m[K’ (operand types are ‘[01m[Krclcpp::Publisher<geometry_msgs::msg::Twist_<std::allocator<void> > >[m[K’ and ‘[01m[Kstd::shared_ptr<rclcpp::Publisher<geometry_msgs::msg::Twist_<std::allocator<void> > > >[m[K’)
[4.596s]      vel_pub_ = this->create_publisher<geometry_msgs::msg::Twist>("/turtle1/cmd_vel", 10[01;31m[K)[m[K;
[4.597s]                                                                                         [01;31m[K^[m[K
[4.597s] In file included from [01m[K/opt/ros/dashing/include/rclcpp/callback_group.hpp:24:0[m[K,
[4.597s]                  from [01m[K/opt/ros/dashing/include/rclcpp/any_executable.hpp:20[m[K,
[4.597s]                  from [01m[K/opt/ros/dashing/include/rclcpp/memory_strategy.hpp:24[m[K,
[4.597s]                  from [01m[K/opt/ros/dashing/include/rclcpp/memory_strategies.hpp:18[m[K,
[4.597s]                  from [01m[K/opt/ros/dashing/include/rclcpp/executor.hpp:33[m[K,
[4.597s]                  from [01m[K/opt/ros/dashing/include/rclcpp/executors/multi_threaded_executor.hpp:24[m[K,
[4.597s]                  from [01m[K/opt/ros/dashing/include/rclcpp/executors.hpp:21[m[K,
[4.597s]                  from [01m[K/opt/ros/dashing/include/rclcpp/rclcpp.hpp:144[m[K,
[4.597s]                  from [01m[K/home/ubuntu/ros2_ws/src/my_c_srvcli/src/my_c_srv_node.cpp:2[m[K:
[4.597s] [01m[K/opt/ros/dashing/include/rclcpp/publisher.hpp:46:7:[m[K [01;36m[Knote: [m[Kcandidate: rclcpp::Publisher<geometry_msgs::msg::Twist_<std::allocator<void> > >& rclcpp::Publisher<geometry_msgs::msg::Twist_<std::allocator<void> > >::operator=(const rclcpp::Publisher<geometry_msgs::msg::Twist_<std::allocator<void> > >&)
[4.597s]  class [01;36m[KPublisher[m[K : public PublisherBase
[4.598s]        [01;36m[K^~~~~~~~~[m[K
[4.598s] [01m[K/opt/ros/dashing/include/rclcpp/publisher.hpp:46:7:[m[K [01;36m[Knote: [m[K  no known conversion for argument 1 from ‘[01m[Kstd::shared_ptr<rclcpp::Publisher<geometry_msgs::msg::Twist_<std::allocator<void> > > >[m[K’ to ‘[01m[Kconst rclcpp::Publisher<geometry_msgs::msg::Twist_<std::allocator<void> > >&[m[K’
[4.602s] [01m[K/home/ubuntu/ros2_ws/src/my_c_srvcli/src/my_c_srv_node.cpp:28:86:[m[K [01;31m[Kerror: [m[Kno match for ‘[01m[Koperator=[m[K’ (operand types are ‘[01m[Krclcpp::Service<std_srvs::srv::Trigger>[m[K’ and ‘[01m[Krclcpp::Service<std_srvs::srv::Trigger>::SharedPtr {aka std::shared_ptr<rclcpp::Service<std_srvs::srv::Trigger> >}[m[K’)
[4.602s]                                                              &my_c_srv_node::server_cb[01;31m[K)[m[K;
[4.602s]                                                                                       [01;31m[K^[m[K
[4.602s] In file included from [01m[K/opt/ros/dashing/include/rclcpp/context.hpp:33:0[m[K,
[4.602s]                  from [01m[K/opt/ros/dashing/include/rclcpp/contexts/default_context.hpp:18[m[K,
[4.602s]                  from [01m[K/opt/ros/dashing/include/rclcpp/executor.hpp:32[m[K,
[4.602s]                  from [01m[K/opt/ros/dashing/include/rclcpp/executors/multi_threaded_executor.hpp:24[m[K,
[4.602s]                  from [01m[K/opt/ros/dashing/include/rclcpp/executors.hpp:21[m[K,
[4.602s]                  from [01m[K/opt/ros/dashing/include/rclcpp/rclcpp.hpp:144[m[K,
[4.602s]                  from [01m[K/home/ubuntu/ros2_ws/src/my_c_srvcli/src/my_c_srv_node.cpp:2[m[K:
[4.602s] [01m[K/opt/ros/dashing/include/rclcpp/macros.hpp:28:17:[m[K [01;36m[Knote: [m[Kcandidate: rclcpp::Service<ServiceT>& rclcpp::Service<ServiceT>::operator=(const rclcpp::Service<ServiceT>&) [with ServiceT = std_srvs::srv::Trigger] <deleted>
[4.602s]    __VA_ARGS__ & [01;36m[Ko[m[Kperator=(const __VA_ARGS__ &) = delete;
[4.603s]                  [01;36m[K^[m[K
[4.603s] [01m[K/opt/ros/dashing/include/rclcpp/service.hpp:257:3:[m[K [01;36m[Knote: [m[Kin expansion of macro ‘[01m[KRCLCPP_DISABLE_COPY[m[K’
[4.603s]    [01;36m[KRCLCPP_DISABLE_COPY[m[K(Service)
[4.603s]    [01;36m[K^~~~~~~~~~~~~~~~~~~[m[K
[4.603s] [01m[K/opt/ros/dashing/include/rclcpp/macros.hpp:28:17:[m[K [01;36m[Knote: [m[K  no known conversion for argument 1 from ‘[01m[Krclcpp::Service<std_srvs::srv::Trigger>::SharedPtr {aka std::shared_ptr<rclcpp::Service<std_srvs::srv::Trigger> >}[m[K’ to ‘[01m[Kconst rclcpp::Service<std_srvs::srv::Trigger>&[m[K’
[4.603s]    __VA_ARGS__ & [01;36m[Ko[m[Kperator=(const __VA_ARGS__ &) = delete;
[4.603s]                  [01;36m[K^[m[K
[4.603s] [01m[K/opt/ros/dashing/include/rclcpp/service.hpp:257:3:[m[K [01;36m[Knote: [m[Kin expansion of macro ‘[01m[KRCLCPP_DISABLE_COPY[m[K’
[4.603s]    [01;36m[KRCLCPP_DISABLE_COPY[m[K(Service)
[4.603s]    [01;36m[K^~~~~~~~~~~~~~~~~~~[m[K
[4.604s] [01m[K/home/ubuntu/ros2_ws/src/my_c_srvcli/src/my_c_srv_node.cpp:[m[K In member function ‘[01m[Kvoid my_c_srv_node::server_cb(std_srvs::srv::Trigger::Request, std_srvs::srv::Trigger::Response)[m[K’:
[4.604s] [01m[K/home/ubuntu/ros2_ws/src/my_c_srvcli/src/my_c_srv_node.cpp:31:69:[m[K [01;35m[Kwarning: [m[Kunused parameter ‘[01m[Krequest[m[K’ [[01;35m[K-Wunused-parameter[m[K]
[4.604s]  void my_c_srv_node::server_cb(const std_srvs::srv::Trigger::Request [01;35m[Krequest[m[K,
[4.604s]                                                                      [01;35m[K^~~~~~~[m[K
[4.604s] [01m[K/home/ubuntu/ros2_ws/src/my_c_srvcli/src/my_c_srv_node.cpp:32:70:[m[K [01;35m[Kwarning: [m[Kunused parameter ‘[01m[Kresponse[m[K’ [[01;35m[K-Wunused-parameter[m[K]
[4.604s]                                const std_srvs::srv::Trigger::Response [01;35m[Kresponse[m[K)
[4.604s]                                                                       [01;35m[K^~~~~~~~[m[K
[4.759s] In file included from [01m[K/opt/ros/dashing/include/rclcpp/client.hpp:31:0[m[K,
[4.759s]                  from [01m[K/opt/ros/dashing/include/rclcpp/callback_group.hpp:23[m[K,
[4.759s]                  from [01m[K/opt/ros/dashing/include/rclcpp/any_executable.hpp:20[m[K,
[4.759s]                  from [01m[K/opt/ros/dashing/include/rclcpp/memory_strategy.hpp:24[m[K,
[4.760s]                  from [01m[K/opt/ros/dashing/include/rclcpp/memory_strategies.hpp:18[m[K,
[4.760s]                  from [01m[K/opt/ros/dashing/include/rclcpp/executor.hpp:33[m[K,
[4.760s]                  from [01m[K/opt/ros/dashing/include/rclcpp/executors/multi_threaded_executor.hpp:24[m[K,
[4.760s]                  from [01m[K/opt/ros/dashing/include/rclcpp/executors.hpp:21[m[K,
[4.760s]                  from [01m[K/opt/ros/dashing/include/rclcpp/rclcpp.hpp:144[m[K,
[4.760s]                  from [01m[K/home/ubuntu/ros2_ws/src/my_c_srvcli/src/my_c_srv_node.cpp:2[m[K:
[4.760s] /opt/ros/dashing/include/rclcpp/function_traits.hpp: In instantiation of ‘[01m[Kstruct rclcpp::function_traits::function_traits<void (my_c_srv_node::*)(std_srvs::srv::Trigger_Request_<std::allocator<void> >, std_srvs::srv::Trigger_Response_<std::allocator<void> >)>[m[K’:
[4.760s] [01m[K/opt/ros/dashing/include/rclcpp/function_traits.hpp:159:8:[m[K   required from ‘[01m[Kstruct rclcpp::function_traits::same_arguments<void (my_c_srv_node::*)(std_srvs::srv::Trigger_Request_<std::allocator<void> >, std_srvs::srv::Trigger_Response_<std::allocator<void> >), std::function<void(std::shared_ptr<rmw_request_id_t>, std::shared_ptr<std_srvs::srv::Trigger_Request_<std::allocator<void> > >, std::shared_ptr<std_srvs::srv::Trigger_Response_<std::allocator<void> > >)> >[m[K’
[4.760s] [01m[K/opt/ros/dashing/include/rclcpp/any_service_callback.hpp:77:17:[m[K   required by substitution of ‘[01m[Ktemplate<class CallbackT, typename std::enable_if<rclcpp::function_traits::same_arguments<CallbackT, std::function<void(std::shared_ptr<rmw_request_id_t>, std::shared_ptr<std_srvs::srv::Trigger_Request_<std::allocator<void> > >, std::shared_ptr<std_srvs::srv::Trigger_Response_<std::allocator<void> > >)> >::value, void>::type* <anonymous> > void rclcpp::AnyServiceCallback<std_srvs::srv::Trigger>::set<CallbackT, <enumerator> >(CallbackT) [with CallbackT = void (my_c_srv_node::*)(std_srvs::srv::Trigger_Request_<std::allocator<void> >, std_srvs::srv::Trigger_Response_<std::allocator<void> >); typename std::enable_if<rclcpp::function_traits::same_arguments<CallbackT, std::function<void(std::shared_ptr<rmw_request_id_t>, std::shared_ptr<std_srvs::srv::Trigger_Request_<std::allocator<void> > >, std::shared_ptr<std_srvs::srv::Trigger_Response_<std::allocator<void> > >)> >::value, void>::type* <anonymous> = <missing>][m[K’
[4.760s] [01m[K/opt/ros/dashing/include/rclcpp/create_service.hpp:43:3:[m[K   required from ‘[01m[Ktypename rclcpp::Service<ServiceT>::SharedPtr rclcpp::create_service(std::shared_ptr<rclcpp::node_interfaces::NodeBaseInterface>, std::shared_ptr<rclcpp::node_interfaces::NodeServicesInterface>, const string&, CallbackT&&, const rmw_qos_profile_t&, rclcpp::callback_group::CallbackGroup::SharedPtr) [with ServiceT = std_srvs::srv::Trigger; CallbackT = void (my_c_srv_node::*)(std_srvs::srv::Trigger_Request_<std::allocator<void> >, std_srvs::srv::Trigger_Response_<std::allocator<void> >); typename rclcpp::Service<ServiceT>::SharedPtr = std::shared_ptr<rclcpp::Service<std_srvs::srv::Trigger> >; std::__cxx11::string = std::__cxx11::basic_string<char>; rmw_qos_profile_t = rmw_qos_profile_t; rclcpp::callback_group::CallbackGroup::SharedPtr = std::shared_ptr<rclcpp::callback_group::CallbackGroup>][m[K’
[4.761s] [01m[K/opt/ros/dashing/include/rclcpp/node_impl.hpp:239:53:[m[K   required from ‘[01m[Ktypename rclcpp::Service<ServiceT>::SharedPtr rclcpp::Node::create_service(const string&, CallbackT&&, const rmw_qos_profile_t&, rclcpp::callback_group::CallbackGroup::SharedPtr) [with ServiceT = std_srvs::srv::Trigger; CallbackT = void (my_c_srv_node::*)(std_srvs::srv::Trigger_Request_<std::allocator<void> >, std_srvs::srv::Trigger_Response_<std::allocator<void> >); typename rclcpp::Service<ServiceT>::SharedPtr = std::shared_ptr<rclcpp::Service<std_srvs::srv::Trigger> >; std::__cxx11::string = std::__cxx11::basic_string<char>; rmw_qos_profile_t = rmw_qos_profile_t; rclcpp::callback_group::CallbackGroup::SharedPtr = std::shared_ptr<rclcpp::callback_group::CallbackGroup>][m[K’
[4.761s] [01m[K/home/ubuntu/ros2_ws/src/my_c_srvcli/src/my_c_srv_node.cpp:28:86:[m[K   required from here
[4.761s] [01m[K/opt/ros/dashing/include/rclcpp/function_traits.hpp:52:40:[m[K [01;31m[Kerror: [m[K‘[01m[Koperator()[m[K’ is not a member of ‘[01m[Kvoid (my_c_srv_node::*)(std_srvs::srv::Trigger_Request_<std::allocator<void> >, std_srvs::srv::Trigger_Response_<std::allocator<void> >)[m[K’
[4.761s]      typename function_traits<decltype( [01;31m[K&FunctionT[m[K::operator())>::arguments>::type;
[4.761s]                                         [01;31m[K^~~~~~~~~~[m[K
[4.761s] [01m[K/opt/ros/dashing/include/rclcpp/function_traits.hpp:52:40:[m[K [01;31m[Kerror: [m[K‘[01m[Koperator()[m[K’ is not a member of ‘[01m[Kvoid (my_c_srv_node::*)(std_srvs::srv::Trigger_Request_<std::allocator<void> >, std_srvs::srv::Trigger_Response_<std::allocator<void> >)[m[K’
[4.761s] [01m[K/opt/ros/dashing/include/rclcpp/function_traits.hpp:52:40:[m[K [01;31m[Kerror: [m[K‘[01m[Koperator()[m[K’ is not a member of ‘[01m[Kvoid (my_c_srv_node::*)(std_srvs::srv::Trigger_Request_<std::allocator<void> >, std_srvs::srv::Trigger_Response_<std::allocator<void> >)[m[K’
[4.761s] In file included from [01m[K/opt/ros/dashing/include/rclcpp/node_impl.hpp:40:0[m[K,
[4.761s]                  from [01m[K/opt/ros/dashing/include/rclcpp/node.hpp:1219[m[K,
[4.761s]                  from [01m[K/opt/ros/dashing/include/rclcpp/executors/single_threaded_executor.hpp:28[m[K,
[4.761s]                  from [01m[K/opt/ros/dashing/include/rclcpp/executors.hpp:22[m[K,
[4.761s]                  from [01m[K/opt/ros/dashing/include/rclcpp/rclcpp.hpp:144[m[K,
[4.761s]                  from [01m[K/home/ubuntu/ros2_ws/src/my_c_srvcli/src/my_c_srv_node.cpp:2[m[K:
[4.762s] /opt/ros/dashing/include/rclcpp/create_service.hpp: In instantiation of ‘[01m[Ktypename rclcpp::Service<ServiceT>::SharedPtr rclcpp::create_service(std::shared_ptr<rclcpp::node_interfaces::NodeBaseInterface>, std::shared_ptr<rclcpp::node_interfaces::NodeServicesInterface>, const string&, CallbackT&&, const rmw_qos_profile_t&, rclcpp::callback_group::CallbackGroup::SharedPtr) [with ServiceT = std_srvs::srv::Trigger; CallbackT = void (my_c_srv_node::*)(std_srvs::srv::Trigger_Request_<std::allocator<void> >, std_srvs::srv::Trigger_Response_<std::allocator<void> >); typename rclcpp::Service<ServiceT>::SharedPtr = std::shared_ptr<rclcpp::Service<std_srvs::srv::Trigger> >; std::__cxx11::string = std::__cxx11::basic_string<char>; rmw_qos_profile_t = rmw_qos_profile_t; rclcpp::callback_group::CallbackGroup::SharedPtr = std::shared_ptr<rclcpp::callback_group::CallbackGroup>][m[K’:
[4.762s] [01m[K/opt/ros/dashing/include/rclcpp/node_impl.hpp:239:53:[m[K   required from ‘[01m[Ktypename rclcpp::Service<ServiceT>::SharedPtr rclcpp::Node::create_service(const string&, CallbackT&&, const rmw_qos_profile_t&, rclcpp::callback_group::CallbackGroup::SharedPtr) [with ServiceT = std_srvs::srv::Trigger; CallbackT = void (my_c_srv_node::*)(std_srvs::srv::Trigger_Request_<std::allocator<void> >, std_srvs::srv::Trigger_Response_<std::allocator<void> >); typename rclcpp::Service<ServiceT>::SharedPtr = std::shared_ptr<rclcpp::Service<std_srvs::srv::Trigger> >; std::__cxx11::string = std::__cxx11::basic_string<char>; rmw_qos_profile_t = rmw_qos_profile_t; rclcpp::callback_group::CallbackGroup::SharedPtr = std::shared_ptr<rclcpp::callback_group::CallbackGroup>][m[K’
[4.762s] [01m[K/home/ubuntu/ros2_ws/src/my_c_srvcli/src/my_c_srv_node.cpp:28:86:[m[K   required from here
[4.762s] [01m[K/opt/ros/dashing/include/rclcpp/create_service.hpp:43:3:[m[K [01;31m[Kerror: [m[Kno matching function for call to ‘[01m[Krclcpp::AnyServiceCallback<std_srvs::srv::Trigger>::set(void (my_c_srv_node::*)(std_srvs::srv::Trigger_Request_<std::allocator<void> >, std_srvs::srv::Trigger_Response_<std::allocator<void> >))[m[K’
[4.762s]    [01;31m[Kany_service_callback[m[K.set(std::forward<CallbackT>(callback));
[4.762s]    [01;31m[K^~~~~~~~~~~~~~~~~~~~[m[K
[4.762s] In file included from [01m[K/opt/ros/dashing/include/rclcpp/service.hpp:27:0[m[K,
[4.762s]                  from [01m[K/opt/ros/dashing/include/rclcpp/callback_group.hpp:25[m[K,
[4.762s]                  from [01m[K/opt/ros/dashing/include/rclcpp/any_executable.hpp:20[m[K,
[4.762s]                  from [01m[K/opt/ros/dashing/include/rclcpp/memory_strategy.hpp:24[m[K,
[4.763s]                  from [01m[K/opt/ros/dashing/include/rclcpp/memory_strategies.hpp:18[m[K,
[4.763s]                  from [01m[K/opt/ros/dashing/include/rclcpp/executor.hpp:33[m[K,
[4.763s]                  from [01m[K/opt/ros/dashing/include/rclcpp/executors/multi_threaded_executor.hpp:24[m[K,
[4.763s]                  from [01m[K/opt/ros/dashing/include/rclcpp/executors.hpp:21[m[K,
[4.763s]                  from [01m[K/opt/ros/dashing/include/rclcpp/rclcpp.hpp:144[m[K,
[4.763s]                  from [01m[K/home/ubuntu/ros2_ws/src/my_c_srvcli/src/my_c_srv_node.cpp:2[m[K:
[4.763s] [01m[K/opt/ros/dashing/include/rclcpp/any_service_callback.hpp:65:8:[m[K [01;36m[Knote: [m[Kcandidate: template<class CallbackT, typename std::enable_if<rclcpp::function_traits::same_arguments<CallbackT, std::function<void(std::shared_ptr<std_srvs::srv::Trigger_Request_<std::allocator<void> > >, std::shared_ptr<std_srvs::srv::Trigger_Response_<std::allocator<void> > >)> >::value, void>::type* <anonymous> > void rclcpp::AnyServiceCallback<ServiceT>::set(CallbackT) [with CallbackT = CallbackT; typename std::enable_if<rclcpp::function_traits::same_arguments<CallbackT, std::function<void(std::shared_ptr<typename ServiceT::Request>, std::shared_ptr<typename ServiceT::Response>)> >::value>::type* <anonymous> = <enumerator>; ServiceT = std_srvs::srv::Trigger]
[4.763s]    void [01;36m[Kset[m[K(CallbackT callback)
[4.763s]         [01;36m[K^~~[m[K
[4.763s] [01m[K/opt/ros/dashing/include/rclcpp/any_service_callback.hpp:65:8:[m[K [01;36m[Knote: [m[K  template argument deduction/substitution failed:
[4.763s] [01m[K/opt/ros/dashing/include/rclcpp/any_service_callback.hpp:63:17:[m[K [01;31m[Kerror: [m[K‘[01m[Kvalue[m[K’ is not a member of ‘[01m[Krclcpp::function_traits::same_arguments<void (my_c_srv_node::*)(std_srvs::srv::Trigger_Request_<std::allocator<void> >, std_srvs::srv::Trigger_Response_<std::allocator<void> >), std::function<void(std::shared_ptr<std_srvs::srv::Trigger_Request_<std::allocator<void> > >, std::shared_ptr<std_srvs::srv::Trigger_Response_<std::allocator<void> > >)> >[m[K’
[4.764s]      >::type * = [01;31m[Knullptr[m[K
[4.764s]                  [01;31m[K^~~~~~~[m[K
[4.764s] [01m[K/opt/ros/dashing/include/rclcpp/any_service_callback.hpp:63:17:[m[K [01;36m[Knote: [m[Kinvalid template non-type parameter
[4.764s] [01m[K/opt/ros/dashing/include/rclcpp/any_service_callback.hpp:79:8:[m[K [01;36m[Knote: [m[Kcandidate: template<class CallbackT, typename std::enable_if<rclcpp::function_traits::same_arguments<CallbackT, std::function<void(std::shared_ptr<rmw_request_id_t>, std::shared_ptr<std_srvs::srv::Trigger_Request_<std::allocator<void> > >, std::shared_ptr<std_srvs::srv::Trigger_Response_<std::allocator<void> > >)> >::value, void>::type* <anonymous> > void rclcpp::AnyServiceCallback<ServiceT>::set(CallbackT) [with CallbackT = CallbackT; typename std::enable_if<rclcpp::function_traits::same_arguments<CallbackT, std::function<void(std::shared_ptr<rmw_request_id_t>, std::shared_ptr<typename ServiceT::Request>, std::shared_ptr<typename ServiceT::Response>)> >::value>::type* <anonymous> = <enumerator>; ServiceT = std_srvs::srv::Trigger]
[4.764s]    void [01;36m[Kset[m[K(CallbackT callback)
[4.764s]         [01;36m[K^~~[m[K
[4.765s] [01m[K/opt/ros/dashing/include/rclcpp/any_service_callback.hpp:79:8:[m[K [01;36m[Knote: [m[K  substitution of deduced template arguments resulted in errors seen above
[5.430s] make[2]: *** [CMakeFiles/my_c_srv_node.dir/src/my_c_srv_node.cpp.o] Error 1
[5.430s] CMakeFiles/my_c_srv_node.dir/build.make:62: recipe for target 'CMakeFiles/my_c_srv_node.dir/src/my_c_srv_node.cpp.o' failed
[5.430s] CMakeFiles/Makefile2:136: recipe for target 'CMakeFiles/my_c_srv_node.dir/all' failed
[5.430s] make[1]: *** [CMakeFiles/my_c_srv_node.dir/all] Error 2
[5.431s] make: *** [all] Error 2
[5.431s] Makefile:140: recipe for target 'all' failed
[5.433s] Invoked command in '/home/ubuntu/ros2_ws/build/my_c_srvcli' returned '2': CMAKE_PREFIX_PATH=/opt/ros/dashing /usr/bin/cmake --build /home/ubuntu/ros2_ws/build/my_c_srvcli -- -j4 -l4
