[0.050s] Invoking command in '/home/ubuntu/ros2_ws/build/my_c_topic': CMAKE_PREFIX_PATH=/opt/ros/dashing /usr/bin/cmake --build /home/ubuntu/ros2_ws/build/my_c_topic -- -j4 -l4
[0.684s] [100%] Built target my_c_publisher_node
[0.700s] Invoked command in '/home/ubuntu/ros2_ws/build/my_c_topic' returned '0': CMAKE_PREFIX_PATH=/opt/ros/dashing /usr/bin/cmake --build /home/ubuntu/ros2_ws/build/my_c_topic -- -j4 -l4
[0.758s] Invoking command in '/home/ubuntu/ros2_ws/build/my_c_topic': CMAKE_PREFIX_PATH=/opt/ros/dashing /usr/bin/cmake --build /home/ubuntu/ros2_ws/build/my_c_topic --target install -- -j4 -l4
[0.851s] [100%] Built target my_c_publisher_node
[0.879s] [36mInstall the project...[0m
[0.892s] -- Install configuration: "RelWithDebInfo"
[0.893s] -- Up-to-date: /home/ubuntu/ros2_ws/install/lib/my_c_topic/my_c_publisher_node
[0.893s] -- Up-to-date: /home/ubuntu/ros2_ws/install/share/ament_index/resource_index/package_run_dependencies/my_c_topic
[0.893s] -- Up-to-date: /home/ubuntu/ros2_ws/install/share/ament_index/resource_index/parent_prefix_path/my_c_topic
[0.893s] -- Up-to-date: /home/ubuntu/ros2_ws/install/share/my_c_topic/environment/ament_prefix_path.sh
[0.893s] -- Up-to-date: /home/ubuntu/ros2_ws/install/share/my_c_topic/environment/path.sh
[0.894s] -- Up-to-date: /home/ubuntu/ros2_ws/install/share/my_c_topic/local_setup.bash
[0.894s] -- Up-to-date: /home/ubuntu/ros2_ws/install/share/my_c_topic/local_setup.sh
[0.894s] -- Up-to-date: /home/ubuntu/ros2_ws/install/share/my_c_topic/local_setup.zsh
[0.894s] -- Up-to-date: /home/ubuntu/ros2_ws/install/share/ament_index/resource_index/packages/my_c_topic
[0.894s] -- Up-to-date: /home/ubuntu/ros2_ws/install/share/my_c_topic/cmake/my_c_topicConfig.cmake
[0.895s] -- Up-to-date: /home/ubuntu/ros2_ws/install/share/my_c_topic/cmake/my_c_topicConfig-version.cmake
[0.895s] -- Up-to-date: /home/ubuntu/ros2_ws/install/share/my_c_topic/package.xml
[0.902s] Invoked command in '/home/ubuntu/ros2_ws/build/my_c_topic' returned '0': CMAKE_PREFIX_PATH=/opt/ros/dashing /usr/bin/cmake --build /home/ubuntu/ros2_ws/build/my_c_topic --target install -- -j4 -l4
