[0.036s] Invoking command in '/home/ubuntu/ros2_ws/build/my_c_package': CMAKE_PREFIX_PATH=/opt/ros/dashing /usr/bin/cmake --build /home/ubuntu/ros2_ws/build/my_c_package -- -j4 -l4
[0.103s] [100%] Built target my_c_node
[0.440s] Invoked command in '/home/ubuntu/ros2_ws/build/my_c_package' returned '0': CMAKE_PREFIX_PATH=/opt/ros/dashing /usr/bin/cmake --build /home/ubuntu/ros2_ws/build/my_c_package -- -j4 -l4
[0.623s] Invoking command in '/home/ubuntu/ros2_ws/build/my_c_package': CMAKE_PREFIX_PATH=/opt/ros/dashing /usr/bin/cmake --build /home/ubuntu/ros2_ws/build/my_c_package --target install -- -j4 -l4
[0.790s] [100%] Built target my_c_node
[0.978s] [36mInstall the project...[0m
[1.012s] -- Install configuration: "RelWithDebInfo"
[1.012s] -- Up-to-date: /home/ubuntu/ros2_ws/install/lib/my_c_package/my_c_node
[1.013s] -- Up-to-date: /home/ubuntu/ros2_ws/install/share/ament_index/resource_index/package_run_dependencies/my_c_package
[1.013s] -- Up-to-date: /home/ubuntu/ros2_ws/install/share/ament_index/resource_index/parent_prefix_path/my_c_package
[1.013s] -- Up-to-date: /home/ubuntu/ros2_ws/install/share/my_c_package/environment/ament_prefix_path.sh
[1.013s] -- Up-to-date: /home/ubuntu/ros2_ws/install/share/my_c_package/environment/path.sh
[1.013s] -- Up-to-date: /home/ubuntu/ros2_ws/install/share/my_c_package/local_setup.bash
[1.013s] -- Up-to-date: /home/ubuntu/ros2_ws/install/share/my_c_package/local_setup.sh
[1.013s] -- Up-to-date: /home/ubuntu/ros2_ws/install/share/my_c_package/local_setup.zsh
[1.013s] -- Up-to-date: /home/ubuntu/ros2_ws/install/share/ament_index/resource_index/packages/my_c_package
[1.013s] -- Up-to-date: /home/ubuntu/ros2_ws/install/share/my_c_package/cmake/my_c_packageConfig.cmake
[1.013s] -- Up-to-date: /home/ubuntu/ros2_ws/install/share/my_c_package/cmake/my_c_packageConfig-version.cmake
[1.014s] -- Up-to-date: /home/ubuntu/ros2_ws/install/share/my_c_package/package.xml
[1.031s] Invoked command in '/home/ubuntu/ros2_ws/build/my_c_package' returned '0': CMAKE_PREFIX_PATH=/opt/ros/dashing /usr/bin/cmake --build /home/ubuntu/ros2_ws/build/my_c_package --target install -- -j4 -l4
