-- Found ament_cmake: 0.7.6 (/opt/ros/dashing/share/ament_cmake/cmake)
-- Using PYTHON_EXECUTABLE: /usr/bin/python3
-- Found geometry_msgs: 0.7.1 (/opt/ros/dashing/share/geometry_msgs/cmake)
-- Found rosidl_adapter: 0.7.10 (/opt/ros/dashing/share/rosidl_adapter/cmake)
-- Found rclcpp: 0.7.16 (/opt/ros/dashing/share/rclcpp/cmake)
-- Found rmw_implementation_cmake: 0.7.2 (/opt/ros/dashing/share/rmw_implementation_cmake/cmake)
-- Using RMW implementation 'rmw_fastrtps_cpp' as default
-- Found ament_lint_auto: 0.7.12 (/opt/ros/dashing/share/ament_lint_auto/cmake)
-- Added test 'copyright' to check for copyright in CMake / C / C++ / Python code
-- Added test 'cppcheck' to perform static code analysis on C / C++ code
-- Configured cppcheck include dirs: $<BUILD_INTERFACE:/home/ubuntu/ros2_ws/src/my_c_topic/include>
-- Added test 'cpplint' to check C / C++ code against the Google style
-- Added test 'lint_cmake' to check CMake code style
-- Added test 'uncrustify' to check C / C++ code style
-- Added test 'xmllint' to check XML markup files
-- Configuring done
-- Generating done
-- Build files have been written to: /home/ubuntu/ros2_ws/build/my_c_topic
[35m[1mScanning dependencies of target my_c_publisher_node[0m
[ 50%] [32mBuilding CXX object CMakeFiles/my_c_publisher_node.dir/src/my_c_publisher_node.cpp.o[0m
[100%] [32m[1mLinking CXX executable my_c_publisher_node[0m
[100%] Built target my_c_publisher_node
[100%] Built target my_c_publisher_node
[36mInstall the project...[0m
-- Install configuration: "RelWithDebInfo"
-- Installing: /home/ubuntu/ros2_ws/install/lib/my_c_topic/my_c_publisher_node
-- Set runtime path of "/home/ubuntu/ros2_ws/install/lib/my_c_topic/my_c_publisher_node" to ""
-- Installing: /home/ubuntu/ros2_ws/install/share/ament_index/resource_index/package_run_dependencies/my_c_topic
-- Installing: /home/ubuntu/ros2_ws/install/share/ament_index/resource_index/parent_prefix_path/my_c_topic
-- Installing: /home/ubuntu/ros2_ws/install/share/my_c_topic/environment/ament_prefix_path.sh
-- Installing: /home/ubuntu/ros2_ws/install/share/my_c_topic/environment/path.sh
-- Installing: /home/ubuntu/ros2_ws/install/share/my_c_topic/local_setup.bash
-- Installing: /home/ubuntu/ros2_ws/install/share/my_c_topic/local_setup.sh
-- Installing: /home/ubuntu/ros2_ws/install/share/my_c_topic/local_setup.zsh
-- Installing: /home/ubuntu/ros2_ws/install/share/ament_index/resource_index/packages/my_c_topic
-- Installing: /home/ubuntu/ros2_ws/install/share/my_c_topic/cmake/my_c_topicConfig.cmake
-- Installing: /home/ubuntu/ros2_ws/install/share/my_c_topic/cmake/my_c_topicConfig-version.cmake
-- Installing: /home/ubuntu/ros2_ws/install/share/my_c_topic/package.xml
