-- The C compiler identification is GNU 7.5.0
-- The CXX compiler identification is GNU 7.5.0
-- Check for working C compiler: /usr/bin/cc
-- Check for working C compiler: /usr/bin/cc -- works
-- Detecting C compiler ABI info
-- Detecting C compiler ABI info - done
-- Detecting C compile features
-- Detecting C compile features - done
-- Check for working CXX compiler: /usr/bin/c++
-- Check for working CXX compiler: /usr/bin/c++ -- works
-- Detecting CXX compiler ABI info
-- Detecting CXX compiler ABI info - done
-- Detecting CXX compile features
-- Detecting CXX compile features - done
-- Found ament_cmake: 0.7.6 (/opt/ros/dashing/share/ament_cmake/cmake)
-- Found PythonInterp: /usr/bin/python3 (found suitable version "3.6.9", minimum required is "3") 
-- Using PYTHON_EXECUTABLE: /usr/bin/python3
-- Found geometry_msgs: 0.7.1 (/opt/ros/dashing/share/geometry_msgs/cmake)
-- Found rosidl_adapter: 0.7.10 (/opt/ros/dashing/share/rosidl_adapter/cmake)
-- Found rclcpp: 0.7.16 (/opt/ros/dashing/share/rclcpp/cmake)
-- Found rmw_implementation_cmake: 0.7.2 (/opt/ros/dashing/share/rmw_implementation_cmake/cmake)
-- Using RMW implementation 'rmw_fastrtps_cpp' as default
-- Looking for pthread.h
-- Looking for pthread.h - found
-- Looking for pthread_create
-- Looking for pthread_create - not found
-- Looking for pthread_create in pthreads
-- Looking for pthread_create in pthreads - not found
-- Looking for pthread_create in pthread
-- Looking for pthread_create in pthread - found
-- Found Threads: TRUE  
-- Found ament_lint_auto: 0.7.12 (/opt/ros/dashing/share/ament_lint_auto/cmake)
Error parsing '/home/ubuntu/ros2_ws/src/my_c_topic/package.xml':
Traceback (most recent call last):
  File "/opt/ros/dashing/share/ament_cmake_core/cmake/core/package_xml_2_cmake.py", line 143, in <module>
    main()
  File "/opt/ros/dashing/share/ament_cmake_core/cmake/core/package_xml_2_cmake.py", line 52, in main
    raise e
  File "/opt/ros/dashing/share/ament_cmake_core/cmake/core/package_xml_2_cmake.py", line 49, in main
    args.package_xml.read(), filename=args.package_xml.name)
  File "/usr/lib/python3/dist-packages/catkin_pkg/package.py", line 774, in parse_package_string
    pkg.validate(warnings=warnings)
  File "/usr/lib/python3/dist-packages/catkin_pkg/package.py", line 317, in validate
    raise InvalidPackage('\n'.join(errors), self.filename)
catkin_pkg.package.InvalidPackage: Error(s) in package '/home/ubuntu/ros2_ws/src/my_c_topic/package.xml':
Invalid email " " for person "ubuntu"
CMake Error at /opt/ros/dashing/share/ament_cmake_core/cmake/core/ament_package_xml.cmake:94 (message):
  execute_process(/usr/bin/python3
  /opt/ros/dashing/share/ament_cmake_core/cmake/core/package_xml_2_cmake.py
  /home/ubuntu/ros2_ws/src/my_c_topic/package.xml
  /home/ubuntu/ros2_ws/build/my_c_topic/ament_cmake_core/package.cmake)
  returned error code 1
Call Stack (most recent call first):
  /opt/ros/dashing/share/ament_cmake_core/cmake/core/ament_package_xml.cmake:49 (_ament_package_xml)
  /opt/ros/dashing/share/ament_lint_auto/cmake/ament_lint_auto_find_test_dependencies.cmake:31 (ament_package_xml)
  CMakeLists.txt:46 (ament_lint_auto_find_test_dependencies)


-- Configuring incomplete, errors occurred!
See also "/home/ubuntu/ros2_ws/build/my_c_topic/CMakeFiles/CMakeOutput.log".
See also "/home/ubuntu/ros2_ws/build/my_c_topic/CMakeFiles/CMakeError.log".
