[0.033s] Invoking command in '/home/ubuntu/ros2_ws/build/my_c_topic': CMAKE_PREFIX_PATH=/opt/ros/dashing /usr/bin/cmake --build /home/ubuntu/ros2_ws/build/my_c_topic -- -j4 -l4
[0.081s] [35m[1mScanning dependencies of target my_c_publisher_node[0m
[0.107s] [ 50%] [32mBuilding CXX object CMakeFiles/my_c_publisher_node.dir/src/my_c_publisher_node.cpp.o[0m
[3.672s] [100%] [32m[1mLinking CXX executable my_c_publisher_node[0m
[3.947s] [100%] Built target my_c_publisher_node
[3.962s] Invoked command in '/home/ubuntu/ros2_ws/build/my_c_topic' returned '0': CMAKE_PREFIX_PATH=/opt/ros/dashing /usr/bin/cmake --build /home/ubuntu/ros2_ws/build/my_c_topic -- -j4 -l4
[3.989s] Invoking command in '/home/ubuntu/ros2_ws/build/my_c_topic': CMAKE_PREFIX_PATH=/opt/ros/dashing /usr/bin/cmake --build /home/ubuntu/ros2_ws/build/my_c_topic --target install -- -j4 -l4
[4.047s] [100%] Built target my_c_publisher_node
[4.068s] [36mInstall the project...[0m
[4.077s] -- Install configuration: "RelWithDebInfo"
[4.077s] -- Installing: /home/ubuntu/ros2_ws/install/lib/my_c_topic/my_c_publisher_node
[4.079s] -- Set runtime path of "/home/ubuntu/ros2_ws/install/lib/my_c_topic/my_c_publisher_node" to ""
[4.079s] -- Up-to-date: /home/ubuntu/ros2_ws/install/share/ament_index/resource_index/package_run_dependencies/my_c_topic
[4.080s] -- Up-to-date: /home/ubuntu/ros2_ws/install/share/ament_index/resource_index/parent_prefix_path/my_c_topic
[4.080s] -- Up-to-date: /home/ubuntu/ros2_ws/install/share/my_c_topic/environment/ament_prefix_path.sh
[4.080s] -- Up-to-date: /home/ubuntu/ros2_ws/install/share/my_c_topic/environment/path.sh
[4.080s] -- Up-to-date: /home/ubuntu/ros2_ws/install/share/my_c_topic/local_setup.bash
[4.080s] -- Up-to-date: /home/ubuntu/ros2_ws/install/share/my_c_topic/local_setup.sh
[4.080s] -- Up-to-date: /home/ubuntu/ros2_ws/install/share/my_c_topic/local_setup.zsh
[4.080s] -- Up-to-date: /home/ubuntu/ros2_ws/install/share/ament_index/resource_index/packages/my_c_topic
[4.081s] -- Up-to-date: /home/ubuntu/ros2_ws/install/share/my_c_topic/cmake/my_c_topicConfig.cmake
[4.081s] -- Up-to-date: /home/ubuntu/ros2_ws/install/share/my_c_topic/cmake/my_c_topicConfig-version.cmake
[4.081s] -- Up-to-date: /home/ubuntu/ros2_ws/install/share/my_c_topic/package.xml
[4.085s] Invoked command in '/home/ubuntu/ros2_ws/build/my_c_topic' returned '0': CMAKE_PREFIX_PATH=/opt/ros/dashing /usr/bin/cmake --build /home/ubuntu/ros2_ws/build/my_c_topic --target install -- -j4 -l4
