[0.037s] Invoking command in '/home/ubuntu/ros2_ws/build/my_c_srvcli': CMAKE_PREFIX_PATH=/opt/ros/dashing /usr/bin/cmake --build /home/ubuntu/ros2_ws/build/my_c_srvcli -- -j4 -l4
[0.362s] [35m[1mScanning dependencies of target my_c_srv_node[0m
[0.362s] [ 50%] Built target my_c_cli_node
[0.363s] [ 75%] [32mBuilding CXX object CMakeFiles/my_c_srv_node.dir/src/my_c_srv_node.cpp.o[0m
[3.674s] [01m[K/home/ubuntu/ros2_ws/src/my_c_srvcli/src/my_c_srv_node.cpp:[m[K In constructor ‘[01m[Kmy_c_srv_node::my_c_srv_node()[m[K’:
[3.674s] [01m[K/home/ubuntu/ros2_ws/src/my_c_srvcli/src/my_c_srv_node.cpp:28:62:[m[K [01;31m[Kerror: [m[KISO C++ forbids taking the address of an unqualified or parenthesized non-static member function to form a pointer to member function.  Say ‘[01m[K&my_c_srv_node::server_cb[m[K’ [[01;31m[K-fpermissive[m[K]
[3.674s]                                                              &[01;31m[Kserver_cb[m[K);
[3.675s]                                                               [01;31m[K^~~~~~~~~[m[K
[3.681s] [01m[K/home/ubuntu/ros2_ws/src/my_c_srvcli/src/my_c_srv_node.cpp:[m[K In member function ‘[01m[Kvoid my_c_srv_node::server_cb(std::shared_ptr<std_srvs::srv::Trigger_Request_<std::allocator<void> > >, std::shared_ptr<std_srvs::srv::Trigger_Response_<std::allocator<void> > >)[m[K’:
[3.681s] [01m[K/home/ubuntu/ros2_ws/src/my_c_srvcli/src/my_c_srv_node.cpp:31:86:[m[K [01;35m[Kwarning: [m[Kunused parameter ‘[01m[Krequest[m[K’ [[01;35m[K-Wunused-parameter[m[K]
[3.682s]  void my_c_srv_node::server_cb(const std::shared_ptr<std_srvs::srv::Trigger::Request> [01;35m[Krequest[m[K,
[3.682s]                                                                                       [01;35m[K^~~~~~~[m[K
[3.682s] [01m[K/home/ubuntu/ros2_ws/src/my_c_srvcli/src/my_c_srv_node.cpp:32:87:[m[K [01;35m[Kwarning: [m[Kunused parameter ‘[01m[Kresponse[m[K’ [[01;35m[K-Wunused-parameter[m[K]
[3.682s]                                const std::shared_ptr<std_srvs::srv::Trigger::Response> [01;35m[Kresponse[m[K)
[3.682s]                                                                                        [01;35m[K^~~~~~~~[m[K
[3.808s] In file included from [01m[K/opt/ros/dashing/include/rclcpp/client.hpp:31:0[m[K,
[3.809s]                  from [01m[K/opt/ros/dashing/include/rclcpp/callback_group.hpp:23[m[K,
[3.809s]                  from [01m[K/opt/ros/dashing/include/rclcpp/any_executable.hpp:20[m[K,
[3.809s]                  from [01m[K/opt/ros/dashing/include/rclcpp/memory_strategy.hpp:24[m[K,
[3.809s]                  from [01m[K/opt/ros/dashing/include/rclcpp/memory_strategies.hpp:18[m[K,
[3.809s]                  from [01m[K/opt/ros/dashing/include/rclcpp/executor.hpp:33[m[K,
[3.809s]                  from [01m[K/opt/ros/dashing/include/rclcpp/executors/multi_threaded_executor.hpp:24[m[K,
[3.809s]                  from [01m[K/opt/ros/dashing/include/rclcpp/executors.hpp:21[m[K,
[3.809s]                  from [01m[K/opt/ros/dashing/include/rclcpp/rclcpp.hpp:144[m[K,
[3.809s]                  from [01m[K/home/ubuntu/ros2_ws/src/my_c_srvcli/src/my_c_srv_node.cpp:2[m[K:
[3.809s] /opt/ros/dashing/include/rclcpp/function_traits.hpp: In instantiation of ‘[01m[Kstruct rclcpp::function_traits::function_traits<void (my_c_srv_node::*)(std::shared_ptr<std_srvs::srv::Trigger_Request_<std::allocator<void> > >, std::shared_ptr<std_srvs::srv::Trigger_Response_<std::allocator<void> > >)>[m[K’:
[3.809s] [01m[K/opt/ros/dashing/include/rclcpp/function_traits.hpp:159:8:[m[K   required from ‘[01m[Kstruct rclcpp::function_traits::same_arguments<void (my_c_srv_node::*)(std::shared_ptr<std_srvs::srv::Trigger_Request_<std::allocator<void> > >, std::shared_ptr<std_srvs::srv::Trigger_Response_<std::allocator<void> > >), std::function<void(std::shared_ptr<rmw_request_id_t>, std::shared_ptr<std_srvs::srv::Trigger_Request_<std::allocator<void> > >, std::shared_ptr<std_srvs::srv::Trigger_Response_<std::allocator<void> > >)> >[m[K’
[3.809s] [01m[K/opt/ros/dashing/include/rclcpp/any_service_callback.hpp:77:17:[m[K   required by substitution of ‘[01m[Ktemplate<class CallbackT, typename std::enable_if<rclcpp::function_traits::same_arguments<CallbackT, std::function<void(std::shared_ptr<rmw_request_id_t>, std::shared_ptr<std_srvs::srv::Trigger_Request_<std::allocator<void> > >, std::shared_ptr<std_srvs::srv::Trigger_Response_<std::allocator<void> > >)> >::value, void>::type* <anonymous> > void rclcpp::AnyServiceCallback<std_srvs::srv::Trigger>::set<CallbackT, <enumerator> >(CallbackT) [with CallbackT = void (my_c_srv_node::*)(std::shared_ptr<std_srvs::srv::Trigger_Request_<std::allocator<void> > >, std::shared_ptr<std_srvs::srv::Trigger_Response_<std::allocator<void> > >); typename std::enable_if<rclcpp::function_traits::same_arguments<CallbackT, std::function<void(std::shared_ptr<rmw_request_id_t>, std::shared_ptr<std_srvs::srv::Trigger_Request_<std::allocator<void> > >, std::shared_ptr<std_srvs::srv::Trigger_Response_<std::allocator<void> > >)> >::value, void>::type* <anonymous> = <missing>][m[K’
[3.809s] [01m[K/opt/ros/dashing/include/rclcpp/create_service.hpp:43:3:[m[K   required from ‘[01m[Ktypename rclcpp::Service<ServiceT>::SharedPtr rclcpp::create_service(std::shared_ptr<rclcpp::node_interfaces::NodeBaseInterface>, std::shared_ptr<rclcpp::node_interfaces::NodeServicesInterface>, const string&, CallbackT&&, const rmw_qos_profile_t&, rclcpp::callback_group::CallbackGroup::SharedPtr) [with ServiceT = std_srvs::srv::Trigger; CallbackT = void (my_c_srv_node::*)(std::shared_ptr<std_srvs::srv::Trigger_Request_<std::allocator<void> > >, std::shared_ptr<std_srvs::srv::Trigger_Response_<std::allocator<void> > >); typename rclcpp::Service<ServiceT>::SharedPtr = std::shared_ptr<rclcpp::Service<std_srvs::srv::Trigger> >; std::__cxx11::string = std::__cxx11::basic_string<char>; rmw_qos_profile_t = rmw_qos_profile_t; rclcpp::callback_group::CallbackGroup::SharedPtr = std::shared_ptr<rclcpp::callback_group::CallbackGroup>][m[K’
[3.809s] [01m[K/opt/ros/dashing/include/rclcpp/node_impl.hpp:239:53:[m[K   required from ‘[01m[Ktypename rclcpp::Service<ServiceT>::SharedPtr rclcpp::Node::create_service(const string&, CallbackT&&, const rmw_qos_profile_t&, rclcpp::callback_group::CallbackGroup::SharedPtr) [with ServiceT = std_srvs::srv::Trigger; CallbackT = void (my_c_srv_node::*)(std::shared_ptr<std_srvs::srv::Trigger_Request_<std::allocator<void> > >, std::shared_ptr<std_srvs::srv::Trigger_Response_<std::allocator<void> > >); typename rclcpp::Service<ServiceT>::SharedPtr = std::shared_ptr<rclcpp::Service<std_srvs::srv::Trigger> >; std::__cxx11::string = std::__cxx11::basic_string<char>; rmw_qos_profile_t = rmw_qos_profile_t; rclcpp::callback_group::CallbackGroup::SharedPtr = std::shared_ptr<rclcpp::callback_group::CallbackGroup>][m[K’
[3.810s] [01m[K/home/ubuntu/ros2_ws/src/my_c_srvcli/src/my_c_srv_node.cpp:28:71:[m[K   required from here
[3.810s] [01m[K/opt/ros/dashing/include/rclcpp/function_traits.hpp:52:40:[m[K [01;31m[Kerror: [m[K‘[01m[Koperator()[m[K’ is not a member of ‘[01m[Kvoid (my_c_srv_node::*)(std::shared_ptr<std_srvs::srv::Trigger_Request_<std::allocator<void> > >, std::shared_ptr<std_srvs::srv::Trigger_Response_<std::allocator<void> > >)[m[K’
[3.810s]      typename function_traits<decltype( [01;31m[K&FunctionT[m[K::operator())>::arguments>::type;
[3.810s]                                         [01;31m[K^~~~~~~~~~[m[K
[3.810s] [01m[K/opt/ros/dashing/include/rclcpp/function_traits.hpp:52:40:[m[K [01;31m[Kerror: [m[K‘[01m[Koperator()[m[K’ is not a member of ‘[01m[Kvoid (my_c_srv_node::*)(std::shared_ptr<std_srvs::srv::Trigger_Request_<std::allocator<void> > >, std::shared_ptr<std_srvs::srv::Trigger_Response_<std::allocator<void> > >)[m[K’
[3.810s] [01m[K/opt/ros/dashing/include/rclcpp/function_traits.hpp:52:40:[m[K [01;31m[Kerror: [m[K‘[01m[Koperator()[m[K’ is not a member of ‘[01m[Kvoid (my_c_srv_node::*)(std::shared_ptr<std_srvs::srv::Trigger_Request_<std::allocator<void> > >, std::shared_ptr<std_srvs::srv::Trigger_Response_<std::allocator<void> > >)[m[K’
[3.810s] In file included from [01m[K/opt/ros/dashing/include/rclcpp/node_impl.hpp:40:0[m[K,
[3.810s]                  from [01m[K/opt/ros/dashing/include/rclcpp/node.hpp:1219[m[K,
[3.810s]                  from [01m[K/opt/ros/dashing/include/rclcpp/executors/single_threaded_executor.hpp:28[m[K,
[3.810s]                  from [01m[K/opt/ros/dashing/include/rclcpp/executors.hpp:22[m[K,
[3.810s]                  from [01m[K/opt/ros/dashing/include/rclcpp/rclcpp.hpp:144[m[K,
[3.810s]                  from [01m[K/home/ubuntu/ros2_ws/src/my_c_srvcli/src/my_c_srv_node.cpp:2[m[K:
[3.810s] /opt/ros/dashing/include/rclcpp/create_service.hpp: In instantiation of ‘[01m[Ktypename rclcpp::Service<ServiceT>::SharedPtr rclcpp::create_service(std::shared_ptr<rclcpp::node_interfaces::NodeBaseInterface>, std::shared_ptr<rclcpp::node_interfaces::NodeServicesInterface>, const string&, CallbackT&&, const rmw_qos_profile_t&, rclcpp::callback_group::CallbackGroup::SharedPtr) [with ServiceT = std_srvs::srv::Trigger; CallbackT = void (my_c_srv_node::*)(std::shared_ptr<std_srvs::srv::Trigger_Request_<std::allocator<void> > >, std::shared_ptr<std_srvs::srv::Trigger_Response_<std::allocator<void> > >); typename rclcpp::Service<ServiceT>::SharedPtr = std::shared_ptr<rclcpp::Service<std_srvs::srv::Trigger> >; std::__cxx11::string = std::__cxx11::basic_string<char>; rmw_qos_profile_t = rmw_qos_profile_t; rclcpp::callback_group::CallbackGroup::SharedPtr = std::shared_ptr<rclcpp::callback_group::CallbackGroup>][m[K’:
[3.810s] [01m[K/opt/ros/dashing/include/rclcpp/node_impl.hpp:239:53:[m[K   required from ‘[01m[Ktypename rclcpp::Service<ServiceT>::SharedPtr rclcpp::Node::create_service(const string&, CallbackT&&, const rmw_qos_profile_t&, rclcpp::callback_group::CallbackGroup::SharedPtr) [with ServiceT = std_srvs::srv::Trigger; CallbackT = void (my_c_srv_node::*)(std::shared_ptr<std_srvs::srv::Trigger_Request_<std::allocator<void> > >, std::shared_ptr<std_srvs::srv::Trigger_Response_<std::allocator<void> > >); typename rclcpp::Service<ServiceT>::SharedPtr = std::shared_ptr<rclcpp::Service<std_srvs::srv::Trigger> >; std::__cxx11::string = std::__cxx11::basic_string<char>; rmw_qos_profile_t = rmw_qos_profile_t; rclcpp::callback_group::CallbackGroup::SharedPtr = std::shared_ptr<rclcpp::callback_group::CallbackGroup>][m[K’
[3.810s] [01m[K/home/ubuntu/ros2_ws/src/my_c_srvcli/src/my_c_srv_node.cpp:28:71:[m[K   required from here
[3.811s] [01m[K/opt/ros/dashing/include/rclcpp/create_service.hpp:43:3:[m[K [01;31m[Kerror: [m[Kno matching function for call to ‘[01m[Krclcpp::AnyServiceCallback<std_srvs::srv::Trigger>::set(void (my_c_srv_node::*)(std::shared_ptr<std_srvs::srv::Trigger_Request_<std::allocator<void> > >, std::shared_ptr<std_srvs::srv::Trigger_Response_<std::allocator<void> > >))[m[K’
[3.811s]    [01;31m[Kany_service_callback[m[K.set(std::forward<CallbackT>(callback));
[3.811s]    [01;31m[K^~~~~~~~~~~~~~~~~~~~[m[K
[3.811s] In file included from [01m[K/opt/ros/dashing/include/rclcpp/service.hpp:27:0[m[K,
[3.811s]                  from [01m[K/opt/ros/dashing/include/rclcpp/callback_group.hpp:25[m[K,
[3.811s]                  from [01m[K/opt/ros/dashing/include/rclcpp/any_executable.hpp:20[m[K,
[3.811s]                  from [01m[K/opt/ros/dashing/include/rclcpp/memory_strategy.hpp:24[m[K,
[3.811s]                  from [01m[K/opt/ros/dashing/include/rclcpp/memory_strategies.hpp:18[m[K,
[3.811s]                  from [01m[K/opt/ros/dashing/include/rclcpp/executor.hpp:33[m[K,
[3.811s]                  from [01m[K/opt/ros/dashing/include/rclcpp/executors/multi_threaded_executor.hpp:24[m[K,
[3.811s]                  from [01m[K/opt/ros/dashing/include/rclcpp/executors.hpp:21[m[K,
[3.811s]                  from [01m[K/opt/ros/dashing/include/rclcpp/rclcpp.hpp:144[m[K,
[3.811s]                  from [01m[K/home/ubuntu/ros2_ws/src/my_c_srvcli/src/my_c_srv_node.cpp:2[m[K:
[3.811s] [01m[K/opt/ros/dashing/include/rclcpp/any_service_callback.hpp:65:8:[m[K [01;36m[Knote: [m[Kcandidate: template<class CallbackT, typename std::enable_if<rclcpp::function_traits::same_arguments<CallbackT, std::function<void(std::shared_ptr<std_srvs::srv::Trigger_Request_<std::allocator<void> > >, std::shared_ptr<std_srvs::srv::Trigger_Response_<std::allocator<void> > >)> >::value, void>::type* <anonymous> > void rclcpp::AnyServiceCallback<ServiceT>::set(CallbackT) [with CallbackT = CallbackT; typename std::enable_if<rclcpp::function_traits::same_arguments<CallbackT, std::function<void(std::shared_ptr<typename ServiceT::Request>, std::shared_ptr<typename ServiceT::Response>)> >::value>::type* <anonymous> = <enumerator>; ServiceT = std_srvs::srv::Trigger]
[3.811s]    void [01;36m[Kset[m[K(CallbackT callback)
[3.812s]         [01;36m[K^~~[m[K
[3.812s] [01m[K/opt/ros/dashing/include/rclcpp/any_service_callback.hpp:65:8:[m[K [01;36m[Knote: [m[K  template argument deduction/substitution failed:
[3.812s] [01m[K/opt/ros/dashing/include/rclcpp/any_service_callback.hpp:63:17:[m[K [01;31m[Kerror: [m[K‘[01m[Kvalue[m[K’ is not a member of ‘[01m[Krclcpp::function_traits::same_arguments<void (my_c_srv_node::*)(std::shared_ptr<std_srvs::srv::Trigger_Request_<std::allocator<void> > >, std::shared_ptr<std_srvs::srv::Trigger_Response_<std::allocator<void> > >), std::function<void(std::shared_ptr<std_srvs::srv::Trigger_Request_<std::allocator<void> > >, std::shared_ptr<std_srvs::srv::Trigger_Response_<std::allocator<void> > >)> >[m[K’
[3.812s]      >::type * = [01;31m[Knullptr[m[K
[3.812s]                  [01;31m[K^~~~~~~[m[K
[3.812s] [01m[K/opt/ros/dashing/include/rclcpp/any_service_callback.hpp:63:17:[m[K [01;36m[Knote: [m[Kinvalid template non-type parameter
[3.812s] [01m[K/opt/ros/dashing/include/rclcpp/any_service_callback.hpp:79:8:[m[K [01;36m[Knote: [m[Kcandidate: template<class CallbackT, typename std::enable_if<rclcpp::function_traits::same_arguments<CallbackT, std::function<void(std::shared_ptr<rmw_request_id_t>, std::shared_ptr<std_srvs::srv::Trigger_Request_<std::allocator<void> > >, std::shared_ptr<std_srvs::srv::Trigger_Response_<std::allocator<void> > >)> >::value, void>::type* <anonymous> > void rclcpp::AnyServiceCallback<ServiceT>::set(CallbackT) [with CallbackT = CallbackT; typename std::enable_if<rclcpp::function_traits::same_arguments<CallbackT, std::function<void(std::shared_ptr<rmw_request_id_t>, std::shared_ptr<typename ServiceT::Request>, std::shared_ptr<typename ServiceT::Response>)> >::value>::type* <anonymous> = <enumerator>; ServiceT = std_srvs::srv::Trigger]
[3.812s]    void [01;36m[Kset[m[K(CallbackT callback)
[3.812s]         [01;36m[K^~~[m[K
[3.812s] [01m[K/opt/ros/dashing/include/rclcpp/any_service_callback.hpp:79:8:[m[K [01;36m[Knote: [m[K  substitution of deduced template arguments resulted in errors seen above
[4.103s] make[2]: *** [CMakeFiles/my_c_srv_node.dir/src/my_c_srv_node.cpp.o] Error 1
[4.104s] CMakeFiles/my_c_srv_node.dir/build.make:62: recipe for target 'CMakeFiles/my_c_srv_node.dir/src/my_c_srv_node.cpp.o' failed
[4.104s] CMakeFiles/Makefile2:136: recipe for target 'CMakeFiles/my_c_srv_node.dir/all' failed
[4.104s] make[1]: *** [CMakeFiles/my_c_srv_node.dir/all] Error 2
[4.104s] Makefile:140: recipe for target 'all' failed
[4.104s] make: *** [all] Error 2
[4.108s] Invoked command in '/home/ubuntu/ros2_ws/build/my_c_srvcli' returned '2': CMAKE_PREFIX_PATH=/opt/ros/dashing /usr/bin/cmake --build /home/ubuntu/ros2_ws/build/my_c_srvcli -- -j4 -l4
