[3.962s] Invoking command in '/home/ubuntu/ros2_ws/src/my_py_package': PYTHONPATH=/home/ubuntu/ros2_ws/install/my_py_package/lib/python3.6/site-packages:${PYTHONPATH} /usr/bin/python3 setup.py egg_info --egg-base ../../build/my_py_package build --build-base /home/ubuntu/ros2_ws/build/my_py_package/build install --prefix /home/ubuntu/ros2_ws/install/my_py_package --record /home/ubuntu/ros2_ws/build/my_py_package/install.log --single-version-externally-managed
[4.195s] /home/ubuntu/.local/lib/python3.6/site-packages/setuptools/dist.py:726: UserWarning: Usage of dash-separated 'script-dir' will not be supported in future versions. Please use the underscore name 'script_dir' instead
[4.196s]   % (opt, underscore_opt)
[4.196s] /home/ubuntu/.local/lib/python3.6/site-packages/setuptools/dist.py:726: UserWarning: Usage of dash-separated 'install-scripts' will not be supported in future versions. Please use the underscore name 'install_scripts' instead
[4.197s]   % (opt, underscore_opt)
[4.223s] running egg_info
[4.224s] creating ../../build/my_py_package/my_py_package.egg-info
[4.224s] writing ../../build/my_py_package/my_py_package.egg-info/PKG-INFO
[4.224s] writing dependency_links to ../../build/my_py_package/my_py_package.egg-info/dependency_links.txt
[4.224s] writing entry points to ../../build/my_py_package/my_py_package.egg-info/entry_points.txt
[4.224s] writing requirements to ../../build/my_py_package/my_py_package.egg-info/requires.txt
[4.224s] writing top-level names to ../../build/my_py_package/my_py_package.egg-info/top_level.txt
[4.224s] writing manifest file '../../build/my_py_package/my_py_package.egg-info/SOURCES.txt'
[4.226s] reading manifest file '../../build/my_py_package/my_py_package.egg-info/SOURCES.txt'
[4.227s] writing manifest file '../../build/my_py_package/my_py_package.egg-info/SOURCES.txt'
[4.227s] running build
[4.228s] running build_py
[4.228s] creating /home/ubuntu/ros2_ws/build/my_py_package/build
[4.228s] creating /home/ubuntu/ros2_ws/build/my_py_package/build/lib
[4.228s] creating /home/ubuntu/ros2_ws/build/my_py_package/build/lib/my_py_package
[4.229s] copying my_py_package/my_py_node.py -> /home/ubuntu/ros2_ws/build/my_py_package/build/lib/my_py_package
[4.229s] copying my_py_package/__init__.py -> /home/ubuntu/ros2_ws/build/my_py_package/build/lib/my_py_package
[4.229s] running install
[4.259s] /home/ubuntu/.local/lib/python3.6/site-packages/setuptools/command/install.py:37: SetuptoolsDeprecationWarning: setup.py install is deprecated. Use build and pip and other standards-based tools.
[4.259s]   setuptools.SetuptoolsDeprecationWarning,
[4.259s] running install_lib
[4.260s] creating /home/ubuntu/ros2_ws/install/my_py_package/lib/python3.6/site-packages/my_py_package
[4.260s] copying /home/ubuntu/ros2_ws/build/my_py_package/build/lib/my_py_package/my_py_node.py -> /home/ubuntu/ros2_ws/install/my_py_package/lib/python3.6/site-packages/my_py_package
[4.261s] copying /home/ubuntu/ros2_ws/build/my_py_package/build/lib/my_py_package/__init__.py -> /home/ubuntu/ros2_ws/install/my_py_package/lib/python3.6/site-packages/my_py_package
[4.261s] byte-compiling /home/ubuntu/ros2_ws/install/my_py_package/lib/python3.6/site-packages/my_py_package/my_py_node.py to my_py_node.cpython-36.pyc
[4.261s] byte-compiling /home/ubuntu/ros2_ws/install/my_py_package/lib/python3.6/site-packages/my_py_package/__init__.py to __init__.cpython-36.pyc
[4.261s] running install_data
[4.261s] creating /home/ubuntu/ros2_ws/install/my_py_package/share/ament_index
[4.261s] creating /home/ubuntu/ros2_ws/install/my_py_package/share/ament_index/resource_index
[4.261s] creating /home/ubuntu/ros2_ws/install/my_py_package/share/ament_index/resource_index/packages
[4.262s] copying resource/my_py_package -> /home/ubuntu/ros2_ws/install/my_py_package/share/ament_index/resource_index/packages
[4.262s] copying package.xml -> /home/ubuntu/ros2_ws/install/my_py_package/share/my_py_package
[4.262s] running install_egg_info
[4.264s] Copying ../../build/my_py_package/my_py_package.egg-info to /home/ubuntu/ros2_ws/install/my_py_package/lib/python3.6/site-packages/my_py_package-0.0.0-py3.6.egg-info
[4.264s] running install_scripts
[4.279s] Installing my_py_node script to /home/ubuntu/ros2_ws/install/my_py_package/lib/my_py_package
[4.279s] writing list of installed files to '/home/ubuntu/ros2_ws/build/my_py_package/install.log'
[4.301s] Invoked command in '/home/ubuntu/ros2_ws/src/my_py_package' returned '0': PYTHONPATH=/home/ubuntu/ros2_ws/install/my_py_package/lib/python3.6/site-packages:${PYTHONPATH} /usr/bin/python3 setup.py egg_info --egg-base ../../build/my_py_package build --build-base /home/ubuntu/ros2_ws/build/my_py_package/build install --prefix /home/ubuntu/ros2_ws/install/my_py_package --record /home/ubuntu/ros2_ws/build/my_py_package/install.log --single-version-externally-managed
