[0.296s] DEBUG:colcon:Command line arguments: ['/usr/bin/colcon', 'build']
[0.296s] DEBUG:colcon:Parsed command line arguments: Namespace(allow_overriding=[], ament_cmake_args=None, base_paths=['.'], build_base='build', catkin_cmake_args=None, catkin_skip_building_tests=False, cmake_args=None, cmake_clean_cache=False, cmake_clean_first=False, cmake_force_configure=False, cmake_target=None, cmake_target_skip_unavailable=False, continue_on_error=False, event_handlers=None, executor='parallel', ignore_user_meta=False, install_base='install', log_base=None, log_level=None, main=<bound method BuildVerb.main of <colcon_core.verb.build.BuildVerb object at 0x7ff2fdd50ba8>>, merge_install=False, metas=['./colcon.meta'], packages_above=None, packages_above_and_dependencies=None, packages_above_depth=None, packages_end=None, packages_ignore=None, packages_ignore_regex=None, packages_select=None, packages_select_build_failed=False, packages_select_by_dep=None, packages_select_regex=None, packages_select_test_failures=False, packages_skip=None, packages_skip_build_finished=False, packages_skip_by_dep=None, packages_skip_regex=None, packages_skip_test_passed=False, packages_skip_up_to=None, packages_start=None, packages_up_to=None, packages_up_to_regex=None, parallel_workers=4, paths=None, symlink_install=False, test_result_base=None, verb_extension=<colcon_core.verb.build.BuildVerb object at 0x7ff2fdd50ba8>, verb_name='build', verb_parser=<colcon_defaults.argument_parser.defaults.DefaultArgumentsDecorator object at 0x7ff2fdac1588>)
[0.329s] Level 1:colcon.colcon_core.package_discovery:discover_packages(colcon_meta) check parameters
[0.329s] Level 1:colcon.colcon_core.package_discovery:discover_packages(recursive) check parameters
[0.329s] Level 1:colcon.colcon_core.package_discovery:discover_packages(ignore) check parameters
[0.329s] Level 1:colcon.colcon_core.package_discovery:discover_packages(path) check parameters
[0.329s] Level 1:colcon.colcon_core.package_discovery:discover_packages(colcon_meta) discover
[0.330s] Level 1:colcon.colcon_core.package_discovery:discover_packages(recursive) discover
[0.330s] INFO:colcon.colcon_core.package_discovery:Crawling recursively for packages in '/home/ubuntu/ros2_ws'
[0.330s] Level 1:colcon.colcon_core.package_identification:_identify(.) by extensions ['ignore', 'ignore_ament_install']
[0.330s] Level 1:colcon.colcon_core.package_identification:_identify(.) by extension 'ignore'
[0.330s] Level 1:colcon.colcon_core.package_identification:_identify(.) by extension 'ignore_ament_install'
[0.330s] Level 1:colcon.colcon_core.package_identification:_identify(.) by extensions ['colcon_pkg']
[0.330s] Level 1:colcon.colcon_core.package_identification:_identify(.) by extension 'colcon_pkg'
[0.330s] Level 1:colcon.colcon_core.package_identification:_identify(.) by extensions ['colcon_meta']
[0.330s] Level 1:colcon.colcon_core.package_identification:_identify(.) by extension 'colcon_meta'
[0.330s] Level 1:colcon.colcon_core.package_identification:_identify(.) by extensions ['ros']
[0.330s] Level 1:colcon.colcon_core.package_identification:_identify(.) by extension 'ros'
[0.360s] Level 1:colcon.colcon_core.package_identification:_identify(.) by extensions ['cmake', 'python']
[0.360s] Level 1:colcon.colcon_core.package_identification:_identify(.) by extension 'cmake'
[0.360s] Level 1:colcon.colcon_core.package_identification:_identify(.) by extension 'python'
[0.360s] Level 1:colcon.colcon_core.package_identification:_identify(.) by extensions ['python_setup_py']
[0.360s] Level 1:colcon.colcon_core.package_identification:_identify(.) by extension 'python_setup_py'
[0.360s] Level 1:colcon.colcon_core.package_identification:_identify(build) by extensions ['ignore', 'ignore_ament_install']
[0.360s] Level 1:colcon.colcon_core.package_identification:_identify(build) by extension 'ignore'
[0.360s] Level 1:colcon.colcon_core.package_identification:_identify(build) ignored
[0.361s] Level 1:colcon.colcon_core.package_identification:_identify(install) by extensions ['ignore', 'ignore_ament_install']
[0.361s] Level 1:colcon.colcon_core.package_identification:_identify(install) by extension 'ignore'
[0.361s] Level 1:colcon.colcon_core.package_identification:_identify(install) ignored
[0.361s] Level 1:colcon.colcon_core.package_identification:_identify(log) by extensions ['ignore', 'ignore_ament_install']
[0.361s] Level 1:colcon.colcon_core.package_identification:_identify(log) by extension 'ignore'
[0.361s] Level 1:colcon.colcon_core.package_identification:_identify(log) ignored
[0.361s] Level 1:colcon.colcon_core.package_identification:_identify(src) by extensions ['ignore', 'ignore_ament_install']
[0.361s] Level 1:colcon.colcon_core.package_identification:_identify(src) by extension 'ignore'
[0.361s] Level 1:colcon.colcon_core.package_identification:_identify(src) by extension 'ignore_ament_install'
[0.361s] Level 1:colcon.colcon_core.package_identification:_identify(src) by extensions ['colcon_pkg']
[0.362s] Level 1:colcon.colcon_core.package_identification:_identify(src) by extension 'colcon_pkg'
[0.362s] Level 1:colcon.colcon_core.package_identification:_identify(src) by extensions ['colcon_meta']
[0.362s] Level 1:colcon.colcon_core.package_identification:_identify(src) by extension 'colcon_meta'
[0.362s] Level 1:colcon.colcon_core.package_identification:_identify(src) by extensions ['ros']
[0.362s] Level 1:colcon.colcon_core.package_identification:_identify(src) by extension 'ros'
[0.362s] Level 1:colcon.colcon_core.package_identification:_identify(src) by extensions ['cmake', 'python']
[0.362s] Level 1:colcon.colcon_core.package_identification:_identify(src) by extension 'cmake'
[0.362s] Level 1:colcon.colcon_core.package_identification:_identify(src) by extension 'python'
[0.362s] Level 1:colcon.colcon_core.package_identification:_identify(src) by extensions ['python_setup_py']
[0.362s] Level 1:colcon.colcon_core.package_identification:_identify(src) by extension 'python_setup_py'
[0.362s] Level 1:colcon.colcon_core.package_identification:_identify(src/my_c_package) by extensions ['ignore', 'ignore_ament_install']
[0.362s] Level 1:colcon.colcon_core.package_identification:_identify(src/my_c_package) by extension 'ignore'
[0.363s] Level 1:colcon.colcon_core.package_identification:_identify(src/my_c_package) by extension 'ignore_ament_install'
[0.363s] Level 1:colcon.colcon_core.package_identification:_identify(src/my_c_package) by extensions ['colcon_pkg']
[0.363s] Level 1:colcon.colcon_core.package_identification:_identify(src/my_c_package) by extension 'colcon_pkg'
[0.363s] Level 1:colcon.colcon_core.package_identification:_identify(src/my_c_package) by extensions ['colcon_meta']
[0.363s] Level 1:colcon.colcon_core.package_identification:_identify(src/my_c_package) by extension 'colcon_meta'
[0.363s] Level 1:colcon.colcon_core.package_identification:_identify(src/my_c_package) by extensions ['ros']
[0.363s] Level 1:colcon.colcon_core.package_identification:_identify(src/my_c_package) by extension 'ros'
[0.366s] DEBUG:colcon.colcon_core.package_identification:Package 'src/my_c_package' with type 'ros.ament_cmake' and name 'my_c_package'
[0.366s] Level 1:colcon.colcon_core.package_identification:_identify(src/my_c_srvcli) by extensions ['ignore', 'ignore_ament_install']
[0.366s] Level 1:colcon.colcon_core.package_identification:_identify(src/my_c_srvcli) by extension 'ignore'
[0.366s] Level 1:colcon.colcon_core.package_identification:_identify(src/my_c_srvcli) by extension 'ignore_ament_install'
[0.367s] Level 1:colcon.colcon_core.package_identification:_identify(src/my_c_srvcli) by extensions ['colcon_pkg']
[0.367s] Level 1:colcon.colcon_core.package_identification:_identify(src/my_c_srvcli) by extension 'colcon_pkg'
[0.367s] Level 1:colcon.colcon_core.package_identification:_identify(src/my_c_srvcli) by extensions ['colcon_meta']
[0.367s] Level 1:colcon.colcon_core.package_identification:_identify(src/my_c_srvcli) by extension 'colcon_meta'
[0.367s] Level 1:colcon.colcon_core.package_identification:_identify(src/my_c_srvcli) by extensions ['ros']
[0.367s] Level 1:colcon.colcon_core.package_identification:_identify(src/my_c_srvcli) by extension 'ros'
[0.368s] DEBUG:colcon.colcon_core.package_identification:Package 'src/my_c_srvcli' with type 'ros.ament_cmake' and name 'my_c_srvcli'
[0.368s] Level 1:colcon.colcon_core.package_identification:_identify(src/my_c_topic) by extensions ['ignore', 'ignore_ament_install']
[0.368s] Level 1:colcon.colcon_core.package_identification:_identify(src/my_c_topic) by extension 'ignore'
[0.368s] Level 1:colcon.colcon_core.package_identification:_identify(src/my_c_topic) by extension 'ignore_ament_install'
[0.368s] Level 1:colcon.colcon_core.package_identification:_identify(src/my_c_topic) by extensions ['colcon_pkg']
[0.368s] Level 1:colcon.colcon_core.package_identification:_identify(src/my_c_topic) by extension 'colcon_pkg'
[0.368s] Level 1:colcon.colcon_core.package_identification:_identify(src/my_c_topic) by extensions ['colcon_meta']
[0.368s] Level 1:colcon.colcon_core.package_identification:_identify(src/my_c_topic) by extension 'colcon_meta'
[0.368s] Level 1:colcon.colcon_core.package_identification:_identify(src/my_c_topic) by extensions ['ros']
[0.369s] Level 1:colcon.colcon_core.package_identification:_identify(src/my_c_topic) by extension 'ros'
[0.369s] DEBUG:colcon.colcon_core.package_identification:Package 'src/my_c_topic' with type 'ros.ament_cmake' and name 'my_c_topic'
[0.370s] Level 1:colcon.colcon_core.package_identification:_identify(src/my_py_package) by extensions ['ignore', 'ignore_ament_install']
[0.370s] Level 1:colcon.colcon_core.package_identification:_identify(src/my_py_package) by extension 'ignore'
[0.370s] Level 1:colcon.colcon_core.package_identification:_identify(src/my_py_package) by extension 'ignore_ament_install'
[0.370s] Level 1:colcon.colcon_core.package_identification:_identify(src/my_py_package) by extensions ['colcon_pkg']
[0.370s] Level 1:colcon.colcon_core.package_identification:_identify(src/my_py_package) by extension 'colcon_pkg'
[0.370s] Level 1:colcon.colcon_core.package_identification:_identify(src/my_py_package) by extensions ['colcon_meta']
[0.370s] Level 1:colcon.colcon_core.package_identification:_identify(src/my_py_package) by extension 'colcon_meta'
[0.370s] Level 1:colcon.colcon_core.package_identification:_identify(src/my_py_package) by extensions ['ros']
[0.370s] Level 1:colcon.colcon_core.package_identification:_identify(src/my_py_package) by extension 'ros'
[0.371s] DEBUG:colcon.colcon_core.package_identification:Package 'src/my_py_package' with type 'ros.ament_python' and name 'my_py_package'
[0.371s] Level 1:colcon.colcon_core.package_identification:_identify(src/my_py_srvcli) by extensions ['ignore', 'ignore_ament_install']
[0.371s] Level 1:colcon.colcon_core.package_identification:_identify(src/my_py_srvcli) by extension 'ignore'
[0.371s] Level 1:colcon.colcon_core.package_identification:_identify(src/my_py_srvcli) by extension 'ignore_ament_install'
[0.371s] Level 1:colcon.colcon_core.package_identification:_identify(src/my_py_srvcli) by extensions ['colcon_pkg']
[0.371s] Level 1:colcon.colcon_core.package_identification:_identify(src/my_py_srvcli) by extension 'colcon_pkg'
[0.371s] Level 1:colcon.colcon_core.package_identification:_identify(src/my_py_srvcli) by extensions ['colcon_meta']
[0.371s] Level 1:colcon.colcon_core.package_identification:_identify(src/my_py_srvcli) by extension 'colcon_meta'
[0.371s] Level 1:colcon.colcon_core.package_identification:_identify(src/my_py_srvcli) by extensions ['ros']
[0.371s] Level 1:colcon.colcon_core.package_identification:_identify(src/my_py_srvcli) by extension 'ros'
[0.372s] DEBUG:colcon.colcon_core.package_identification:Package 'src/my_py_srvcli' with type 'ros.ament_python' and name 'my_py_srvcli'
[0.372s] Level 1:colcon.colcon_core.package_identification:_identify(src/my_py_topic) by extensions ['ignore', 'ignore_ament_install']
[0.372s] Level 1:colcon.colcon_core.package_identification:_identify(src/my_py_topic) by extension 'ignore'
[0.373s] Level 1:colcon.colcon_core.package_identification:_identify(src/my_py_topic) by extension 'ignore_ament_install'
[0.373s] Level 1:colcon.colcon_core.package_identification:_identify(src/my_py_topic) by extensions ['colcon_pkg']
[0.373s] Level 1:colcon.colcon_core.package_identification:_identify(src/my_py_topic) by extension 'colcon_pkg'
[0.373s] Level 1:colcon.colcon_core.package_identification:_identify(src/my_py_topic) by extensions ['colcon_meta']
[0.373s] Level 1:colcon.colcon_core.package_identification:_identify(src/my_py_topic) by extension 'colcon_meta'
[0.373s] Level 1:colcon.colcon_core.package_identification:_identify(src/my_py_topic) by extensions ['ros']
[0.373s] Level 1:colcon.colcon_core.package_identification:_identify(src/my_py_topic) by extension 'ros'
[0.374s] DEBUG:colcon.colcon_core.package_identification:Package 'src/my_py_topic' with type 'ros.ament_python' and name 'my_py_topic'
[0.374s] Level 1:colcon.colcon_core.package_discovery:discover_packages(recursive) using defaults
[0.374s] Level 1:colcon.colcon_core.package_discovery:discover_packages(ignore) discover
[0.374s] Level 1:colcon.colcon_core.package_discovery:discover_packages(ignore) using defaults
[0.374s] Level 1:colcon.colcon_core.package_discovery:discover_packages(path) discover
[0.374s] Level 1:colcon.colcon_core.package_discovery:discover_packages(path) using defaults
[0.396s] Level 1:colcon.colcon_core.package_discovery:discover_packages(prefix_path) check parameters
[0.396s] Level 1:colcon.colcon_core.package_discovery:discover_packages(prefix_path) discover
[0.399s] DEBUG:colcon.colcon_installed_package_information.package_discovery:Found 215 installed packages in /opt/ros/dashing
[0.400s] Level 1:colcon.colcon_core.package_discovery:discover_packages(prefix_path) using defaults
[0.472s] Level 5:colcon.colcon_core.verb:set package 'my_c_package' build argument 'cmake_args' from command line to 'None'
[0.472s] Level 5:colcon.colcon_core.verb:set package 'my_c_package' build argument 'cmake_target' from command line to 'None'
[0.472s] Level 5:colcon.colcon_core.verb:set package 'my_c_package' build argument 'cmake_target_skip_unavailable' from command line to 'False'
[0.472s] Level 5:colcon.colcon_core.verb:set package 'my_c_package' build argument 'cmake_clean_cache' from command line to 'False'
[0.472s] Level 5:colcon.colcon_core.verb:set package 'my_c_package' build argument 'cmake_clean_first' from command line to 'False'
[0.472s] Level 5:colcon.colcon_core.verb:set package 'my_c_package' build argument 'cmake_force_configure' from command line to 'False'
[0.472s] Level 5:colcon.colcon_core.verb:set package 'my_c_package' build argument 'ament_cmake_args' from command line to 'None'
[0.472s] Level 5:colcon.colcon_core.verb:set package 'my_c_package' build argument 'catkin_cmake_args' from command line to 'None'
[0.472s] Level 5:colcon.colcon_core.verb:set package 'my_c_package' build argument 'catkin_skip_building_tests' from command line to 'False'
[0.472s] DEBUG:colcon.colcon_core.verb:Building package 'my_c_package' with the following arguments: {'ament_cmake_args': None, 'build_base': '/home/ubuntu/ros2_ws/build/my_c_package', 'catkin_cmake_args': None, 'catkin_skip_building_tests': False, 'cmake_args': None, 'cmake_clean_cache': False, 'cmake_clean_first': False, 'cmake_force_configure': False, 'cmake_target': None, 'cmake_target_skip_unavailable': False, 'install_base': '/home/ubuntu/ros2_ws/install/my_c_package', 'merge_install': False, 'path': '/home/ubuntu/ros2_ws/src/my_c_package', 'symlink_install': False, 'test_result_base': None}
[0.473s] Level 5:colcon.colcon_core.verb:set package 'my_c_srvcli' build argument 'cmake_args' from command line to 'None'
[0.473s] Level 5:colcon.colcon_core.verb:set package 'my_c_srvcli' build argument 'cmake_target' from command line to 'None'
[0.473s] Level 5:colcon.colcon_core.verb:set package 'my_c_srvcli' build argument 'cmake_target_skip_unavailable' from command line to 'False'
[0.473s] Level 5:colcon.colcon_core.verb:set package 'my_c_srvcli' build argument 'cmake_clean_cache' from command line to 'False'
[0.473s] Level 5:colcon.colcon_core.verb:set package 'my_c_srvcli' build argument 'cmake_clean_first' from command line to 'False'
[0.473s] Level 5:colcon.colcon_core.verb:set package 'my_c_srvcli' build argument 'cmake_force_configure' from command line to 'False'
[0.473s] Level 5:colcon.colcon_core.verb:set package 'my_c_srvcli' build argument 'ament_cmake_args' from command line to 'None'
[0.473s] Level 5:colcon.colcon_core.verb:set package 'my_c_srvcli' build argument 'catkin_cmake_args' from command line to 'None'
[0.473s] Level 5:colcon.colcon_core.verb:set package 'my_c_srvcli' build argument 'catkin_skip_building_tests' from command line to 'False'
[0.473s] DEBUG:colcon.colcon_core.verb:Building package 'my_c_srvcli' with the following arguments: {'ament_cmake_args': None, 'build_base': '/home/ubuntu/ros2_ws/build/my_c_srvcli', 'catkin_cmake_args': None, 'catkin_skip_building_tests': False, 'cmake_args': None, 'cmake_clean_cache': False, 'cmake_clean_first': False, 'cmake_force_configure': False, 'cmake_target': None, 'cmake_target_skip_unavailable': False, 'install_base': '/home/ubuntu/ros2_ws/install/my_c_srvcli', 'merge_install': False, 'path': '/home/ubuntu/ros2_ws/src/my_c_srvcli', 'symlink_install': False, 'test_result_base': None}
[0.474s] Level 5:colcon.colcon_core.verb:set package 'my_c_topic' build argument 'cmake_args' from command line to 'None'
[0.474s] Level 5:colcon.colcon_core.verb:set package 'my_c_topic' build argument 'cmake_target' from command line to 'None'
[0.474s] Level 5:colcon.colcon_core.verb:set package 'my_c_topic' build argument 'cmake_target_skip_unavailable' from command line to 'False'
[0.474s] Level 5:colcon.colcon_core.verb:set package 'my_c_topic' build argument 'cmake_clean_cache' from command line to 'False'
[0.474s] Level 5:colcon.colcon_core.verb:set package 'my_c_topic' build argument 'cmake_clean_first' from command line to 'False'
[0.474s] Level 5:colcon.colcon_core.verb:set package 'my_c_topic' build argument 'cmake_force_configure' from command line to 'False'
[0.474s] Level 5:colcon.colcon_core.verb:set package 'my_c_topic' build argument 'ament_cmake_args' from command line to 'None'
[0.475s] Level 5:colcon.colcon_core.verb:set package 'my_c_topic' build argument 'catkin_cmake_args' from command line to 'None'
[0.475s] Level 5:colcon.colcon_core.verb:set package 'my_c_topic' build argument 'catkin_skip_building_tests' from command line to 'False'
[0.475s] DEBUG:colcon.colcon_core.verb:Building package 'my_c_topic' with the following arguments: {'ament_cmake_args': None, 'build_base': '/home/ubuntu/ros2_ws/build/my_c_topic', 'catkin_cmake_args': None, 'catkin_skip_building_tests': False, 'cmake_args': None, 'cmake_clean_cache': False, 'cmake_clean_first': False, 'cmake_force_configure': False, 'cmake_target': None, 'cmake_target_skip_unavailable': False, 'install_base': '/home/ubuntu/ros2_ws/install/my_c_topic', 'merge_install': False, 'path': '/home/ubuntu/ros2_ws/src/my_c_topic', 'symlink_install': False, 'test_result_base': None}
[0.475s] Level 5:colcon.colcon_core.verb:set package 'my_py_package' build argument 'cmake_args' from command line to 'None'
[0.475s] Level 5:colcon.colcon_core.verb:set package 'my_py_package' build argument 'cmake_target' from command line to 'None'
[0.476s] Level 5:colcon.colcon_core.verb:set package 'my_py_package' build argument 'cmake_target_skip_unavailable' from command line to 'False'
[0.476s] Level 5:colcon.colcon_core.verb:set package 'my_py_package' build argument 'cmake_clean_cache' from command line to 'False'
[0.476s] Level 5:colcon.colcon_core.verb:set package 'my_py_package' build argument 'cmake_clean_first' from command line to 'False'
[0.476s] Level 5:colcon.colcon_core.verb:set package 'my_py_package' build argument 'cmake_force_configure' from command line to 'False'
[0.476s] Level 5:colcon.colcon_core.verb:set package 'my_py_package' build argument 'ament_cmake_args' from command line to 'None'
[0.476s] Level 5:colcon.colcon_core.verb:set package 'my_py_package' build argument 'catkin_cmake_args' from command line to 'None'
[0.476s] Level 5:colcon.colcon_core.verb:set package 'my_py_package' build argument 'catkin_skip_building_tests' from command line to 'False'
[0.476s] DEBUG:colcon.colcon_core.verb:Building package 'my_py_package' with the following arguments: {'ament_cmake_args': None, 'build_base': '/home/ubuntu/ros2_ws/build/my_py_package', 'catkin_cmake_args': None, 'catkin_skip_building_tests': False, 'cmake_args': None, 'cmake_clean_cache': False, 'cmake_clean_first': False, 'cmake_force_configure': False, 'cmake_target': None, 'cmake_target_skip_unavailable': False, 'install_base': '/home/ubuntu/ros2_ws/install/my_py_package', 'merge_install': False, 'path': '/home/ubuntu/ros2_ws/src/my_py_package', 'symlink_install': False, 'test_result_base': None}
[0.477s] Level 5:colcon.colcon_core.verb:set package 'my_py_srvcli' build argument 'cmake_args' from command line to 'None'
[0.477s] Level 5:colcon.colcon_core.verb:set package 'my_py_srvcli' build argument 'cmake_target' from command line to 'None'
[0.477s] Level 5:colcon.colcon_core.verb:set package 'my_py_srvcli' build argument 'cmake_target_skip_unavailable' from command line to 'False'
[0.477s] Level 5:colcon.colcon_core.verb:set package 'my_py_srvcli' build argument 'cmake_clean_cache' from command line to 'False'
[0.477s] Level 5:colcon.colcon_core.verb:set package 'my_py_srvcli' build argument 'cmake_clean_first' from command line to 'False'
[0.477s] Level 5:colcon.colcon_core.verb:set package 'my_py_srvcli' build argument 'cmake_force_configure' from command line to 'False'
[0.477s] Level 5:colcon.colcon_core.verb:set package 'my_py_srvcli' build argument 'ament_cmake_args' from command line to 'None'
[0.477s] Level 5:colcon.colcon_core.verb:set package 'my_py_srvcli' build argument 'catkin_cmake_args' from command line to 'None'
[0.477s] Level 5:colcon.colcon_core.verb:set package 'my_py_srvcli' build argument 'catkin_skip_building_tests' from command line to 'False'
[0.477s] DEBUG:colcon.colcon_core.verb:Building package 'my_py_srvcli' with the following arguments: {'ament_cmake_args': None, 'build_base': '/home/ubuntu/ros2_ws/build/my_py_srvcli', 'catkin_cmake_args': None, 'catkin_skip_building_tests': False, 'cmake_args': None, 'cmake_clean_cache': False, 'cmake_clean_first': False, 'cmake_force_configure': False, 'cmake_target': None, 'cmake_target_skip_unavailable': False, 'install_base': '/home/ubuntu/ros2_ws/install/my_py_srvcli', 'merge_install': False, 'path': '/home/ubuntu/ros2_ws/src/my_py_srvcli', 'symlink_install': False, 'test_result_base': None}
[0.478s] Level 5:colcon.colcon_core.verb:set package 'my_py_topic' build argument 'cmake_args' from command line to 'None'
[0.478s] Level 5:colcon.colcon_core.verb:set package 'my_py_topic' build argument 'cmake_target' from command line to 'None'
[0.478s] Level 5:colcon.colcon_core.verb:set package 'my_py_topic' build argument 'cmake_target_skip_unavailable' from command line to 'False'
[0.478s] Level 5:colcon.colcon_core.verb:set package 'my_py_topic' build argument 'cmake_clean_cache' from command line to 'False'
[0.478s] Level 5:colcon.colcon_core.verb:set package 'my_py_topic' build argument 'cmake_clean_first' from command line to 'False'
[0.478s] Level 5:colcon.colcon_core.verb:set package 'my_py_topic' build argument 'cmake_force_configure' from command line to 'False'
[0.478s] Level 5:colcon.colcon_core.verb:set package 'my_py_topic' build argument 'ament_cmake_args' from command line to 'None'
[0.478s] Level 5:colcon.colcon_core.verb:set package 'my_py_topic' build argument 'catkin_cmake_args' from command line to 'None'
[0.478s] Level 5:colcon.colcon_core.verb:set package 'my_py_topic' build argument 'catkin_skip_building_tests' from command line to 'False'
[0.479s] DEBUG:colcon.colcon_core.verb:Building package 'my_py_topic' with the following arguments: {'ament_cmake_args': None, 'build_base': '/home/ubuntu/ros2_ws/build/my_py_topic', 'catkin_cmake_args': None, 'catkin_skip_building_tests': False, 'cmake_args': None, 'cmake_clean_cache': False, 'cmake_clean_first': False, 'cmake_force_configure': False, 'cmake_target': None, 'cmake_target_skip_unavailable': False, 'install_base': '/home/ubuntu/ros2_ws/install/my_py_topic', 'merge_install': False, 'path': '/home/ubuntu/ros2_ws/src/my_py_topic', 'symlink_install': False, 'test_result_base': None}
[0.479s] INFO:colcon.colcon_core.executor:Executing jobs using 'parallel' executor
[0.481s] DEBUG:colcon.colcon_parallel_executor.executor.parallel:run_until_complete
[0.482s] INFO:colcon.colcon_ros.task.ament_cmake.build:Building ROS package in '/home/ubuntu/ros2_ws/src/my_c_package' with build type 'ament_cmake'
[0.482s] INFO:colcon.colcon_cmake.task.cmake.build:Building CMake package in '/home/ubuntu/ros2_ws/src/my_c_package'
[0.487s] INFO:colcon.colcon_core.plugin_system:Skipping extension 'colcon_core.shell.bat': Not used on non-Windows systems
[0.487s] INFO:colcon.colcon_core.shell:Skip shell extension 'powershell' for command environment: Not usable outside of PowerShell
[0.487s] DEBUG:colcon.colcon_core.shell:Skip shell extension 'dsv' for command environment
[0.492s] INFO:colcon.colcon_ros.task.ament_cmake.build:Building ROS package in '/home/ubuntu/ros2_ws/src/my_c_srvcli' with build type 'ament_cmake'
[0.492s] INFO:colcon.colcon_cmake.task.cmake.build:Building CMake package in '/home/ubuntu/ros2_ws/src/my_c_srvcli'
[0.493s] INFO:colcon.colcon_core.shell:Skip shell extension 'powershell' for command environment: Not usable outside of PowerShell
[0.493s] DEBUG:colcon.colcon_core.shell:Skip shell extension 'dsv' for command environment
[0.499s] INFO:colcon.colcon_ros.task.ament_cmake.build:Building ROS package in '/home/ubuntu/ros2_ws/src/my_c_topic' with build type 'ament_cmake'
[0.499s] INFO:colcon.colcon_cmake.task.cmake.build:Building CMake package in '/home/ubuntu/ros2_ws/src/my_c_topic'
[0.501s] INFO:colcon.colcon_core.shell:Skip shell extension 'powershell' for command environment: Not usable outside of PowerShell
[0.501s] DEBUG:colcon.colcon_core.shell:Skip shell extension 'dsv' for command environment
[0.506s] INFO:colcon.colcon_ros.task.ament_python.build:Building ROS package in '/home/ubuntu/ros2_ws/src/my_py_package' with build type 'ament_python'
[0.507s] Level 1:colcon.colcon_core.shell:create_environment_hook('my_py_package', 'ament_prefix_path')
[0.508s] INFO:colcon.colcon_core.shell:Creating environment hook '/home/ubuntu/ros2_ws/install/my_py_package/share/my_py_package/hook/ament_prefix_path.ps1'
[0.509s] INFO:colcon.colcon_core.shell:Creating environment descriptor '/home/ubuntu/ros2_ws/install/my_py_package/share/my_py_package/hook/ament_prefix_path.dsv'
[0.510s] INFO:colcon.colcon_core.shell:Creating environment hook '/home/ubuntu/ros2_ws/install/my_py_package/share/my_py_package/hook/ament_prefix_path.sh'
[0.511s] INFO:colcon.colcon_core.shell:Skip shell extension 'powershell' for command environment: Not usable outside of PowerShell
[0.511s] DEBUG:colcon.colcon_core.shell:Skip shell extension 'dsv' for command environment
[0.523s] DEBUG:colcon.colcon_core.event_handler.log_command:Invoking command in '/home/ubuntu/ros2_ws/build/my_c_package': CMAKE_PREFIX_PATH=/opt/ros/dashing /usr/bin/cmake --build /home/ubuntu/ros2_ws/build/my_c_package -- -j4 -l4
[0.542s] DEBUG:colcon.colcon_core.event_handler.log_command:Invoking command in '/home/ubuntu/ros2_ws/build/my_c_srvcli': CMAKE_PREFIX_PATH=/opt/ros/dashing /usr/bin/cmake --build /home/ubuntu/ros2_ws/build/my_c_srvcli -- -j4 -l4
[0.552s] DEBUG:colcon.colcon_core.event_handler.log_command:Invoking command in '/home/ubuntu/ros2_ws/build/my_c_topic': CMAKE_PREFIX_PATH=/opt/ros/dashing /usr/bin/cmake --build /home/ubuntu/ros2_ws/build/my_c_topic -- -j4 -l4
[0.944s] INFO:colcon.colcon_core.task.python.build:Building Python package in '/home/ubuntu/ros2_ws/src/my_py_package'
[0.945s] INFO:colcon.colcon_core.shell:Skip shell extension 'powershell' for command environment: Not usable outside of PowerShell
[0.946s] DEBUG:colcon.colcon_core.shell:Skip shell extension 'dsv' for command environment
[0.966s] DEBUG:colcon.colcon_core.event_handler.log_command:Invoked command in '/home/ubuntu/ros2_ws/build/my_c_topic' returned '0': CMAKE_PREFIX_PATH=/opt/ros/dashing /usr/bin/cmake --build /home/ubuntu/ros2_ws/build/my_c_topic -- -j4 -l4
[0.972s] DEBUG:colcon.colcon_core.event_handler.log_command:Invoked command in '/home/ubuntu/ros2_ws/build/my_c_package' returned '0': CMAKE_PREFIX_PATH=/opt/ros/dashing /usr/bin/cmake --build /home/ubuntu/ros2_ws/build/my_c_package -- -j4 -l4
[1.037s] DEBUG:colcon.colcon_core.event_handler.log_command:Invoking command in '/home/ubuntu/ros2_ws/build/my_c_package': CMAKE_PREFIX_PATH=/opt/ros/dashing /usr/bin/cmake --build /home/ubuntu/ros2_ws/build/my_c_package --target install -- -j4 -l4
[1.055s] DEBUG:colcon.colcon_core.event_handler.log_command:Invoking command in '/home/ubuntu/ros2_ws/build/my_c_topic': CMAKE_PREFIX_PATH=/opt/ros/dashing /usr/bin/cmake --build /home/ubuntu/ros2_ws/build/my_c_topic --target install -- -j4 -l4
[1.177s] Level 1:colcon.colcon_core.environment:create_environment_scripts_only(my_c_package)
[1.182s] Level 1:colcon.colcon_core.environment:checking '/home/ubuntu/ros2_ws/install/my_c_package' for CMake module files
[1.183s] DEBUG:colcon.colcon_core.event_handler.log_command:Invoked command in '/home/ubuntu/ros2_ws/build/my_c_package' returned '0': CMAKE_PREFIX_PATH=/opt/ros/dashing /usr/bin/cmake --build /home/ubuntu/ros2_ws/build/my_c_package --target install -- -j4 -l4
[1.184s] Level 1:colcon.colcon_core.environment:checking '/home/ubuntu/ros2_ws/install/my_c_package' for CMake config files
[1.184s] Level 1:colcon.colcon_core.shell:create_environment_hook('my_c_package', 'cmake_prefix_path')
[1.185s] INFO:colcon.colcon_core.shell:Creating environment hook '/home/ubuntu/ros2_ws/install/my_c_package/share/my_c_package/hook/cmake_prefix_path.ps1'
[1.187s] INFO:colcon.colcon_core.shell:Creating environment descriptor '/home/ubuntu/ros2_ws/install/my_c_package/share/my_c_package/hook/cmake_prefix_path.dsv'
[1.187s] INFO:colcon.colcon_core.shell:Creating environment hook '/home/ubuntu/ros2_ws/install/my_c_package/share/my_c_package/hook/cmake_prefix_path.sh'
[1.189s] Level 1:colcon.colcon_core.environment:checking '/home/ubuntu/ros2_ws/install/my_c_package/lib'
[1.199s] Level 1:colcon.colcon_core.environment:checking '/home/ubuntu/ros2_ws/install/my_c_package/bin'
[1.199s] Level 1:colcon.colcon_core.environment:checking '/home/ubuntu/ros2_ws/install/my_c_package/lib/pkgconfig/my_c_package.pc'
[1.200s] Level 1:colcon.colcon_core.environment:checking '/home/ubuntu/ros2_ws/install/my_c_package/lib/python3.6/site-packages'
[1.200s] Level 1:colcon.colcon_core.environment:checking '/home/ubuntu/ros2_ws/install/my_c_package/bin'
[1.200s] INFO:colcon.colcon_core.shell:Creating package script '/home/ubuntu/ros2_ws/install/my_c_package/share/my_c_package/package.ps1'
[1.206s] INFO:colcon.colcon_core.shell:Creating package descriptor '/home/ubuntu/ros2_ws/install/my_c_package/share/my_c_package/package.dsv'
[1.208s] INFO:colcon.colcon_core.shell:Creating package script '/home/ubuntu/ros2_ws/install/my_c_package/share/my_c_package/package.sh'
[1.209s] INFO:colcon.colcon_core.shell:Creating package script '/home/ubuntu/ros2_ws/install/my_c_package/share/my_c_package/package.bash'
[1.210s] INFO:colcon.colcon_core.shell:Creating package script '/home/ubuntu/ros2_ws/install/my_c_package/share/my_c_package/package.zsh'
[1.211s] Level 1:colcon.colcon_core.environment:create_file_with_runtime_dependencies(/home/ubuntu/ros2_ws/install/my_c_package/share/colcon-core/packages/my_c_package)
[1.238s] Level 1:colcon.colcon_core.environment:create_environment_scripts_only(my_c_topic)
[1.239s] Level 1:colcon.colcon_core.environment:checking '/home/ubuntu/ros2_ws/install/my_c_topic' for CMake module files
[1.240s] Level 1:colcon.colcon_core.environment:checking '/home/ubuntu/ros2_ws/install/my_c_topic' for CMake config files
[1.240s] Level 1:colcon.colcon_core.shell:create_environment_hook('my_c_topic', 'cmake_prefix_path')
[1.241s] INFO:colcon.colcon_core.shell:Creating environment hook '/home/ubuntu/ros2_ws/install/my_c_topic/share/my_c_topic/hook/cmake_prefix_path.ps1'
[1.242s] DEBUG:colcon.colcon_core.event_handler.log_command:Invoked command in '/home/ubuntu/ros2_ws/build/my_c_topic' returned '0': CMAKE_PREFIX_PATH=/opt/ros/dashing /usr/bin/cmake --build /home/ubuntu/ros2_ws/build/my_c_topic --target install -- -j4 -l4
[1.242s] INFO:colcon.colcon_core.shell:Creating environment descriptor '/home/ubuntu/ros2_ws/install/my_c_topic/share/my_c_topic/hook/cmake_prefix_path.dsv'
[1.243s] INFO:colcon.colcon_core.shell:Creating environment hook '/home/ubuntu/ros2_ws/install/my_c_topic/share/my_c_topic/hook/cmake_prefix_path.sh'
[1.244s] Level 1:colcon.colcon_core.environment:checking '/home/ubuntu/ros2_ws/install/my_c_topic/lib'
[1.245s] Level 1:colcon.colcon_core.environment:checking '/home/ubuntu/ros2_ws/install/my_c_topic/bin'
[1.245s] Level 1:colcon.colcon_core.environment:checking '/home/ubuntu/ros2_ws/install/my_c_topic/lib/pkgconfig/my_c_topic.pc'
[1.245s] Level 1:colcon.colcon_core.environment:checking '/home/ubuntu/ros2_ws/install/my_c_topic/lib/python3.6/site-packages'
[1.245s] Level 1:colcon.colcon_core.environment:checking '/home/ubuntu/ros2_ws/install/my_c_topic/bin'
[1.248s] INFO:colcon.colcon_core.shell:Creating package script '/home/ubuntu/ros2_ws/install/my_c_topic/share/my_c_topic/package.ps1'
[1.248s] INFO:colcon.colcon_core.shell:Creating package descriptor '/home/ubuntu/ros2_ws/install/my_c_topic/share/my_c_topic/package.dsv'
[1.249s] INFO:colcon.colcon_core.shell:Creating package script '/home/ubuntu/ros2_ws/install/my_c_topic/share/my_c_topic/package.sh'
[1.249s] INFO:colcon.colcon_core.shell:Creating package script '/home/ubuntu/ros2_ws/install/my_c_topic/share/my_c_topic/package.bash'
[1.250s] INFO:colcon.colcon_core.shell:Creating package script '/home/ubuntu/ros2_ws/install/my_c_topic/share/my_c_topic/package.zsh'
[1.251s] Level 1:colcon.colcon_core.environment:create_file_with_runtime_dependencies(/home/ubuntu/ros2_ws/install/my_c_topic/share/colcon-core/packages/my_c_topic)
[1.269s] Level 1:colcon.colcon_core.environment:create_environment_scripts_only(my_c_package)
[1.272s] Level 1:colcon.colcon_core.environment:checking '/home/ubuntu/ros2_ws/install/my_c_package' for CMake module files
[1.273s] Level 1:colcon.colcon_core.environment:checking '/home/ubuntu/ros2_ws/install/my_c_package' for CMake config files
[1.273s] Level 1:colcon.colcon_core.shell:create_environment_hook('my_c_package', 'cmake_prefix_path')
[1.274s] INFO:colcon.colcon_core.shell:Creating environment hook '/home/ubuntu/ros2_ws/install/my_c_package/share/my_c_package/hook/cmake_prefix_path.ps1'
[1.278s] INFO:colcon.colcon_core.shell:Creating environment descriptor '/home/ubuntu/ros2_ws/install/my_c_package/share/my_c_package/hook/cmake_prefix_path.dsv'
[1.279s] INFO:colcon.colcon_core.shell:Creating environment hook '/home/ubuntu/ros2_ws/install/my_c_package/share/my_c_package/hook/cmake_prefix_path.sh'
[1.280s] Level 1:colcon.colcon_core.environment:checking '/home/ubuntu/ros2_ws/install/my_c_package/lib'
[1.282s] Level 1:colcon.colcon_core.environment:checking '/home/ubuntu/ros2_ws/install/my_c_package/bin'
[1.282s] Level 1:colcon.colcon_core.environment:checking '/home/ubuntu/ros2_ws/install/my_c_package/lib/pkgconfig/my_c_package.pc'
[1.283s] Level 1:colcon.colcon_core.environment:checking '/home/ubuntu/ros2_ws/install/my_c_package/lib/python3.6/site-packages'
[1.283s] Level 1:colcon.colcon_core.environment:checking '/home/ubuntu/ros2_ws/install/my_c_package/bin'
[1.284s] INFO:colcon.colcon_core.shell:Creating package script '/home/ubuntu/ros2_ws/install/my_c_package/share/my_c_package/package.ps1'
[1.285s] INFO:colcon.colcon_core.shell:Creating package descriptor '/home/ubuntu/ros2_ws/install/my_c_package/share/my_c_package/package.dsv'
[1.285s] INFO:colcon.colcon_core.shell:Creating package script '/home/ubuntu/ros2_ws/install/my_c_package/share/my_c_package/package.sh'
[1.286s] INFO:colcon.colcon_core.shell:Creating package script '/home/ubuntu/ros2_ws/install/my_c_package/share/my_c_package/package.bash'
[1.287s] INFO:colcon.colcon_core.shell:Creating package script '/home/ubuntu/ros2_ws/install/my_c_package/share/my_c_package/package.zsh'
[1.287s] Level 1:colcon.colcon_core.environment:create_file_with_runtime_dependencies(/home/ubuntu/ros2_ws/install/my_c_package/share/colcon-core/packages/my_c_package)
[1.289s] INFO:colcon.colcon_ros.task.ament_python.build:Building ROS package in '/home/ubuntu/ros2_ws/src/my_py_srvcli' with build type 'ament_python'
[1.290s] Level 1:colcon.colcon_core.shell:create_environment_hook('my_py_srvcli', 'ament_prefix_path')
[1.292s] INFO:colcon.colcon_core.shell:Creating environment hook '/home/ubuntu/ros2_ws/install/my_py_srvcli/share/my_py_srvcli/hook/ament_prefix_path.ps1'
[1.292s] INFO:colcon.colcon_core.shell:Creating environment descriptor '/home/ubuntu/ros2_ws/install/my_py_srvcli/share/my_py_srvcli/hook/ament_prefix_path.dsv'
[1.294s] INFO:colcon.colcon_core.shell:Creating environment hook '/home/ubuntu/ros2_ws/install/my_py_srvcli/share/my_py_srvcli/hook/ament_prefix_path.sh'
[1.295s] INFO:colcon.colcon_core.shell:Skip shell extension 'powershell' for command environment: Not usable outside of PowerShell
[1.295s] DEBUG:colcon.colcon_core.shell:Skip shell extension 'dsv' for command environment
[1.663s] INFO:colcon.colcon_core.task.python.build:Building Python package in '/home/ubuntu/ros2_ws/src/my_py_srvcli'
[1.664s] INFO:colcon.colcon_core.shell:Skip shell extension 'powershell' for command environment: Not usable outside of PowerShell
[1.664s] DEBUG:colcon.colcon_core.shell:Skip shell extension 'dsv' for command environment
[1.672s] Level 1:colcon.colcon_core.environment:create_environment_scripts_only(my_c_topic)
[1.674s] Level 1:colcon.colcon_core.environment:checking '/home/ubuntu/ros2_ws/install/my_c_topic' for CMake module files
[1.674s] Level 1:colcon.colcon_core.environment:checking '/home/ubuntu/ros2_ws/install/my_c_topic' for CMake config files
[1.675s] Level 1:colcon.colcon_core.shell:create_environment_hook('my_c_topic', 'cmake_prefix_path')
[1.675s] INFO:colcon.colcon_core.shell:Creating environment hook '/home/ubuntu/ros2_ws/install/my_c_topic/share/my_c_topic/hook/cmake_prefix_path.ps1'
[1.676s] INFO:colcon.colcon_core.shell:Creating environment descriptor '/home/ubuntu/ros2_ws/install/my_c_topic/share/my_c_topic/hook/cmake_prefix_path.dsv'
[1.677s] INFO:colcon.colcon_core.shell:Creating environment hook '/home/ubuntu/ros2_ws/install/my_c_topic/share/my_c_topic/hook/cmake_prefix_path.sh'
[1.678s] Level 1:colcon.colcon_core.environment:checking '/home/ubuntu/ros2_ws/install/my_c_topic/lib'
[1.678s] Level 1:colcon.colcon_core.environment:checking '/home/ubuntu/ros2_ws/install/my_c_topic/bin'
[1.679s] Level 1:colcon.colcon_core.environment:checking '/home/ubuntu/ros2_ws/install/my_c_topic/lib/pkgconfig/my_c_topic.pc'
[1.679s] Level 1:colcon.colcon_core.environment:checking '/home/ubuntu/ros2_ws/install/my_c_topic/lib/python3.6/site-packages'
[1.679s] Level 1:colcon.colcon_core.environment:checking '/home/ubuntu/ros2_ws/install/my_c_topic/bin'
[1.680s] INFO:colcon.colcon_core.shell:Creating package script '/home/ubuntu/ros2_ws/install/my_c_topic/share/my_c_topic/package.ps1'
[1.680s] INFO:colcon.colcon_core.shell:Creating package descriptor '/home/ubuntu/ros2_ws/install/my_c_topic/share/my_c_topic/package.dsv'
[1.681s] INFO:colcon.colcon_core.shell:Creating package script '/home/ubuntu/ros2_ws/install/my_c_topic/share/my_c_topic/package.sh'
[1.681s] INFO:colcon.colcon_core.shell:Creating package script '/home/ubuntu/ros2_ws/install/my_c_topic/share/my_c_topic/package.bash'
[1.682s] INFO:colcon.colcon_core.shell:Creating package script '/home/ubuntu/ros2_ws/install/my_c_topic/share/my_c_topic/package.zsh'
[1.682s] Level 1:colcon.colcon_core.environment:create_file_with_runtime_dependencies(/home/ubuntu/ros2_ws/install/my_c_topic/share/colcon-core/packages/my_c_topic)
[1.688s] DEBUG:colcon.colcon_core.event_handler.log_command:Invoking command in '/home/ubuntu/ros2_ws/src/my_py_package': PYTHONPATH=/home/ubuntu/ros2_ws/install/my_py_package/lib/python3.6/site-packages:${PYTHONPATH} /usr/bin/python3 setup.py egg_info --egg-base ../../build/my_py_package build --build-base /home/ubuntu/ros2_ws/build/my_py_package/build install --prefix /home/ubuntu/ros2_ws/install/my_py_package --record /home/ubuntu/ros2_ws/build/my_py_package/install.log --single-version-externally-managed
[1.696s] INFO:colcon.colcon_ros.task.ament_python.build:Building ROS package in '/home/ubuntu/ros2_ws/src/my_py_topic' with build type 'ament_python'
[1.711s] Level 1:colcon.colcon_core.shell:create_environment_hook('my_py_topic', 'ament_prefix_path')
[1.712s] INFO:colcon.colcon_core.shell:Creating environment hook '/home/ubuntu/ros2_ws/install/my_py_topic/share/my_py_topic/hook/ament_prefix_path.ps1'
[1.713s] INFO:colcon.colcon_core.shell:Creating environment descriptor '/home/ubuntu/ros2_ws/install/my_py_topic/share/my_py_topic/hook/ament_prefix_path.dsv'
[1.713s] INFO:colcon.colcon_core.shell:Creating environment hook '/home/ubuntu/ros2_ws/install/my_py_topic/share/my_py_topic/hook/ament_prefix_path.sh'
[1.725s] INFO:colcon.colcon_core.shell:Skip shell extension 'powershell' for command environment: Not usable outside of PowerShell
[1.725s] DEBUG:colcon.colcon_core.shell:Skip shell extension 'dsv' for command environment
[2.278s] INFO:colcon.colcon_core.task.python.build:Building Python package in '/home/ubuntu/ros2_ws/src/my_py_topic'
[2.279s] INFO:colcon.colcon_core.shell:Skip shell extension 'powershell' for command environment: Not usable outside of PowerShell
[2.279s] DEBUG:colcon.colcon_core.shell:Skip shell extension 'dsv' for command environment
[2.292s] Level 1:colcon.colcon_core.environment:checking '/home/ubuntu/ros2_ws/install/my_py_package' for CMake module files
[2.293s] Level 1:colcon.colcon_core.environment:checking '/home/ubuntu/ros2_ws/install/my_py_package' for CMake config files
[2.294s] DEBUG:colcon.colcon_core.event_handler.log_command:Invoked command in '/home/ubuntu/ros2_ws/src/my_py_package' returned '0': PYTHONPATH=/home/ubuntu/ros2_ws/install/my_py_package/lib/python3.6/site-packages:${PYTHONPATH} /usr/bin/python3 setup.py egg_info --egg-base ../../build/my_py_package build --build-base /home/ubuntu/ros2_ws/build/my_py_package/build install --prefix /home/ubuntu/ros2_ws/install/my_py_package --record /home/ubuntu/ros2_ws/build/my_py_package/install.log --single-version-externally-managed
[2.295s] Level 1:colcon.colcon_core.environment:checking '/home/ubuntu/ros2_ws/install/my_py_package/lib'
[2.295s] Level 1:colcon.colcon_core.environment:checking '/home/ubuntu/ros2_ws/install/my_py_package/bin'
[2.295s] Level 1:colcon.colcon_core.environment:checking '/home/ubuntu/ros2_ws/install/my_py_package/lib/pkgconfig/my_py_package.pc'
[2.295s] Level 1:colcon.colcon_core.environment:checking '/home/ubuntu/ros2_ws/install/my_py_package/lib/python3.6/site-packages'
[2.295s] Level 1:colcon.colcon_core.shell:create_environment_hook('my_py_package', 'pythonpath')
[2.296s] INFO:colcon.colcon_core.shell:Creating environment hook '/home/ubuntu/ros2_ws/install/my_py_package/share/my_py_package/hook/pythonpath.ps1'
[2.297s] INFO:colcon.colcon_core.shell:Creating environment descriptor '/home/ubuntu/ros2_ws/install/my_py_package/share/my_py_package/hook/pythonpath.dsv'
[2.297s] INFO:colcon.colcon_core.shell:Creating environment hook '/home/ubuntu/ros2_ws/install/my_py_package/share/my_py_package/hook/pythonpath.sh'
[2.298s] Level 1:colcon.colcon_core.environment:checking '/home/ubuntu/ros2_ws/install/my_py_package/bin'
[2.298s] Level 1:colcon.colcon_core.environment:create_environment_scripts_only(my_py_package)
[2.299s] INFO:colcon.colcon_core.shell:Creating package script '/home/ubuntu/ros2_ws/install/my_py_package/share/my_py_package/package.ps1'
[2.299s] INFO:colcon.colcon_core.shell:Creating package descriptor '/home/ubuntu/ros2_ws/install/my_py_package/share/my_py_package/package.dsv'
[2.300s] INFO:colcon.colcon_core.shell:Creating package script '/home/ubuntu/ros2_ws/install/my_py_package/share/my_py_package/package.sh'
[2.300s] INFO:colcon.colcon_core.shell:Creating package script '/home/ubuntu/ros2_ws/install/my_py_package/share/my_py_package/package.bash'
[2.301s] INFO:colcon.colcon_core.shell:Creating package script '/home/ubuntu/ros2_ws/install/my_py_package/share/my_py_package/package.zsh'
[2.301s] Level 1:colcon.colcon_core.environment:create_file_with_runtime_dependencies(/home/ubuntu/ros2_ws/install/my_py_package/share/colcon-core/packages/my_py_package)
[2.391s] DEBUG:colcon.colcon_core.event_handler.log_command:Invoking command in '/home/ubuntu/ros2_ws/src/my_py_srvcli': PYTHONPATH=/home/ubuntu/ros2_ws/install/my_py_srvcli/lib/python3.6/site-packages:${PYTHONPATH} /usr/bin/python3 setup.py egg_info --egg-base ../../build/my_py_srvcli build --build-base /home/ubuntu/ros2_ws/build/my_py_srvcli/build install --prefix /home/ubuntu/ros2_ws/install/my_py_srvcli --record /home/ubuntu/ros2_ws/build/my_py_srvcli/install.log --single-version-externally-managed
[2.800s] Level 1:colcon.colcon_core.environment:checking '/home/ubuntu/ros2_ws/install/my_py_srvcli' for CMake module files
[2.801s] DEBUG:colcon.colcon_core.event_handler.log_command:Invoked command in '/home/ubuntu/ros2_ws/src/my_py_srvcli' returned '0': PYTHONPATH=/home/ubuntu/ros2_ws/install/my_py_srvcli/lib/python3.6/site-packages:${PYTHONPATH} /usr/bin/python3 setup.py egg_info --egg-base ../../build/my_py_srvcli build --build-base /home/ubuntu/ros2_ws/build/my_py_srvcli/build install --prefix /home/ubuntu/ros2_ws/install/my_py_srvcli --record /home/ubuntu/ros2_ws/build/my_py_srvcli/install.log --single-version-externally-managed
[2.802s] Level 1:colcon.colcon_core.environment:checking '/home/ubuntu/ros2_ws/install/my_py_srvcli' for CMake config files
[2.803s] Level 1:colcon.colcon_core.environment:checking '/home/ubuntu/ros2_ws/install/my_py_srvcli/lib'
[2.803s] Level 1:colcon.colcon_core.environment:checking '/home/ubuntu/ros2_ws/install/my_py_srvcli/bin'
[2.803s] Level 1:colcon.colcon_core.environment:checking '/home/ubuntu/ros2_ws/install/my_py_srvcli/lib/pkgconfig/my_py_srvcli.pc'
[2.803s] Level 1:colcon.colcon_core.environment:checking '/home/ubuntu/ros2_ws/install/my_py_srvcli/lib/python3.6/site-packages'
[2.803s] Level 1:colcon.colcon_core.shell:create_environment_hook('my_py_srvcli', 'pythonpath')
[2.804s] INFO:colcon.colcon_core.shell:Creating environment hook '/home/ubuntu/ros2_ws/install/my_py_srvcli/share/my_py_srvcli/hook/pythonpath.ps1'
[2.805s] INFO:colcon.colcon_core.shell:Creating environment descriptor '/home/ubuntu/ros2_ws/install/my_py_srvcli/share/my_py_srvcli/hook/pythonpath.dsv'
[2.805s] INFO:colcon.colcon_core.shell:Creating environment hook '/home/ubuntu/ros2_ws/install/my_py_srvcli/share/my_py_srvcli/hook/pythonpath.sh'
[2.806s] Level 1:colcon.colcon_core.environment:checking '/home/ubuntu/ros2_ws/install/my_py_srvcli/bin'
[2.806s] Level 1:colcon.colcon_core.environment:create_environment_scripts_only(my_py_srvcli)
[2.807s] INFO:colcon.colcon_core.shell:Creating package script '/home/ubuntu/ros2_ws/install/my_py_srvcli/share/my_py_srvcli/package.ps1'
[2.808s] INFO:colcon.colcon_core.shell:Creating package descriptor '/home/ubuntu/ros2_ws/install/my_py_srvcli/share/my_py_srvcli/package.dsv'
[2.808s] INFO:colcon.colcon_core.shell:Creating package script '/home/ubuntu/ros2_ws/install/my_py_srvcli/share/my_py_srvcli/package.sh'
[2.809s] INFO:colcon.colcon_core.shell:Creating package script '/home/ubuntu/ros2_ws/install/my_py_srvcli/share/my_py_srvcli/package.bash'
[2.809s] INFO:colcon.colcon_core.shell:Creating package script '/home/ubuntu/ros2_ws/install/my_py_srvcli/share/my_py_srvcli/package.zsh'
[2.810s] Level 1:colcon.colcon_core.environment:create_file_with_runtime_dependencies(/home/ubuntu/ros2_ws/install/my_py_srvcli/share/colcon-core/packages/my_py_srvcli)
[2.816s] DEBUG:colcon.colcon_core.event_handler.log_command:Invoking command in '/home/ubuntu/ros2_ws/src/my_py_topic': PYTHONPATH=/home/ubuntu/ros2_ws/install/my_py_topic/lib/python3.6/site-packages:${PYTHONPATH} /usr/bin/python3 setup.py egg_info --egg-base ../../build/my_py_topic build --build-base /home/ubuntu/ros2_ws/build/my_py_topic/build install --prefix /home/ubuntu/ros2_ws/install/my_py_topic --record /home/ubuntu/ros2_ws/build/my_py_topic/install.log --single-version-externally-managed
[3.190s] Level 1:colcon.colcon_core.environment:checking '/home/ubuntu/ros2_ws/install/my_py_topic' for CMake module files
[3.190s] DEBUG:colcon.colcon_core.event_handler.log_command:Invoked command in '/home/ubuntu/ros2_ws/src/my_py_topic' returned '0': PYTHONPATH=/home/ubuntu/ros2_ws/install/my_py_topic/lib/python3.6/site-packages:${PYTHONPATH} /usr/bin/python3 setup.py egg_info --egg-base ../../build/my_py_topic build --build-base /home/ubuntu/ros2_ws/build/my_py_topic/build install --prefix /home/ubuntu/ros2_ws/install/my_py_topic --record /home/ubuntu/ros2_ws/build/my_py_topic/install.log --single-version-externally-managed
[3.191s] Level 1:colcon.colcon_core.environment:checking '/home/ubuntu/ros2_ws/install/my_py_topic' for CMake config files
[3.192s] Level 1:colcon.colcon_core.environment:checking '/home/ubuntu/ros2_ws/install/my_py_topic/lib'
[3.192s] Level 1:colcon.colcon_core.environment:checking '/home/ubuntu/ros2_ws/install/my_py_topic/bin'
[3.192s] Level 1:colcon.colcon_core.environment:checking '/home/ubuntu/ros2_ws/install/my_py_topic/lib/pkgconfig/my_py_topic.pc'
[3.192s] Level 1:colcon.colcon_core.environment:checking '/home/ubuntu/ros2_ws/install/my_py_topic/lib/python3.6/site-packages'
[3.192s] Level 1:colcon.colcon_core.shell:create_environment_hook('my_py_topic', 'pythonpath')
[3.193s] INFO:colcon.colcon_core.shell:Creating environment hook '/home/ubuntu/ros2_ws/install/my_py_topic/share/my_py_topic/hook/pythonpath.ps1'
[3.194s] INFO:colcon.colcon_core.shell:Creating environment descriptor '/home/ubuntu/ros2_ws/install/my_py_topic/share/my_py_topic/hook/pythonpath.dsv'
[3.194s] INFO:colcon.colcon_core.shell:Creating environment hook '/home/ubuntu/ros2_ws/install/my_py_topic/share/my_py_topic/hook/pythonpath.sh'
[3.195s] Level 1:colcon.colcon_core.environment:checking '/home/ubuntu/ros2_ws/install/my_py_topic/bin'
[3.195s] Level 1:colcon.colcon_core.environment:create_environment_scripts_only(my_py_topic)
[3.196s] INFO:colcon.colcon_core.shell:Creating package script '/home/ubuntu/ros2_ws/install/my_py_topic/share/my_py_topic/package.ps1'
[3.197s] INFO:colcon.colcon_core.shell:Creating package descriptor '/home/ubuntu/ros2_ws/install/my_py_topic/share/my_py_topic/package.dsv'
[3.198s] INFO:colcon.colcon_core.shell:Creating package script '/home/ubuntu/ros2_ws/install/my_py_topic/share/my_py_topic/package.sh'
[3.198s] INFO:colcon.colcon_core.shell:Creating package script '/home/ubuntu/ros2_ws/install/my_py_topic/share/my_py_topic/package.bash'
[3.198s] INFO:colcon.colcon_core.shell:Creating package script '/home/ubuntu/ros2_ws/install/my_py_topic/share/my_py_topic/package.zsh'
[3.199s] Level 1:colcon.colcon_core.environment:create_file_with_runtime_dependencies(/home/ubuntu/ros2_ws/install/my_py_topic/share/colcon-core/packages/my_py_topic)
[3.271s] DEBUG:colcon.colcon_core.event_handler.log_command:Invoked command in '/home/ubuntu/ros2_ws/build/my_c_srvcli' returned '2': CMAKE_PREFIX_PATH=/opt/ros/dashing /usr/bin/cmake --build /home/ubuntu/ros2_ws/build/my_c_srvcli -- -j4 -l4
[3.307s] Level 1:colcon.colcon_core.environment:create_environment_scripts_only(my_c_srvcli)
[3.308s] Level 1:colcon.colcon_core.environment:checking '/home/ubuntu/ros2_ws/install/my_c_srvcli' for CMake module files
[3.308s] Level 1:colcon.colcon_core.environment:checking '/home/ubuntu/ros2_ws/install/my_c_srvcli' for CMake config files
[3.308s] Level 1:colcon.colcon_core.shell:create_environment_hook('my_c_srvcli', 'cmake_prefix_path')
[3.309s] INFO:colcon.colcon_core.shell:Creating environment hook '/home/ubuntu/ros2_ws/install/my_c_srvcli/share/my_c_srvcli/hook/cmake_prefix_path.ps1'
[3.310s] INFO:colcon.colcon_core.shell:Creating environment descriptor '/home/ubuntu/ros2_ws/install/my_c_srvcli/share/my_c_srvcli/hook/cmake_prefix_path.dsv'
[3.310s] INFO:colcon.colcon_core.shell:Creating environment hook '/home/ubuntu/ros2_ws/install/my_c_srvcli/share/my_c_srvcli/hook/cmake_prefix_path.sh'
[3.311s] Level 1:colcon.colcon_core.environment:checking '/home/ubuntu/ros2_ws/install/my_c_srvcli/lib'
[3.311s] Level 1:colcon.colcon_core.environment:checking '/home/ubuntu/ros2_ws/install/my_c_srvcli/bin'
[3.311s] Level 1:colcon.colcon_core.environment:checking '/home/ubuntu/ros2_ws/install/my_c_srvcli/lib/pkgconfig/my_c_srvcli.pc'
[3.311s] Level 1:colcon.colcon_core.environment:checking '/home/ubuntu/ros2_ws/install/my_c_srvcli/lib/python3.6/site-packages'
[3.312s] Level 1:colcon.colcon_core.environment:checking '/home/ubuntu/ros2_ws/install/my_c_srvcli/bin'
[3.312s] INFO:colcon.colcon_core.shell:Creating package script '/home/ubuntu/ros2_ws/install/my_c_srvcli/share/my_c_srvcli/package.ps1'
[3.313s] INFO:colcon.colcon_core.shell:Creating package descriptor '/home/ubuntu/ros2_ws/install/my_c_srvcli/share/my_c_srvcli/package.dsv'
[3.313s] INFO:colcon.colcon_core.shell:Creating package script '/home/ubuntu/ros2_ws/install/my_c_srvcli/share/my_c_srvcli/package.sh'
[3.314s] INFO:colcon.colcon_core.shell:Creating package script '/home/ubuntu/ros2_ws/install/my_c_srvcli/share/my_c_srvcli/package.bash'
[3.314s] INFO:colcon.colcon_core.shell:Creating package script '/home/ubuntu/ros2_ws/install/my_c_srvcli/share/my_c_srvcli/package.zsh'
[3.315s] Level 1:colcon.colcon_core.environment:create_file_with_runtime_dependencies(/home/ubuntu/ros2_ws/install/my_c_srvcli/share/colcon-core/packages/my_c_srvcli)
[3.326s] DEBUG:colcon.colcon_parallel_executor.executor.parallel:closing loop
[3.326s] DEBUG:colcon.colcon_parallel_executor.executor.parallel:loop closed
[3.326s] DEBUG:colcon.colcon_parallel_executor.executor.parallel:run_until_complete finished with '2'
[3.326s] DEBUG:colcon.colcon_core.event_reactor:joining thread
[3.339s] INFO:colcon.colcon_core.plugin_system:Skipping extension 'colcon_notification.desktop_notification.terminal_notifier': Not used on non-Darwin systems
[3.339s] INFO:colcon.colcon_core.plugin_system:Skipping extension 'colcon_notification.desktop_notification.win32': Not used on non-Windows systems
[3.339s] INFO:colcon.colcon_notification.desktop_notification:Sending desktop notification using 'notify2'
[3.350s] DEBUG:colcon.colcon_core.event_reactor:joined thread
[3.351s] INFO:colcon.colcon_core.shell:Creating prefix script '/home/ubuntu/ros2_ws/install/local_setup.ps1'
[3.352s] INFO:colcon.colcon_core.shell:Creating prefix util module '/home/ubuntu/ros2_ws/install/_local_setup_util_ps1.py'
[3.354s] INFO:colcon.colcon_core.shell:Creating prefix chain script '/home/ubuntu/ros2_ws/install/setup.ps1'
[3.355s] INFO:colcon.colcon_core.shell:Creating prefix script '/home/ubuntu/ros2_ws/install/local_setup.sh'
[3.356s] INFO:colcon.colcon_core.shell:Creating prefix util module '/home/ubuntu/ros2_ws/install/_local_setup_util_sh.py'
[3.356s] INFO:colcon.colcon_core.shell:Creating prefix chain script '/home/ubuntu/ros2_ws/install/setup.sh'
[3.357s] INFO:colcon.colcon_core.shell:Creating prefix script '/home/ubuntu/ros2_ws/install/local_setup.bash'
[3.358s] INFO:colcon.colcon_core.shell:Creating prefix chain script '/home/ubuntu/ros2_ws/install/setup.bash'
[3.359s] INFO:colcon.colcon_core.shell:Creating prefix script '/home/ubuntu/ros2_ws/install/local_setup.zsh'
[3.360s] INFO:colcon.colcon_core.shell:Creating prefix chain script '/home/ubuntu/ros2_ws/install/setup.zsh'
