[2.207s] Invoking command in '/home/ubuntu/ros2_ws/src/my_py_topic': PYTHONPATH=/home/ubuntu/ros2_ws/install/my_py_topic/lib/python3.6/site-packages:${PYTHONPATH} /usr/bin/python3 setup.py egg_info --egg-base ../../build/my_py_topic build --build-base /home/ubuntu/ros2_ws/build/my_py_topic/build install --prefix /home/ubuntu/ros2_ws/install/my_py_topic --record /home/ubuntu/ros2_ws/build/my_py_topic/install.log --single-version-externally-managed
[2.461s] /home/ubuntu/.local/lib/python3.6/site-packages/setuptools/dist.py:726: UserWarning: Usage of dash-separated 'script-dir' will not be supported in future versions. Please use the underscore name 'script_dir' instead
[2.461s]   % (opt, underscore_opt)
[2.462s] /home/ubuntu/.local/lib/python3.6/site-packages/setuptools/dist.py:726: UserWarning: Usage of dash-separated 'install-scripts' will not be supported in future versions. Please use the underscore name 'install_scripts' instead
[2.462s]   % (opt, underscore_opt)
[2.491s] running egg_info
[2.492s] writing ../../build/my_py_topic/my_py_topic.egg-info/PKG-INFO
[2.492s] writing dependency_links to ../../build/my_py_topic/my_py_topic.egg-info/dependency_links.txt
[2.492s] writing entry points to ../../build/my_py_topic/my_py_topic.egg-info/entry_points.txt
[2.493s] writing requirements to ../../build/my_py_topic/my_py_topic.egg-info/requires.txt
[2.493s] writing top-level names to ../../build/my_py_topic/my_py_topic.egg-info/top_level.txt
[2.495s] reading manifest file '../../build/my_py_topic/my_py_topic.egg-info/SOURCES.txt'
[2.496s] writing manifest file '../../build/my_py_topic/my_py_topic.egg-info/SOURCES.txt'
[2.496s] running build
[2.497s] running build_py
[2.497s] running install
[2.497s] /home/ubuntu/.local/lib/python3.6/site-packages/setuptools/command/install.py:37: SetuptoolsDeprecationWarning: setup.py install is deprecated. Use build and pip and other standards-based tools.
[2.497s]   setuptools.SetuptoolsDeprecationWarning,
[2.497s] running install_lib
[2.506s] running install_data
[2.506s] running install_egg_info
[2.507s] removing '/home/ubuntu/ros2_ws/install/my_py_topic/lib/python3.6/site-packages/my_py_topic-0.0.0-py3.6.egg-info' (and everything under it)
[2.507s] Copying ../../build/my_py_topic/my_py_topic.egg-info to /home/ubuntu/ros2_ws/install/my_py_topic/lib/python3.6/site-packages/my_py_topic-0.0.0-py3.6.egg-info
[2.507s] running install_scripts
[2.519s] Installing my_py_publisher_node script to /home/ubuntu/ros2_ws/install/my_py_topic/lib/my_py_topic
[2.519s] Installing my_py_subscriber_node script to /home/ubuntu/ros2_ws/install/my_py_topic/lib/my_py_topic
[2.519s] writing list of installed files to '/home/ubuntu/ros2_ws/build/my_py_topic/install.log'
[2.542s] Invoked command in '/home/ubuntu/ros2_ws/src/my_py_topic' returned '0': PYTHONPATH=/home/ubuntu/ros2_ws/install/my_py_topic/lib/python3.6/site-packages:${PYTHONPATH} /usr/bin/python3 setup.py egg_info --egg-base ../../build/my_py_topic build --build-base /home/ubuntu/ros2_ws/build/my_py_topic/build install --prefix /home/ubuntu/ros2_ws/install/my_py_topic --record /home/ubuntu/ros2_ws/build/my_py_topic/install.log --single-version-externally-managed
