[0.050s] Invoking command in '/home/ubuntu/ros2_ws/build/my_c_srvcli': CMAKE_PREFIX_PATH=/opt/ros/dashing /usr/bin/cmake --build /home/ubuntu/ros2_ws/build/my_c_srvcli -- -j4 -l4
[0.388s] [35m[1mScanning dependencies of target my_c_srv_node[0m
[0.388s] [ 50%] Built target my_c_cli_node
[0.388s] [ 75%] [32mBuilding CXX object CMakeFiles/my_c_srv_node.dir/src/my_c_srv_node.cpp.o[0m
[1.084s] [01m[K/home/ubuntu/ros2_ws/src/my_c_srvcli/src/my_c_srv_node.cpp:[m[K In member function ‘[01m[Kvoid my_c_srv_node::server_cb(std::shared_ptr<std_srvs::srv::Trigger_Request_<std::allocator<void> > >, std::shared_ptr<std_srvs::srv::Trigger_Response_<std::allocator<void> > >)[m[K’:
[1.085s] [01m[K/home/ubuntu/ros2_ws/src/my_c_srvcli/src/my_c_srv_node.cpp:19:86:[m[K [01;35m[Kwarning: [m[Kunused parameter ‘[01m[Krequest[m[K’ [[01;35m[K-Wunused-parameter[m[K]
[1.085s]  void my_c_srv_node::server_cb(const std::shared_ptr<std_srvs::srv::Trigger::Request> [01;35m[Krequest[m[K,
[1.085s]                                                                                       [01;35m[K^~~~~~~[m[K
[1.085s] [01m[K/home/ubuntu/ros2_ws/src/my_c_srvcli/src/my_c_srv_node.cpp:20:81:[m[K [01;35m[Kwarning: [m[Kunused parameter ‘[01m[Kresponse[m[K’ [[01;35m[K-Wunused-parameter[m[K]
[1.085s]                                std::shared_ptr<std_srvs::srv::Trigger::Response> [01;35m[Kresponse[m[K)
[1.086s]                                                                                  [01;35m[K^~~~~~~~[m[K
[2.299s] [100%] [32m[1mLinking CXX executable my_c_srv_node[0m
[2.478s] [100%] Built target my_c_srv_node
[2.492s] Invoked command in '/home/ubuntu/ros2_ws/build/my_c_srvcli' returned '0': CMAKE_PREFIX_PATH=/opt/ros/dashing /usr/bin/cmake --build /home/ubuntu/ros2_ws/build/my_c_srvcli -- -j4 -l4
[2.527s] Invoking command in '/home/ubuntu/ros2_ws/build/my_c_srvcli': CMAKE_PREFIX_PATH=/opt/ros/dashing /usr/bin/cmake --build /home/ubuntu/ros2_ws/build/my_c_srvcli --target install -- -j4 -l4
[2.584s] [100%] Built target my_c_cli_node
[2.584s] [100%] Built target my_c_srv_node
[2.603s] [36mInstall the project...[0m
[2.612s] -- Install configuration: ""
[2.613s] -- Up-to-date: /home/ubuntu/ros2_ws/install/my_c_srvcli/lib/my_c_srvcli/my_c_cli_node
[2.613s] -- Installing: /home/ubuntu/ros2_ws/install/my_c_srvcli/lib/my_c_srvcli/my_c_srv_node
[2.614s] -- Set runtime path of "/home/ubuntu/ros2_ws/install/my_c_srvcli/lib/my_c_srvcli/my_c_srv_node" to ""
[2.614s] -- Up-to-date: /home/ubuntu/ros2_ws/install/my_c_srvcli/share/ament_index/resource_index/package_run_dependencies/my_c_srvcli
[2.614s] -- Up-to-date: /home/ubuntu/ros2_ws/install/my_c_srvcli/share/ament_index/resource_index/parent_prefix_path/my_c_srvcli
[2.614s] -- Up-to-date: /home/ubuntu/ros2_ws/install/my_c_srvcli/share/my_c_srvcli/environment/ament_prefix_path.sh
[2.615s] -- Up-to-date: /home/ubuntu/ros2_ws/install/my_c_srvcli/share/my_c_srvcli/environment/path.sh
[2.615s] -- Up-to-date: /home/ubuntu/ros2_ws/install/my_c_srvcli/share/my_c_srvcli/local_setup.bash
[2.615s] -- Up-to-date: /home/ubuntu/ros2_ws/install/my_c_srvcli/share/my_c_srvcli/local_setup.sh
[2.615s] -- Up-to-date: /home/ubuntu/ros2_ws/install/my_c_srvcli/share/my_c_srvcli/local_setup.zsh
[2.615s] -- Up-to-date: /home/ubuntu/ros2_ws/install/my_c_srvcli/share/ament_index/resource_index/packages/my_c_srvcli
[2.615s] -- Up-to-date: /home/ubuntu/ros2_ws/install/my_c_srvcli/share/my_c_srvcli/cmake/my_c_srvcliConfig.cmake
[2.615s] -- Up-to-date: /home/ubuntu/ros2_ws/install/my_c_srvcli/share/my_c_srvcli/cmake/my_c_srvcliConfig-version.cmake
[2.615s] -- Up-to-date: /home/ubuntu/ros2_ws/install/my_c_srvcli/share/my_c_srvcli/package.xml
[2.620s] Invoked command in '/home/ubuntu/ros2_ws/build/my_c_srvcli' returned '0': CMAKE_PREFIX_PATH=/opt/ros/dashing /usr/bin/cmake --build /home/ubuntu/ros2_ws/build/my_c_srvcli --target install -- -j4 -l4
