running egg_info
writing ../../build/my_py_srvcli/my_py_srvcli.egg-info/PKG-INFO
writing dependency_links to ../../build/my_py_srvcli/my_py_srvcli.egg-info/dependency_links.txt
writing entry points to ../../build/my_py_srvcli/my_py_srvcli.egg-info/entry_points.txt
writing requirements to ../../build/my_py_srvcli/my_py_srvcli.egg-info/requires.txt
writing top-level names to ../../build/my_py_srvcli/my_py_srvcli.egg-info/top_level.txt
reading manifest file '../../build/my_py_srvcli/my_py_srvcli.egg-info/SOURCES.txt'
writing manifest file '../../build/my_py_srvcli/my_py_srvcli.egg-info/SOURCES.txt'
running build
running build_py
copying my_py_srvcli/my_py_srv_node.py -> /home/ubuntu/ros2_ws/build/my_py_srvcli/build/lib/my_py_srvcli
running install
running install_lib
copying /home/ubuntu/ros2_ws/build/my_py_srvcli/build/lib/my_py_srvcli/my_py_srv_node.py -> /home/ubuntu/ros2_ws/install/my_py_srvcli/lib/python3.6/site-packages/my_py_srvcli
byte-compiling /home/ubuntu/ros2_ws/install/my_py_srvcli/lib/python3.6/site-packages/my_py_srvcli/my_py_srv_node.py to my_py_srv_node.cpython-36.pyc
running install_data
running install_egg_info
removing '/home/ubuntu/ros2_ws/install/my_py_srvcli/lib/python3.6/site-packages/my_py_srvcli-0.0.0-py3.6.egg-info' (and everything under it)
Copying ../../build/my_py_srvcli/my_py_srvcli.egg-info to /home/ubuntu/ros2_ws/install/my_py_srvcli/lib/python3.6/site-packages/my_py_srvcli-0.0.0-py3.6.egg-info
running install_scripts
Installing my_py_cli_node script to /home/ubuntu/ros2_ws/install/my_py_srvcli/lib/my_py_srvcli
Installing my_py_srv_node script to /home/ubuntu/ros2_ws/install/my_py_srvcli/lib/my_py_srvcli
writing list of installed files to '/home/ubuntu/ros2_ws/build/my_py_srvcli/install.log'
