[1.333s] Invoking command in '/home/ubuntu/ros2_ws/src/my_py_srvcli': PYTHONPATH=/home/ubuntu/ros2_ws/install/my_py_srvcli/lib/python3.6/site-packages:${PYTHONPATH} /usr/bin/python3 setup.py egg_info --egg-base ../../build/my_py_srvcli build --build-base /home/ubuntu/ros2_ws/build/my_py_srvcli/build install --prefix /home/ubuntu/ros2_ws/install/my_py_srvcli --record /home/ubuntu/ros2_ws/build/my_py_srvcli/install.log --single-version-externally-managed
[1.589s] /home/ubuntu/.local/lib/python3.6/site-packages/setuptools/dist.py:726: UserWarning: Usage of dash-separated 'script-dir' will not be supported in future versions. Please use the underscore name 'script_dir' instead
[1.590s]   % (opt, underscore_opt)
[1.590s] /home/ubuntu/.local/lib/python3.6/site-packages/setuptools/dist.py:726: UserWarning: Usage of dash-separated 'install-scripts' will not be supported in future versions. Please use the underscore name 'install_scripts' instead
[1.590s]   % (opt, underscore_opt)
[1.619s] running egg_info
[1.619s] writing ../../build/my_py_srvcli/my_py_srvcli.egg-info/PKG-INFO
[1.621s] writing dependency_links to ../../build/my_py_srvcli/my_py_srvcli.egg-info/dependency_links.txt
[1.622s] writing entry points to ../../build/my_py_srvcli/my_py_srvcli.egg-info/entry_points.txt
[1.622s] writing requirements to ../../build/my_py_srvcli/my_py_srvcli.egg-info/requires.txt
[1.622s] writing top-level names to ../../build/my_py_srvcli/my_py_srvcli.egg-info/top_level.txt
[1.623s] reading manifest file '../../build/my_py_srvcli/my_py_srvcli.egg-info/SOURCES.txt'
[1.624s] writing manifest file '../../build/my_py_srvcli/my_py_srvcli.egg-info/SOURCES.txt'
[1.625s] running build
[1.625s] running build_py
[1.625s] copying my_py_srvcli/my_py_srv_node.py -> /home/ubuntu/ros2_ws/build/my_py_srvcli/build/lib/my_py_srvcli
[1.625s] running install
[1.625s] /home/ubuntu/.local/lib/python3.6/site-packages/setuptools/command/install.py:37: SetuptoolsDeprecationWarning: setup.py install is deprecated. Use build and pip and other standards-based tools.
[1.626s]   setuptools.SetuptoolsDeprecationWarning,
[1.626s] running install_lib
[1.626s] copying /home/ubuntu/ros2_ws/build/my_py_srvcli/build/lib/my_py_srvcli/my_py_srv_node.py -> /home/ubuntu/ros2_ws/install/my_py_srvcli/lib/python3.6/site-packages/my_py_srvcli
[1.627s] byte-compiling /home/ubuntu/ros2_ws/install/my_py_srvcli/lib/python3.6/site-packages/my_py_srvcli/my_py_srv_node.py to my_py_srv_node.cpython-36.pyc
[1.627s] running install_data
[1.628s] running install_egg_info
[1.630s] removing '/home/ubuntu/ros2_ws/install/my_py_srvcli/lib/python3.6/site-packages/my_py_srvcli-0.0.0-py3.6.egg-info' (and everything under it)
[1.630s] Copying ../../build/my_py_srvcli/my_py_srvcli.egg-info to /home/ubuntu/ros2_ws/install/my_py_srvcli/lib/python3.6/site-packages/my_py_srvcli-0.0.0-py3.6.egg-info
[1.631s] running install_scripts
[1.647s] Installing my_py_cli_node script to /home/ubuntu/ros2_ws/install/my_py_srvcli/lib/my_py_srvcli
[1.648s] Installing my_py_srv_node script to /home/ubuntu/ros2_ws/install/my_py_srvcli/lib/my_py_srvcli
[1.648s] writing list of installed files to '/home/ubuntu/ros2_ws/build/my_py_srvcli/install.log'
[1.681s] Invoked command in '/home/ubuntu/ros2_ws/src/my_py_srvcli' returned '0': PYTHONPATH=/home/ubuntu/ros2_ws/install/my_py_srvcli/lib/python3.6/site-packages:${PYTHONPATH} /usr/bin/python3 setup.py egg_info --egg-base ../../build/my_py_srvcli build --build-base /home/ubuntu/ros2_ws/build/my_py_srvcli/build install --prefix /home/ubuntu/ros2_ws/install/my_py_srvcli --record /home/ubuntu/ros2_ws/build/my_py_srvcli/install.log --single-version-externally-managed
