[1.311s] Invoking command in '/home/ubuntu/ros2_ws/src/my_py_package': PYTHONPATH=/home/ubuntu/ros2_ws/install/my_py_package/lib/python3.6/site-packages:${PYTHONPATH} /usr/bin/python3 setup.py egg_info --egg-base ../../build/my_py_package build --build-base /home/ubuntu/ros2_ws/build/my_py_package/build install --prefix /home/ubuntu/ros2_ws/install/my_py_package --record /home/ubuntu/ros2_ws/build/my_py_package/install.log --single-version-externally-managed
[1.793s] /home/ubuntu/.local/lib/python3.6/site-packages/setuptools/dist.py:726: UserWarning: Usage of dash-separated 'script-dir' will not be supported in future versions. Please use the underscore name 'script_dir' instead
[1.793s]   % (opt, underscore_opt)
[1.795s] /home/ubuntu/.local/lib/python3.6/site-packages/setuptools/dist.py:726: UserWarning: Usage of dash-separated 'install-scripts' will not be supported in future versions. Please use the underscore name 'install_scripts' instead
[1.795s]   % (opt, underscore_opt)
[1.890s] running egg_info
[1.891s] writing ../../build/my_py_package/my_py_package.egg-info/PKG-INFO
[1.892s] writing dependency_links to ../../build/my_py_package/my_py_package.egg-info/dependency_links.txt
[1.892s] writing entry points to ../../build/my_py_package/my_py_package.egg-info/entry_points.txt
[1.900s] writing requirements to ../../build/my_py_package/my_py_package.egg-info/requires.txt
[1.902s] writing top-level names to ../../build/my_py_package/my_py_package.egg-info/top_level.txt
[1.906s] reading manifest file '../../build/my_py_package/my_py_package.egg-info/SOURCES.txt'
[1.908s] writing manifest file '../../build/my_py_package/my_py_package.egg-info/SOURCES.txt'
[1.908s] running build
[1.908s] running build_py
[1.909s] running install
[1.910s] /home/ubuntu/.local/lib/python3.6/site-packages/setuptools/command/install.py:37: SetuptoolsDeprecationWarning: setup.py install is deprecated. Use build and pip and other standards-based tools.
[1.910s]   setuptools.SetuptoolsDeprecationWarning,
[1.911s] running install_lib
[1.912s] running install_data
[1.913s] running install_egg_info
[1.916s] removing '/home/ubuntu/ros2_ws/install/my_py_package/lib/python3.6/site-packages/my_py_package-0.0.0-py3.6.egg-info' (and everything under it)
[1.917s] Copying ../../build/my_py_package/my_py_package.egg-info to /home/ubuntu/ros2_ws/install/my_py_package/lib/python3.6/site-packages/my_py_package-0.0.0-py3.6.egg-info
[1.919s] running install_scripts
[2.053s] Installing my_py_node script to /home/ubuntu/ros2_ws/install/my_py_package/lib/my_py_package
[2.054s] writing list of installed files to '/home/ubuntu/ros2_ws/build/my_py_package/install.log'
[2.173s] Invoked command in '/home/ubuntu/ros2_ws/src/my_py_package' returned '0': PYTHONPATH=/home/ubuntu/ros2_ws/install/my_py_package/lib/python3.6/site-packages:${PYTHONPATH} /usr/bin/python3 setup.py egg_info --egg-base ../../build/my_py_package build --build-base /home/ubuntu/ros2_ws/build/my_py_package/build install --prefix /home/ubuntu/ros2_ws/install/my_py_package --record /home/ubuntu/ros2_ws/build/my_py_package/install.log --single-version-externally-managed
