[0.082s] Invoking command in '/home/ubuntu/ros2_ws/build/my_c_package': CMAKE_PREFIX_PATH=/opt/ros/dashing /usr/bin/cmake /home/ubuntu/ros2_ws/src/my_c_package -DCMAKE_INSTALL_PREFIX=/home/ubuntu/ros2_ws/install/my_c_package
[3.635s] -- The C compiler identification is GNU 7.5.0
[5.640s] -- The CXX compiler identification is GNU 7.5.0
[5.703s] -- Check for working C compiler: /usr/bin/cc
[5.944s] -- Check for working C compiler: /usr/bin/cc -- works
[6.065s] -- Detecting C compiler ABI info
[6.132s] -- Detecting C compiler ABI info - done
[6.136s] -- Detecting C compile features
[6.360s] -- Detecting C compile features - done
[6.367s] -- Check for working CXX compiler: /usr/bin/c++
[6.437s] -- Check for working CXX compiler: /usr/bin/c++ -- works
[6.438s] -- Detecting CXX compiler ABI info
[6.511s] -- Detecting CXX compiler ABI info - done
[6.514s] -- Detecting CXX compile features
[6.826s] -- Detecting CXX compile features - done
[7.046s] -- Found ament_cmake: 0.7.6 (/opt/ros/dashing/share/ament_cmake/cmake)
[7.138s] -- Found PythonInterp: /usr/bin/python3 (found suitable version "3.6.9", minimum required is "3") 
[7.138s] -- Using PYTHON_EXECUTABLE: /usr/bin/python3
[7.504s] -- Found ament_lint_auto: 0.7.12 (/opt/ros/dashing/share/ament_lint_auto/cmake)
[7.711s] -- Added test 'copyright' to check for copyright in CMake / C / C++ / Python code
[7.712s] -- Added test 'cppcheck' to perform static code analysis on C / C++ code
[7.712s] -- Configured cppcheck include dirs: $<BUILD_INTERFACE:/home/ubuntu/ros2_ws/src/my_c_package/include>
[7.713s] -- Added test 'cpplint' to check C / C++ code against the Google style
[7.715s] -- Added test 'lint_cmake' to check CMake code style
[7.716s] -- Added test 'uncrustify' to check C / C++ code style
[7.717s] -- Added test 'xmllint' to check XML markup files
[7.720s] -- Configuring done
[7.724s] -- Generating done
[7.724s] -- Build files have been written to: /home/ubuntu/ros2_ws/build/my_c_package
[7.726s] Invoked command in '/home/ubuntu/ros2_ws/build/my_c_package' returned '0': CMAKE_PREFIX_PATH=/opt/ros/dashing /usr/bin/cmake /home/ubuntu/ros2_ws/src/my_c_package -DCMAKE_INSTALL_PREFIX=/home/ubuntu/ros2_ws/install/my_c_package
[7.729s] Invoking command in '/home/ubuntu/ros2_ws/build/my_c_package': CMAKE_PREFIX_PATH=/opt/ros/dashing /usr/bin/cmake --build /home/ubuntu/ros2_ws/build/my_c_package -- -j4 -l4
[7.770s] [35m[1mScanning dependencies of target my_c_node[0m
[7.781s] [ 50%] [32mBuilding CXX object CMakeFiles/my_c_node.dir/src/my_c_node.cpp.o[0m
[7.971s] [100%] [32m[1mLinking CXX executable my_c_node[0m
[8.012s] [100%] Built target my_c_node
[8.023s] Invoked command in '/home/ubuntu/ros2_ws/build/my_c_package' returned '0': CMAKE_PREFIX_PATH=/opt/ros/dashing /usr/bin/cmake --build /home/ubuntu/ros2_ws/build/my_c_package -- -j4 -l4
[8.059s] Invoking command in '/home/ubuntu/ros2_ws/build/my_c_package': CMAKE_PREFIX_PATH=/opt/ros/dashing /usr/bin/cmake --build /home/ubuntu/ros2_ws/build/my_c_package --target install -- -j4 -l4
[8.108s] [100%] Built target my_c_node
[8.126s] [36mInstall the project...[0m
[8.135s] -- Install configuration: ""
[8.135s] -- Installing: /home/ubuntu/ros2_ws/install/my_c_package/lib/my_c_package/my_c_node
[8.136s] -- Installing: /home/ubuntu/ros2_ws/install/my_c_package/share/ament_index/resource_index/package_run_dependencies/my_c_package
[8.136s] -- Installing: /home/ubuntu/ros2_ws/install/my_c_package/share/ament_index/resource_index/parent_prefix_path/my_c_package
[8.136s] -- Installing: /home/ubuntu/ros2_ws/install/my_c_package/share/my_c_package/environment/ament_prefix_path.sh
[8.136s] -- Installing: /home/ubuntu/ros2_ws/install/my_c_package/share/my_c_package/environment/path.sh
[8.137s] -- Installing: /home/ubuntu/ros2_ws/install/my_c_package/share/my_c_package/local_setup.bash
[8.137s] -- Installing: /home/ubuntu/ros2_ws/install/my_c_package/share/my_c_package/local_setup.sh
[8.137s] -- Installing: /home/ubuntu/ros2_ws/install/my_c_package/share/my_c_package/local_setup.zsh
[8.137s] -- Installing: /home/ubuntu/ros2_ws/install/my_c_package/share/ament_index/resource_index/packages/my_c_package
[8.137s] -- Installing: /home/ubuntu/ros2_ws/install/my_c_package/share/my_c_package/cmake/my_c_packageConfig.cmake
[8.137s] -- Installing: /home/ubuntu/ros2_ws/install/my_c_package/share/my_c_package/cmake/my_c_packageConfig-version.cmake
[8.138s] -- Installing: /home/ubuntu/ros2_ws/install/my_c_package/share/my_c_package/package.xml
[8.141s] Invoked command in '/home/ubuntu/ros2_ws/build/my_c_package' returned '0': CMAKE_PREFIX_PATH=/opt/ros/dashing /usr/bin/cmake --build /home/ubuntu/ros2_ws/build/my_c_package --target install -- -j4 -l4
