[1.370s] Invoking command in '/home/ubuntu/ros2_ws/src/my_py_topic': PYTHONPATH=/home/ubuntu/ros2_ws/install/my_py_topic/lib/python3.6/site-packages:${PYTHONPATH} /usr/bin/python3 setup.py egg_info --egg-base ../../build/my_py_topic build --build-base /home/ubuntu/ros2_ws/build/my_py_topic/build install --prefix /home/ubuntu/ros2_ws/install/my_py_topic --record /home/ubuntu/ros2_ws/build/my_py_topic/install.log --single-version-externally-managed
[1.665s] /home/ubuntu/.local/lib/python3.6/site-packages/setuptools/dist.py:726: UserWarning: Usage of dash-separated 'script-dir' will not be supported in future versions. Please use the underscore name 'script_dir' instead
[1.665s]   % (opt, underscore_opt)
[1.666s] /home/ubuntu/.local/lib/python3.6/site-packages/setuptools/dist.py:726: UserWarning: Usage of dash-separated 'install-scripts' will not be supported in future versions. Please use the underscore name 'install_scripts' instead
[1.666s]   % (opt, underscore_opt)
[1.695s] running egg_info
[1.695s] writing ../../build/my_py_topic/my_py_topic.egg-info/PKG-INFO
[1.696s] writing dependency_links to ../../build/my_py_topic/my_py_topic.egg-info/dependency_links.txt
[1.696s] writing entry points to ../../build/my_py_topic/my_py_topic.egg-info/entry_points.txt
[1.696s] writing requirements to ../../build/my_py_topic/my_py_topic.egg-info/requires.txt
[1.696s] writing top-level names to ../../build/my_py_topic/my_py_topic.egg-info/top_level.txt
[1.698s] reading manifest file '../../build/my_py_topic/my_py_topic.egg-info/SOURCES.txt'
[1.700s] writing manifest file '../../build/my_py_topic/my_py_topic.egg-info/SOURCES.txt'
[1.700s] running build
[1.700s] running build_py
[1.700s] running install
[1.700s] /home/ubuntu/.local/lib/python3.6/site-packages/setuptools/command/install.py:37: SetuptoolsDeprecationWarning: setup.py install is deprecated. Use build and pip and other standards-based tools.
[1.701s]   setuptools.SetuptoolsDeprecationWarning,
[1.701s] running install_lib
[1.702s] running install_data
[1.703s] running install_egg_info
[1.705s] removing '/home/ubuntu/ros2_ws/install/my_py_topic/lib/python3.6/site-packages/my_py_topic-0.0.0-py3.6.egg-info' (and everything under it)
[1.706s] Copying ../../build/my_py_topic/my_py_topic.egg-info to /home/ubuntu/ros2_ws/install/my_py_topic/lib/python3.6/site-packages/my_py_topic-0.0.0-py3.6.egg-info
[1.707s] running install_scripts
[1.730s] Installing my_py_publisher_node script to /home/ubuntu/ros2_ws/install/my_py_topic/lib/my_py_topic
[1.730s] Installing my_py_subscriber_node script to /home/ubuntu/ros2_ws/install/my_py_topic/lib/my_py_topic
[1.731s] writing list of installed files to '/home/ubuntu/ros2_ws/build/my_py_topic/install.log'
[1.769s] Invoked command in '/home/ubuntu/ros2_ws/src/my_py_topic' returned '0': PYTHONPATH=/home/ubuntu/ros2_ws/install/my_py_topic/lib/python3.6/site-packages:${PYTHONPATH} /usr/bin/python3 setup.py egg_info --egg-base ../../build/my_py_topic build --build-base /home/ubuntu/ros2_ws/build/my_py_topic/build install --prefix /home/ubuntu/ros2_ws/install/my_py_topic --record /home/ubuntu/ros2_ws/build/my_py_topic/install.log --single-version-externally-managed
