[0.000000] (-) TimerEvent: {}
[0.000684] (my_c_package) JobQueued: {'identifier': 'my_c_package', 'dependencies': OrderedDict()}
[0.001585] (my_c_topic) JobQueued: {'identifier': 'my_c_topic', 'dependencies': OrderedDict()}
[0.002349] (my_py_package) JobQueued: {'identifier': 'my_py_package', 'dependencies': OrderedDict()}
[0.002422] (my_c_package) JobStarted: {'identifier': 'my_c_package'}
[0.011167] (my_c_topic) JobStarted: {'identifier': 'my_c_topic'}
[0.017804] (my_py_package) JobStarted: {'identifier': 'my_py_package'}
[0.029058] (my_c_package) JobProgress: {'identifier': 'my_c_package', 'progress': 'cmake'}
[0.030077] (my_c_package) JobProgress: {'identifier': 'my_c_package', 'progress': 'build'}
[0.035114] (my_c_package) Command: {'cmd': ['/usr/bin/cmake', '--build', '/home/ubuntu/ros2_ws/build/my_c_package', '--', '-j4', '-l4'], 'cwd': '/home/ubuntu/ros2_ws/build/my_c_package', 'env': OrderedDict([('GJS_DEBUG_TOPICS', 'JS ERROR;JS LOG'), ('LESSOPEN', '| /usr/bin/lesspipe %s'), ('USER', 'ubuntu'), ('LANGUAGE', 'zh_CN:en_US:en'), ('SVGA_VGPU10', '0'), ('LC_TIME', 'zh_CN.UTF-8'), ('TEXTDOMAIN', 'im-config'), ('XDG_SEAT', 'seat0'), ('SSH_AGENT_PID', '2268'), ('XDG_SESSION_TYPE', 'x11'), ('GIT_ASKPASS', '/usr/share/code/resources/app/extensions/git/dist/askpass.sh'), ('LD_LIBRARY_PATH', '/opt/ros/dashing/opt/yaml_cpp_vendor/lib:/opt/ros/dashing/opt/rviz_ogre_vendor/lib:/opt/ros/dashing/lib'), ('SHLVL', '2'), ('CHROME_DESKTOP', 'code-url-handler.desktop'), ('QT4_IM_MODULE', 'xim'), ('HOME', '/home/ubuntu'), ('DESKTOP_SESSION', 'ubuntu'), ('TERM_PROGRAM_VERSION', '1.66.2'), ('GIO_LAUNCHED_DESKTOP_FILE', '/usr/share/applications/code.desktop'), ('GNOME_SHELL_SESSION_MODE', 'ubuntu'), ('GTK_MODULES', 'gail:atk-bridge'), ('VSCODE_GIT_ASKPASS_MAIN', '/usr/share/code/resources/app/extensions/git/dist/askpass-main.js'), ('ROS_PYTHON_VERSION', '3'), ('LC_MONETARY', 'zh_CN.UTF-8'), ('VSCODE_GIT_ASKPASS_NODE', '/usr/share/code/code'), ('DBUS_SESSION_BUS_ADDRESS', 'unix:path=/run/user/1000/bus'), ('COLORTERM', 'truecolor'), ('GIO_LAUNCHED_DESKTOP_FILE_PID', '11040'), ('IM_CONFIG_PHASE', '2'), ('ROS_DISTRO', 'dashing'), ('LOGNAME', 'ubuntu'), ('GTK_IM_MODULE', 'ibus'), ('_', '/usr/bin/colcon'), ('ROS_VERSION', '2'), ('PKG_CONFIG_PATH', '/usr/local/lib/pkgconfig:/usr/local/lib/pkgconfig::/usr/local/lib/pkgconfig'), ('USERNAME', 'ubuntu'), ('XDG_SESSION_ID', '5'), ('TERM', 'xterm-256color'), ('GNOME_DESKTOP_SESSION_ID', 'this-is-deprecated'), ('WINDOWPATH', '2'), ('PATH', '/opt/gcc-arm-none-eabi-9-2020-q2-update/bin:/home/ubuntu/.local/bin:/opt/ros/dashing/bin:/opt/gcc-arm-none-eabi-9-2020-q2-update/bin:/home/ubuntu/.local/bin:/usr/local/sbin:/usr/local/bin:/usr/sbin:/usr/bin:/sbin:/bin:/usr/games:/usr/local/games:/snap/bin'), ('PAPERSIZE', 'a4'), ('SESSION_MANAGER', 'local/ubuntu-vm:@/tmp/.ICE-unix/2191,unix/ubuntu-vm:/tmp/.ICE-unix/2191'), ('XDG_MENU_PREFIX', 'gnome-'), ('LC_ADDRESS', 'zh_CN.UTF-8'), ('GDK_BACKEND', 'x11'), ('XDG_RUNTIME_DIR', '/run/user/1000'), ('DISPLAY', ':1'), ('LANG', 'zh_CN.UTF-8'), ('XDG_CURRENT_DESKTOP', 'Unity'), ('LC_TELEPHONE', 'zh_CN.UTF-8'), ('TERM_PROGRAM', 'vscode'), ('XDG_SESSION_DESKTOP', 'ubuntu'), ('XMODIFIERS', '@im=ibus'), ('VSCODE_GIT_IPC_HANDLE', '/run/user/1000/vscode-git-5508b6727b.sock'), ('XAUTHORITY', '/run/user/1000/gdm/Xauthority'), ('AMENT_PREFIX_PATH', '/opt/ros/dashing'), ('ORIGINAL_XDG_CURRENT_DESKTOP', 'ubuntu:GNOME'), ('SSH_AUTH_SOCK', '/run/user/1000/keyring/ssh'), ('LC_NAME', 'zh_CN.UTF-8'), ('SHELL', '/bin/bash'), ('QT_ACCESSIBILITY', '1'), ('GDMSESSION', 'ubuntu'), ('LESSCLOSE', '/usr/bin/lesspipe %s %s'), ('LC_MEASUREMENT', 'zh_CN.UTF-8'), ('TEXTDOMAINDIR', '/usr/share/locale/'), ('GJS_DEBUG_OUTPUT', 'stderr'), ('GPG_AGENT_INFO', '/run/user/1000/gnupg/S.gpg-agent:0:1'), ('LC_IDENTIFICATION', 'zh_CN.UTF-8'), ('VSCODE_GIT_ASKPASS_EXTRA_ARGS', '--ms-enable-electron-run-as-node'), ('XDG_VTNR', '2'), ('QT_IM_MODULE', 'ibus'), ('LC_ALL', 'en_US.UTF-8'), ('PWD', '/home/ubuntu/ros2_ws/build/my_c_package'), ('CLUTTER_IM_MODULE', 'xim'), ('XDG_DATA_DIRS', '/usr/share/ubuntu:/usr/local/share/:/usr/share/:/var/lib/snapd/desktop'), ('XDG_CONFIG_DIRS', '/etc/xdg/xdg-ubuntu:/etc/xdg'), ('LC_NUMERIC', 'zh_CN.UTF-8'), ('PYTHONPATH', '/opt/ros/dashing/lib/python3.6/site-packages'), ('LC_PAPER', 'zh_CN.UTF-8'), ('COLCON', '1'), ('CMAKE_PREFIX_PATH', '/opt/ros/dashing')]), 'shell': False}
[0.042777] (my_c_topic) JobProgress: {'identifier': 'my_c_topic', 'progress': 'cmake'}
[0.042929] (my_c_topic) JobProgress: {'identifier': 'my_c_topic', 'progress': 'build'}
[0.042989] (my_c_topic) Command: {'cmd': ['/usr/bin/cmake', '--build', '/home/ubuntu/ros2_ws/build/my_c_topic', '--', '-j4', '-l4'], 'cwd': '/home/ubuntu/ros2_ws/build/my_c_topic', 'env': OrderedDict([('GJS_DEBUG_TOPICS', 'JS ERROR;JS LOG'), ('LESSOPEN', '| /usr/bin/lesspipe %s'), ('USER', 'ubuntu'), ('LANGUAGE', 'zh_CN:en_US:en'), ('SVGA_VGPU10', '0'), ('LC_TIME', 'zh_CN.UTF-8'), ('TEXTDOMAIN', 'im-config'), ('XDG_SEAT', 'seat0'), ('SSH_AGENT_PID', '2268'), ('XDG_SESSION_TYPE', 'x11'), ('GIT_ASKPASS', '/usr/share/code/resources/app/extensions/git/dist/askpass.sh'), ('LD_LIBRARY_PATH', '/opt/ros/dashing/opt/yaml_cpp_vendor/lib:/opt/ros/dashing/opt/rviz_ogre_vendor/lib:/opt/ros/dashing/lib'), ('SHLVL', '2'), ('CHROME_DESKTOP', 'code-url-handler.desktop'), ('QT4_IM_MODULE', 'xim'), ('HOME', '/home/ubuntu'), ('DESKTOP_SESSION', 'ubuntu'), ('TERM_PROGRAM_VERSION', '1.66.2'), ('GIO_LAUNCHED_DESKTOP_FILE', '/usr/share/applications/code.desktop'), ('GNOME_SHELL_SESSION_MODE', 'ubuntu'), ('GTK_MODULES', 'gail:atk-bridge'), ('VSCODE_GIT_ASKPASS_MAIN', '/usr/share/code/resources/app/extensions/git/dist/askpass-main.js'), ('ROS_PYTHON_VERSION', '3'), ('LC_MONETARY', 'zh_CN.UTF-8'), ('VSCODE_GIT_ASKPASS_NODE', '/usr/share/code/code'), ('DBUS_SESSION_BUS_ADDRESS', 'unix:path=/run/user/1000/bus'), ('COLORTERM', 'truecolor'), ('GIO_LAUNCHED_DESKTOP_FILE_PID', '11040'), ('IM_CONFIG_PHASE', '2'), ('ROS_DISTRO', 'dashing'), ('LOGNAME', 'ubuntu'), ('GTK_IM_MODULE', 'ibus'), ('_', '/usr/bin/colcon'), ('ROS_VERSION', '2'), ('PKG_CONFIG_PATH', '/usr/local/lib/pkgconfig:/usr/local/lib/pkgconfig::/usr/local/lib/pkgconfig'), ('USERNAME', 'ubuntu'), ('XDG_SESSION_ID', '5'), ('TERM', 'xterm-256color'), ('GNOME_DESKTOP_SESSION_ID', 'this-is-deprecated'), ('WINDOWPATH', '2'), ('PATH', '/opt/gcc-arm-none-eabi-9-2020-q2-update/bin:/home/ubuntu/.local/bin:/opt/ros/dashing/bin:/opt/gcc-arm-none-eabi-9-2020-q2-update/bin:/home/ubuntu/.local/bin:/usr/local/sbin:/usr/local/bin:/usr/sbin:/usr/bin:/sbin:/bin:/usr/games:/usr/local/games:/snap/bin'), ('PAPERSIZE', 'a4'), ('SESSION_MANAGER', 'local/ubuntu-vm:@/tmp/.ICE-unix/2191,unix/ubuntu-vm:/tmp/.ICE-unix/2191'), ('XDG_MENU_PREFIX', 'gnome-'), ('LC_ADDRESS', 'zh_CN.UTF-8'), ('GDK_BACKEND', 'x11'), ('XDG_RUNTIME_DIR', '/run/user/1000'), ('DISPLAY', ':1'), ('LANG', 'zh_CN.UTF-8'), ('XDG_CURRENT_DESKTOP', 'Unity'), ('LC_TELEPHONE', 'zh_CN.UTF-8'), ('TERM_PROGRAM', 'vscode'), ('XDG_SESSION_DESKTOP', 'ubuntu'), ('XMODIFIERS', '@im=ibus'), ('VSCODE_GIT_IPC_HANDLE', '/run/user/1000/vscode-git-5508b6727b.sock'), ('XAUTHORITY', '/run/user/1000/gdm/Xauthority'), ('AMENT_PREFIX_PATH', '/opt/ros/dashing'), ('ORIGINAL_XDG_CURRENT_DESKTOP', 'ubuntu:GNOME'), ('SSH_AUTH_SOCK', '/run/user/1000/keyring/ssh'), ('LC_NAME', 'zh_CN.UTF-8'), ('SHELL', '/bin/bash'), ('QT_ACCESSIBILITY', '1'), ('GDMSESSION', 'ubuntu'), ('LESSCLOSE', '/usr/bin/lesspipe %s %s'), ('LC_MEASUREMENT', 'zh_CN.UTF-8'), ('TEXTDOMAINDIR', '/usr/share/locale/'), ('GJS_DEBUG_OUTPUT', 'stderr'), ('GPG_AGENT_INFO', '/run/user/1000/gnupg/S.gpg-agent:0:1'), ('LC_IDENTIFICATION', 'zh_CN.UTF-8'), ('VSCODE_GIT_ASKPASS_EXTRA_ARGS', '--ms-enable-electron-run-as-node'), ('XDG_VTNR', '2'), ('QT_IM_MODULE', 'ibus'), ('LC_ALL', 'en_US.UTF-8'), ('PWD', '/home/ubuntu/ros2_ws/build/my_c_topic'), ('CLUTTER_IM_MODULE', 'xim'), ('XDG_DATA_DIRS', '/usr/share/ubuntu:/usr/local/share/:/usr/share/:/var/lib/snapd/desktop'), ('XDG_CONFIG_DIRS', '/etc/xdg/xdg-ubuntu:/etc/xdg'), ('LC_NUMERIC', 'zh_CN.UTF-8'), ('PYTHONPATH', '/opt/ros/dashing/lib/python3.6/site-packages'), ('LC_PAPER', 'zh_CN.UTF-8'), ('COLCON', '1'), ('CMAKE_PREFIX_PATH', '/opt/ros/dashing')]), 'shell': False}
[0.091205] (my_c_package) StdoutLine: {'line': b'[100%] Built target my_c_node\n'}
[0.092090] (my_c_topic) StdoutLine: {'line': b'\x1b[35m\x1b[1mScanning dependencies of target my_c_publisher_node\x1b[0m\n'}
[0.100364] (-) TimerEvent: {}
[0.118219] (my_c_topic) StdoutLine: {'line': b'[ 50%] \x1b[32mBuilding CXX object CMakeFiles/my_c_publisher_node.dir/src/my_c_publisher_node.cpp.o\x1b[0m\n'}
[0.201161] (-) TimerEvent: {}
[0.301731] (-) TimerEvent: {}
[0.395584] (my_c_package) CommandEnded: {'returncode': 0}
[0.402911] (-) TimerEvent: {}
[0.444027] (my_c_package) JobProgress: {'identifier': 'my_c_package', 'progress': 'install'}
[0.466872] (my_c_package) Command: {'cmd': ['/usr/bin/cmake', '--build', '/home/ubuntu/ros2_ws/build/my_c_package', '--target', 'install', '--', '-j4', '-l4'], 'cwd': '/home/ubuntu/ros2_ws/build/my_c_package', 'env': OrderedDict([('GJS_DEBUG_TOPICS', 'JS ERROR;JS LOG'), ('LESSOPEN', '| /usr/bin/lesspipe %s'), ('USER', 'ubuntu'), ('LANGUAGE', 'zh_CN:en_US:en'), ('SVGA_VGPU10', '0'), ('LC_TIME', 'zh_CN.UTF-8'), ('TEXTDOMAIN', 'im-config'), ('XDG_SEAT', 'seat0'), ('SSH_AGENT_PID', '2268'), ('XDG_SESSION_TYPE', 'x11'), ('GIT_ASKPASS', '/usr/share/code/resources/app/extensions/git/dist/askpass.sh'), ('LD_LIBRARY_PATH', '/opt/ros/dashing/opt/yaml_cpp_vendor/lib:/opt/ros/dashing/opt/rviz_ogre_vendor/lib:/opt/ros/dashing/lib'), ('SHLVL', '2'), ('CHROME_DESKTOP', 'code-url-handler.desktop'), ('QT4_IM_MODULE', 'xim'), ('HOME', '/home/ubuntu'), ('DESKTOP_SESSION', 'ubuntu'), ('TERM_PROGRAM_VERSION', '1.66.2'), ('GIO_LAUNCHED_DESKTOP_FILE', '/usr/share/applications/code.desktop'), ('GNOME_SHELL_SESSION_MODE', 'ubuntu'), ('GTK_MODULES', 'gail:atk-bridge'), ('VSCODE_GIT_ASKPASS_MAIN', '/usr/share/code/resources/app/extensions/git/dist/askpass-main.js'), ('ROS_PYTHON_VERSION', '3'), ('LC_MONETARY', 'zh_CN.UTF-8'), ('VSCODE_GIT_ASKPASS_NODE', '/usr/share/code/code'), ('DBUS_SESSION_BUS_ADDRESS', 'unix:path=/run/user/1000/bus'), ('COLORTERM', 'truecolor'), ('GIO_LAUNCHED_DESKTOP_FILE_PID', '11040'), ('IM_CONFIG_PHASE', '2'), ('ROS_DISTRO', 'dashing'), ('LOGNAME', 'ubuntu'), ('GTK_IM_MODULE', 'ibus'), ('_', '/usr/bin/colcon'), ('ROS_VERSION', '2'), ('PKG_CONFIG_PATH', '/usr/local/lib/pkgconfig:/usr/local/lib/pkgconfig::/usr/local/lib/pkgconfig'), ('USERNAME', 'ubuntu'), ('XDG_SESSION_ID', '5'), ('TERM', 'xterm-256color'), ('GNOME_DESKTOP_SESSION_ID', 'this-is-deprecated'), ('WINDOWPATH', '2'), ('PATH', '/opt/gcc-arm-none-eabi-9-2020-q2-update/bin:/home/ubuntu/.local/bin:/opt/ros/dashing/bin:/opt/gcc-arm-none-eabi-9-2020-q2-update/bin:/home/ubuntu/.local/bin:/usr/local/sbin:/usr/local/bin:/usr/sbin:/usr/bin:/sbin:/bin:/usr/games:/usr/local/games:/snap/bin'), ('PAPERSIZE', 'a4'), ('SESSION_MANAGER', 'local/ubuntu-vm:@/tmp/.ICE-unix/2191,unix/ubuntu-vm:/tmp/.ICE-unix/2191'), ('XDG_MENU_PREFIX', 'gnome-'), ('LC_ADDRESS', 'zh_CN.UTF-8'), ('GDK_BACKEND', 'x11'), ('XDG_RUNTIME_DIR', '/run/user/1000'), ('DISPLAY', ':1'), ('LANG', 'zh_CN.UTF-8'), ('XDG_CURRENT_DESKTOP', 'Unity'), ('LC_TELEPHONE', 'zh_CN.UTF-8'), ('TERM_PROGRAM', 'vscode'), ('XDG_SESSION_DESKTOP', 'ubuntu'), ('XMODIFIERS', '@im=ibus'), ('VSCODE_GIT_IPC_HANDLE', '/run/user/1000/vscode-git-5508b6727b.sock'), ('XAUTHORITY', '/run/user/1000/gdm/Xauthority'), ('AMENT_PREFIX_PATH', '/opt/ros/dashing'), ('ORIGINAL_XDG_CURRENT_DESKTOP', 'ubuntu:GNOME'), ('SSH_AUTH_SOCK', '/run/user/1000/keyring/ssh'), ('LC_NAME', 'zh_CN.UTF-8'), ('SHELL', '/bin/bash'), ('QT_ACCESSIBILITY', '1'), ('GDMSESSION', 'ubuntu'), ('LESSCLOSE', '/usr/bin/lesspipe %s %s'), ('LC_MEASUREMENT', 'zh_CN.UTF-8'), ('TEXTDOMAINDIR', '/usr/share/locale/'), ('GJS_DEBUG_OUTPUT', 'stderr'), ('GPG_AGENT_INFO', '/run/user/1000/gnupg/S.gpg-agent:0:1'), ('LC_IDENTIFICATION', 'zh_CN.UTF-8'), ('VSCODE_GIT_ASKPASS_EXTRA_ARGS', '--ms-enable-electron-run-as-node'), ('XDG_VTNR', '2'), ('QT_IM_MODULE', 'ibus'), ('LC_ALL', 'en_US.UTF-8'), ('PWD', '/home/ubuntu/ros2_ws/build/my_c_package'), ('CLUTTER_IM_MODULE', 'xim'), ('XDG_DATA_DIRS', '/usr/share/ubuntu:/usr/local/share/:/usr/share/:/var/lib/snapd/desktop'), ('XDG_CONFIG_DIRS', '/etc/xdg/xdg-ubuntu:/etc/xdg'), ('LC_NUMERIC', 'zh_CN.UTF-8'), ('PYTHONPATH', '/opt/ros/dashing/lib/python3.6/site-packages'), ('LC_PAPER', 'zh_CN.UTF-8'), ('COLCON', '1'), ('CMAKE_PREFIX_PATH', '/opt/ros/dashing')]), 'shell': False}
[0.503128] (-) TimerEvent: {}
[0.545487] (my_c_package) StdoutLine: {'line': b'[100%] Built target my_c_node\n'}
[0.570670] (my_c_package) StdoutLine: {'line': b'\x1b[36mInstall the project...\x1b[0m\n'}
[0.580126] (my_c_package) StdoutLine: {'line': b'-- Install configuration: "RelWithDebInfo"\n'}
[0.580443] (my_c_package) StdoutLine: {'line': b'-- Up-to-date: /home/ubuntu/ros2_ws/install/lib/my_c_package/my_c_node\n'}
[0.580624] (my_c_package) StdoutLine: {'line': b'-- Up-to-date: /home/ubuntu/ros2_ws/install/share/ament_index/resource_index/package_run_dependencies/my_c_package\n'}
[0.582419] (my_c_package) StdoutLine: {'line': b'-- Up-to-date: /home/ubuntu/ros2_ws/install/share/ament_index/resource_index/parent_prefix_path/my_c_package\n'}
[0.582604] (my_c_package) StdoutLine: {'line': b'-- Up-to-date: /home/ubuntu/ros2_ws/install/share/my_c_package/environment/ament_prefix_path.sh\n'}
[0.582685] (my_c_package) StdoutLine: {'line': b'-- Up-to-date: /home/ubuntu/ros2_ws/install/share/my_c_package/environment/path.sh\n'}
[0.582754] (my_c_package) StdoutLine: {'line': b'-- Up-to-date: /home/ubuntu/ros2_ws/install/share/my_c_package/local_setup.bash\n'}
[0.582821] (my_c_package) StdoutLine: {'line': b'-- Up-to-date: /home/ubuntu/ros2_ws/install/share/my_c_package/local_setup.sh\n'}
[0.582886] (my_c_package) StdoutLine: {'line': b'-- Up-to-date: /home/ubuntu/ros2_ws/install/share/my_c_package/local_setup.zsh\n'}
[0.582950] (my_c_package) StdoutLine: {'line': b'-- Up-to-date: /home/ubuntu/ros2_ws/install/share/ament_index/resource_index/packages/my_c_package\n'}
[0.583016] (my_c_package) StdoutLine: {'line': b'-- Up-to-date: /home/ubuntu/ros2_ws/install/share/my_c_package/cmake/my_c_packageConfig.cmake\n'}
[0.583120] (my_c_package) StdoutLine: {'line': b'-- Up-to-date: /home/ubuntu/ros2_ws/install/share/my_c_package/cmake/my_c_packageConfig-version.cmake\n'}
[0.583193] (my_c_package) StdoutLine: {'line': b'-- Up-to-date: /home/ubuntu/ros2_ws/install/share/my_c_package/package.xml\n'}
[0.589666] (my_c_package) CommandEnded: {'returncode': 0}
[0.605777] (-) TimerEvent: {}
[0.673012] (my_c_package) JobEnded: {'identifier': 'my_c_package', 'rc': 0}
[0.705911] (-) TimerEvent: {}
[0.806598] (-) TimerEvent: {}
[0.904736] (my_py_package) Command: {'cmd': ['/usr/bin/python3', 'setup.py', 'egg_info', '--egg-base', '../../build/my_py_package', 'build', '--build-base', '/home/ubuntu/ros2_ws/build/my_py_package/build', 'install', '--prefix', '/home/ubuntu/ros2_ws/install', '--record', '/home/ubuntu/ros2_ws/build/my_py_package/install.log', '--single-version-externally-managed'], 'cwd': '/home/ubuntu/ros2_ws/src/my_py_package', 'env': {'GJS_DEBUG_TOPICS': 'JS ERROR;JS LOG', 'LESSOPEN': '| /usr/bin/lesspipe %s', 'USER': 'ubuntu', 'LANGUAGE': 'zh_CN:en_US:en', 'SVGA_VGPU10': '0', 'LC_TIME': 'zh_CN.UTF-8', 'TEXTDOMAIN': 'im-config', 'XDG_SEAT': 'seat0', 'SSH_AGENT_PID': '2268', 'XDG_SESSION_TYPE': 'x11', 'GIT_ASKPASS': '/usr/share/code/resources/app/extensions/git/dist/askpass.sh', 'LD_LIBRARY_PATH': '/opt/ros/dashing/opt/yaml_cpp_vendor/lib:/opt/ros/dashing/opt/rviz_ogre_vendor/lib:/opt/ros/dashing/lib', 'SHLVL': '2', 'CHROME_DESKTOP': 'code-url-handler.desktop', 'QT4_IM_MODULE': 'xim', 'HOME': '/home/ubuntu', 'DESKTOP_SESSION': 'ubuntu', 'TERM_PROGRAM_VERSION': '1.66.2', 'GIO_LAUNCHED_DESKTOP_FILE': '/usr/share/applications/code.desktop', 'GNOME_SHELL_SESSION_MODE': 'ubuntu', 'GTK_MODULES': 'gail:atk-bridge', 'VSCODE_GIT_ASKPASS_MAIN': '/usr/share/code/resources/app/extensions/git/dist/askpass-main.js', 'ROS_PYTHON_VERSION': '3', 'LC_MONETARY': 'zh_CN.UTF-8', 'VSCODE_GIT_ASKPASS_NODE': '/usr/share/code/code', 'DBUS_SESSION_BUS_ADDRESS': 'unix:path=/run/user/1000/bus', 'COLORTERM': 'truecolor', 'GIO_LAUNCHED_DESKTOP_FILE_PID': '11040', 'IM_CONFIG_PHASE': '2', 'ROS_DISTRO': 'dashing', 'LOGNAME': 'ubuntu', 'GTK_IM_MODULE': 'ibus', '_': '/usr/bin/colcon', 'ROS_VERSION': '2', 'PKG_CONFIG_PATH': '/usr/local/lib/pkgconfig:/usr/local/lib/pkgconfig::/usr/local/lib/pkgconfig', 'USERNAME': 'ubuntu', 'XDG_SESSION_ID': '5', 'TERM': 'xterm-256color', 'GNOME_DESKTOP_SESSION_ID': 'this-is-deprecated', 'WINDOWPATH': '2', 'PATH': '/opt/gcc-arm-none-eabi-9-2020-q2-update/bin:/home/ubuntu/.local/bin:/opt/ros/dashing/bin:/opt/gcc-arm-none-eabi-9-2020-q2-update/bin:/home/ubuntu/.local/bin:/usr/local/sbin:/usr/local/bin:/usr/sbin:/usr/bin:/sbin:/bin:/usr/games:/usr/local/games:/snap/bin', 'PAPERSIZE': 'a4', 'SESSION_MANAGER': 'local/ubuntu-vm:@/tmp/.ICE-unix/2191,unix/ubuntu-vm:/tmp/.ICE-unix/2191', 'XDG_MENU_PREFIX': 'gnome-', 'LC_ADDRESS': 'zh_CN.UTF-8', 'GDK_BACKEND': 'x11', 'XDG_RUNTIME_DIR': '/run/user/1000', 'DISPLAY': ':1', 'LANG': 'zh_CN.UTF-8', 'XDG_CURRENT_DESKTOP': 'Unity', 'LC_TELEPHONE': 'zh_CN.UTF-8', 'TERM_PROGRAM': 'vscode', 'XDG_SESSION_DESKTOP': 'ubuntu', 'XMODIFIERS': '@im=ibus', 'VSCODE_GIT_IPC_HANDLE': '/run/user/1000/vscode-git-5508b6727b.sock', 'XAUTHORITY': '/run/user/1000/gdm/Xauthority', 'AMENT_PREFIX_PATH': '/opt/ros/dashing', 'ORIGINAL_XDG_CURRENT_DESKTOP': 'ubuntu:GNOME', 'SSH_AUTH_SOCK': '/run/user/1000/keyring/ssh', 'LC_NAME': 'zh_CN.UTF-8', 'SHELL': '/bin/bash', 'QT_ACCESSIBILITY': '1', 'GDMSESSION': 'ubuntu', 'LESSCLOSE': '/usr/bin/lesspipe %s %s', 'LC_MEASUREMENT': 'zh_CN.UTF-8', 'TEXTDOMAINDIR': '/usr/share/locale/', 'GJS_DEBUG_OUTPUT': 'stderr', 'GPG_AGENT_INFO': '/run/user/1000/gnupg/S.gpg-agent:0:1', 'LC_IDENTIFICATION': 'zh_CN.UTF-8', 'VSCODE_GIT_ASKPASS_EXTRA_ARGS': '--ms-enable-electron-run-as-node', 'XDG_VTNR': '2', 'QT_IM_MODULE': 'ibus', 'LC_ALL': 'en_US.UTF-8', 'PWD': '/home/ubuntu/ros2_ws/build/my_py_package', 'CLUTTER_IM_MODULE': 'xim', 'XDG_DATA_DIRS': '/usr/share/ubuntu:/usr/local/share/:/usr/share/:/var/lib/snapd/desktop', 'XDG_CONFIG_DIRS': '/etc/xdg/xdg-ubuntu:/etc/xdg', 'LC_NUMERIC': 'zh_CN.UTF-8', 'PYTHONPATH': '/home/ubuntu/ros2_ws/install/lib/python3.6/site-packages:/opt/ros/dashing/lib/python3.6/site-packages', 'LC_PAPER': 'zh_CN.UTF-8', 'COLCON': '1'}, 'shell': False}
[0.907907] (-) TimerEvent: {}
[1.009141] (-) TimerEvent: {}
[1.111004] (-) TimerEvent: {}
[1.170400] (my_py_package) StderrLine: {'line': b"/home/ubuntu/.local/lib/python3.6/site-packages/setuptools/dist.py:726: UserWarning: Usage of dash-separated 'script-dir' will not be supported in future versions. Please use the underscore name 'script_dir' instead\n"}
[1.170753] (my_py_package) StderrLine: {'line': b'  % (opt, underscore_opt)\n'}
[1.170882] (my_py_package) StderrLine: {'line': b"/home/ubuntu/.local/lib/python3.6/site-packages/setuptools/dist.py:726: UserWarning: Usage of dash-separated 'install-scripts' will not be supported in future versions. Please use the underscore name 'install_scripts' instead\n"}
[1.171011] (my_py_package) StderrLine: {'line': b'  % (opt, underscore_opt)\n'}
[1.201605] (my_py_package) StdoutLine: {'line': b'running egg_info\n'}
[1.202373] (my_py_package) StdoutLine: {'line': b'writing ../../build/my_py_package/my_py_package.egg-info/PKG-INFO\n'}
[1.202670] (my_py_package) StdoutLine: {'line': b'writing dependency_links to ../../build/my_py_package/my_py_package.egg-info/dependency_links.txt\n'}
[1.202869] (my_py_package) StdoutLine: {'line': b'writing entry points to ../../build/my_py_package/my_py_package.egg-info/entry_points.txt\n'}
[1.203077] (my_py_package) StdoutLine: {'line': b'writing requirements to ../../build/my_py_package/my_py_package.egg-info/requires.txt\n'}
[1.203325] (my_py_package) StdoutLine: {'line': b'writing top-level names to ../../build/my_py_package/my_py_package.egg-info/top_level.txt\n'}
[1.205076] (my_py_package) StdoutLine: {'line': b"reading manifest file '../../build/my_py_package/my_py_package.egg-info/SOURCES.txt'\n"}
[1.206001] (my_py_package) StdoutLine: {'line': b"writing manifest file '../../build/my_py_package/my_py_package.egg-info/SOURCES.txt'\n"}
[1.206334] (my_py_package) StdoutLine: {'line': b'running build\n'}
[1.206592] (my_py_package) StdoutLine: {'line': b'running build_py\n'}
[1.206840] (my_py_package) StderrLine: {'line': b'/home/ubuntu/.local/lib/python3.6/site-packages/setuptools/command/install.py:37: SetuptoolsDeprecationWarning: setup.py install is deprecated. Use build and pip and other standards-based tools.\n'}
[1.206966] (my_py_package) StderrLine: {'line': b'  setuptools.SetuptoolsDeprecationWarning,\n'}
[1.207151] (my_py_package) StdoutLine: {'line': b'running install\n'}
[1.207265] (my_py_package) StdoutLine: {'line': b'running install_lib\n'}
[1.207864] (my_py_package) StdoutLine: {'line': b'running install_data\n'}
[1.208287] (my_py_package) StdoutLine: {'line': b'running install_egg_info\n'}
[1.209888] (my_py_package) StdoutLine: {'line': b"removing '/home/ubuntu/ros2_ws/install/lib/python3.6/site-packages/my_py_package-0.0.0-py3.6.egg-info' (and everything under it)\n"}
[1.210132] (my_py_package) StdoutLine: {'line': b'Copying ../../build/my_py_package/my_py_package.egg-info to /home/ubuntu/ros2_ws/install/lib/python3.6/site-packages/my_py_package-0.0.0-py3.6.egg-info\n'}
[1.210960] (my_py_package) StdoutLine: {'line': b'running install_scripts\n'}
[1.211073] (-) TimerEvent: {}
[1.227580] (my_py_package) StdoutLine: {'line': b'Installing my_py_node script to /home/ubuntu/ros2_ws/install/lib/my_py_package\n'}
[1.228003] (my_py_package) StdoutLine: {'line': b"writing list of installed files to '/home/ubuntu/ros2_ws/build/my_py_package/install.log'\n"}
[1.265733] (my_py_package) CommandEnded: {'returncode': 0}
[1.267713] (my_py_package) JobEnded: {'identifier': 'my_py_package', 'rc': 0}
[1.311296] (-) TimerEvent: {}
[1.412275] (-) TimerEvent: {}
[1.512821] (-) TimerEvent: {}
[1.613635] (-) TimerEvent: {}
[1.714414] (-) TimerEvent: {}
[1.815029] (-) TimerEvent: {}
[1.915888] (-) TimerEvent: {}
[2.016588] (-) TimerEvent: {}
[2.117520] (-) TimerEvent: {}
[2.218054] (-) TimerEvent: {}
[2.318799] (-) TimerEvent: {}
[2.419585] (-) TimerEvent: {}
[2.520212] (-) TimerEvent: {}
[2.621022] (-) TimerEvent: {}
[2.722754] (-) TimerEvent: {}
[2.823539] (-) TimerEvent: {}
[2.924182] (-) TimerEvent: {}
[3.025049] (-) TimerEvent: {}
[3.125809] (-) TimerEvent: {}
[3.226219] (-) TimerEvent: {}
[3.327233] (-) TimerEvent: {}
[3.428034] (-) TimerEvent: {}
[3.528822] (-) TimerEvent: {}
[3.629465] (-) TimerEvent: {}
[3.683533] (my_c_topic) StdoutLine: {'line': b'[100%] \x1b[32m\x1b[1mLinking CXX executable my_c_publisher_node\x1b[0m\n'}
[3.730267] (-) TimerEvent: {}
[3.830586] (-) TimerEvent: {}
[3.931673] (-) TimerEvent: {}
[3.958428] (my_c_topic) StdoutLine: {'line': b'[100%] Built target my_c_publisher_node\n'}
[3.972786] (my_c_topic) CommandEnded: {'returncode': 0}
[3.997855] (my_c_topic) JobProgress: {'identifier': 'my_c_topic', 'progress': 'install'}
[3.999638] (my_c_topic) Command: {'cmd': ['/usr/bin/cmake', '--build', '/home/ubuntu/ros2_ws/build/my_c_topic', '--target', 'install', '--', '-j4', '-l4'], 'cwd': '/home/ubuntu/ros2_ws/build/my_c_topic', 'env': OrderedDict([('GJS_DEBUG_TOPICS', 'JS ERROR;JS LOG'), ('LESSOPEN', '| /usr/bin/lesspipe %s'), ('USER', 'ubuntu'), ('LANGUAGE', 'zh_CN:en_US:en'), ('SVGA_VGPU10', '0'), ('LC_TIME', 'zh_CN.UTF-8'), ('TEXTDOMAIN', 'im-config'), ('XDG_SEAT', 'seat0'), ('SSH_AGENT_PID', '2268'), ('XDG_SESSION_TYPE', 'x11'), ('GIT_ASKPASS', '/usr/share/code/resources/app/extensions/git/dist/askpass.sh'), ('LD_LIBRARY_PATH', '/opt/ros/dashing/opt/yaml_cpp_vendor/lib:/opt/ros/dashing/opt/rviz_ogre_vendor/lib:/opt/ros/dashing/lib'), ('SHLVL', '2'), ('CHROME_DESKTOP', 'code-url-handler.desktop'), ('QT4_IM_MODULE', 'xim'), ('HOME', '/home/ubuntu'), ('DESKTOP_SESSION', 'ubuntu'), ('TERM_PROGRAM_VERSION', '1.66.2'), ('GIO_LAUNCHED_DESKTOP_FILE', '/usr/share/applications/code.desktop'), ('GNOME_SHELL_SESSION_MODE', 'ubuntu'), ('GTK_MODULES', 'gail:atk-bridge'), ('VSCODE_GIT_ASKPASS_MAIN', '/usr/share/code/resources/app/extensions/git/dist/askpass-main.js'), ('ROS_PYTHON_VERSION', '3'), ('LC_MONETARY', 'zh_CN.UTF-8'), ('VSCODE_GIT_ASKPASS_NODE', '/usr/share/code/code'), ('DBUS_SESSION_BUS_ADDRESS', 'unix:path=/run/user/1000/bus'), ('COLORTERM', 'truecolor'), ('GIO_LAUNCHED_DESKTOP_FILE_PID', '11040'), ('IM_CONFIG_PHASE', '2'), ('ROS_DISTRO', 'dashing'), ('LOGNAME', 'ubuntu'), ('GTK_IM_MODULE', 'ibus'), ('_', '/usr/bin/colcon'), ('ROS_VERSION', '2'), ('PKG_CONFIG_PATH', '/usr/local/lib/pkgconfig:/usr/local/lib/pkgconfig::/usr/local/lib/pkgconfig'), ('USERNAME', 'ubuntu'), ('XDG_SESSION_ID', '5'), ('TERM', 'xterm-256color'), ('GNOME_DESKTOP_SESSION_ID', 'this-is-deprecated'), ('WINDOWPATH', '2'), ('PATH', '/opt/gcc-arm-none-eabi-9-2020-q2-update/bin:/home/ubuntu/.local/bin:/opt/ros/dashing/bin:/opt/gcc-arm-none-eabi-9-2020-q2-update/bin:/home/ubuntu/.local/bin:/usr/local/sbin:/usr/local/bin:/usr/sbin:/usr/bin:/sbin:/bin:/usr/games:/usr/local/games:/snap/bin'), ('PAPERSIZE', 'a4'), ('SESSION_MANAGER', 'local/ubuntu-vm:@/tmp/.ICE-unix/2191,unix/ubuntu-vm:/tmp/.ICE-unix/2191'), ('XDG_MENU_PREFIX', 'gnome-'), ('LC_ADDRESS', 'zh_CN.UTF-8'), ('GDK_BACKEND', 'x11'), ('XDG_RUNTIME_DIR', '/run/user/1000'), ('DISPLAY', ':1'), ('LANG', 'zh_CN.UTF-8'), ('XDG_CURRENT_DESKTOP', 'Unity'), ('LC_TELEPHONE', 'zh_CN.UTF-8'), ('TERM_PROGRAM', 'vscode'), ('XDG_SESSION_DESKTOP', 'ubuntu'), ('XMODIFIERS', '@im=ibus'), ('VSCODE_GIT_IPC_HANDLE', '/run/user/1000/vscode-git-5508b6727b.sock'), ('XAUTHORITY', '/run/user/1000/gdm/Xauthority'), ('AMENT_PREFIX_PATH', '/opt/ros/dashing'), ('ORIGINAL_XDG_CURRENT_DESKTOP', 'ubuntu:GNOME'), ('SSH_AUTH_SOCK', '/run/user/1000/keyring/ssh'), ('LC_NAME', 'zh_CN.UTF-8'), ('SHELL', '/bin/bash'), ('QT_ACCESSIBILITY', '1'), ('GDMSESSION', 'ubuntu'), ('LESSCLOSE', '/usr/bin/lesspipe %s %s'), ('LC_MEASUREMENT', 'zh_CN.UTF-8'), ('TEXTDOMAINDIR', '/usr/share/locale/'), ('GJS_DEBUG_OUTPUT', 'stderr'), ('GPG_AGENT_INFO', '/run/user/1000/gnupg/S.gpg-agent:0:1'), ('LC_IDENTIFICATION', 'zh_CN.UTF-8'), ('VSCODE_GIT_ASKPASS_EXTRA_ARGS', '--ms-enable-electron-run-as-node'), ('XDG_VTNR', '2'), ('QT_IM_MODULE', 'ibus'), ('LC_ALL', 'en_US.UTF-8'), ('PWD', '/home/ubuntu/ros2_ws/build/my_c_topic'), ('CLUTTER_IM_MODULE', 'xim'), ('XDG_DATA_DIRS', '/usr/share/ubuntu:/usr/local/share/:/usr/share/:/var/lib/snapd/desktop'), ('XDG_CONFIG_DIRS', '/etc/xdg/xdg-ubuntu:/etc/xdg'), ('LC_NUMERIC', 'zh_CN.UTF-8'), ('PYTHONPATH', '/opt/ros/dashing/lib/python3.6/site-packages'), ('LC_PAPER', 'zh_CN.UTF-8'), ('COLCON', '1'), ('CMAKE_PREFIX_PATH', '/opt/ros/dashing')]), 'shell': False}
[4.032550] (-) TimerEvent: {}
[4.058407] (my_c_topic) StdoutLine: {'line': b'[100%] Built target my_c_publisher_node\n'}
[4.079097] (my_c_topic) StdoutLine: {'line': b'\x1b[36mInstall the project...\x1b[0m\n'}
[4.088170] (my_c_topic) StdoutLine: {'line': b'-- Install configuration: "RelWithDebInfo"\n'}
[4.088533] (my_c_topic) StdoutLine: {'line': b'-- Installing: /home/ubuntu/ros2_ws/install/lib/my_c_topic/my_c_publisher_node\n'}
[4.090411] (my_c_topic) StdoutLine: {'line': b'-- Set runtime path of "/home/ubuntu/ros2_ws/install/lib/my_c_topic/my_c_publisher_node" to ""\n'}
[4.090585] (my_c_topic) StdoutLine: {'line': b'-- Up-to-date: /home/ubuntu/ros2_ws/install/share/ament_index/resource_index/package_run_dependencies/my_c_topic\n'}
[4.090752] (my_c_topic) StdoutLine: {'line': b'-- Up-to-date: /home/ubuntu/ros2_ws/install/share/ament_index/resource_index/parent_prefix_path/my_c_topic\n'}
[4.090847] (my_c_topic) StdoutLine: {'line': b'-- Up-to-date: /home/ubuntu/ros2_ws/install/share/my_c_topic/environment/ament_prefix_path.sh\n'}
[4.091024] (my_c_topic) StdoutLine: {'line': b'-- Up-to-date: /home/ubuntu/ros2_ws/install/share/my_c_topic/environment/path.sh\n'}
[4.091308] (my_c_topic) StdoutLine: {'line': b'-- Up-to-date: /home/ubuntu/ros2_ws/install/share/my_c_topic/local_setup.bash\n'}
[4.091392] (my_c_topic) StdoutLine: {'line': b'-- Up-to-date: /home/ubuntu/ros2_ws/install/share/my_c_topic/local_setup.sh\n'}
[4.091498] (my_c_topic) StdoutLine: {'line': b'-- Up-to-date: /home/ubuntu/ros2_ws/install/share/my_c_topic/local_setup.zsh\n'}
[4.091586] (my_c_topic) StdoutLine: {'line': b'-- Up-to-date: /home/ubuntu/ros2_ws/install/share/ament_index/resource_index/packages/my_c_topic\n'}
[4.091701] (my_c_topic) StdoutLine: {'line': b'-- Up-to-date: /home/ubuntu/ros2_ws/install/share/my_c_topic/cmake/my_c_topicConfig.cmake\n'}
[4.091804] (my_c_topic) StdoutLine: {'line': b'-- Up-to-date: /home/ubuntu/ros2_ws/install/share/my_c_topic/cmake/my_c_topicConfig-version.cmake\n'}
[4.091906] (my_c_topic) StdoutLine: {'line': b'-- Up-to-date: /home/ubuntu/ros2_ws/install/share/my_c_topic/package.xml\n'}
[4.095849] (my_c_topic) CommandEnded: {'returncode': 0}
[4.134413] (-) TimerEvent: {}
[4.144291] (my_c_topic) JobEnded: {'identifier': 'my_c_topic', 'rc': 0}
[4.148263] (-) EventReactorShutdown: {}
