[0.052s] Invoking command in '/home/ubuntu/ros2_ws/build/my_c_topic': CMAKE_PREFIX_PATH=/opt/ros/dashing /usr/bin/cmake --build /home/ubuntu/ros2_ws/build/my_c_topic -- -j4 -l4
[1.189s] [35m[1mScanning dependencies of target my_c_publisher_node[0m
[1.190s] [ 50%] [32mBuilding CXX object CMakeFiles/my_c_publisher_node.dir/src/my_c_publisher_node.cpp.o[0m
[8.318s] [100%] [32m[1mLinking CXX executable my_c_publisher_node[0m
[8.442s] [100%] Built target my_c_publisher_node
[8.455s] Invoked command in '/home/ubuntu/ros2_ws/build/my_c_topic' returned '0': CMAKE_PREFIX_PATH=/opt/ros/dashing /usr/bin/cmake --build /home/ubuntu/ros2_ws/build/my_c_topic -- -j4 -l4
[8.480s] Invoking command in '/home/ubuntu/ros2_ws/build/my_c_topic': CMAKE_PREFIX_PATH=/opt/ros/dashing /usr/bin/cmake --build /home/ubuntu/ros2_ws/build/my_c_topic --target install -- -j4 -l4
[8.536s] [100%] Built target my_c_publisher_node
[8.555s] [36mInstall the project...[0m
[8.564s] -- Install configuration: "RelWithDebInfo"
[8.565s] -- Installing: /home/ubuntu/ros2_ws/install/lib/my_c_topic/my_c_publisher_node
[8.567s] -- Set runtime path of "/home/ubuntu/ros2_ws/install/lib/my_c_topic/my_c_publisher_node" to ""
[8.568s] -- Up-to-date: /home/ubuntu/ros2_ws/install/share/ament_index/resource_index/package_run_dependencies/my_c_topic
[8.568s] -- Up-to-date: /home/ubuntu/ros2_ws/install/share/ament_index/resource_index/parent_prefix_path/my_c_topic
[8.568s] -- Up-to-date: /home/ubuntu/ros2_ws/install/share/my_c_topic/environment/ament_prefix_path.sh
[8.568s] -- Up-to-date: /home/ubuntu/ros2_ws/install/share/my_c_topic/environment/path.sh
[8.568s] -- Up-to-date: /home/ubuntu/ros2_ws/install/share/my_c_topic/local_setup.bash
[8.568s] -- Up-to-date: /home/ubuntu/ros2_ws/install/share/my_c_topic/local_setup.sh
[8.569s] -- Up-to-date: /home/ubuntu/ros2_ws/install/share/my_c_topic/local_setup.zsh
[8.569s] -- Up-to-date: /home/ubuntu/ros2_ws/install/share/ament_index/resource_index/packages/my_c_topic
[8.569s] -- Up-to-date: /home/ubuntu/ros2_ws/install/share/my_c_topic/cmake/my_c_topicConfig.cmake
[8.569s] -- Up-to-date: /home/ubuntu/ros2_ws/install/share/my_c_topic/cmake/my_c_topicConfig-version.cmake
[8.569s] -- Up-to-date: /home/ubuntu/ros2_ws/install/share/my_c_topic/package.xml
[8.573s] Invoked command in '/home/ubuntu/ros2_ws/build/my_c_topic' returned '0': CMAKE_PREFIX_PATH=/opt/ros/dashing /usr/bin/cmake --build /home/ubuntu/ros2_ws/build/my_c_topic --target install -- -j4 -l4
