[1.251s] Invoking command in '/home/ubuntu/ros2_ws/src/my_py_package': PYTHONPATH=/home/ubuntu/ros2_ws/install/my_py_package/lib/python3.6/site-packages:${PYTHONPATH} /usr/bin/python3 setup.py egg_info --egg-base ../../build/my_py_package build --build-base /home/ubuntu/ros2_ws/build/my_py_package/build install --prefix /home/ubuntu/ros2_ws/install/my_py_package --record /home/ubuntu/ros2_ws/build/my_py_package/install.log --single-version-externally-managed
[1.510s] /home/ubuntu/.local/lib/python3.6/site-packages/setuptools/dist.py:726: UserWarning: Usage of dash-separated 'script-dir' will not be supported in future versions. Please use the underscore name 'script_dir' instead
[1.510s]   % (opt, underscore_opt)
[1.511s] /home/ubuntu/.local/lib/python3.6/site-packages/setuptools/dist.py:726: UserWarning: Usage of dash-separated 'install-scripts' will not be supported in future versions. Please use the underscore name 'install_scripts' instead
[1.511s]   % (opt, underscore_opt)
[1.545s] running egg_info
[1.546s] creating ../../build/my_py_package/my_py_package.egg-info
[1.546s] writing ../../build/my_py_package/my_py_package.egg-info/PKG-INFO
[1.547s] writing dependency_links to ../../build/my_py_package/my_py_package.egg-info/dependency_links.txt
[1.547s] writing entry points to ../../build/my_py_package/my_py_package.egg-info/entry_points.txt
[1.547s] writing requirements to ../../build/my_py_package/my_py_package.egg-info/requires.txt
[1.547s] writing top-level names to ../../build/my_py_package/my_py_package.egg-info/top_level.txt
[1.548s] writing manifest file '../../build/my_py_package/my_py_package.egg-info/SOURCES.txt'
[1.550s] reading manifest file '../../build/my_py_package/my_py_package.egg-info/SOURCES.txt'
[1.551s] writing manifest file '../../build/my_py_package/my_py_package.egg-info/SOURCES.txt'
[1.551s] running build
[1.551s] running build_py
[1.552s] creating /home/ubuntu/ros2_ws/build/my_py_package/build
[1.552s] creating /home/ubuntu/ros2_ws/build/my_py_package/build/lib
[1.552s] creating /home/ubuntu/ros2_ws/build/my_py_package/build/lib/my_py_package
[1.552s] copying my_py_package/my_py_node.py -> /home/ubuntu/ros2_ws/build/my_py_package/build/lib/my_py_package
[1.553s] copying my_py_package/__init__.py -> /home/ubuntu/ros2_ws/build/my_py_package/build/lib/my_py_package
[1.553s] running install
[1.554s] /home/ubuntu/.local/lib/python3.6/site-packages/setuptools/command/install.py:37: SetuptoolsDeprecationWarning: setup.py install is deprecated. Use build and pip and other standards-based tools.
[1.554s]   setuptools.SetuptoolsDeprecationWarning,
[1.555s] running install_lib
[1.555s] creating /home/ubuntu/ros2_ws/install/my_py_package/lib/python3.6/site-packages/my_py_package
[1.556s] copying /home/ubuntu/ros2_ws/build/my_py_package/build/lib/my_py_package/my_py_node.py -> /home/ubuntu/ros2_ws/install/my_py_package/lib/python3.6/site-packages/my_py_package
[1.556s] copying /home/ubuntu/ros2_ws/build/my_py_package/build/lib/my_py_package/__init__.py -> /home/ubuntu/ros2_ws/install/my_py_package/lib/python3.6/site-packages/my_py_package
[1.556s] byte-compiling /home/ubuntu/ros2_ws/install/my_py_package/lib/python3.6/site-packages/my_py_package/my_py_node.py to my_py_node.cpython-36.pyc
[1.556s] byte-compiling /home/ubuntu/ros2_ws/install/my_py_package/lib/python3.6/site-packages/my_py_package/__init__.py to __init__.cpython-36.pyc
[1.557s] running install_data
[1.557s] creating /home/ubuntu/ros2_ws/install/my_py_package/share/ament_index
[1.557s] creating /home/ubuntu/ros2_ws/install/my_py_package/share/ament_index/resource_index
[1.557s] creating /home/ubuntu/ros2_ws/install/my_py_package/share/ament_index/resource_index/packages
[1.557s] copying resource/my_py_package -> /home/ubuntu/ros2_ws/install/my_py_package/share/ament_index/resource_index/packages
[1.557s] copying package.xml -> /home/ubuntu/ros2_ws/install/my_py_package/share/my_py_package
[1.558s] running install_egg_info
[1.564s] Copying ../../build/my_py_package/my_py_package.egg-info to /home/ubuntu/ros2_ws/install/my_py_package/lib/python3.6/site-packages/my_py_package-0.0.0-py3.6.egg-info
[1.564s] running install_scripts
[1.576s] Installing my_py_node script to /home/ubuntu/ros2_ws/install/my_py_package/lib/my_py_package
[1.576s] writing list of installed files to '/home/ubuntu/ros2_ws/build/my_py_package/install.log'
[1.612s] Invoked command in '/home/ubuntu/ros2_ws/src/my_py_package' returned '0': PYTHONPATH=/home/ubuntu/ros2_ws/install/my_py_package/lib/python3.6/site-packages:${PYTHONPATH} /usr/bin/python3 setup.py egg_info --egg-base ../../build/my_py_package build --build-base /home/ubuntu/ros2_ws/build/my_py_package/build install --prefix /home/ubuntu/ros2_ws/install/my_py_package --record /home/ubuntu/ros2_ws/build/my_py_package/install.log --single-version-externally-managed
