[0.034s] Invoking command in '/home/ubuntu/ros2_ws/build/my_c_topic': CMAKE_PREFIX_PATH=/opt/ros/dashing /usr/bin/cmake --build /home/ubuntu/ros2_ws/build/my_c_topic -- -j4 -l4
[0.251s] [ 50%] Built target my_c_publisher_node
[0.259s] [100%] Built target my_c_subscriber_node
[0.475s] Invoked command in '/home/ubuntu/ros2_ws/build/my_c_topic' returned '0': CMAKE_PREFIX_PATH=/opt/ros/dashing /usr/bin/cmake --build /home/ubuntu/ros2_ws/build/my_c_topic -- -j4 -l4
[0.672s] Invoking command in '/home/ubuntu/ros2_ws/build/my_c_topic': CMAKE_PREFIX_PATH=/opt/ros/dashing /usr/bin/cmake --build /home/ubuntu/ros2_ws/build/my_c_topic --target install -- -j4 -l4
[0.993s] [ 50%] Built target my_c_publisher_node
[1.028s] [100%] Built target my_c_subscriber_node
[1.070s] [36mInstall the project...[0m
[1.087s] -- Install configuration: ""
[1.089s] -- Up-to-date: /home/ubuntu/ros2_ws/install/my_c_topic/lib/my_c_topic/my_c_subscriber_node
[1.090s] -- Up-to-date: /home/ubuntu/ros2_ws/install/my_c_topic/lib/my_c_topic/my_c_publisher_node
[1.090s] -- Up-to-date: /home/ubuntu/ros2_ws/install/my_c_topic/share/ament_index/resource_index/package_run_dependencies/my_c_topic
[1.091s] -- Up-to-date: /home/ubuntu/ros2_ws/install/my_c_topic/share/ament_index/resource_index/parent_prefix_path/my_c_topic
[1.091s] -- Up-to-date: /home/ubuntu/ros2_ws/install/my_c_topic/share/my_c_topic/environment/ament_prefix_path.sh
[1.091s] -- Up-to-date: /home/ubuntu/ros2_ws/install/my_c_topic/share/my_c_topic/environment/path.sh
[1.091s] -- Up-to-date: /home/ubuntu/ros2_ws/install/my_c_topic/share/my_c_topic/local_setup.bash
[1.091s] -- Up-to-date: /home/ubuntu/ros2_ws/install/my_c_topic/share/my_c_topic/local_setup.sh
[1.091s] -- Up-to-date: /home/ubuntu/ros2_ws/install/my_c_topic/share/my_c_topic/local_setup.zsh
[1.092s] -- Up-to-date: /home/ubuntu/ros2_ws/install/my_c_topic/share/ament_index/resource_index/packages/my_c_topic
[1.092s] -- Up-to-date: /home/ubuntu/ros2_ws/install/my_c_topic/share/my_c_topic/cmake/my_c_topicConfig.cmake
[1.093s] -- Up-to-date: /home/ubuntu/ros2_ws/install/my_c_topic/share/my_c_topic/cmake/my_c_topicConfig-version.cmake
[1.093s] -- Up-to-date: /home/ubuntu/ros2_ws/install/my_c_topic/share/my_c_topic/package.xml
[1.097s] Invoked command in '/home/ubuntu/ros2_ws/build/my_c_topic' returned '0': CMAKE_PREFIX_PATH=/opt/ros/dashing /usr/bin/cmake --build /home/ubuntu/ros2_ws/build/my_c_topic --target install -- -j4 -l4
