[1.181s] Invoking command in '/home/ubuntu/ros2_ws/src/my_py_topic': PYTHONPATH=/home/ubuntu/ros2_ws/install/my_py_topic/lib/python3.6/site-packages:${PYTHONPATH} /usr/bin/python3 setup.py egg_info --egg-base ../../build/my_py_topic build --build-base /home/ubuntu/ros2_ws/build/my_py_topic/build install --prefix /home/ubuntu/ros2_ws/install/my_py_topic --record /home/ubuntu/ros2_ws/build/my_py_topic/install.log --single-version-externally-managed
[1.527s] /home/ubuntu/.local/lib/python3.6/site-packages/setuptools/dist.py:726: UserWarning: Usage of dash-separated 'script-dir' will not be supported in future versions. Please use the underscore name 'script_dir' instead
[1.527s]   % (opt, underscore_opt)
[1.530s] /home/ubuntu/.local/lib/python3.6/site-packages/setuptools/dist.py:726: UserWarning: Usage of dash-separated 'install-scripts' will not be supported in future versions. Please use the underscore name 'install_scripts' instead
[1.530s]   % (opt, underscore_opt)
[1.559s] running egg_info
[1.560s] writing ../../build/my_py_topic/my_py_topic.egg-info/PKG-INFO
[1.560s] writing dependency_links to ../../build/my_py_topic/my_py_topic.egg-info/dependency_links.txt
[1.561s] writing entry points to ../../build/my_py_topic/my_py_topic.egg-info/entry_points.txt
[1.561s] writing requirements to ../../build/my_py_topic/my_py_topic.egg-info/requires.txt
[1.561s] writing top-level names to ../../build/my_py_topic/my_py_topic.egg-info/top_level.txt
[1.563s] reading manifest file '../../build/my_py_topic/my_py_topic.egg-info/SOURCES.txt'
[1.564s] writing manifest file '../../build/my_py_topic/my_py_topic.egg-info/SOURCES.txt'
[1.565s] running build
[1.565s] running build_py
[1.566s] running install
[1.566s] /home/ubuntu/.local/lib/python3.6/site-packages/setuptools/command/install.py:37: SetuptoolsDeprecationWarning: setup.py install is deprecated. Use build and pip and other standards-based tools.
[1.566s]   setuptools.SetuptoolsDeprecationWarning,
[1.567s] running install_lib
[1.568s] running install_data
[1.569s] running install_egg_info
[1.572s] removing '/home/ubuntu/ros2_ws/install/my_py_topic/lib/python3.6/site-packages/my_py_topic-0.0.0-py3.6.egg-info' (and everything under it)
[1.572s] Copying ../../build/my_py_topic/my_py_topic.egg-info to /home/ubuntu/ros2_ws/install/my_py_topic/lib/python3.6/site-packages/my_py_topic-0.0.0-py3.6.egg-info
[1.574s] running install_scripts
[1.591s] Installing my_py_publisher_node = my_py_topic.my_py_publisher_node:mainmy_py_subscriber_node script to /home/ubuntu/ros2_ws/install/my_py_topic/lib/my_py_topic
[1.592s] writing list of installed files to '/home/ubuntu/ros2_ws/build/my_py_topic/install.log'
[1.616s] Invoked command in '/home/ubuntu/ros2_ws/src/my_py_topic' returned '0': PYTHONPATH=/home/ubuntu/ros2_ws/install/my_py_topic/lib/python3.6/site-packages:${PYTHONPATH} /usr/bin/python3 setup.py egg_info --egg-base ../../build/my_py_topic build --build-base /home/ubuntu/ros2_ws/build/my_py_topic/build install --prefix /home/ubuntu/ros2_ws/install/my_py_topic --record /home/ubuntu/ros2_ws/build/my_py_topic/install.log --single-version-externally-managed
