[0.000000] (-) TimerEvent: {}
[0.000278] (my_c_package) JobQueued: {'identifier': 'my_c_package', 'dependencies': OrderedDict()}
[0.000315] (my_c_topic) JobQueued: {'identifier': 'my_c_topic', 'dependencies': OrderedDict()}
[0.000336] (my_py_package) JobQueued: {'identifier': 'my_py_package', 'dependencies': OrderedDict()}
[0.000354] (my_c_package) JobStarted: {'identifier': 'my_c_package'}
[0.098587] (my_c_topic) JobStarted: {'identifier': 'my_c_topic'}
[0.098780] (-) TimerEvent: {}
[0.101462] (my_py_package) JobStarted: {'identifier': 'my_py_package'}
[0.113204] (my_c_package) JobProgress: {'identifier': 'my_c_package', 'progress': 'cmake'}
[0.113329] (my_c_package) Command: {'cmd': ['/usr/bin/cmake', '/home/ubuntu/ros2_ws/src/my_c_package', '-DCMAKE_BUILD_TYPE=RelWithDebInfo', '-Wall', '-Wextra', '-Wpedantic', '-DCMAKE_INSTALL_PREFIX=/home/ubuntu/ros2_ws/install'], 'cwd': '/home/ubuntu/ros2_ws/build/my_c_package', 'env': OrderedDict([('GJS_DEBUG_TOPICS', 'JS ERROR;JS LOG'), ('LESSOPEN', '| /usr/bin/lesspipe %s'), ('USER', 'ubuntu'), ('LANGUAGE', 'zh_CN:en_US:en'), ('SVGA_VGPU10', '0'), ('LC_TIME', 'zh_CN.UTF-8'), ('TEXTDOMAIN', 'im-config'), ('XDG_SEAT', 'seat0'), ('SSH_AGENT_PID', '2268'), ('XDG_SESSION_TYPE', 'x11'), ('GIT_ASKPASS', '/usr/share/code/resources/app/extensions/git/dist/askpass.sh'), ('LD_LIBRARY_PATH', '/opt/ros/dashing/opt/yaml_cpp_vendor/lib:/opt/ros/dashing/opt/rviz_ogre_vendor/lib:/opt/ros/dashing/lib'), ('SHLVL', '2'), ('CHROME_DESKTOP', 'code-url-handler.desktop'), ('QT4_IM_MODULE', 'xim'), ('HOME', '/home/ubuntu'), ('DESKTOP_SESSION', 'ubuntu'), ('TERM_PROGRAM_VERSION', '1.66.2'), ('GIO_LAUNCHED_DESKTOP_FILE', '/usr/share/applications/code.desktop'), ('GNOME_SHELL_SESSION_MODE', 'ubuntu'), ('GTK_MODULES', 'gail:atk-bridge'), ('VSCODE_GIT_ASKPASS_MAIN', '/usr/share/code/resources/app/extensions/git/dist/askpass-main.js'), ('ROS_PYTHON_VERSION', '3'), ('LC_MONETARY', 'zh_CN.UTF-8'), ('VSCODE_GIT_ASKPASS_NODE', '/usr/share/code/code'), ('DBUS_SESSION_BUS_ADDRESS', 'unix:path=/run/user/1000/bus'), ('COLORTERM', 'truecolor'), ('GIO_LAUNCHED_DESKTOP_FILE_PID', '11040'), ('IM_CONFIG_PHASE', '2'), ('ROS_DISTRO', 'dashing'), ('LOGNAME', 'ubuntu'), ('GTK_IM_MODULE', 'ibus'), ('_', '/usr/bin/colcon'), ('ROS_VERSION', '2'), ('PKG_CONFIG_PATH', '/usr/local/lib/pkgconfig:/usr/local/lib/pkgconfig::/usr/local/lib/pkgconfig'), ('USERNAME', 'ubuntu'), ('XDG_SESSION_ID', '5'), ('TERM', 'xterm-256color'), ('GNOME_DESKTOP_SESSION_ID', 'this-is-deprecated'), ('WINDOWPATH', '2'), ('PATH', '/opt/gcc-arm-none-eabi-9-2020-q2-update/bin:/home/ubuntu/.local/bin:/opt/ros/dashing/bin:/opt/gcc-arm-none-eabi-9-2020-q2-update/bin:/home/ubuntu/.local/bin:/usr/local/sbin:/usr/local/bin:/usr/sbin:/usr/bin:/sbin:/bin:/usr/games:/usr/local/games:/snap/bin'), ('PAPERSIZE', 'a4'), ('SESSION_MANAGER', 'local/ubuntu-vm:@/tmp/.ICE-unix/2191,unix/ubuntu-vm:/tmp/.ICE-unix/2191'), ('XDG_MENU_PREFIX', 'gnome-'), ('LC_ADDRESS', 'zh_CN.UTF-8'), ('GDK_BACKEND', 'x11'), ('XDG_RUNTIME_DIR', '/run/user/1000'), ('DISPLAY', ':1'), ('LANG', 'zh_CN.UTF-8'), ('XDG_CURRENT_DESKTOP', 'Unity'), ('LC_TELEPHONE', 'zh_CN.UTF-8'), ('TERM_PROGRAM', 'vscode'), ('XDG_SESSION_DESKTOP', 'ubuntu'), ('XMODIFIERS', '@im=ibus'), ('VSCODE_GIT_IPC_HANDLE', '/run/user/1000/vscode-git-5508b6727b.sock'), ('XAUTHORITY', '/run/user/1000/gdm/Xauthority'), ('AMENT_PREFIX_PATH', '/opt/ros/dashing'), ('ORIGINAL_XDG_CURRENT_DESKTOP', 'ubuntu:GNOME'), ('SSH_AUTH_SOCK', '/run/user/1000/keyring/ssh'), ('LC_NAME', 'zh_CN.UTF-8'), ('SHELL', '/bin/bash'), ('QT_ACCESSIBILITY', '1'), ('GDMSESSION', 'ubuntu'), ('LESSCLOSE', '/usr/bin/lesspipe %s %s'), ('LC_MEASUREMENT', 'zh_CN.UTF-8'), ('TEXTDOMAINDIR', '/usr/share/locale/'), ('GJS_DEBUG_OUTPUT', 'stderr'), ('GPG_AGENT_INFO', '/run/user/1000/gnupg/S.gpg-agent:0:1'), ('LC_IDENTIFICATION', 'zh_CN.UTF-8'), ('VSCODE_GIT_ASKPASS_EXTRA_ARGS', '--ms-enable-electron-run-as-node'), ('XDG_VTNR', '2'), ('QT_IM_MODULE', 'ibus'), ('LC_ALL', 'en_US.UTF-8'), ('PWD', '/home/ubuntu/ros2_ws/build/my_c_package'), ('CLUTTER_IM_MODULE', 'xim'), ('XDG_DATA_DIRS', '/usr/share/ubuntu:/usr/local/share/:/usr/share/:/var/lib/snapd/desktop'), ('XDG_CONFIG_DIRS', '/etc/xdg/xdg-ubuntu:/etc/xdg'), ('LC_NUMERIC', 'zh_CN.UTF-8'), ('PYTHONPATH', '/opt/ros/dashing/lib/python3.6/site-packages'), ('LC_PAPER', 'zh_CN.UTF-8'), ('COLCON', '1'), ('CMAKE_PREFIX_PATH', '/opt/ros/dashing')]), 'shell': False}
[0.122082] (my_c_topic) JobProgress: {'identifier': 'my_c_topic', 'progress': 'cmake'}
[0.122205] (my_c_topic) Command: {'cmd': ['/usr/bin/cmake', '/home/ubuntu/ros2_ws/src/my_c_topic', '-DCMAKE_BUILD_TYPE=RelWithDebInfo', '-Wall', '-Wextra', '-Wpedantic', '-DCMAKE_INSTALL_PREFIX=/home/ubuntu/ros2_ws/install'], 'cwd': '/home/ubuntu/ros2_ws/build/my_c_topic', 'env': OrderedDict([('GJS_DEBUG_TOPICS', 'JS ERROR;JS LOG'), ('LESSOPEN', '| /usr/bin/lesspipe %s'), ('USER', 'ubuntu'), ('LANGUAGE', 'zh_CN:en_US:en'), ('SVGA_VGPU10', '0'), ('LC_TIME', 'zh_CN.UTF-8'), ('TEXTDOMAIN', 'im-config'), ('XDG_SEAT', 'seat0'), ('SSH_AGENT_PID', '2268'), ('XDG_SESSION_TYPE', 'x11'), ('GIT_ASKPASS', '/usr/share/code/resources/app/extensions/git/dist/askpass.sh'), ('LD_LIBRARY_PATH', '/opt/ros/dashing/opt/yaml_cpp_vendor/lib:/opt/ros/dashing/opt/rviz_ogre_vendor/lib:/opt/ros/dashing/lib'), ('SHLVL', '2'), ('CHROME_DESKTOP', 'code-url-handler.desktop'), ('QT4_IM_MODULE', 'xim'), ('HOME', '/home/ubuntu'), ('DESKTOP_SESSION', 'ubuntu'), ('TERM_PROGRAM_VERSION', '1.66.2'), ('GIO_LAUNCHED_DESKTOP_FILE', '/usr/share/applications/code.desktop'), ('GNOME_SHELL_SESSION_MODE', 'ubuntu'), ('GTK_MODULES', 'gail:atk-bridge'), ('VSCODE_GIT_ASKPASS_MAIN', '/usr/share/code/resources/app/extensions/git/dist/askpass-main.js'), ('ROS_PYTHON_VERSION', '3'), ('LC_MONETARY', 'zh_CN.UTF-8'), ('VSCODE_GIT_ASKPASS_NODE', '/usr/share/code/code'), ('DBUS_SESSION_BUS_ADDRESS', 'unix:path=/run/user/1000/bus'), ('COLORTERM', 'truecolor'), ('GIO_LAUNCHED_DESKTOP_FILE_PID', '11040'), ('IM_CONFIG_PHASE', '2'), ('ROS_DISTRO', 'dashing'), ('LOGNAME', 'ubuntu'), ('GTK_IM_MODULE', 'ibus'), ('_', '/usr/bin/colcon'), ('ROS_VERSION', '2'), ('PKG_CONFIG_PATH', '/usr/local/lib/pkgconfig:/usr/local/lib/pkgconfig::/usr/local/lib/pkgconfig'), ('USERNAME', 'ubuntu'), ('XDG_SESSION_ID', '5'), ('TERM', 'xterm-256color'), ('GNOME_DESKTOP_SESSION_ID', 'this-is-deprecated'), ('WINDOWPATH', '2'), ('PATH', '/opt/gcc-arm-none-eabi-9-2020-q2-update/bin:/home/ubuntu/.local/bin:/opt/ros/dashing/bin:/opt/gcc-arm-none-eabi-9-2020-q2-update/bin:/home/ubuntu/.local/bin:/usr/local/sbin:/usr/local/bin:/usr/sbin:/usr/bin:/sbin:/bin:/usr/games:/usr/local/games:/snap/bin'), ('PAPERSIZE', 'a4'), ('SESSION_MANAGER', 'local/ubuntu-vm:@/tmp/.ICE-unix/2191,unix/ubuntu-vm:/tmp/.ICE-unix/2191'), ('XDG_MENU_PREFIX', 'gnome-'), ('LC_ADDRESS', 'zh_CN.UTF-8'), ('GDK_BACKEND', 'x11'), ('XDG_RUNTIME_DIR', '/run/user/1000'), ('DISPLAY', ':1'), ('LANG', 'zh_CN.UTF-8'), ('XDG_CURRENT_DESKTOP', 'Unity'), ('LC_TELEPHONE', 'zh_CN.UTF-8'), ('TERM_PROGRAM', 'vscode'), ('XDG_SESSION_DESKTOP', 'ubuntu'), ('XMODIFIERS', '@im=ibus'), ('VSCODE_GIT_IPC_HANDLE', '/run/user/1000/vscode-git-5508b6727b.sock'), ('XAUTHORITY', '/run/user/1000/gdm/Xauthority'), ('AMENT_PREFIX_PATH', '/opt/ros/dashing'), ('ORIGINAL_XDG_CURRENT_DESKTOP', 'ubuntu:GNOME'), ('SSH_AUTH_SOCK', '/run/user/1000/keyring/ssh'), ('LC_NAME', 'zh_CN.UTF-8'), ('SHELL', '/bin/bash'), ('QT_ACCESSIBILITY', '1'), ('GDMSESSION', 'ubuntu'), ('LESSCLOSE', '/usr/bin/lesspipe %s %s'), ('LC_MEASUREMENT', 'zh_CN.UTF-8'), ('TEXTDOMAINDIR', '/usr/share/locale/'), ('GJS_DEBUG_OUTPUT', 'stderr'), ('GPG_AGENT_INFO', '/run/user/1000/gnupg/S.gpg-agent:0:1'), ('LC_IDENTIFICATION', 'zh_CN.UTF-8'), ('VSCODE_GIT_ASKPASS_EXTRA_ARGS', '--ms-enable-electron-run-as-node'), ('XDG_VTNR', '2'), ('QT_IM_MODULE', 'ibus'), ('LC_ALL', 'en_US.UTF-8'), ('PWD', '/home/ubuntu/ros2_ws/build/my_c_topic'), ('CLUTTER_IM_MODULE', 'xim'), ('XDG_DATA_DIRS', '/usr/share/ubuntu:/usr/local/share/:/usr/share/:/var/lib/snapd/desktop'), ('XDG_CONFIG_DIRS', '/etc/xdg/xdg-ubuntu:/etc/xdg'), ('LC_NUMERIC', 'zh_CN.UTF-8'), ('PYTHONPATH', '/opt/ros/dashing/lib/python3.6/site-packages'), ('LC_PAPER', 'zh_CN.UTF-8'), ('COLCON', '1')]), 'shell': False}
[0.199275] (-) TimerEvent: {}
[0.313785] (-) TimerEvent: {}
[0.414589] (-) TimerEvent: {}
[0.515347] (-) TimerEvent: {}
[0.616108] (-) TimerEvent: {}
[0.717250] (-) TimerEvent: {}
[0.818277] (-) TimerEvent: {}
[0.918789] (-) TimerEvent: {}
[1.020343] (-) TimerEvent: {}
[1.126781] (-) TimerEvent: {}
[1.237490] (-) TimerEvent: {}
[1.341471] (-) TimerEvent: {}
[1.455091] (-) TimerEvent: {}
[1.555938] (-) TimerEvent: {}
[1.656404] (-) TimerEvent: {}
[1.690814] (my_c_topic) StdoutLine: {'line': b'-- The C compiler identification is GNU 7.5.0\n'}
[1.691439] (my_c_package) StdoutLine: {'line': b'-- The C compiler identification is GNU 7.5.0\n'}
[1.757231] (-) TimerEvent: {}
[1.857924] (-) TimerEvent: {}
[1.958693] (-) TimerEvent: {}
[2.059433] (-) TimerEvent: {}
[2.160295] (-) TimerEvent: {}
[2.260822] (-) TimerEvent: {}
[2.361588] (-) TimerEvent: {}
[2.461990] (-) TimerEvent: {}
[2.563113] (-) TimerEvent: {}
[2.663941] (-) TimerEvent: {}
[2.764563] (-) TimerEvent: {}
[2.865297] (-) TimerEvent: {}
[2.966099] (-) TimerEvent: {}
[3.066824] (-) TimerEvent: {}
[3.167506] (-) TimerEvent: {}
[3.268345] (-) TimerEvent: {}
[3.368989] (-) TimerEvent: {}
[3.469883] (-) TimerEvent: {}
[3.570748] (-) TimerEvent: {}
[3.671508] (-) TimerEvent: {}
[3.772050] (-) TimerEvent: {}
[3.783149] (my_py_package) Command: {'cmd': ['/usr/bin/python3', 'setup.py', 'egg_info', '--egg-base', '../../build/my_py_package', 'build', '--build-base', '/home/ubuntu/ros2_ws/build/my_py_package/build', 'install', '--prefix', '/home/ubuntu/ros2_ws/install', '--record', '/home/ubuntu/ros2_ws/build/my_py_package/install.log', '--single-version-externally-managed'], 'cwd': '/home/ubuntu/ros2_ws/src/my_py_package', 'env': {'GJS_DEBUG_TOPICS': 'JS ERROR;JS LOG', 'LESSOPEN': '| /usr/bin/lesspipe %s', 'USER': 'ubuntu', 'LANGUAGE': 'zh_CN:en_US:en', 'SVGA_VGPU10': '0', 'LC_TIME': 'zh_CN.UTF-8', 'TEXTDOMAIN': 'im-config', 'XDG_SEAT': 'seat0', 'SSH_AGENT_PID': '2268', 'XDG_SESSION_TYPE': 'x11', 'GIT_ASKPASS': '/usr/share/code/resources/app/extensions/git/dist/askpass.sh', 'LD_LIBRARY_PATH': '/opt/ros/dashing/opt/yaml_cpp_vendor/lib:/opt/ros/dashing/opt/rviz_ogre_vendor/lib:/opt/ros/dashing/lib', 'SHLVL': '2', 'CHROME_DESKTOP': 'code-url-handler.desktop', 'QT4_IM_MODULE': 'xim', 'HOME': '/home/ubuntu', 'DESKTOP_SESSION': 'ubuntu', 'TERM_PROGRAM_VERSION': '1.66.2', 'GIO_LAUNCHED_DESKTOP_FILE': '/usr/share/applications/code.desktop', 'GNOME_SHELL_SESSION_MODE': 'ubuntu', 'GTK_MODULES': 'gail:atk-bridge', 'VSCODE_GIT_ASKPASS_MAIN': '/usr/share/code/resources/app/extensions/git/dist/askpass-main.js', 'ROS_PYTHON_VERSION': '3', 'LC_MONETARY': 'zh_CN.UTF-8', 'VSCODE_GIT_ASKPASS_NODE': '/usr/share/code/code', 'DBUS_SESSION_BUS_ADDRESS': 'unix:path=/run/user/1000/bus', 'COLORTERM': 'truecolor', 'GIO_LAUNCHED_DESKTOP_FILE_PID': '11040', 'IM_CONFIG_PHASE': '2', 'ROS_DISTRO': 'dashing', 'LOGNAME': 'ubuntu', 'GTK_IM_MODULE': 'ibus', '_': '/usr/bin/colcon', 'ROS_VERSION': '2', 'PKG_CONFIG_PATH': '/usr/local/lib/pkgconfig:/usr/local/lib/pkgconfig::/usr/local/lib/pkgconfig', 'USERNAME': 'ubuntu', 'XDG_SESSION_ID': '5', 'TERM': 'xterm-256color', 'GNOME_DESKTOP_SESSION_ID': 'this-is-deprecated', 'WINDOWPATH': '2', 'PATH': '/opt/gcc-arm-none-eabi-9-2020-q2-update/bin:/home/ubuntu/.local/bin:/opt/ros/dashing/bin:/opt/gcc-arm-none-eabi-9-2020-q2-update/bin:/home/ubuntu/.local/bin:/usr/local/sbin:/usr/local/bin:/usr/sbin:/usr/bin:/sbin:/bin:/usr/games:/usr/local/games:/snap/bin', 'PAPERSIZE': 'a4', 'SESSION_MANAGER': 'local/ubuntu-vm:@/tmp/.ICE-unix/2191,unix/ubuntu-vm:/tmp/.ICE-unix/2191', 'XDG_MENU_PREFIX': 'gnome-', 'LC_ADDRESS': 'zh_CN.UTF-8', 'GDK_BACKEND': 'x11', 'XDG_RUNTIME_DIR': '/run/user/1000', 'DISPLAY': ':1', 'LANG': 'zh_CN.UTF-8', 'XDG_CURRENT_DESKTOP': 'Unity', 'LC_TELEPHONE': 'zh_CN.UTF-8', 'TERM_PROGRAM': 'vscode', 'XDG_SESSION_DESKTOP': 'ubuntu', 'XMODIFIERS': '@im=ibus', 'VSCODE_GIT_IPC_HANDLE': '/run/user/1000/vscode-git-5508b6727b.sock', 'XAUTHORITY': '/run/user/1000/gdm/Xauthority', 'AMENT_PREFIX_PATH': '/opt/ros/dashing', 'ORIGINAL_XDG_CURRENT_DESKTOP': 'ubuntu:GNOME', 'SSH_AUTH_SOCK': '/run/user/1000/keyring/ssh', 'LC_NAME': 'zh_CN.UTF-8', 'SHELL': '/bin/bash', 'QT_ACCESSIBILITY': '1', 'GDMSESSION': 'ubuntu', 'LESSCLOSE': '/usr/bin/lesspipe %s %s', 'LC_MEASUREMENT': 'zh_CN.UTF-8', 'TEXTDOMAINDIR': '/usr/share/locale/', 'GJS_DEBUG_OUTPUT': 'stderr', 'GPG_AGENT_INFO': '/run/user/1000/gnupg/S.gpg-agent:0:1', 'LC_IDENTIFICATION': 'zh_CN.UTF-8', 'VSCODE_GIT_ASKPASS_EXTRA_ARGS': '--ms-enable-electron-run-as-node', 'XDG_VTNR': '2', 'QT_IM_MODULE': 'ibus', 'LC_ALL': 'en_US.UTF-8', 'PWD': '/home/ubuntu/ros2_ws/build/my_py_package', 'CLUTTER_IM_MODULE': 'xim', 'XDG_DATA_DIRS': '/usr/share/ubuntu:/usr/local/share/:/usr/share/:/var/lib/snapd/desktop', 'XDG_CONFIG_DIRS': '/etc/xdg/xdg-ubuntu:/etc/xdg', 'LC_NUMERIC': 'zh_CN.UTF-8', 'PYTHONPATH': '/home/ubuntu/ros2_ws/install/lib/python3.6/site-packages:/opt/ros/dashing/lib/python3.6/site-packages', 'LC_PAPER': 'zh_CN.UTF-8', 'COLCON': '1'}, 'shell': False}
[3.872862] (-) TimerEvent: {}
[3.902129] (my_c_package) StdoutLine: {'line': b'-- The CXX compiler identification is GNU 7.5.0\n'}
[3.902348] (my_c_topic) StdoutLine: {'line': b'-- The CXX compiler identification is GNU 7.5.0\n'}
[3.973493] (-) TimerEvent: {}
[3.996440] (my_c_topic) StdoutLine: {'line': b'-- Check for working C compiler: /usr/bin/cc\n'}
[3.996645] (my_c_package) StdoutLine: {'line': b'-- Check for working C compiler: /usr/bin/cc\n'}
[4.048795] (my_py_package) StderrLine: {'line': b"/home/ubuntu/.local/lib/python3.6/site-packages/setuptools/dist.py:726: UserWarning: Usage of dash-separated 'script-dir' will not be supported in future versions. Please use the underscore name 'script_dir' instead\n"}
[4.049005] (my_py_package) StderrLine: {'line': b'  % (opt, underscore_opt)\n'}
[4.049198] (my_py_package) StderrLine: {'line': b"/home/ubuntu/.local/lib/python3.6/site-packages/setuptools/dist.py:726: UserWarning: Usage of dash-separated 'install-scripts' will not be supported in future versions. Please use the underscore name 'install_scripts' instead\n"}
[4.049293] (my_py_package) StderrLine: {'line': b'  % (opt, underscore_opt)\n'}
[4.073845] (-) TimerEvent: {}
[4.081129] (my_py_package) StdoutLine: {'line': b'running egg_info\n'}
[4.081796] (my_py_package) StdoutLine: {'line': b'creating ../../build/my_py_package/my_py_package.egg-info\n'}
[4.082362] (my_py_package) StdoutLine: {'line': b'writing ../../build/my_py_package/my_py_package.egg-info/PKG-INFO\n'}
[4.082797] (my_py_package) StdoutLine: {'line': b'writing dependency_links to ../../build/my_py_package/my_py_package.egg-info/dependency_links.txt\n'}
[4.082929] (my_py_package) StdoutLine: {'line': b'writing entry points to ../../build/my_py_package/my_py_package.egg-info/entry_points.txt\n'}
[4.083174] (my_py_package) StdoutLine: {'line': b'writing requirements to ../../build/my_py_package/my_py_package.egg-info/requires.txt\n'}
[4.083256] (my_py_package) StdoutLine: {'line': b'writing top-level names to ../../build/my_py_package/my_py_package.egg-info/top_level.txt\n'}
[4.083323] (my_py_package) StdoutLine: {'line': b"writing manifest file '../../build/my_py_package/my_py_package.egg-info/SOURCES.txt'\n"}
[4.085126] (my_py_package) StdoutLine: {'line': b"reading manifest file '../../build/my_py_package/my_py_package.egg-info/SOURCES.txt'\n"}
[4.085997] (my_py_package) StdoutLine: {'line': b"writing manifest file '../../build/my_py_package/my_py_package.egg-info/SOURCES.txt'\n"}
[4.086457] (my_py_package) StdoutLine: {'line': b'running build\n'}
[4.086824] (my_py_package) StdoutLine: {'line': b'running build_py\n'}
[4.087001] (my_py_package) StdoutLine: {'line': b'creating /home/ubuntu/ros2_ws/build/my_py_package/build\n'}
[4.087207] (my_py_package) StdoutLine: {'line': b'creating /home/ubuntu/ros2_ws/build/my_py_package/build/lib\n'}
[4.087365] (my_py_package) StdoutLine: {'line': b'creating /home/ubuntu/ros2_ws/build/my_py_package/build/lib/my_py_package\n'}
[4.087784] (my_py_package) StdoutLine: {'line': b'copying my_py_package/my_py_node.py -> /home/ubuntu/ros2_ws/build/my_py_package/build/lib/my_py_package\n'}
[4.087918] (my_py_package) StdoutLine: {'line': b'copying my_py_package/__init__.py -> /home/ubuntu/ros2_ws/build/my_py_package/build/lib/my_py_package\n'}
[4.087999] (my_py_package) StdoutLine: {'line': b'running install\n'}
[4.112288] (my_py_package) StderrLine: {'line': b'/home/ubuntu/.local/lib/python3.6/site-packages/setuptools/command/install.py:37: SetuptoolsDeprecationWarning: setup.py install is deprecated. Use build and pip and other standards-based tools.\n'}
[4.112473] (my_py_package) StderrLine: {'line': b'  setuptools.SetuptoolsDeprecationWarning,\n'}
[4.112666] (my_py_package) StdoutLine: {'line': b'running install_lib\n'}
[4.113351] (my_py_package) StdoutLine: {'line': b'creating /home/ubuntu/ros2_ws/install/lib/python3.6/site-packages/my_py_package\n'}
[4.113563] (my_py_package) StdoutLine: {'line': b'copying /home/ubuntu/ros2_ws/build/my_py_package/build/lib/my_py_package/my_py_node.py -> /home/ubuntu/ros2_ws/install/lib/python3.6/site-packages/my_py_package\n'}
[4.113809] (my_py_package) StdoutLine: {'line': b'copying /home/ubuntu/ros2_ws/build/my_py_package/build/lib/my_py_package/__init__.py -> /home/ubuntu/ros2_ws/install/lib/python3.6/site-packages/my_py_package\n'}
[4.114046] (my_py_package) StdoutLine: {'line': b'byte-compiling /home/ubuntu/ros2_ws/install/lib/python3.6/site-packages/my_py_package/my_py_node.py to my_py_node.cpython-36.pyc\n'}
[4.114275] (my_py_package) StdoutLine: {'line': b'byte-compiling /home/ubuntu/ros2_ws/install/lib/python3.6/site-packages/my_py_package/__init__.py to __init__.cpython-36.pyc\n'}
[4.114454] (my_py_package) StdoutLine: {'line': b'running install_data\n'}
[4.114913] (my_py_package) StdoutLine: {'line': b'creating /home/ubuntu/ros2_ws/install/share/ament_index\n'}
[4.115090] (my_py_package) StdoutLine: {'line': b'creating /home/ubuntu/ros2_ws/install/share/ament_index/resource_index\n'}
[4.115250] (my_py_package) StdoutLine: {'line': b'creating /home/ubuntu/ros2_ws/install/share/ament_index/resource_index/packages\n'}
[4.115522] (my_py_package) StdoutLine: {'line': b'copying resource/my_py_package -> /home/ubuntu/ros2_ws/install/share/ament_index/resource_index/packages\n'}
[4.115623] (my_py_package) StdoutLine: {'line': b'copying package.xml -> /home/ubuntu/ros2_ws/install/share/my_py_package\n'}
[4.115698] (my_py_package) StdoutLine: {'line': b'running install_egg_info\n'}
[4.116929] (my_py_package) StdoutLine: {'line': b'Copying ../../build/my_py_package/my_py_package.egg-info to /home/ubuntu/ros2_ws/install/lib/python3.6/site-packages/my_py_package-0.0.0-py3.6.egg-info\n'}
[4.127427] (my_py_package) StdoutLine: {'line': b'running install_scripts\n'}
[4.145223] (my_py_package) StdoutLine: {'line': b'Installing my_py_node script to /home/ubuntu/ros2_ws/install/lib/my_py_package\n'}
[4.145953] (my_py_package) StdoutLine: {'line': b"writing list of installed files to '/home/ubuntu/ros2_ws/build/my_py_package/install.log'\n"}
[4.176266] (my_py_package) CommandEnded: {'returncode': 0}
[4.177071] (-) TimerEvent: {}
[4.265462] (my_c_package) StdoutLine: {'line': b'-- Check for working C compiler: /usr/bin/cc -- works\n'}
[4.269110] (my_c_topic) StdoutLine: {'line': b'-- Check for working C compiler: /usr/bin/cc -- works\n'}
[4.277650] (-) TimerEvent: {}
[4.286636] (my_c_package) StdoutLine: {'line': b'-- Detecting C compiler ABI info\n'}
[4.286835] (my_c_topic) StdoutLine: {'line': b'-- Detecting C compiler ABI info\n'}
[4.378517] (-) TimerEvent: {}
[4.386874] (my_c_package) StdoutLine: {'line': b'-- Detecting C compiler ABI info - done\n'}
[4.391297] (my_c_topic) StdoutLine: {'line': b'-- Detecting C compiler ABI info - done\n'}
[4.391604] (my_c_package) StdoutLine: {'line': b'-- Detecting C compile features\n'}
[4.395198] (my_c_topic) StdoutLine: {'line': b'-- Detecting C compile features\n'}
[4.478915] (-) TimerEvent: {}
[4.479515] (my_py_package) JobEnded: {'identifier': 'my_py_package', 'rc': 0}
[4.581089] (-) TimerEvent: {}
[4.681635] (-) TimerEvent: {}
[4.782534] (-) TimerEvent: {}
[4.940281] (-) TimerEvent: {}
[5.053888] (-) TimerEvent: {}
[5.155419] (-) TimerEvent: {}
[5.167074] (my_c_package) StdoutLine: {'line': b'-- Detecting C compile features - done\n'}
[5.167540] (my_c_topic) StdoutLine: {'line': b'-- Detecting C compile features - done\n'}
[5.171542] (my_c_topic) StdoutLine: {'line': b'-- Check for working CXX compiler: /usr/bin/c++\n'}
[5.171740] (my_c_package) StdoutLine: {'line': b'-- Check for working CXX compiler: /usr/bin/c++\n'}
[5.252329] (my_c_topic) StdoutLine: {'line': b'-- Check for working CXX compiler: /usr/bin/c++ -- works\n'}
[5.252506] (my_c_package) StdoutLine: {'line': b'-- Check for working CXX compiler: /usr/bin/c++ -- works\n'}
[5.252775] (my_c_package) StdoutLine: {'line': b'-- Detecting CXX compiler ABI info\n'}
[5.252888] (my_c_topic) StdoutLine: {'line': b'-- Detecting CXX compiler ABI info\n'}
[5.255630] (-) TimerEvent: {}
[5.330616] (my_c_topic) StdoutLine: {'line': b'-- Detecting CXX compiler ABI info - done\n'}
[5.332173] (my_c_package) StdoutLine: {'line': b'-- Detecting CXX compiler ABI info - done\n'}
[5.335646] (my_c_topic) StdoutLine: {'line': b'-- Detecting CXX compile features\n'}
[5.336395] (my_c_package) StdoutLine: {'line': b'-- Detecting CXX compile features\n'}
[5.371182] (-) TimerEvent: {}
[5.471600] (-) TimerEvent: {}
[5.572051] (-) TimerEvent: {}
[5.673088] (-) TimerEvent: {}
[5.719326] (my_c_topic) StdoutLine: {'line': b'-- Detecting CXX compile features - done\n'}
[5.725020] (my_c_package) StdoutLine: {'line': b'-- Detecting CXX compile features - done\n'}
[5.772858] (my_c_topic) StdoutLine: {'line': b'-- Found ament_cmake: 0.7.6 (/opt/ros/dashing/share/ament_cmake/cmake)\n'}
[5.773103] (-) TimerEvent: {}
[5.773255] (my_c_package) StdoutLine: {'line': b'-- Found ament_cmake: 0.7.6 (/opt/ros/dashing/share/ament_cmake/cmake)\n'}
[5.870403] (my_c_topic) StdoutLine: {'line': b'-- Found PythonInterp: /usr/bin/python3 (found suitable version "3.6.9", minimum required is "3") \n'}
[5.870645] (my_c_topic) StdoutLine: {'line': b'-- Using PYTHON_EXECUTABLE: /usr/bin/python3\n'}
[5.870863] (my_c_package) StdoutLine: {'line': b'-- Found PythonInterp: /usr/bin/python3 (found suitable version "3.6.9", minimum required is "3") \n'}
[5.870979] (my_c_package) StdoutLine: {'line': b'-- Using PYTHON_EXECUTABLE: /usr/bin/python3\n'}
[5.873735] (-) TimerEvent: {}
[5.974338] (-) TimerEvent: {}
[6.075029] (-) TimerEvent: {}
[6.175781] (-) TimerEvent: {}
[6.276649] (-) TimerEvent: {}
[6.354120] (my_c_package) StdoutLine: {'line': b'-- Found ament_lint_auto: 0.7.12 (/opt/ros/dashing/share/ament_lint_auto/cmake)\n'}
[6.377349] (-) TimerEvent: {}
[6.381410] (my_c_topic) StdoutLine: {'line': b'-- Found geometry_msgs: 0.7.1 (/opt/ros/dashing/share/geometry_msgs/cmake)\n'}
[6.478016] (-) TimerEvent: {}
[6.540908] (my_c_topic) StdoutLine: {'line': b'-- Found rosidl_adapter: 0.7.10 (/opt/ros/dashing/share/rosidl_adapter/cmake)\n'}
[6.578700] (-) TimerEvent: {}
[6.679502] (-) TimerEvent: {}
[6.699385] (my_c_package) StdoutLine: {'line': b"-- Added test 'copyright' to check for copyright in CMake / C / C++ / Python code\n"}
[6.703868] (my_c_package) StdoutLine: {'line': b"-- Added test 'cppcheck' to perform static code analysis on C / C++ code\n"}
[6.704073] (my_c_package) StdoutLine: {'line': b'-- Configured cppcheck include dirs: $<BUILD_INTERFACE:/home/ubuntu/ros2_ws/src/my_c_package/include>\n'}
[6.704174] (my_c_package) StdoutLine: {'line': b"-- Added test 'cpplint' to check C / C++ code against the Google style\n"}
[6.720327] (my_c_package) StdoutLine: {'line': b"-- Added test 'lint_cmake' to check CMake code style\n"}
[6.722639] (my_c_package) StdoutLine: {'line': b"-- Added test 'uncrustify' to check C / C++ code style\n"}
[6.723487] (my_c_package) StdoutLine: {'line': b"-- Added test 'xmllint' to check XML markup files\n"}
[6.726853] (my_c_package) StdoutLine: {'line': b'-- Configuring done\n'}
[6.734928] (my_c_package) StdoutLine: {'line': b'-- Generating done\n'}
[6.736127] (my_c_package) StdoutLine: {'line': b'-- Build files have been written to: /home/ubuntu/ros2_ws/build/my_c_package\n'}
[6.738696] (my_c_package) CommandEnded: {'returncode': 0}
[6.741979] (my_c_package) JobProgress: {'identifier': 'my_c_package', 'progress': 'build'}
[6.742307] (my_c_package) Command: {'cmd': ['/usr/bin/cmake', '--build', '/home/ubuntu/ros2_ws/build/my_c_package', '--', '-j4', '-l4'], 'cwd': '/home/ubuntu/ros2_ws/build/my_c_package', 'env': OrderedDict([('GJS_DEBUG_TOPICS', 'JS ERROR;JS LOG'), ('LESSOPEN', '| /usr/bin/lesspipe %s'), ('USER', 'ubuntu'), ('LANGUAGE', 'zh_CN:en_US:en'), ('SVGA_VGPU10', '0'), ('LC_TIME', 'zh_CN.UTF-8'), ('TEXTDOMAIN', 'im-config'), ('XDG_SEAT', 'seat0'), ('SSH_AGENT_PID', '2268'), ('XDG_SESSION_TYPE', 'x11'), ('GIT_ASKPASS', '/usr/share/code/resources/app/extensions/git/dist/askpass.sh'), ('LD_LIBRARY_PATH', '/opt/ros/dashing/opt/yaml_cpp_vendor/lib:/opt/ros/dashing/opt/rviz_ogre_vendor/lib:/opt/ros/dashing/lib'), ('SHLVL', '2'), ('CHROME_DESKTOP', 'code-url-handler.desktop'), ('QT4_IM_MODULE', 'xim'), ('HOME', '/home/ubuntu'), ('DESKTOP_SESSION', 'ubuntu'), ('TERM_PROGRAM_VERSION', '1.66.2'), ('GIO_LAUNCHED_DESKTOP_FILE', '/usr/share/applications/code.desktop'), ('GNOME_SHELL_SESSION_MODE', 'ubuntu'), ('GTK_MODULES', 'gail:atk-bridge'), ('VSCODE_GIT_ASKPASS_MAIN', '/usr/share/code/resources/app/extensions/git/dist/askpass-main.js'), ('ROS_PYTHON_VERSION', '3'), ('LC_MONETARY', 'zh_CN.UTF-8'), ('VSCODE_GIT_ASKPASS_NODE', '/usr/share/code/code'), ('DBUS_SESSION_BUS_ADDRESS', 'unix:path=/run/user/1000/bus'), ('COLORTERM', 'truecolor'), ('GIO_LAUNCHED_DESKTOP_FILE_PID', '11040'), ('IM_CONFIG_PHASE', '2'), ('ROS_DISTRO', 'dashing'), ('LOGNAME', 'ubuntu'), ('GTK_IM_MODULE', 'ibus'), ('_', '/usr/bin/colcon'), ('ROS_VERSION', '2'), ('PKG_CONFIG_PATH', '/usr/local/lib/pkgconfig:/usr/local/lib/pkgconfig::/usr/local/lib/pkgconfig'), ('USERNAME', 'ubuntu'), ('XDG_SESSION_ID', '5'), ('TERM', 'xterm-256color'), ('GNOME_DESKTOP_SESSION_ID', 'this-is-deprecated'), ('WINDOWPATH', '2'), ('PATH', '/opt/gcc-arm-none-eabi-9-2020-q2-update/bin:/home/ubuntu/.local/bin:/opt/ros/dashing/bin:/opt/gcc-arm-none-eabi-9-2020-q2-update/bin:/home/ubuntu/.local/bin:/usr/local/sbin:/usr/local/bin:/usr/sbin:/usr/bin:/sbin:/bin:/usr/games:/usr/local/games:/snap/bin'), ('PAPERSIZE', 'a4'), ('SESSION_MANAGER', 'local/ubuntu-vm:@/tmp/.ICE-unix/2191,unix/ubuntu-vm:/tmp/.ICE-unix/2191'), ('XDG_MENU_PREFIX', 'gnome-'), ('LC_ADDRESS', 'zh_CN.UTF-8'), ('GDK_BACKEND', 'x11'), ('XDG_RUNTIME_DIR', '/run/user/1000'), ('DISPLAY', ':1'), ('LANG', 'zh_CN.UTF-8'), ('XDG_CURRENT_DESKTOP', 'Unity'), ('LC_TELEPHONE', 'zh_CN.UTF-8'), ('TERM_PROGRAM', 'vscode'), ('XDG_SESSION_DESKTOP', 'ubuntu'), ('XMODIFIERS', '@im=ibus'), ('VSCODE_GIT_IPC_HANDLE', '/run/user/1000/vscode-git-5508b6727b.sock'), ('XAUTHORITY', '/run/user/1000/gdm/Xauthority'), ('AMENT_PREFIX_PATH', '/opt/ros/dashing'), ('ORIGINAL_XDG_CURRENT_DESKTOP', 'ubuntu:GNOME'), ('SSH_AUTH_SOCK', '/run/user/1000/keyring/ssh'), ('LC_NAME', 'zh_CN.UTF-8'), ('SHELL', '/bin/bash'), ('QT_ACCESSIBILITY', '1'), ('GDMSESSION', 'ubuntu'), ('LESSCLOSE', '/usr/bin/lesspipe %s %s'), ('LC_MEASUREMENT', 'zh_CN.UTF-8'), ('TEXTDOMAINDIR', '/usr/share/locale/'), ('GJS_DEBUG_OUTPUT', 'stderr'), ('GPG_AGENT_INFO', '/run/user/1000/gnupg/S.gpg-agent:0:1'), ('LC_IDENTIFICATION', 'zh_CN.UTF-8'), ('VSCODE_GIT_ASKPASS_EXTRA_ARGS', '--ms-enable-electron-run-as-node'), ('XDG_VTNR', '2'), ('QT_IM_MODULE', 'ibus'), ('LC_ALL', 'en_US.UTF-8'), ('PWD', '/home/ubuntu/ros2_ws/build/my_c_package'), ('CLUTTER_IM_MODULE', 'xim'), ('XDG_DATA_DIRS', '/usr/share/ubuntu:/usr/local/share/:/usr/share/:/var/lib/snapd/desktop'), ('XDG_CONFIG_DIRS', '/etc/xdg/xdg-ubuntu:/etc/xdg'), ('LC_NUMERIC', 'zh_CN.UTF-8'), ('PYTHONPATH', '/opt/ros/dashing/lib/python3.6/site-packages'), ('LC_PAPER', 'zh_CN.UTF-8'), ('COLCON', '1'), ('CMAKE_PREFIX_PATH', '/opt/ros/dashing')]), 'shell': False}
[6.780256] (-) TimerEvent: {}
[6.784879] (my_c_package) StdoutLine: {'line': b'\x1b[35m\x1b[1mScanning dependencies of target my_c_node\x1b[0m\n'}
[6.796993] (my_c_package) StdoutLine: {'line': b'[ 50%] \x1b[32mBuilding CXX object CMakeFiles/my_c_node.dir/src/my_c_node.cpp.o\x1b[0m\n'}
[6.881552] (-) TimerEvent: {}
[6.930549] (my_c_topic) StdoutLine: {'line': b'-- Found rclcpp: 0.7.16 (/opt/ros/dashing/share/rclcpp/cmake)\n'}
[6.981675] (-) TimerEvent: {}
[7.083043] (-) TimerEvent: {}
[7.090059] (my_c_topic) StdoutLine: {'line': b'-- Found rmw_implementation_cmake: 0.7.2 (/opt/ros/dashing/share/rmw_implementation_cmake/cmake)\n'}
[7.103889] (my_c_topic) StdoutLine: {'line': b"-- Using RMW implementation 'rmw_fastrtps_cpp' as default\n"}
[7.169169] (my_c_topic) StdoutLine: {'line': b'-- Looking for pthread.h\n'}
[7.183443] (-) TimerEvent: {}
[7.284163] (-) TimerEvent: {}
[7.385078] (-) TimerEvent: {}
[7.411153] (my_c_package) StdoutLine: {'line': b'[100%] \x1b[32m\x1b[1mLinking CXX executable my_c_node\x1b[0m\n'}
[7.436758] (my_c_topic) StdoutLine: {'line': b'-- Looking for pthread.h - found\n'}
[7.437826] (my_c_topic) StdoutLine: {'line': b'-- Looking for pthread_create\n'}
[7.458286] (my_c_package) StdoutLine: {'line': b'[100%] Built target my_c_node\n'}
[7.470173] (my_c_package) CommandEnded: {'returncode': 0}
[7.485491] (-) TimerEvent: {}
[7.506151] (my_c_package) JobProgress: {'identifier': 'my_c_package', 'progress': 'install'}
[7.521593] (my_c_package) Command: {'cmd': ['/usr/bin/cmake', '--build', '/home/ubuntu/ros2_ws/build/my_c_package', '--target', 'install', '--', '-j4', '-l4'], 'cwd': '/home/ubuntu/ros2_ws/build/my_c_package', 'env': OrderedDict([('GJS_DEBUG_TOPICS', 'JS ERROR;JS LOG'), ('LESSOPEN', '| /usr/bin/lesspipe %s'), ('USER', 'ubuntu'), ('LANGUAGE', 'zh_CN:en_US:en'), ('SVGA_VGPU10', '0'), ('LC_TIME', 'zh_CN.UTF-8'), ('TEXTDOMAIN', 'im-config'), ('XDG_SEAT', 'seat0'), ('SSH_AGENT_PID', '2268'), ('XDG_SESSION_TYPE', 'x11'), ('GIT_ASKPASS', '/usr/share/code/resources/app/extensions/git/dist/askpass.sh'), ('LD_LIBRARY_PATH', '/opt/ros/dashing/opt/yaml_cpp_vendor/lib:/opt/ros/dashing/opt/rviz_ogre_vendor/lib:/opt/ros/dashing/lib'), ('SHLVL', '2'), ('CHROME_DESKTOP', 'code-url-handler.desktop'), ('QT4_IM_MODULE', 'xim'), ('HOME', '/home/ubuntu'), ('DESKTOP_SESSION', 'ubuntu'), ('TERM_PROGRAM_VERSION', '1.66.2'), ('GIO_LAUNCHED_DESKTOP_FILE', '/usr/share/applications/code.desktop'), ('GNOME_SHELL_SESSION_MODE', 'ubuntu'), ('GTK_MODULES', 'gail:atk-bridge'), ('VSCODE_GIT_ASKPASS_MAIN', '/usr/share/code/resources/app/extensions/git/dist/askpass-main.js'), ('ROS_PYTHON_VERSION', '3'), ('LC_MONETARY', 'zh_CN.UTF-8'), ('VSCODE_GIT_ASKPASS_NODE', '/usr/share/code/code'), ('DBUS_SESSION_BUS_ADDRESS', 'unix:path=/run/user/1000/bus'), ('COLORTERM', 'truecolor'), ('GIO_LAUNCHED_DESKTOP_FILE_PID', '11040'), ('IM_CONFIG_PHASE', '2'), ('ROS_DISTRO', 'dashing'), ('LOGNAME', 'ubuntu'), ('GTK_IM_MODULE', 'ibus'), ('_', '/usr/bin/colcon'), ('ROS_VERSION', '2'), ('PKG_CONFIG_PATH', '/usr/local/lib/pkgconfig:/usr/local/lib/pkgconfig::/usr/local/lib/pkgconfig'), ('USERNAME', 'ubuntu'), ('XDG_SESSION_ID', '5'), ('TERM', 'xterm-256color'), ('GNOME_DESKTOP_SESSION_ID', 'this-is-deprecated'), ('WINDOWPATH', '2'), ('PATH', '/opt/gcc-arm-none-eabi-9-2020-q2-update/bin:/home/ubuntu/.local/bin:/opt/ros/dashing/bin:/opt/gcc-arm-none-eabi-9-2020-q2-update/bin:/home/ubuntu/.local/bin:/usr/local/sbin:/usr/local/bin:/usr/sbin:/usr/bin:/sbin:/bin:/usr/games:/usr/local/games:/snap/bin'), ('PAPERSIZE', 'a4'), ('SESSION_MANAGER', 'local/ubuntu-vm:@/tmp/.ICE-unix/2191,unix/ubuntu-vm:/tmp/.ICE-unix/2191'), ('XDG_MENU_PREFIX', 'gnome-'), ('LC_ADDRESS', 'zh_CN.UTF-8'), ('GDK_BACKEND', 'x11'), ('XDG_RUNTIME_DIR', '/run/user/1000'), ('DISPLAY', ':1'), ('LANG', 'zh_CN.UTF-8'), ('XDG_CURRENT_DESKTOP', 'Unity'), ('LC_TELEPHONE', 'zh_CN.UTF-8'), ('TERM_PROGRAM', 'vscode'), ('XDG_SESSION_DESKTOP', 'ubuntu'), ('XMODIFIERS', '@im=ibus'), ('VSCODE_GIT_IPC_HANDLE', '/run/user/1000/vscode-git-5508b6727b.sock'), ('XAUTHORITY', '/run/user/1000/gdm/Xauthority'), ('AMENT_PREFIX_PATH', '/opt/ros/dashing'), ('ORIGINAL_XDG_CURRENT_DESKTOP', 'ubuntu:GNOME'), ('SSH_AUTH_SOCK', '/run/user/1000/keyring/ssh'), ('LC_NAME', 'zh_CN.UTF-8'), ('SHELL', '/bin/bash'), ('QT_ACCESSIBILITY', '1'), ('GDMSESSION', 'ubuntu'), ('LESSCLOSE', '/usr/bin/lesspipe %s %s'), ('LC_MEASUREMENT', 'zh_CN.UTF-8'), ('TEXTDOMAINDIR', '/usr/share/locale/'), ('GJS_DEBUG_OUTPUT', 'stderr'), ('GPG_AGENT_INFO', '/run/user/1000/gnupg/S.gpg-agent:0:1'), ('LC_IDENTIFICATION', 'zh_CN.UTF-8'), ('VSCODE_GIT_ASKPASS_EXTRA_ARGS', '--ms-enable-electron-run-as-node'), ('XDG_VTNR', '2'), ('QT_IM_MODULE', 'ibus'), ('LC_ALL', 'en_US.UTF-8'), ('PWD', '/home/ubuntu/ros2_ws/build/my_c_package'), ('CLUTTER_IM_MODULE', 'xim'), ('XDG_DATA_DIRS', '/usr/share/ubuntu:/usr/local/share/:/usr/share/:/var/lib/snapd/desktop'), ('XDG_CONFIG_DIRS', '/etc/xdg/xdg-ubuntu:/etc/xdg'), ('LC_NUMERIC', 'zh_CN.UTF-8'), ('PYTHONPATH', '/opt/ros/dashing/lib/python3.6/site-packages'), ('LC_PAPER', 'zh_CN.UTF-8'), ('COLCON', '1'), ('CMAKE_PREFIX_PATH', '/opt/ros/dashing')]), 'shell': False}
[7.526016] (my_c_topic) StdoutLine: {'line': b'-- Looking for pthread_create - not found\n'}
[7.526296] (my_c_topic) StdoutLine: {'line': b'-- Looking for pthread_create in pthreads\n'}
[7.586118] (-) TimerEvent: {}
[7.590387] (my_c_topic) StdoutLine: {'line': b'-- Looking for pthread_create in pthreads - not found\n'}
[7.590771] (my_c_topic) StdoutLine: {'line': b'-- Looking for pthread_create in pthread\n'}
[7.605682] (my_c_package) StdoutLine: {'line': b'[100%] Built target my_c_node\n'}
[7.630531] (my_c_package) StdoutLine: {'line': b'\x1b[36mInstall the project...\x1b[0m\n'}
[7.641426] (my_c_package) StdoutLine: {'line': b'-- Install configuration: "RelWithDebInfo"\n'}
[7.641781] (my_c_package) StdoutLine: {'line': b'-- Installing: /home/ubuntu/ros2_ws/install/lib/my_c_package/my_c_node\n'}
[7.642015] (my_c_package) StdoutLine: {'line': b'-- Installing: /home/ubuntu/ros2_ws/install/share/ament_index/resource_index/package_run_dependencies/my_c_package\n'}
[7.642165] (my_c_package) StdoutLine: {'line': b'-- Installing: /home/ubuntu/ros2_ws/install/share/ament_index/resource_index/parent_prefix_path/my_c_package\n'}
[7.643517] (my_c_package) StdoutLine: {'line': b'-- Installing: /home/ubuntu/ros2_ws/install/share/my_c_package/environment/ament_prefix_path.sh\n'}
[7.643826] (my_c_package) StdoutLine: {'line': b'-- Installing: /home/ubuntu/ros2_ws/install/share/my_c_package/environment/path.sh\n'}
[7.644183] (my_c_package) StdoutLine: {'line': b'-- Installing: /home/ubuntu/ros2_ws/install/share/my_c_package/local_setup.bash\n'}
[7.644336] (my_c_package) StdoutLine: {'line': b'-- Installing: /home/ubuntu/ros2_ws/install/share/my_c_package/local_setup.sh\n'}
[7.644525] (my_c_package) StdoutLine: {'line': b'-- Installing: /home/ubuntu/ros2_ws/install/share/my_c_package/local_setup.zsh\n'}
[7.644651] (my_c_package) StdoutLine: {'line': b'-- Installing: /home/ubuntu/ros2_ws/install/share/ament_index/resource_index/packages/my_c_package\n'}
[7.644818] (my_c_package) StdoutLine: {'line': b'-- Installing: /home/ubuntu/ros2_ws/install/share/my_c_package/cmake/my_c_packageConfig.cmake\n'}
[7.645070] (my_c_package) StdoutLine: {'line': b'-- Installing: /home/ubuntu/ros2_ws/install/share/my_c_package/cmake/my_c_packageConfig-version.cmake\n'}
[7.645246] (my_c_package) StdoutLine: {'line': b'-- Installing: /home/ubuntu/ros2_ws/install/share/my_c_package/package.xml\n'}
[7.650044] (my_c_package) CommandEnded: {'returncode': 0}
[7.686625] (-) TimerEvent: {}
[7.688608] (my_c_topic) StdoutLine: {'line': b'-- Looking for pthread_create in pthread - found\n'}
[7.689640] (my_c_topic) StdoutLine: {'line': b'-- Found Threads: TRUE  \n'}
[7.709080] (my_c_package) JobEnded: {'identifier': 'my_c_package', 'rc': 0}
[7.787633] (-) TimerEvent: {}
[7.851803] (my_c_topic) StdoutLine: {'line': b'-- Found ament_lint_auto: 0.7.12 (/opt/ros/dashing/share/ament_lint_auto/cmake)\n'}
[7.888353] (-) TimerEvent: {}
[7.928831] (my_c_topic) StderrLine: {'line': b"Error parsing '/home/ubuntu/ros2_ws/src/my_c_topic/package.xml':\n"}
[7.989214] (-) TimerEvent: {}
[8.016768] (my_c_topic) StderrLine: {'line': b'Traceback (most recent call last):\n'}
[8.017014] (my_c_topic) StderrLine: {'line': b'  File "/opt/ros/dashing/share/ament_cmake_core/cmake/core/package_xml_2_cmake.py", line 143, in <module>\n'}
[8.017125] (my_c_topic) StderrLine: {'line': b'    main()\n'}
[8.017194] (my_c_topic) StderrLine: {'line': b'  File "/opt/ros/dashing/share/ament_cmake_core/cmake/core/package_xml_2_cmake.py", line 52, in main\n'}
[8.017258] (my_c_topic) StderrLine: {'line': b'    raise e\n'}
[8.017320] (my_c_topic) StderrLine: {'line': b'  File "/opt/ros/dashing/share/ament_cmake_core/cmake/core/package_xml_2_cmake.py", line 49, in main\n'}
[8.017382] (my_c_topic) StderrLine: {'line': b'    args.package_xml.read(), filename=args.package_xml.name)\n'}
[8.017442] (my_c_topic) StderrLine: {'line': b'  File "/usr/lib/python3/dist-packages/catkin_pkg/package.py", line 774, in parse_package_string\n'}
[8.017506] (my_c_topic) StderrLine: {'line': b'    pkg.validate(warnings=warnings)\n'}
[8.017566] (my_c_topic) StderrLine: {'line': b'  File "/usr/lib/python3/dist-packages/catkin_pkg/package.py", line 317, in validate\n'}
[8.017626] (my_c_topic) StderrLine: {'line': b"    raise InvalidPackage('\\n'.join(errors), self.filename)\n"}
[8.017685] (my_c_topic) StderrLine: {'line': b"catkin_pkg.package.InvalidPackage: Error(s) in package '/home/ubuntu/ros2_ws/src/my_c_topic/package.xml':\n"}
[8.017746] (my_c_topic) StderrLine: {'line': b'Invalid email " " for person "ubuntu"\n'}
[8.032740] (my_c_topic) StderrLine: {'line': b'CMake Error at /opt/ros/dashing/share/ament_cmake_core/cmake/core/ament_package_xml.cmake:94 (message):\n'}
[8.032947] (my_c_topic) StderrLine: {'line': b'  execute_process(/usr/bin/python3\n'}
[8.033031] (my_c_topic) StderrLine: {'line': b'  /opt/ros/dashing/share/ament_cmake_core/cmake/core/package_xml_2_cmake.py\n'}
[8.033102] (my_c_topic) StderrLine: {'line': b'  /home/ubuntu/ros2_ws/src/my_c_topic/package.xml\n'}
[8.033171] (my_c_topic) StderrLine: {'line': b'  /home/ubuntu/ros2_ws/build/my_c_topic/ament_cmake_core/package.cmake)\n'}
[8.033237] (my_c_topic) StderrLine: {'line': b'  returned error code 1\n'}
[8.033302] (my_c_topic) StderrLine: {'line': b'Call Stack (most recent call first):\n'}
[8.033367] (my_c_topic) StderrLine: {'line': b'  /opt/ros/dashing/share/ament_cmake_core/cmake/core/ament_package_xml.cmake:49 (_ament_package_xml)\n'}
[8.033433] (my_c_topic) StderrLine: {'line': b'  /opt/ros/dashing/share/ament_lint_auto/cmake/ament_lint_auto_find_test_dependencies.cmake:31 (ament_package_xml)\n'}
[8.033499] (my_c_topic) StderrLine: {'line': b'  CMakeLists.txt:46 (ament_lint_auto_find_test_dependencies)\n'}
[8.033563] (my_c_topic) StderrLine: {'line': b'\n'}
[8.033627] (my_c_topic) StderrLine: {'line': b'\n'}
[8.034424] (my_c_topic) StdoutLine: {'line': b'-- Configuring incomplete, errors occurred!\n'}
[8.034578] (my_c_topic) StdoutLine: {'line': b'See also "/home/ubuntu/ros2_ws/build/my_c_topic/CMakeFiles/CMakeOutput.log".\n'}
[8.034651] (my_c_topic) StdoutLine: {'line': b'See also "/home/ubuntu/ros2_ws/build/my_c_topic/CMakeFiles/CMakeError.log".\n'}
[8.037829] (my_c_topic) CommandEnded: {'returncode': 1}
[8.038733] (my_c_topic) JobEnded: {'identifier': 'my_c_topic', 'rc': 1}
[8.051426] (-) EventReactorShutdown: {}
