running egg_info
creating ../../build/my_py_package/my_py_package.egg-info
writing ../../build/my_py_package/my_py_package.egg-info/PKG-INFO
writing dependency_links to ../../build/my_py_package/my_py_package.egg-info/dependency_links.txt
writing entry points to ../../build/my_py_package/my_py_package.egg-info/entry_points.txt
writing requirements to ../../build/my_py_package/my_py_package.egg-info/requires.txt
writing top-level names to ../../build/my_py_package/my_py_package.egg-info/top_level.txt
writing manifest file '../../build/my_py_package/my_py_package.egg-info/SOURCES.txt'
reading manifest file '../../build/my_py_package/my_py_package.egg-info/SOURCES.txt'
writing manifest file '../../build/my_py_package/my_py_package.egg-info/SOURCES.txt'
running build
running build_py
creating /home/ubuntu/ros2_ws/build/my_py_package/build
creating /home/ubuntu/ros2_ws/build/my_py_package/build/lib
creating /home/ubuntu/ros2_ws/build/my_py_package/build/lib/my_py_package
copying my_py_package/my_py_node.py -> /home/ubuntu/ros2_ws/build/my_py_package/build/lib/my_py_package
copying my_py_package/__init__.py -> /home/ubuntu/ros2_ws/build/my_py_package/build/lib/my_py_package
running install
running install_lib
creating /home/ubuntu/ros2_ws/install/lib/python3.6/site-packages/my_py_package
copying /home/ubuntu/ros2_ws/build/my_py_package/build/lib/my_py_package/my_py_node.py -> /home/ubuntu/ros2_ws/install/lib/python3.6/site-packages/my_py_package
copying /home/ubuntu/ros2_ws/build/my_py_package/build/lib/my_py_package/__init__.py -> /home/ubuntu/ros2_ws/install/lib/python3.6/site-packages/my_py_package
byte-compiling /home/ubuntu/ros2_ws/install/lib/python3.6/site-packages/my_py_package/my_py_node.py to my_py_node.cpython-36.pyc
byte-compiling /home/ubuntu/ros2_ws/install/lib/python3.6/site-packages/my_py_package/__init__.py to __init__.cpython-36.pyc
running install_data
creating /home/ubuntu/ros2_ws/install/share/ament_index
creating /home/ubuntu/ros2_ws/install/share/ament_index/resource_index
creating /home/ubuntu/ros2_ws/install/share/ament_index/resource_index/packages
copying resource/my_py_package -> /home/ubuntu/ros2_ws/install/share/ament_index/resource_index/packages
copying package.xml -> /home/ubuntu/ros2_ws/install/share/my_py_package
running install_egg_info
Copying ../../build/my_py_package/my_py_package.egg-info to /home/ubuntu/ros2_ws/install/lib/python3.6/site-packages/my_py_package-0.0.0-py3.6.egg-info
running install_scripts
Installing my_py_node script to /home/ubuntu/ros2_ws/install/lib/my_py_package
writing list of installed files to '/home/ubuntu/ros2_ws/build/my_py_package/install.log'
