[0.039s] Invoking command in '/home/ubuntu/ros2_ws/build/my_c_topic': CMAKE_PREFIX_PATH=/home/ubuntu/ros2_ws/install:/opt/ros/dashing /usr/bin/cmake /home/ubuntu/ros2_ws/src/my_c_topic -DCMAKE_INSTALL_PREFIX=/home/ubuntu/ros2_ws/install/my_c_topic
[0.701s] -- The C compiler identification is GNU 7.5.0
[0.701s] -- The CXX compiler identification is GNU 7.5.0
[0.701s] -- Check for working C compiler: /usr/bin/cc
[0.701s] -- Check for working C compiler: /usr/bin/cc -- works
[0.701s] -- Detecting C compiler ABI info
[0.701s] -- Detecting C compiler ABI info - done
[0.701s] -- Detecting C compile features
[0.701s] -- Detecting C compile features - done
[0.701s] -- Check for working CXX compiler: /usr/bin/c++
[0.735s] -- Check for working CXX compiler: /usr/bin/c++ -- works
[0.735s] -- Detecting CXX compiler ABI info
[0.892s] -- Detecting CXX compiler ABI info - done
[0.898s] -- Detecting CXX compile features
[1.566s] -- Detecting CXX compile features - done
[1.571s] -- Found ament_cmake: 0.7.6 (/opt/ros/dashing/share/ament_cmake/cmake)
[1.611s] -- Found PythonInterp: /usr/bin/python3 (found suitable version "3.6.9", minimum required is "3") 
[1.611s] -- Using PYTHON_EXECUTABLE: /usr/bin/python3
[2.005s] -- Found geometry_msgs: 0.7.1 (/opt/ros/dashing/share/geometry_msgs/cmake)
[2.143s] -- Found rosidl_adapter: 0.7.10 (/opt/ros/dashing/share/rosidl_adapter/cmake)
[2.573s] -- Found rclcpp: 0.7.16 (/opt/ros/dashing/share/rclcpp/cmake)
[2.774s] -- Found rmw_implementation_cmake: 0.7.2 (/opt/ros/dashing/share/rmw_implementation_cmake/cmake)
[2.778s] -- Using RMW implementation 'rmw_fastrtps_cpp' as default
[2.812s] -- Looking for pthread.h
[2.954s] -- Looking for pthread.h - found
[2.978s] -- Looking for pthread_create
[3.047s] -- Looking for pthread_create - not found
[3.048s] -- Looking for pthread_create in pthreads
[3.121s] -- Looking for pthread_create in pthreads - not found
[3.121s] -- Looking for pthread_create in pthread
[3.234s] -- Looking for pthread_create in pthread - found
[3.235s] -- Found Threads: TRUE  
[3.366s] -- Found ament_lint_auto: 0.7.12 (/opt/ros/dashing/share/ament_lint_auto/cmake)
[3.463s] -- Added test 'copyright' to check for copyright in CMake / C / C++ / Python code
[3.463s] -- Added test 'cppcheck' to perform static code analysis on C / C++ code
[3.463s] -- Configured cppcheck include dirs: $<BUILD_INTERFACE:/home/ubuntu/ros2_ws/src/my_c_topic/include>
[3.464s] -- Added test 'cpplint' to check C / C++ code against the Google style
[3.465s] -- Added test 'lint_cmake' to check CMake code style
[3.466s] -- Added test 'uncrustify' to check C / C++ code style
[3.466s] -- Added test 'xmllint' to check XML markup files
[3.468s] -- Configuring done
[3.740s] -- Generating done
[3.742s] -- Build files have been written to: /home/ubuntu/ros2_ws/build/my_c_topic
[3.750s] Invoked command in '/home/ubuntu/ros2_ws/build/my_c_topic' returned '0': CMAKE_PREFIX_PATH=/home/ubuntu/ros2_ws/install:/opt/ros/dashing /usr/bin/cmake /home/ubuntu/ros2_ws/src/my_c_topic -DCMAKE_INSTALL_PREFIX=/home/ubuntu/ros2_ws/install/my_c_topic
[3.751s] Invoking command in '/home/ubuntu/ros2_ws/build/my_c_topic': CMAKE_PREFIX_PATH=/home/ubuntu/ros2_ws/install:/opt/ros/dashing /usr/bin/cmake --build /home/ubuntu/ros2_ws/build/my_c_topic -- -j4 -l4
[3.792s] [35m[1mScanning dependencies of target my_c_publisher_node[0m
[3.821s] [ 50%] [32mBuilding CXX object CMakeFiles/my_c_publisher_node.dir/src/my_c_publisher_node.cpp.o[0m
[7.064s] [100%] [32m[1mLinking CXX executable my_c_publisher_node[0m
[7.450s] [100%] Built target my_c_publisher_node
[7.463s] Invoked command in '/home/ubuntu/ros2_ws/build/my_c_topic' returned '0': CMAKE_PREFIX_PATH=/home/ubuntu/ros2_ws/install:/opt/ros/dashing /usr/bin/cmake --build /home/ubuntu/ros2_ws/build/my_c_topic -- -j4 -l4
[7.492s] Invoking command in '/home/ubuntu/ros2_ws/build/my_c_topic': CMAKE_PREFIX_PATH=/home/ubuntu/ros2_ws/install:/opt/ros/dashing /usr/bin/cmake --build /home/ubuntu/ros2_ws/build/my_c_topic --target install -- -j4 -l4
[7.549s] [100%] Built target my_c_publisher_node
[7.570s] [36mInstall the project...[0m
[7.579s] -- Install configuration: ""
[7.579s] -- Installing: /home/ubuntu/ros2_ws/install/my_c_topic/lib/my_c_topic/my_c_publisher_node
[7.580s] -- Set runtime path of "/home/ubuntu/ros2_ws/install/my_c_topic/lib/my_c_topic/my_c_publisher_node" to ""
[7.580s] -- Installing: /home/ubuntu/ros2_ws/install/my_c_topic/share/ament_index/resource_index/package_run_dependencies/my_c_topic
[7.581s] -- Installing: /home/ubuntu/ros2_ws/install/my_c_topic/share/ament_index/resource_index/parent_prefix_path/my_c_topic
[7.581s] -- Installing: /home/ubuntu/ros2_ws/install/my_c_topic/share/my_c_topic/environment/ament_prefix_path.sh
[7.581s] -- Installing: /home/ubuntu/ros2_ws/install/my_c_topic/share/my_c_topic/environment/path.sh
[7.581s] -- Installing: /home/ubuntu/ros2_ws/install/my_c_topic/share/my_c_topic/local_setup.bash
[7.581s] -- Installing: /home/ubuntu/ros2_ws/install/my_c_topic/share/my_c_topic/local_setup.sh
[7.581s] -- Installing: /home/ubuntu/ros2_ws/install/my_c_topic/share/my_c_topic/local_setup.zsh
[7.582s] -- Installing: /home/ubuntu/ros2_ws/install/my_c_topic/share/ament_index/resource_index/packages/my_c_topic
[7.582s] -- Installing: /home/ubuntu/ros2_ws/install/my_c_topic/share/my_c_topic/cmake/my_c_topicConfig.cmake
[7.582s] -- Installing: /home/ubuntu/ros2_ws/install/my_c_topic/share/my_c_topic/cmake/my_c_topicConfig-version.cmake
[7.582s] -- Installing: /home/ubuntu/ros2_ws/install/my_c_topic/share/my_c_topic/package.xml
[7.587s] Invoked command in '/home/ubuntu/ros2_ws/build/my_c_topic' returned '0': CMAKE_PREFIX_PATH=/home/ubuntu/ros2_ws/install:/opt/ros/dashing /usr/bin/cmake --build /home/ubuntu/ros2_ws/build/my_c_topic --target install -- -j4 -l4
