[2.405s] Invoking command in '/home/ubuntu/ros2_ws/src/my_py_package': PYTHONPATH=/home/ubuntu/ros2_ws/install/my_py_package/lib/python3.6/site-packages:${PYTHONPATH} /usr/bin/python3 setup.py egg_info --egg-base ../../build/my_py_package build --build-base /home/ubuntu/ros2_ws/build/my_py_package/build install --prefix /home/ubuntu/ros2_ws/install/my_py_package --record /home/ubuntu/ros2_ws/build/my_py_package/install.log --single-version-externally-managed
[3.766s] /home/ubuntu/.local/lib/python3.6/site-packages/setuptools/dist.py:726: UserWarning: Usage of dash-separated 'script-dir' will not be supported in future versions. Please use the underscore name 'script_dir' instead
[3.767s]   % (opt, underscore_opt)
[3.767s] /home/ubuntu/.local/lib/python3.6/site-packages/setuptools/dist.py:726: UserWarning: Usage of dash-separated 'install-scripts' will not be supported in future versions. Please use the underscore name 'install_scripts' instead
[3.767s]   % (opt, underscore_opt)
[3.805s] running egg_info
[3.809s] writing ../../build/my_py_package/my_py_package.egg-info/PKG-INFO
[3.810s] writing dependency_links to ../../build/my_py_package/my_py_package.egg-info/dependency_links.txt
[3.810s] writing entry points to ../../build/my_py_package/my_py_package.egg-info/entry_points.txt
[3.810s] writing requirements to ../../build/my_py_package/my_py_package.egg-info/requires.txt
[3.810s] writing top-level names to ../../build/my_py_package/my_py_package.egg-info/top_level.txt
[3.814s] reading manifest file '../../build/my_py_package/my_py_package.egg-info/SOURCES.txt'
[3.815s] writing manifest file '../../build/my_py_package/my_py_package.egg-info/SOURCES.txt'
[3.816s] running build
[3.816s] running build_py
[3.817s] running install
[3.817s] /home/ubuntu/.local/lib/python3.6/site-packages/setuptools/command/install.py:37: SetuptoolsDeprecationWarning: setup.py install is deprecated. Use build and pip and other standards-based tools.
[3.817s]   setuptools.SetuptoolsDeprecationWarning,
[3.818s] running install_lib
[3.819s] running install_data
[3.820s] running install_egg_info
[3.822s] removing '/home/ubuntu/ros2_ws/install/my_py_package/lib/python3.6/site-packages/my_py_package-0.0.0-py3.6.egg-info' (and everything under it)
[3.823s] Copying ../../build/my_py_package/my_py_package.egg-info to /home/ubuntu/ros2_ws/install/my_py_package/lib/python3.6/site-packages/my_py_package-0.0.0-py3.6.egg-info
[3.826s] running install_scripts
[3.841s] Installing my_py_node script to /home/ubuntu/ros2_ws/install/my_py_package/lib/my_py_package
[3.842s] writing list of installed files to '/home/ubuntu/ros2_ws/build/my_py_package/install.log'
[3.882s] Invoked command in '/home/ubuntu/ros2_ws/src/my_py_package' returned '0': PYTHONPATH=/home/ubuntu/ros2_ws/install/my_py_package/lib/python3.6/site-packages:${PYTHONPATH} /usr/bin/python3 setup.py egg_info --egg-base ../../build/my_py_package build --build-base /home/ubuntu/ros2_ws/build/my_py_package/build install --prefix /home/ubuntu/ros2_ws/install/my_py_package --record /home/ubuntu/ros2_ws/build/my_py_package/install.log --single-version-externally-managed
