-- Found ament_cmake: 0.7.6 (/opt/ros/dashing/share/ament_cmake/cmake)
-- Using PYTHON_EXECUTABLE: /usr/bin/python3
-- Found turtlesim: 1.0.3 (/opt/ros/dashing/share/turtlesim/cmake)
-- Found rosidl_adapter: 0.7.10 (/opt/ros/dashing/share/rosidl_adapter/cmake)
-- Found std_msgs: 0.7.1 (/opt/ros/dashing/share/std_msgs/cmake)
-- Found std_srvs: 0.7.1 (/opt/ros/dashing/share/std_srvs/cmake)
-- Found rclcpp: 0.7.16 (/opt/ros/dashing/share/rclcpp/cmake)
-- Found rmw_implementation_cmake: 0.7.2 (/opt/ros/dashing/share/rmw_implementation_cmake/cmake)
-- Using RMW implementation 'rmw_fastrtps_cpp' as default
-- Found geometry_msgs: 0.7.1 (/opt/ros/dashing/share/geometry_msgs/cmake)
-- Found ament_lint_auto: 0.7.12 (/opt/ros/dashing/share/ament_lint_auto/cmake)
-- Added test 'copyright' to check for copyright in CMake / C / C++ / Python code
-- Added test 'cppcheck' to perform static code analysis on C / C++ code
-- Configured cppcheck include dirs: $<BUILD_INTERFACE:/home/ubuntu/ros2_ws/src/my_c_srvcli/include>
-- Added test 'cpplint' to check C / C++ code against the Google style
-- Added test 'lint_cmake' to check CMake code style
-- Added test 'uncrustify' to check C / C++ code style
-- Added test 'xmllint' to check XML markup files
-- Configuring done
-- Generating done
-- Build files have been written to: /home/ubuntu/ros2_ws/build/my_c_srvcli
[ 50%] Built target my_c_cli_node
[ 75%] [32m[1mLinking CXX executable my_c_srv_node[0m
[100%] Built target my_c_srv_node
[100%] Built target my_c_cli_node
[100%] Built target my_c_srv_node
[36mInstall the project...[0m
-- Install configuration: ""
-- Up-to-date: /home/ubuntu/ros2_ws/install/my_c_srvcli/lib/my_c_srvcli/my_c_cli_node
-- Installing: /home/ubuntu/ros2_ws/install/my_c_srvcli/lib/my_c_srvcli/my_c_srv_node
-- Set runtime path of "/home/ubuntu/ros2_ws/install/my_c_srvcli/lib/my_c_srvcli/my_c_srv_node" to ""
-- Up-to-date: /home/ubuntu/ros2_ws/install/my_c_srvcli/share/ament_index/resource_index/package_run_dependencies/my_c_srvcli
-- Up-to-date: /home/ubuntu/ros2_ws/install/my_c_srvcli/share/ament_index/resource_index/parent_prefix_path/my_c_srvcli
-- Up-to-date: /home/ubuntu/ros2_ws/install/my_c_srvcli/share/my_c_srvcli/environment/ament_prefix_path.sh
-- Up-to-date: /home/ubuntu/ros2_ws/install/my_c_srvcli/share/my_c_srvcli/environment/path.sh
-- Up-to-date: /home/ubuntu/ros2_ws/install/my_c_srvcli/share/my_c_srvcli/local_setup.bash
-- Up-to-date: /home/ubuntu/ros2_ws/install/my_c_srvcli/share/my_c_srvcli/local_setup.sh
-- Up-to-date: /home/ubuntu/ros2_ws/install/my_c_srvcli/share/my_c_srvcli/local_setup.zsh
-- Up-to-date: /home/ubuntu/ros2_ws/install/my_c_srvcli/share/ament_index/resource_index/packages/my_c_srvcli
-- Up-to-date: /home/ubuntu/ros2_ws/install/my_c_srvcli/share/my_c_srvcli/cmake/my_c_srvcliConfig.cmake
-- Up-to-date: /home/ubuntu/ros2_ws/install/my_c_srvcli/share/my_c_srvcli/cmake/my_c_srvcliConfig-version.cmake
-- Up-to-date: /home/ubuntu/ros2_ws/install/my_c_srvcli/share/my_c_srvcli/package.xml
