[2.493s] Invoking command in '/home/ubuntu/ros2_ws/src/my_py_topic': PYTHONPATH=/home/ubuntu/ros2_ws/install/my_py_topic/lib/python3.6/site-packages:${PYTHONPATH} /usr/bin/python3 setup.py egg_info --egg-base ../../build/my_py_topic build --build-base /home/ubuntu/ros2_ws/build/my_py_topic/build install --prefix /home/ubuntu/ros2_ws/install/my_py_topic --record /home/ubuntu/ros2_ws/build/my_py_topic/install.log --single-version-externally-managed
[2.952s] /home/ubuntu/.local/lib/python3.6/site-packages/setuptools/dist.py:726: UserWarning: Usage of dash-separated 'script-dir' will not be supported in future versions. Please use the underscore name 'script_dir' instead
[2.953s]   % (opt, underscore_opt)
[2.953s] /home/ubuntu/.local/lib/python3.6/site-packages/setuptools/dist.py:726: UserWarning: Usage of dash-separated 'install-scripts' will not be supported in future versions. Please use the underscore name 'install_scripts' instead
[2.953s]   % (opt, underscore_opt)
[3.001s] running egg_info
[3.001s] writing ../../build/my_py_topic/my_py_topic.egg-info/PKG-INFO
[3.001s] writing dependency_links to ../../build/my_py_topic/my_py_topic.egg-info/dependency_links.txt
[3.002s] writing entry points to ../../build/my_py_topic/my_py_topic.egg-info/entry_points.txt
[3.002s] writing requirements to ../../build/my_py_topic/my_py_topic.egg-info/requires.txt
[3.002s] writing top-level names to ../../build/my_py_topic/my_py_topic.egg-info/top_level.txt
[3.005s] reading manifest file '../../build/my_py_topic/my_py_topic.egg-info/SOURCES.txt'
[3.007s] writing manifest file '../../build/my_py_topic/my_py_topic.egg-info/SOURCES.txt'
[3.007s] running build
[3.007s] running build_py
[3.007s] running install
[3.007s] /home/ubuntu/.local/lib/python3.6/site-packages/setuptools/command/install.py:37: SetuptoolsDeprecationWarning: setup.py install is deprecated. Use build and pip and other standards-based tools.
[3.008s]   setuptools.SetuptoolsDeprecationWarning,
[3.008s] running install_lib
[3.010s] running install_data
[3.011s] running install_egg_info
[3.017s] removing '/home/ubuntu/ros2_ws/install/my_py_topic/lib/python3.6/site-packages/my_py_topic-0.0.0-py3.6.egg-info' (and everything under it)
[3.018s] Copying ../../build/my_py_topic/my_py_topic.egg-info to /home/ubuntu/ros2_ws/install/my_py_topic/lib/python3.6/site-packages/my_py_topic-0.0.0-py3.6.egg-info
[3.020s] running install_scripts
[3.073s] Installing my_py_publisher_node script to /home/ubuntu/ros2_ws/install/my_py_topic/lib/my_py_topic
[3.074s] Installing my_py_subscriber_node script to /home/ubuntu/ros2_ws/install/my_py_topic/lib/my_py_topic
[3.074s] writing list of installed files to '/home/ubuntu/ros2_ws/build/my_py_topic/install.log'
[3.096s] Invoked command in '/home/ubuntu/ros2_ws/src/my_py_topic' returned '0': PYTHONPATH=/home/ubuntu/ros2_ws/install/my_py_topic/lib/python3.6/site-packages:${PYTHONPATH} /usr/bin/python3 setup.py egg_info --egg-base ../../build/my_py_topic build --build-base /home/ubuntu/ros2_ws/build/my_py_topic/build install --prefix /home/ubuntu/ros2_ws/install/my_py_topic --record /home/ubuntu/ros2_ws/build/my_py_topic/install.log --single-version-externally-managed
