[1.336s] Invoking command in '/home/ubuntu/ros2_ws/src/my_py_package': PYTHONPATH=/home/ubuntu/ros2_ws/install/my_py_package/lib/python3.6/site-packages:${PYTHONPATH} /usr/bin/python3 setup.py egg_info --egg-base ../../build/my_py_package build --build-base /home/ubuntu/ros2_ws/build/my_py_package/build install --prefix /home/ubuntu/ros2_ws/install/my_py_package --record /home/ubuntu/ros2_ws/build/my_py_package/install.log --single-version-externally-managed
[2.252s] /home/ubuntu/.local/lib/python3.6/site-packages/setuptools/dist.py:726: UserWarning: Usage of dash-separated 'script-dir' will not be supported in future versions. Please use the underscore name 'script_dir' instead
[2.252s]   % (opt, underscore_opt)
[2.253s] /home/ubuntu/.local/lib/python3.6/site-packages/setuptools/dist.py:726: UserWarning: Usage of dash-separated 'install-scripts' will not be supported in future versions. Please use the underscore name 'install_scripts' instead
[2.253s]   % (opt, underscore_opt)
[2.506s] running egg_info
[2.508s] writing ../../build/my_py_package/my_py_package.egg-info/PKG-INFO
[2.510s] writing dependency_links to ../../build/my_py_package/my_py_package.egg-info/dependency_links.txt
[2.511s] writing entry points to ../../build/my_py_package/my_py_package.egg-info/entry_points.txt
[2.512s] writing requirements to ../../build/my_py_package/my_py_package.egg-info/requires.txt
[2.513s] writing top-level names to ../../build/my_py_package/my_py_package.egg-info/top_level.txt
[2.515s] reading manifest file '../../build/my_py_package/my_py_package.egg-info/SOURCES.txt'
[2.517s] writing manifest file '../../build/my_py_package/my_py_package.egg-info/SOURCES.txt'
[2.517s] running build
[2.519s] running build_py
[2.520s] running install
[2.520s] /home/ubuntu/.local/lib/python3.6/site-packages/setuptools/command/install.py:37: SetuptoolsDeprecationWarning: setup.py install is deprecated. Use build and pip and other standards-based tools.
[2.521s]   setuptools.SetuptoolsDeprecationWarning,
[2.522s] running install_lib
[2.523s] running install_data
[2.524s] running install_egg_info
[2.528s] removing '/home/ubuntu/ros2_ws/install/my_py_package/lib/python3.6/site-packages/my_py_package-0.0.0-py3.6.egg-info' (and everything under it)
[2.529s] Copying ../../build/my_py_package/my_py_package.egg-info to /home/ubuntu/ros2_ws/install/my_py_package/lib/python3.6/site-packages/my_py_package-0.0.0-py3.6.egg-info
[2.531s] running install_scripts
[2.556s] Installing my_py_node script to /home/ubuntu/ros2_ws/install/my_py_package/lib/my_py_package
[2.557s] writing list of installed files to '/home/ubuntu/ros2_ws/build/my_py_package/install.log'
[2.635s] Invoked command in '/home/ubuntu/ros2_ws/src/my_py_package' returned '0': PYTHONPATH=/home/ubuntu/ros2_ws/install/my_py_package/lib/python3.6/site-packages:${PYTHONPATH} /usr/bin/python3 setup.py egg_info --egg-base ../../build/my_py_package build --build-base /home/ubuntu/ros2_ws/build/my_py_package/build install --prefix /home/ubuntu/ros2_ws/install/my_py_package --record /home/ubuntu/ros2_ws/build/my_py_package/install.log --single-version-externally-managed
