[1.204s] Invoking command in '/home/ubuntu/ros2_ws/src/my_py_package': PYTHONPATH=/home/ubuntu/ros2_ws/install/my_py_package/lib/python3.6/site-packages:${PYTHONPATH} /usr/bin/python3 setup.py egg_info --egg-base ../../build/my_py_package build --build-base /home/ubuntu/ros2_ws/build/my_py_package/build install --prefix /home/ubuntu/ros2_ws/install/my_py_package --record /home/ubuntu/ros2_ws/build/my_py_package/install.log --single-version-externally-managed
[1.805s] /home/ubuntu/.local/lib/python3.6/site-packages/setuptools/dist.py:726: UserWarning: Usage of dash-separated 'script-dir' will not be supported in future versions. Please use the underscore name 'script_dir' instead
[1.805s]   % (opt, underscore_opt)
[1.806s] /home/ubuntu/.local/lib/python3.6/site-packages/setuptools/dist.py:726: UserWarning: Usage of dash-separated 'install-scripts' will not be supported in future versions. Please use the underscore name 'install_scripts' instead
[1.806s]   % (opt, underscore_opt)
[1.947s] running egg_info
[1.948s] writing ../../build/my_py_package/my_py_package.egg-info/PKG-INFO
[1.948s] writing dependency_links to ../../build/my_py_package/my_py_package.egg-info/dependency_links.txt
[1.949s] writing entry points to ../../build/my_py_package/my_py_package.egg-info/entry_points.txt
[1.950s] writing requirements to ../../build/my_py_package/my_py_package.egg-info/requires.txt
[1.950s] writing top-level names to ../../build/my_py_package/my_py_package.egg-info/top_level.txt
[1.953s] reading manifest file '../../build/my_py_package/my_py_package.egg-info/SOURCES.txt'
[1.954s] writing manifest file '../../build/my_py_package/my_py_package.egg-info/SOURCES.txt'
[1.955s] running build
[1.956s] running build_py
[1.956s] running install
[1.957s] /home/ubuntu/.local/lib/python3.6/site-packages/setuptools/command/install.py:37: SetuptoolsDeprecationWarning: setup.py install is deprecated. Use build and pip and other standards-based tools.
[1.957s]   setuptools.SetuptoolsDeprecationWarning,
[1.957s] running install_lib
[1.958s] running install_data
[1.959s] running install_egg_info
[1.961s] removing '/home/ubuntu/ros2_ws/install/my_py_package/lib/python3.6/site-packages/my_py_package-0.0.0-py3.6.egg-info' (and everything under it)
[1.962s] Copying ../../build/my_py_package/my_py_package.egg-info to /home/ubuntu/ros2_ws/install/my_py_package/lib/python3.6/site-packages/my_py_package-0.0.0-py3.6.egg-info
[1.964s] running install_scripts
[2.003s] Installing my_py_node script to /home/ubuntu/ros2_ws/install/my_py_package/lib/my_py_package
[2.004s] writing list of installed files to '/home/ubuntu/ros2_ws/build/my_py_package/install.log'
[2.244s] Invoked command in '/home/ubuntu/ros2_ws/src/my_py_package' returned '0': PYTHONPATH=/home/ubuntu/ros2_ws/install/my_py_package/lib/python3.6/site-packages:${PYTHONPATH} /usr/bin/python3 setup.py egg_info --egg-base ../../build/my_py_package build --build-base /home/ubuntu/ros2_ws/build/my_py_package/build install --prefix /home/ubuntu/ros2_ws/install/my_py_package --record /home/ubuntu/ros2_ws/build/my_py_package/install.log --single-version-externally-managed
