[3.093s] Invoking command in '/home/ubuntu/ros2_ws/src/my_py_package': PYTHONPATH=/home/ubuntu/ros2_ws/install/my_py_package/lib/python3.6/site-packages:${PYTHONPATH} /usr/bin/python3 setup.py egg_info --egg-base ../../build/my_py_package build --build-base /home/ubuntu/ros2_ws/build/my_py_package/build install --prefix /home/ubuntu/ros2_ws/install/my_py_package --record /home/ubuntu/ros2_ws/build/my_py_package/install.log --single-version-externally-managed
[4.363s] /home/ubuntu/.local/lib/python3.6/site-packages/setuptools/dist.py:726: UserWarning: Usage of dash-separated 'script-dir' will not be supported in future versions. Please use the underscore name 'script_dir' instead
[4.363s]   % (opt, underscore_opt)
[4.364s] /home/ubuntu/.local/lib/python3.6/site-packages/setuptools/dist.py:726: UserWarning: Usage of dash-separated 'install-scripts' will not be supported in future versions. Please use the underscore name 'install_scripts' instead
[4.364s]   % (opt, underscore_opt)
[4.391s] running egg_info
[4.391s] writing ../../build/my_py_package/my_py_package.egg-info/PKG-INFO
[4.453s] writing dependency_links to ../../build/my_py_package/my_py_package.egg-info/dependency_links.txt
[4.493s] writing entry points to ../../build/my_py_package/my_py_package.egg-info/entry_points.txt
[4.496s] writing requirements to ../../build/my_py_package/my_py_package.egg-info/requires.txt
[4.496s] writing top-level names to ../../build/my_py_package/my_py_package.egg-info/top_level.txt
[4.499s] reading manifest file '../../build/my_py_package/my_py_package.egg-info/SOURCES.txt'
[4.500s] writing manifest file '../../build/my_py_package/my_py_package.egg-info/SOURCES.txt'
[4.501s] running build
[4.501s] running build_py
[4.501s] running install
[4.502s] /home/ubuntu/.local/lib/python3.6/site-packages/setuptools/command/install.py:37: SetuptoolsDeprecationWarning: setup.py install is deprecated. Use build and pip and other standards-based tools.
[4.502s]   setuptools.SetuptoolsDeprecationWarning,
[4.503s] running install_lib
[4.513s] running install_data
[4.528s] running install_egg_info
[4.555s] removing '/home/ubuntu/ros2_ws/install/my_py_package/lib/python3.6/site-packages/my_py_package-0.0.0-py3.6.egg-info' (and everything under it)
[4.556s] Copying ../../build/my_py_package/my_py_package.egg-info to /home/ubuntu/ros2_ws/install/my_py_package/lib/python3.6/site-packages/my_py_package-0.0.0-py3.6.egg-info
[4.558s] running install_scripts
[4.687s] Installing my_py_node script to /home/ubuntu/ros2_ws/install/my_py_package/lib/my_py_package
[4.688s] writing list of installed files to '/home/ubuntu/ros2_ws/build/my_py_package/install.log'
[4.795s] Invoked command in '/home/ubuntu/ros2_ws/src/my_py_package' returned '0': PYTHONPATH=/home/ubuntu/ros2_ws/install/my_py_package/lib/python3.6/site-packages:${PYTHONPATH} /usr/bin/python3 setup.py egg_info --egg-base ../../build/my_py_package build --build-base /home/ubuntu/ros2_ws/build/my_py_package/build install --prefix /home/ubuntu/ros2_ws/install/my_py_package --record /home/ubuntu/ros2_ws/build/my_py_package/install.log --single-version-externally-managed
