/home/ubuntu/.local/lib/python3.6/site-packages/setuptools/dist.py:726: UserWarning: Usage of dash-separated 'script-dir' will not be supported in future versions. Please use the underscore name 'script_dir' instead
  % (opt, underscore_opt)
/home/ubuntu/.local/lib/python3.6/site-packages/setuptools/dist.py:726: UserWarning: Usage of dash-separated 'install-scripts' will not be supported in future versions. Please use the underscore name 'install_scripts' instead
  % (opt, underscore_opt)
running egg_info
writing ../../build/my_py_srvcli/my_py_srvcli.egg-info/PKG-INFO
writing dependency_links to ../../build/my_py_srvcli/my_py_srvcli.egg-info/dependency_links.txt
writing entry points to ../../build/my_py_srvcli/my_py_srvcli.egg-info/entry_points.txt
writing requirements to ../../build/my_py_srvcli/my_py_srvcli.egg-info/requires.txt
writing top-level names to ../../build/my_py_srvcli/my_py_srvcli.egg-info/top_level.txt
reading manifest file '../../build/my_py_srvcli/my_py_srvcli.egg-info/SOURCES.txt'
writing manifest file '../../build/my_py_srvcli/my_py_srvcli.egg-info/SOURCES.txt'
running build
running build_py
running install
running install_lib
/home/ubuntu/.local/lib/python3.6/site-packages/setuptools/command/install.py:37: SetuptoolsDeprecationWarning: setup.py install is deprecated. Use build and pip and other standards-based tools.
  setuptools.SetuptoolsDeprecationWarning,
running install_data
running install_egg_info
removing '/home/ubuntu/ros2_ws/install/my_py_srvcli/lib/python3.6/site-packages/my_py_srvcli-0.0.0-py3.6.egg-info' (and everything under it)
Copying ../../build/my_py_srvcli/my_py_srvcli.egg-info to /home/ubuntu/ros2_ws/install/my_py_srvcli/lib/python3.6/site-packages/my_py_srvcli-0.0.0-py3.6.egg-info
running install_scripts
Installing my_py_cli_node script to /home/ubuntu/ros2_ws/install/my_py_srvcli/lib/my_py_srvcli
writing list of installed files to '/home/ubuntu/ros2_ws/build/my_py_srvcli/install.log'
