[0.040s] Invoking command in '/home/ubuntu/ros2_ws/build/my_c_topic': CMAKE_PREFIX_PATH=/opt/ros/dashing /usr/bin/cmake --build /home/ubuntu/ros2_ws/build/my_c_topic -- -j4 -l4
[0.418s] [ 50%] Built target my_c_publisher_node
[0.418s] [100%] Built target my_c_subscriber_node
[0.444s] Invoked command in '/home/ubuntu/ros2_ws/build/my_c_topic' returned '0': CMAKE_PREFIX_PATH=/opt/ros/dashing /usr/bin/cmake --build /home/ubuntu/ros2_ws/build/my_c_topic -- -j4 -l4
[0.708s] Invoking command in '/home/ubuntu/ros2_ws/build/my_c_topic': CMAKE_PREFIX_PATH=/opt/ros/dashing /usr/bin/cmake --build /home/ubuntu/ros2_ws/build/my_c_topic --target install -- -j4 -l4
[0.870s] [ 50%] Built target my_c_subscriber_node
[0.878s] [100%] Built target my_c_publisher_node
[0.931s] [36mInstall the project...[0m
[0.948s] -- Install configuration: ""
[0.949s] -- Up-to-date: /home/ubuntu/ros2_ws/install/my_c_topic/lib/my_c_topic/my_c_subscriber_node
[0.949s] -- Up-to-date: /home/ubuntu/ros2_ws/install/my_c_topic/lib/my_c_topic/my_c_publisher_node
[0.950s] -- Up-to-date: /home/ubuntu/ros2_ws/install/my_c_topic/share/ament_index/resource_index/package_run_dependencies/my_c_topic
[0.950s] -- Up-to-date: /home/ubuntu/ros2_ws/install/my_c_topic/share/ament_index/resource_index/parent_prefix_path/my_c_topic
[0.950s] -- Up-to-date: /home/ubuntu/ros2_ws/install/my_c_topic/share/my_c_topic/environment/ament_prefix_path.sh
[0.951s] -- Up-to-date: /home/ubuntu/ros2_ws/install/my_c_topic/share/my_c_topic/environment/path.sh
[0.951s] -- Up-to-date: /home/ubuntu/ros2_ws/install/my_c_topic/share/my_c_topic/local_setup.bash
[0.951s] -- Up-to-date: /home/ubuntu/ros2_ws/install/my_c_topic/share/my_c_topic/local_setup.sh
[0.952s] -- Up-to-date: /home/ubuntu/ros2_ws/install/my_c_topic/share/my_c_topic/local_setup.zsh
[0.953s] -- Up-to-date: /home/ubuntu/ros2_ws/install/my_c_topic/share/ament_index/resource_index/packages/my_c_topic
[0.953s] -- Up-to-date: /home/ubuntu/ros2_ws/install/my_c_topic/share/my_c_topic/cmake/my_c_topicConfig.cmake
[0.954s] -- Up-to-date: /home/ubuntu/ros2_ws/install/my_c_topic/share/my_c_topic/cmake/my_c_topicConfig-version.cmake
[0.954s] -- Up-to-date: /home/ubuntu/ros2_ws/install/my_c_topic/share/my_c_topic/package.xml
[0.958s] Invoked command in '/home/ubuntu/ros2_ws/build/my_c_topic' returned '0': CMAKE_PREFIX_PATH=/opt/ros/dashing /usr/bin/cmake --build /home/ubuntu/ros2_ws/build/my_c_topic --target install -- -j4 -l4
