[3.838s] Invoking command in '/home/ubuntu/ros2_ws/src/my_py_topic': PYTHONPATH=/home/ubuntu/ros2_ws/install/my_py_topic/lib/python3.6/site-packages:${PYTHONPATH} /usr/bin/python3 setup.py egg_info --egg-base ../../build/my_py_topic build --build-base /home/ubuntu/ros2_ws/build/my_py_topic/build install --prefix /home/ubuntu/ros2_ws/install/my_py_topic --record /home/ubuntu/ros2_ws/build/my_py_topic/install.log --single-version-externally-managed
[4.178s] /home/ubuntu/.local/lib/python3.6/site-packages/setuptools/dist.py:726: UserWarning: Usage of dash-separated 'script-dir' will not be supported in future versions. Please use the underscore name 'script_dir' instead
[4.178s]   % (opt, underscore_opt)
[4.178s] /home/ubuntu/.local/lib/python3.6/site-packages/setuptools/dist.py:726: UserWarning: Usage of dash-separated 'install-scripts' will not be supported in future versions. Please use the underscore name 'install_scripts' instead
[4.179s]   % (opt, underscore_opt)
[4.242s] running egg_info
[4.242s] writing ../../build/my_py_topic/my_py_topic.egg-info/PKG-INFO
[4.243s] writing dependency_links to ../../build/my_py_topic/my_py_topic.egg-info/dependency_links.txt
[4.243s] writing entry points to ../../build/my_py_topic/my_py_topic.egg-info/entry_points.txt
[4.244s] writing requirements to ../../build/my_py_topic/my_py_topic.egg-info/requires.txt
[4.244s] writing top-level names to ../../build/my_py_topic/my_py_topic.egg-info/top_level.txt
[4.248s] reading manifest file '../../build/my_py_topic/my_py_topic.egg-info/SOURCES.txt'
[4.251s] writing manifest file '../../build/my_py_topic/my_py_topic.egg-info/SOURCES.txt'
[4.251s] running build
[4.252s] running build_py
[4.252s] running install
[4.252s] /home/ubuntu/.local/lib/python3.6/site-packages/setuptools/command/install.py:37: SetuptoolsDeprecationWarning: setup.py install is deprecated. Use build and pip and other standards-based tools.
[4.253s]   setuptools.SetuptoolsDeprecationWarning,
[4.253s] running install_lib
[4.255s] running install_data
[4.256s] running install_egg_info
[4.266s] removing '/home/ubuntu/ros2_ws/install/my_py_topic/lib/python3.6/site-packages/my_py_topic-0.0.0-py3.6.egg-info' (and everything under it)
[4.267s] Copying ../../build/my_py_topic/my_py_topic.egg-info to /home/ubuntu/ros2_ws/install/my_py_topic/lib/python3.6/site-packages/my_py_topic-0.0.0-py3.6.egg-info
[4.267s] running install_scripts
[4.317s] Installing my_py_publisher_node script to /home/ubuntu/ros2_ws/install/my_py_topic/lib/my_py_topic
[4.317s] Installing my_py_subscriber_node script to /home/ubuntu/ros2_ws/install/my_py_topic/lib/my_py_topic
[4.318s] writing list of installed files to '/home/ubuntu/ros2_ws/build/my_py_topic/install.log'
[4.348s] Invoked command in '/home/ubuntu/ros2_ws/src/my_py_topic' returned '0': PYTHONPATH=/home/ubuntu/ros2_ws/install/my_py_topic/lib/python3.6/site-packages:${PYTHONPATH} /usr/bin/python3 setup.py egg_info --egg-base ../../build/my_py_topic build --build-base /home/ubuntu/ros2_ws/build/my_py_topic/build install --prefix /home/ubuntu/ros2_ws/install/my_py_topic --record /home/ubuntu/ros2_ws/build/my_py_topic/install.log --single-version-externally-managed
