[1.879s] Invoking command in '/home/ubuntu/ros2_ws/src/my_py_package': PYTHONPATH=/home/ubuntu/ros2_ws/install/my_py_package/lib/python3.6/site-packages:${PYTHONPATH} /usr/bin/python3 setup.py egg_info --egg-base ../../build/my_py_package build --build-base /home/ubuntu/ros2_ws/build/my_py_package/build install --prefix /home/ubuntu/ros2_ws/install/my_py_package --record /home/ubuntu/ros2_ws/build/my_py_package/install.log --single-version-externally-managed
[2.684s] /home/ubuntu/.local/lib/python3.6/site-packages/setuptools/dist.py:726: UserWarning: Usage of dash-separated 'script-dir' will not be supported in future versions. Please use the underscore name 'script_dir' instead
[2.684s]   % (opt, underscore_opt)
[2.684s] /home/ubuntu/.local/lib/python3.6/site-packages/setuptools/dist.py:726: UserWarning: Usage of dash-separated 'install-scripts' will not be supported in future versions. Please use the underscore name 'install_scripts' instead
[2.684s]   % (opt, underscore_opt)
[2.831s] running egg_info
[2.831s] writing ../../build/my_py_package/my_py_package.egg-info/PKG-INFO
[2.831s] writing dependency_links to ../../build/my_py_package/my_py_package.egg-info/dependency_links.txt
[2.832s] writing entry points to ../../build/my_py_package/my_py_package.egg-info/entry_points.txt
[2.832s] writing requirements to ../../build/my_py_package/my_py_package.egg-info/requires.txt
[2.832s] writing top-level names to ../../build/my_py_package/my_py_package.egg-info/top_level.txt
[2.839s] reading manifest file '../../build/my_py_package/my_py_package.egg-info/SOURCES.txt'
[2.840s] writing manifest file '../../build/my_py_package/my_py_package.egg-info/SOURCES.txt'
[2.840s] running build
[2.840s] running build_py
[2.841s] running install
[2.841s] /home/ubuntu/.local/lib/python3.6/site-packages/setuptools/command/install.py:37: SetuptoolsDeprecationWarning: setup.py install is deprecated. Use build and pip and other standards-based tools.
[2.841s]   setuptools.SetuptoolsDeprecationWarning,
[2.842s] running install_lib
[2.844s] running install_data
[2.845s] running install_egg_info
[2.853s] removing '/home/ubuntu/ros2_ws/install/my_py_package/lib/python3.6/site-packages/my_py_package-0.0.0-py3.6.egg-info' (and everything under it)
[2.854s] Copying ../../build/my_py_package/my_py_package.egg-info to /home/ubuntu/ros2_ws/install/my_py_package/lib/python3.6/site-packages/my_py_package-0.0.0-py3.6.egg-info
[2.855s] running install_scripts
[2.976s] Installing my_py_node script to /home/ubuntu/ros2_ws/install/my_py_package/lib/my_py_package
[2.977s] writing list of installed files to '/home/ubuntu/ros2_ws/build/my_py_package/install.log'
[3.268s] Invoked command in '/home/ubuntu/ros2_ws/src/my_py_package' returned '0': PYTHONPATH=/home/ubuntu/ros2_ws/install/my_py_package/lib/python3.6/site-packages:${PYTHONPATH} /usr/bin/python3 setup.py egg_info --egg-base ../../build/my_py_package build --build-base /home/ubuntu/ros2_ws/build/my_py_package/build install --prefix /home/ubuntu/ros2_ws/install/my_py_package --record /home/ubuntu/ros2_ws/build/my_py_package/install.log --single-version-externally-managed
