[2.406s] Invoking command in '/home/ubuntu/ros2_ws/src/my_py_srvcli': PYTHONPATH=/home/ubuntu/ros2_ws/install/my_py_srvcli/lib/python3.6/site-packages:${PYTHONPATH} /usr/bin/python3 setup.py egg_info --egg-base ../../build/my_py_srvcli build --build-base /home/ubuntu/ros2_ws/build/my_py_srvcli/build install --prefix /home/ubuntu/ros2_ws/install/my_py_srvcli --record /home/ubuntu/ros2_ws/build/my_py_srvcli/install.log --single-version-externally-managed
[3.000s] /home/ubuntu/.local/lib/python3.6/site-packages/setuptools/dist.py:726: UserWarning: Usage of dash-separated 'script-dir' will not be supported in future versions. Please use the underscore name 'script_dir' instead
[3.000s]   % (opt, underscore_opt)
[3.001s] /home/ubuntu/.local/lib/python3.6/site-packages/setuptools/dist.py:726: UserWarning: Usage of dash-separated 'install-scripts' will not be supported in future versions. Please use the underscore name 'install_scripts' instead
[3.002s]   % (opt, underscore_opt)
[3.121s] running egg_info
[3.122s] writing ../../build/my_py_srvcli/my_py_srvcli.egg-info/PKG-INFO
[3.124s] writing dependency_links to ../../build/my_py_srvcli/my_py_srvcli.egg-info/dependency_links.txt
[3.126s] writing entry points to ../../build/my_py_srvcli/my_py_srvcli.egg-info/entry_points.txt
[3.132s] writing requirements to ../../build/my_py_srvcli/my_py_srvcli.egg-info/requires.txt
[3.132s] writing top-level names to ../../build/my_py_srvcli/my_py_srvcli.egg-info/top_level.txt
[3.132s] reading manifest file '../../build/my_py_srvcli/my_py_srvcli.egg-info/SOURCES.txt'
[3.132s] writing manifest file '../../build/my_py_srvcli/my_py_srvcli.egg-info/SOURCES.txt'
[3.133s] running build
[3.133s] running build_py
[3.135s] running install
[3.136s] /home/ubuntu/.local/lib/python3.6/site-packages/setuptools/command/install.py:37: SetuptoolsDeprecationWarning: setup.py install is deprecated. Use build and pip and other standards-based tools.
[3.137s]   setuptools.SetuptoolsDeprecationWarning,
[3.137s] running install_lib
[3.140s] running install_data
[3.141s] running install_egg_info
[3.152s] removing '/home/ubuntu/ros2_ws/install/my_py_srvcli/lib/python3.6/site-packages/my_py_srvcli-0.0.0-py3.6.egg-info' (and everything under it)
[3.153s] Copying ../../build/my_py_srvcli/my_py_srvcli.egg-info to /home/ubuntu/ros2_ws/install/my_py_srvcli/lib/python3.6/site-packages/my_py_srvcli-0.0.0-py3.6.egg-info
[3.154s] running install_scripts
[3.235s] Installing my_py_cli_node script to /home/ubuntu/ros2_ws/install/my_py_srvcli/lib/my_py_srvcli
[3.250s] writing list of installed files to '/home/ubuntu/ros2_ws/build/my_py_srvcli/install.log'
[3.277s] Invoked command in '/home/ubuntu/ros2_ws/src/my_py_srvcli' returned '0': PYTHONPATH=/home/ubuntu/ros2_ws/install/my_py_srvcli/lib/python3.6/site-packages:${PYTHONPATH} /usr/bin/python3 setup.py egg_info --egg-base ../../build/my_py_srvcli build --build-base /home/ubuntu/ros2_ws/build/my_py_srvcli/build install --prefix /home/ubuntu/ros2_ws/install/my_py_srvcli --record /home/ubuntu/ros2_ws/build/my_py_srvcli/install.log --single-version-externally-managed
