[0.047s] Invoking command in '/home/ubuntu/ros2_ws/build/my_c_topic': CMAKE_PREFIX_PATH=/opt/ros/dashing /usr/bin/cmake --build /home/ubuntu/ros2_ws/build/my_c_topic -- -j4 -l4
[0.800s] [100%] Built target my_c_publisher_node
[0.843s] Invoked command in '/home/ubuntu/ros2_ws/build/my_c_topic' returned '0': CMAKE_PREFIX_PATH=/opt/ros/dashing /usr/bin/cmake --build /home/ubuntu/ros2_ws/build/my_c_topic -- -j4 -l4
[1.198s] Invoking command in '/home/ubuntu/ros2_ws/build/my_c_topic': CMAKE_PREFIX_PATH=/opt/ros/dashing /usr/bin/cmake --build /home/ubuntu/ros2_ws/build/my_c_topic --target install -- -j4 -l4
[1.476s] [100%] Built target my_c_publisher_node
[1.533s] [36mInstall the project...[0m
[1.568s] -- Install configuration: "RelWithDebInfo"
[1.569s] -- Up-to-date: /home/ubuntu/ros2_ws/install/lib/my_c_topic/my_c_publisher_node
[1.569s] -- Up-to-date: /home/ubuntu/ros2_ws/install/share/ament_index/resource_index/package_run_dependencies/my_c_topic
[1.569s] -- Up-to-date: /home/ubuntu/ros2_ws/install/share/ament_index/resource_index/parent_prefix_path/my_c_topic
[1.570s] -- Up-to-date: /home/ubuntu/ros2_ws/install/share/my_c_topic/environment/ament_prefix_path.sh
[1.570s] -- Up-to-date: /home/ubuntu/ros2_ws/install/share/my_c_topic/environment/path.sh
[1.571s] -- Up-to-date: /home/ubuntu/ros2_ws/install/share/my_c_topic/local_setup.bash
[1.571s] -- Up-to-date: /home/ubuntu/ros2_ws/install/share/my_c_topic/local_setup.sh
[1.571s] -- Up-to-date: /home/ubuntu/ros2_ws/install/share/my_c_topic/local_setup.zsh
[1.572s] -- Up-to-date: /home/ubuntu/ros2_ws/install/share/ament_index/resource_index/packages/my_c_topic
[1.572s] -- Up-to-date: /home/ubuntu/ros2_ws/install/share/my_c_topic/cmake/my_c_topicConfig.cmake
[1.573s] -- Up-to-date: /home/ubuntu/ros2_ws/install/share/my_c_topic/cmake/my_c_topicConfig-version.cmake
[1.573s] -- Up-to-date: /home/ubuntu/ros2_ws/install/share/my_c_topic/package.xml
[1.610s] Invoked command in '/home/ubuntu/ros2_ws/build/my_c_topic' returned '0': CMAKE_PREFIX_PATH=/opt/ros/dashing /usr/bin/cmake --build /home/ubuntu/ros2_ws/build/my_c_topic --target install -- -j4 -l4
