[2.041s] Invoking command in '/home/ubuntu/ros2_ws/src/my_py_topic': PYTHONPATH=/home/ubuntu/ros2_ws/install/my_py_topic/lib/python3.6/site-packages:${PYTHONPATH} /usr/bin/python3 setup.py egg_info --egg-base ../../build/my_py_topic build --build-base /home/ubuntu/ros2_ws/build/my_py_topic/build install --prefix /home/ubuntu/ros2_ws/install/my_py_topic --record /home/ubuntu/ros2_ws/build/my_py_topic/install.log --single-version-externally-managed
[2.526s] /home/ubuntu/.local/lib/python3.6/site-packages/setuptools/dist.py:726: UserWarning: Usage of dash-separated 'script-dir' will not be supported in future versions. Please use the underscore name 'script_dir' instead
[2.527s]   % (opt, underscore_opt)
[2.527s] /home/ubuntu/.local/lib/python3.6/site-packages/setuptools/dist.py:726: UserWarning: Usage of dash-separated 'install-scripts' will not be supported in future versions. Please use the underscore name 'install_scripts' instead
[2.527s]   % (opt, underscore_opt)
[2.609s] running egg_info
[2.611s] writing ../../build/my_py_topic/my_py_topic.egg-info/PKG-INFO
[2.611s] writing dependency_links to ../../build/my_py_topic/my_py_topic.egg-info/dependency_links.txt
[2.611s] writing entry points to ../../build/my_py_topic/my_py_topic.egg-info/entry_points.txt
[2.611s] writing requirements to ../../build/my_py_topic/my_py_topic.egg-info/requires.txt
[2.612s] writing top-level names to ../../build/my_py_topic/my_py_topic.egg-info/top_level.txt
[2.629s] reading manifest file '../../build/my_py_topic/my_py_topic.egg-info/SOURCES.txt'
[2.630s] writing manifest file '../../build/my_py_topic/my_py_topic.egg-info/SOURCES.txt'
[2.630s] running build
[2.630s] running build_py
[2.631s] running install
[2.632s] /home/ubuntu/.local/lib/python3.6/site-packages/setuptools/command/install.py:37: SetuptoolsDeprecationWarning: setup.py install is deprecated. Use build and pip and other standards-based tools.
[2.632s]   setuptools.SetuptoolsDeprecationWarning,
[2.632s] running install_lib
[2.634s] running install_data
[2.635s] running install_egg_info
[2.640s] removing '/home/ubuntu/ros2_ws/install/my_py_topic/lib/python3.6/site-packages/my_py_topic-0.0.0-py3.6.egg-info' (and everything under it)
[2.641s] Copying ../../build/my_py_topic/my_py_topic.egg-info to /home/ubuntu/ros2_ws/install/my_py_topic/lib/python3.6/site-packages/my_py_topic-0.0.0-py3.6.egg-info
[2.644s] running install_scripts
[2.696s] Installing my_py_publisher_node script to /home/ubuntu/ros2_ws/install/my_py_topic/lib/my_py_topic
[2.697s] Installing my_py_subscriber_node script to /home/ubuntu/ros2_ws/install/my_py_topic/lib/my_py_topic
[2.697s] writing list of installed files to '/home/ubuntu/ros2_ws/build/my_py_topic/install.log'
[2.721s] Invoked command in '/home/ubuntu/ros2_ws/src/my_py_topic' returned '0': PYTHONPATH=/home/ubuntu/ros2_ws/install/my_py_topic/lib/python3.6/site-packages:${PYTHONPATH} /usr/bin/python3 setup.py egg_info --egg-base ../../build/my_py_topic build --build-base /home/ubuntu/ros2_ws/build/my_py_topic/build install --prefix /home/ubuntu/ros2_ws/install/my_py_topic --record /home/ubuntu/ros2_ws/build/my_py_topic/install.log --single-version-externally-managed
