[01m[K/home/ubuntu/ros2_ws/src/my_c_srvcli/src/my_c_cli_node.cpp:[m[K In function ‘[01m[Kint main(int, char**)[m[K’:
[01m[K/home/ubuntu/ros2_ws/src/my_c_srvcli/src/my_c_cli_node.cpp:43:15:[m[K [01;31m[Kerror: [m[K‘[01m[Krclcpp::FutureReturnCode[m[K’ has not been declared
       rclcpp::[01;31m[KFutureReturnCode[m[K::SUCCESS)
               [01;31m[K^~~~~~~~~~~~~~~~[m[K
In file included from [01m[K/opt/ros/dashing/include/rclcpp/client.hpp:39:0[m[K,
                 from [01m[K/opt/ros/dashing/include/rclcpp/callback_group.hpp:23[m[K,
                 from [01m[K/opt/ros/dashing/include/rclcpp/any_executable.hpp:20[m[K,
                 from [01m[K/opt/ros/dashing/include/rclcpp/memory_strategy.hpp:24[m[K,
                 from [01m[K/opt/ros/dashing/include/rclcpp/memory_strategies.hpp:18[m[K,
                 from [01m[K/opt/ros/dashing/include/rclcpp/executor.hpp:33[m[K,
                 from [01m[K/opt/ros/dashing/include/rclcpp/executors/multi_threaded_executor.hpp:24[m[K,
                 from [01m[K/opt/ros/dashing/include/rclcpp/executors.hpp:21[m[K,
                 from [01m[K/opt/ros/dashing/include/rclcpp/rclcpp.hpp:144[m[K,
                 from [01m[K/home/ubuntu/ros2_ws/src/my_c_srvcli/src/my_c_cli_node.cpp:1[m[K:
[01m[K/home/ubuntu/ros2_ws/src/my_c_srvcli/src/my_c_cli_node.cpp:45:73:[m[K [01;31m[Kerror: [m[K‘[01m[Kusing element_type = struct turtlesim::srv::Spawn_Response_<std::allocator<void> > {aka struct turtlesim::srv::Spawn_Response_<std::allocator<void> >}[m[K’ has no member named ‘[01m[Ksum[m[K’
     RCLCPP_INFO(rclcpp::get_logger("rclcpp"), "Sum: %ld", result.get()->[01;31m[Ks[m[Kum);
                                                                         [01;31m[K^[m[K
[01m[K/opt/ros/dashing/include/rcutils/logging_macros.h:72:64:[m[K [01;36m[Knote: [m[Kin definition of macro ‘[01m[KRCUTILS_LOG_COND_NAMED[m[K’
       rcutils_log(&__rcutils_logging_location, severity, name, [01;36m[K__VA_ARGS__[m[K); \
                                                                [01;36m[K^~~~~~~~~~~[m[K
[01m[K/opt/ros/dashing/include/rclcpp/logging.hpp:218:5:[m[K [01;36m[Knote: [m[Kin expansion of macro ‘[01m[KRCUTILS_LOG_INFO_NAMED[m[K’
     [01;36m[KRCUTILS_LOG_INFO_NAMED[m[K( \
     [01;36m[K^~~~~~~~~~~~~~~~~~~~~~[m[K
[01m[K/opt/ros/dashing/include/rclcpp/logging.hpp:221:9:[m[K [01;36m[Knote: [m[Kin expansion of macro ‘[01m[KRCLCPP_ALL_BUT_FIRST_ARGS[m[K’
         [01;36m[KRCLCPP_ALL_BUT_FIRST_ARGS[m[K(__VA_ARGS__,"")); \
         [01;36m[K^~~~~~~~~~~~~~~~~~~~~~~~~[m[K
[01m[K/home/ubuntu/ros2_ws/src/my_c_srvcli/src/my_c_cli_node.cpp:45:5:[m[K [01;36m[Knote: [m[Kin expansion of macro ‘[01m[KRCLCPP_INFO[m[K’
     [01;36m[KRCLCPP_INFO[m[K(rclcpp::get_logger("rclcpp"), "Sum: %ld", result.get()->sum);
     [01;36m[K^~~~~~~~~~~[m[K
make[2]: *** [CMakeFiles/my_c_cli_node.dir/src/my_c_cli_node.cpp.o] Error 1
make[1]: *** [CMakeFiles/my_c_cli_node.dir/all] Error 2
make: *** [all] Error 2
