[0.000000] (-) TimerEvent: {}
[0.000220] (my_c_package) JobQueued: {'identifier': 'my_c_package', 'dependencies': OrderedDict()}
[0.000996] (my_c_topic) JobQueued: {'identifier': 'my_c_topic', 'dependencies': OrderedDict()}
[0.001066] (my_py_package) JobQueued: {'identifier': 'my_py_package', 'dependencies': OrderedDict()}
[0.001111] (my_c_package) JobStarted: {'identifier': 'my_c_package'}
[0.012183] (my_c_topic) JobStarted: {'identifier': 'my_c_topic'}
[0.061659] (my_py_package) JobStarted: {'identifier': 'my_py_package'}
[0.071412] (my_c_package) JobProgress: {'identifier': 'my_c_package', 'progress': 'cmake'}
[0.072069] (my_c_package) JobProgress: {'identifier': 'my_c_package', 'progress': 'build'}
[0.073059] (my_c_package) Command: {'cmd': ['/usr/bin/cmake', '--build', '/home/ubuntu/ros2_ws/build/my_c_package', '--', '-j4', '-l4'], 'cwd': '/home/ubuntu/ros2_ws/build/my_c_package', 'env': OrderedDict([('GJS_DEBUG_TOPICS', 'JS ERROR;JS LOG'), ('LESSOPEN', '| /usr/bin/lesspipe %s'), ('USER', 'ubuntu'), ('LANGUAGE', 'zh_CN:en_US:en'), ('SVGA_VGPU10', '0'), ('LC_TIME', 'zh_CN.UTF-8'), ('TEXTDOMAIN', 'im-config'), ('XDG_SEAT', 'seat0'), ('SSH_AGENT_PID', '2268'), ('XDG_SESSION_TYPE', 'x11'), ('GIT_ASKPASS', '/usr/share/code/resources/app/extensions/git/dist/askpass.sh'), ('LD_LIBRARY_PATH', '/opt/ros/dashing/opt/yaml_cpp_vendor/lib:/opt/ros/dashing/opt/rviz_ogre_vendor/lib:/opt/ros/dashing/lib'), ('SHLVL', '2'), ('CHROME_DESKTOP', 'code-url-handler.desktop'), ('QT4_IM_MODULE', 'xim'), ('HOME', '/home/ubuntu'), ('DESKTOP_SESSION', 'ubuntu'), ('TERM_PROGRAM_VERSION', '1.66.2'), ('GIO_LAUNCHED_DESKTOP_FILE', '/usr/share/applications/code.desktop'), ('GNOME_SHELL_SESSION_MODE', 'ubuntu'), ('GTK_MODULES', 'gail:atk-bridge'), ('VSCODE_GIT_ASKPASS_MAIN', '/usr/share/code/resources/app/extensions/git/dist/askpass-main.js'), ('ROS_PYTHON_VERSION', '3'), ('LC_MONETARY', 'zh_CN.UTF-8'), ('VSCODE_GIT_ASKPASS_NODE', '/usr/share/code/code'), ('DBUS_SESSION_BUS_ADDRESS', 'unix:path=/run/user/1000/bus'), ('COLORTERM', 'truecolor'), ('GIO_LAUNCHED_DESKTOP_FILE_PID', '11040'), ('IM_CONFIG_PHASE', '2'), ('ROS_DISTRO', 'dashing'), ('LOGNAME', 'ubuntu'), ('GTK_IM_MODULE', 'ibus'), ('_', '/usr/bin/colcon'), ('ROS_VERSION', '2'), ('PKG_CONFIG_PATH', '/usr/local/lib/pkgconfig:/usr/local/lib/pkgconfig::/usr/local/lib/pkgconfig'), ('USERNAME', 'ubuntu'), ('XDG_SESSION_ID', '5'), ('TERM', 'xterm-256color'), ('GNOME_DESKTOP_SESSION_ID', 'this-is-deprecated'), ('WINDOWPATH', '2'), ('PATH', '/opt/gcc-arm-none-eabi-9-2020-q2-update/bin:/home/ubuntu/.local/bin:/opt/ros/dashing/bin:/opt/gcc-arm-none-eabi-9-2020-q2-update/bin:/home/ubuntu/.local/bin:/usr/local/sbin:/usr/local/bin:/usr/sbin:/usr/bin:/sbin:/bin:/usr/games:/usr/local/games:/snap/bin'), ('PAPERSIZE', 'a4'), ('SESSION_MANAGER', 'local/ubuntu-vm:@/tmp/.ICE-unix/2191,unix/ubuntu-vm:/tmp/.ICE-unix/2191'), ('XDG_MENU_PREFIX', 'gnome-'), ('LC_ADDRESS', 'zh_CN.UTF-8'), ('GDK_BACKEND', 'x11'), ('XDG_RUNTIME_DIR', '/run/user/1000'), ('DISPLAY', ':1'), ('LANG', 'zh_CN.UTF-8'), ('XDG_CURRENT_DESKTOP', 'Unity'), ('LC_TELEPHONE', 'zh_CN.UTF-8'), ('TERM_PROGRAM', 'vscode'), ('XDG_SESSION_DESKTOP', 'ubuntu'), ('XMODIFIERS', '@im=ibus'), ('VSCODE_GIT_IPC_HANDLE', '/run/user/1000/vscode-git-5508b6727b.sock'), ('XAUTHORITY', '/run/user/1000/gdm/Xauthority'), ('AMENT_PREFIX_PATH', '/opt/ros/dashing'), ('ORIGINAL_XDG_CURRENT_DESKTOP', 'ubuntu:GNOME'), ('SSH_AUTH_SOCK', '/run/user/1000/keyring/ssh'), ('LC_NAME', 'zh_CN.UTF-8'), ('SHELL', '/bin/bash'), ('QT_ACCESSIBILITY', '1'), ('GDMSESSION', 'ubuntu'), ('LESSCLOSE', '/usr/bin/lesspipe %s %s'), ('LC_MEASUREMENT', 'zh_CN.UTF-8'), ('TEXTDOMAINDIR', '/usr/share/locale/'), ('GJS_DEBUG_OUTPUT', 'stderr'), ('GPG_AGENT_INFO', '/run/user/1000/gnupg/S.gpg-agent:0:1'), ('LC_IDENTIFICATION', 'zh_CN.UTF-8'), ('VSCODE_GIT_ASKPASS_EXTRA_ARGS', '--ms-enable-electron-run-as-node'), ('XDG_VTNR', '2'), ('QT_IM_MODULE', 'ibus'), ('LC_ALL', 'en_US.UTF-8'), ('PWD', '/home/ubuntu/ros2_ws/build/my_c_package'), ('CLUTTER_IM_MODULE', 'xim'), ('XDG_DATA_DIRS', '/usr/share/ubuntu:/usr/local/share/:/usr/share/:/var/lib/snapd/desktop'), ('XDG_CONFIG_DIRS', '/etc/xdg/xdg-ubuntu:/etc/xdg'), ('LC_NUMERIC', 'zh_CN.UTF-8'), ('PYTHONPATH', '/opt/ros/dashing/lib/python3.6/site-packages'), ('LC_PAPER', 'zh_CN.UTF-8'), ('COLCON', '1'), ('CMAKE_PREFIX_PATH', '/opt/ros/dashing')]), 'shell': False}
[0.081734] (my_c_topic) JobProgress: {'identifier': 'my_c_topic', 'progress': 'cmake'}
[0.084366] (my_c_topic) Command: {'cmd': ['/usr/bin/cmake', '/home/ubuntu/ros2_ws/src/my_c_topic', '-DCMAKE_BUILD_TYPE=RelWithDebInfo', '-Wall', '-Wextra', '-Wpedantic', '-DCMAKE_INSTALL_PREFIX=/home/ubuntu/ros2_ws/install'], 'cwd': '/home/ubuntu/ros2_ws/build/my_c_topic', 'env': OrderedDict([('GJS_DEBUG_TOPICS', 'JS ERROR;JS LOG'), ('LESSOPEN', '| /usr/bin/lesspipe %s'), ('USER', 'ubuntu'), ('LANGUAGE', 'zh_CN:en_US:en'), ('SVGA_VGPU10', '0'), ('LC_TIME', 'zh_CN.UTF-8'), ('TEXTDOMAIN', 'im-config'), ('XDG_SEAT', 'seat0'), ('SSH_AGENT_PID', '2268'), ('XDG_SESSION_TYPE', 'x11'), ('GIT_ASKPASS', '/usr/share/code/resources/app/extensions/git/dist/askpass.sh'), ('LD_LIBRARY_PATH', '/opt/ros/dashing/opt/yaml_cpp_vendor/lib:/opt/ros/dashing/opt/rviz_ogre_vendor/lib:/opt/ros/dashing/lib'), ('SHLVL', '2'), ('CHROME_DESKTOP', 'code-url-handler.desktop'), ('QT4_IM_MODULE', 'xim'), ('HOME', '/home/ubuntu'), ('DESKTOP_SESSION', 'ubuntu'), ('TERM_PROGRAM_VERSION', '1.66.2'), ('GIO_LAUNCHED_DESKTOP_FILE', '/usr/share/applications/code.desktop'), ('GNOME_SHELL_SESSION_MODE', 'ubuntu'), ('GTK_MODULES', 'gail:atk-bridge'), ('VSCODE_GIT_ASKPASS_MAIN', '/usr/share/code/resources/app/extensions/git/dist/askpass-main.js'), ('ROS_PYTHON_VERSION', '3'), ('LC_MONETARY', 'zh_CN.UTF-8'), ('VSCODE_GIT_ASKPASS_NODE', '/usr/share/code/code'), ('DBUS_SESSION_BUS_ADDRESS', 'unix:path=/run/user/1000/bus'), ('COLORTERM', 'truecolor'), ('GIO_LAUNCHED_DESKTOP_FILE_PID', '11040'), ('IM_CONFIG_PHASE', '2'), ('ROS_DISTRO', 'dashing'), ('LOGNAME', 'ubuntu'), ('GTK_IM_MODULE', 'ibus'), ('_', '/usr/bin/colcon'), ('ROS_VERSION', '2'), ('PKG_CONFIG_PATH', '/usr/local/lib/pkgconfig:/usr/local/lib/pkgconfig::/usr/local/lib/pkgconfig'), ('USERNAME', 'ubuntu'), ('XDG_SESSION_ID', '5'), ('TERM', 'xterm-256color'), ('GNOME_DESKTOP_SESSION_ID', 'this-is-deprecated'), ('WINDOWPATH', '2'), ('PATH', '/opt/gcc-arm-none-eabi-9-2020-q2-update/bin:/home/ubuntu/.local/bin:/opt/ros/dashing/bin:/opt/gcc-arm-none-eabi-9-2020-q2-update/bin:/home/ubuntu/.local/bin:/usr/local/sbin:/usr/local/bin:/usr/sbin:/usr/bin:/sbin:/bin:/usr/games:/usr/local/games:/snap/bin'), ('PAPERSIZE', 'a4'), ('SESSION_MANAGER', 'local/ubuntu-vm:@/tmp/.ICE-unix/2191,unix/ubuntu-vm:/tmp/.ICE-unix/2191'), ('XDG_MENU_PREFIX', 'gnome-'), ('LC_ADDRESS', 'zh_CN.UTF-8'), ('GDK_BACKEND', 'x11'), ('XDG_RUNTIME_DIR', '/run/user/1000'), ('DISPLAY', ':1'), ('LANG', 'zh_CN.UTF-8'), ('XDG_CURRENT_DESKTOP', 'Unity'), ('LC_TELEPHONE', 'zh_CN.UTF-8'), ('TERM_PROGRAM', 'vscode'), ('XDG_SESSION_DESKTOP', 'ubuntu'), ('XMODIFIERS', '@im=ibus'), ('VSCODE_GIT_IPC_HANDLE', '/run/user/1000/vscode-git-5508b6727b.sock'), ('XAUTHORITY', '/run/user/1000/gdm/Xauthority'), ('AMENT_PREFIX_PATH', '/opt/ros/dashing'), ('ORIGINAL_XDG_CURRENT_DESKTOP', 'ubuntu:GNOME'), ('SSH_AUTH_SOCK', '/run/user/1000/keyring/ssh'), ('LC_NAME', 'zh_CN.UTF-8'), ('SHELL', '/bin/bash'), ('QT_ACCESSIBILITY', '1'), ('GDMSESSION', 'ubuntu'), ('LESSCLOSE', '/usr/bin/lesspipe %s %s'), ('LC_MEASUREMENT', 'zh_CN.UTF-8'), ('TEXTDOMAINDIR', '/usr/share/locale/'), ('GJS_DEBUG_OUTPUT', 'stderr'), ('GPG_AGENT_INFO', '/run/user/1000/gnupg/S.gpg-agent:0:1'), ('LC_IDENTIFICATION', 'zh_CN.UTF-8'), ('VSCODE_GIT_ASKPASS_EXTRA_ARGS', '--ms-enable-electron-run-as-node'), ('XDG_VTNR', '2'), ('QT_IM_MODULE', 'ibus'), ('LC_ALL', 'en_US.UTF-8'), ('PWD', '/home/ubuntu/ros2_ws/build/my_c_topic'), ('CLUTTER_IM_MODULE', 'xim'), ('XDG_DATA_DIRS', '/usr/share/ubuntu:/usr/local/share/:/usr/share/:/var/lib/snapd/desktop'), ('XDG_CONFIG_DIRS', '/etc/xdg/xdg-ubuntu:/etc/xdg'), ('LC_NUMERIC', 'zh_CN.UTF-8'), ('PYTHONPATH', '/opt/ros/dashing/lib/python3.6/site-packages'), ('LC_PAPER', 'zh_CN.UTF-8'), ('COLCON', '1'), ('CMAKE_PREFIX_PATH', '/opt/ros/dashing')]), 'shell': False}
[0.110274] (-) TimerEvent: {}
[0.211159] (-) TimerEvent: {}
[0.311778] (-) TimerEvent: {}
[0.412558] (-) TimerEvent: {}
[0.461298] (my_c_package) StdoutLine: {'line': b'[100%] Built target my_c_node\n'}
[0.462674] (my_c_topic) StdoutLine: {'line': b'-- Found ament_cmake: 0.7.6 (/opt/ros/dashing/share/ament_cmake/cmake)\n'}
[0.462883] (my_c_topic) StdoutLine: {'line': b'-- Using PYTHON_EXECUTABLE: /usr/bin/python3\n'}
[0.462996] (my_c_topic) StdoutLine: {'line': b'-- Found geometry_msgs: 0.7.1 (/opt/ros/dashing/share/geometry_msgs/cmake)\n'}
[0.463114] (my_c_topic) StdoutLine: {'line': b'-- Found rosidl_adapter: 0.7.10 (/opt/ros/dashing/share/rosidl_adapter/cmake)\n'}
[0.463237] (my_c_topic) StdoutLine: {'line': b'-- Found rclcpp: 0.7.16 (/opt/ros/dashing/share/rclcpp/cmake)\n'}
[0.463356] (my_c_topic) StdoutLine: {'line': b'-- Found rmw_implementation_cmake: 0.7.2 (/opt/ros/dashing/share/rmw_implementation_cmake/cmake)\n'}
[0.463472] (my_c_topic) StdoutLine: {'line': b"-- Using RMW implementation 'rmw_fastrtps_cpp' as default\n"}
[0.484677] (my_c_topic) StdoutLine: {'line': b'-- Found ament_lint_auto: 0.7.12 (/opt/ros/dashing/share/ament_lint_auto/cmake)\n'}
[0.505835] (my_c_package) CommandEnded: {'returncode': 0}
[0.512956] (-) TimerEvent: {}
[0.549420] (my_c_package) JobProgress: {'identifier': 'my_c_package', 'progress': 'install'}
[0.584419] (my_c_package) Command: {'cmd': ['/usr/bin/cmake', '--build', '/home/ubuntu/ros2_ws/build/my_c_package', '--target', 'install', '--', '-j4', '-l4'], 'cwd': '/home/ubuntu/ros2_ws/build/my_c_package', 'env': OrderedDict([('GJS_DEBUG_TOPICS', 'JS ERROR;JS LOG'), ('LESSOPEN', '| /usr/bin/lesspipe %s'), ('USER', 'ubuntu'), ('LANGUAGE', 'zh_CN:en_US:en'), ('SVGA_VGPU10', '0'), ('LC_TIME', 'zh_CN.UTF-8'), ('TEXTDOMAIN', 'im-config'), ('XDG_SEAT', 'seat0'), ('SSH_AGENT_PID', '2268'), ('XDG_SESSION_TYPE', 'x11'), ('GIT_ASKPASS', '/usr/share/code/resources/app/extensions/git/dist/askpass.sh'), ('LD_LIBRARY_PATH', '/opt/ros/dashing/opt/yaml_cpp_vendor/lib:/opt/ros/dashing/opt/rviz_ogre_vendor/lib:/opt/ros/dashing/lib'), ('SHLVL', '2'), ('CHROME_DESKTOP', 'code-url-handler.desktop'), ('QT4_IM_MODULE', 'xim'), ('HOME', '/home/ubuntu'), ('DESKTOP_SESSION', 'ubuntu'), ('TERM_PROGRAM_VERSION', '1.66.2'), ('GIO_LAUNCHED_DESKTOP_FILE', '/usr/share/applications/code.desktop'), ('GNOME_SHELL_SESSION_MODE', 'ubuntu'), ('GTK_MODULES', 'gail:atk-bridge'), ('VSCODE_GIT_ASKPASS_MAIN', '/usr/share/code/resources/app/extensions/git/dist/askpass-main.js'), ('ROS_PYTHON_VERSION', '3'), ('LC_MONETARY', 'zh_CN.UTF-8'), ('VSCODE_GIT_ASKPASS_NODE', '/usr/share/code/code'), ('DBUS_SESSION_BUS_ADDRESS', 'unix:path=/run/user/1000/bus'), ('COLORTERM', 'truecolor'), ('GIO_LAUNCHED_DESKTOP_FILE_PID', '11040'), ('IM_CONFIG_PHASE', '2'), ('ROS_DISTRO', 'dashing'), ('LOGNAME', 'ubuntu'), ('GTK_IM_MODULE', 'ibus'), ('_', '/usr/bin/colcon'), ('ROS_VERSION', '2'), ('PKG_CONFIG_PATH', '/usr/local/lib/pkgconfig:/usr/local/lib/pkgconfig::/usr/local/lib/pkgconfig'), ('USERNAME', 'ubuntu'), ('XDG_SESSION_ID', '5'), ('TERM', 'xterm-256color'), ('GNOME_DESKTOP_SESSION_ID', 'this-is-deprecated'), ('WINDOWPATH', '2'), ('PATH', '/opt/gcc-arm-none-eabi-9-2020-q2-update/bin:/home/ubuntu/.local/bin:/opt/ros/dashing/bin:/opt/gcc-arm-none-eabi-9-2020-q2-update/bin:/home/ubuntu/.local/bin:/usr/local/sbin:/usr/local/bin:/usr/sbin:/usr/bin:/sbin:/bin:/usr/games:/usr/local/games:/snap/bin'), ('PAPERSIZE', 'a4'), ('SESSION_MANAGER', 'local/ubuntu-vm:@/tmp/.ICE-unix/2191,unix/ubuntu-vm:/tmp/.ICE-unix/2191'), ('XDG_MENU_PREFIX', 'gnome-'), ('LC_ADDRESS', 'zh_CN.UTF-8'), ('GDK_BACKEND', 'x11'), ('XDG_RUNTIME_DIR', '/run/user/1000'), ('DISPLAY', ':1'), ('LANG', 'zh_CN.UTF-8'), ('XDG_CURRENT_DESKTOP', 'Unity'), ('LC_TELEPHONE', 'zh_CN.UTF-8'), ('TERM_PROGRAM', 'vscode'), ('XDG_SESSION_DESKTOP', 'ubuntu'), ('XMODIFIERS', '@im=ibus'), ('VSCODE_GIT_IPC_HANDLE', '/run/user/1000/vscode-git-5508b6727b.sock'), ('XAUTHORITY', '/run/user/1000/gdm/Xauthority'), ('AMENT_PREFIX_PATH', '/opt/ros/dashing'), ('ORIGINAL_XDG_CURRENT_DESKTOP', 'ubuntu:GNOME'), ('SSH_AUTH_SOCK', '/run/user/1000/keyring/ssh'), ('LC_NAME', 'zh_CN.UTF-8'), ('SHELL', '/bin/bash'), ('QT_ACCESSIBILITY', '1'), ('GDMSESSION', 'ubuntu'), ('LESSCLOSE', '/usr/bin/lesspipe %s %s'), ('LC_MEASUREMENT', 'zh_CN.UTF-8'), ('TEXTDOMAINDIR', '/usr/share/locale/'), ('GJS_DEBUG_OUTPUT', 'stderr'), ('GPG_AGENT_INFO', '/run/user/1000/gnupg/S.gpg-agent:0:1'), ('LC_IDENTIFICATION', 'zh_CN.UTF-8'), ('VSCODE_GIT_ASKPASS_EXTRA_ARGS', '--ms-enable-electron-run-as-node'), ('XDG_VTNR', '2'), ('QT_IM_MODULE', 'ibus'), ('LC_ALL', 'en_US.UTF-8'), ('PWD', '/home/ubuntu/ros2_ws/build/my_c_package'), ('CLUTTER_IM_MODULE', 'xim'), ('XDG_DATA_DIRS', '/usr/share/ubuntu:/usr/local/share/:/usr/share/:/var/lib/snapd/desktop'), ('XDG_CONFIG_DIRS', '/etc/xdg/xdg-ubuntu:/etc/xdg'), ('LC_NUMERIC', 'zh_CN.UTF-8'), ('PYTHONPATH', '/opt/ros/dashing/lib/python3.6/site-packages'), ('LC_PAPER', 'zh_CN.UTF-8'), ('COLCON', '1'), ('CMAKE_PREFIX_PATH', '/opt/ros/dashing')]), 'shell': False}
[0.613304] (-) TimerEvent: {}
[0.631401] (my_c_topic) StdoutLine: {'line': b"-- Added test 'copyright' to check for copyright in CMake / C / C++ / Python code\n"}
[0.631661] (my_c_topic) StdoutLine: {'line': b"-- Added test 'cppcheck' to perform static code analysis on C / C++ code\n"}
[0.631796] (my_c_topic) StdoutLine: {'line': b'-- Configured cppcheck include dirs: $<BUILD_INTERFACE:/home/ubuntu/ros2_ws/src/my_c_topic/include>\n'}
[0.631942] (my_c_topic) StdoutLine: {'line': b"-- Added test 'cpplint' to check C / C++ code against the Google style\n"}
[0.632063] (my_c_topic) StdoutLine: {'line': b"-- Added test 'lint_cmake' to check CMake code style\n"}
[0.633928] (my_c_topic) StdoutLine: {'line': b"-- Added test 'uncrustify' to check C / C++ code style\n"}
[0.634154] (my_c_topic) StdoutLine: {'line': b"-- Added test 'xmllint' to check XML markup files\n"}
[0.635327] (my_c_topic) StdoutLine: {'line': b'-- Configuring done\n'}
[0.665818] (my_c_package) StdoutLine: {'line': b'[100%] Built target my_c_node\n'}
[0.688305] (my_c_package) StdoutLine: {'line': b'\x1b[36mInstall the project...\x1b[0m\n'}
[0.697258] (my_c_package) StdoutLine: {'line': b'-- Install configuration: "RelWithDebInfo"\n'}
[0.697641] (my_c_package) StdoutLine: {'line': b'-- Up-to-date: /home/ubuntu/ros2_ws/install/lib/my_c_package/my_c_node\n'}
[0.697785] (my_c_package) StdoutLine: {'line': b'-- Up-to-date: /home/ubuntu/ros2_ws/install/share/ament_index/resource_index/package_run_dependencies/my_c_package\n'}
[0.697867] (my_c_package) StdoutLine: {'line': b'-- Up-to-date: /home/ubuntu/ros2_ws/install/share/ament_index/resource_index/parent_prefix_path/my_c_package\n'}
[0.697944] (my_c_package) StdoutLine: {'line': b'-- Up-to-date: /home/ubuntu/ros2_ws/install/share/my_c_package/environment/ament_prefix_path.sh\n'}
[0.698012] (my_c_package) StdoutLine: {'line': b'-- Up-to-date: /home/ubuntu/ros2_ws/install/share/my_c_package/environment/path.sh\n'}
[0.698247] (my_c_package) StdoutLine: {'line': b'-- Up-to-date: /home/ubuntu/ros2_ws/install/share/my_c_package/local_setup.bash\n'}
[0.698357] (my_c_package) StdoutLine: {'line': b'-- Up-to-date: /home/ubuntu/ros2_ws/install/share/my_c_package/local_setup.sh\n'}
[0.698461] (my_c_package) StdoutLine: {'line': b'-- Up-to-date: /home/ubuntu/ros2_ws/install/share/my_c_package/local_setup.zsh\n'}
[0.698529] (my_c_package) StdoutLine: {'line': b'-- Up-to-date: /home/ubuntu/ros2_ws/install/share/ament_index/resource_index/packages/my_c_package\n'}
[0.698593] (my_c_package) StdoutLine: {'line': b'-- Up-to-date: /home/ubuntu/ros2_ws/install/share/my_c_package/cmake/my_c_packageConfig.cmake\n'}
[0.698660] (my_c_package) StdoutLine: {'line': b'-- Up-to-date: /home/ubuntu/ros2_ws/install/share/my_c_package/cmake/my_c_packageConfig-version.cmake\n'}
[0.698725] (my_c_package) StdoutLine: {'line': b'-- Up-to-date: /home/ubuntu/ros2_ws/install/share/my_c_package/package.xml\n'}
[0.701723] (my_c_package) CommandEnded: {'returncode': 0}
[0.715256] (-) TimerEvent: {}
[0.761196] (my_c_package) JobEnded: {'identifier': 'my_c_package', 'rc': 0}
[0.815580] (-) TimerEvent: {}
[0.892295] (my_c_topic) StdoutLine: {'line': b'-- Generating done\n'}
[0.894112] (my_c_topic) StdoutLine: {'line': b'-- Build files have been written to: /home/ubuntu/ros2_ws/build/my_c_topic\n'}
[0.898715] (my_c_topic) CommandEnded: {'returncode': 0}
[0.900921] (my_c_topic) JobProgress: {'identifier': 'my_c_topic', 'progress': 'build'}
[0.901030] (my_c_topic) Command: {'cmd': ['/usr/bin/cmake', '--build', '/home/ubuntu/ros2_ws/build/my_c_topic', '--', '-j4', '-l4'], 'cwd': '/home/ubuntu/ros2_ws/build/my_c_topic', 'env': OrderedDict([('GJS_DEBUG_TOPICS', 'JS ERROR;JS LOG'), ('LESSOPEN', '| /usr/bin/lesspipe %s'), ('USER', 'ubuntu'), ('LANGUAGE', 'zh_CN:en_US:en'), ('SVGA_VGPU10', '0'), ('LC_TIME', 'zh_CN.UTF-8'), ('TEXTDOMAIN', 'im-config'), ('XDG_SEAT', 'seat0'), ('SSH_AGENT_PID', '2268'), ('XDG_SESSION_TYPE', 'x11'), ('GIT_ASKPASS', '/usr/share/code/resources/app/extensions/git/dist/askpass.sh'), ('LD_LIBRARY_PATH', '/opt/ros/dashing/opt/yaml_cpp_vendor/lib:/opt/ros/dashing/opt/rviz_ogre_vendor/lib:/opt/ros/dashing/lib'), ('SHLVL', '2'), ('CHROME_DESKTOP', 'code-url-handler.desktop'), ('QT4_IM_MODULE', 'xim'), ('HOME', '/home/ubuntu'), ('DESKTOP_SESSION', 'ubuntu'), ('TERM_PROGRAM_VERSION', '1.66.2'), ('GIO_LAUNCHED_DESKTOP_FILE', '/usr/share/applications/code.desktop'), ('GNOME_SHELL_SESSION_MODE', 'ubuntu'), ('GTK_MODULES', 'gail:atk-bridge'), ('VSCODE_GIT_ASKPASS_MAIN', '/usr/share/code/resources/app/extensions/git/dist/askpass-main.js'), ('ROS_PYTHON_VERSION', '3'), ('LC_MONETARY', 'zh_CN.UTF-8'), ('VSCODE_GIT_ASKPASS_NODE', '/usr/share/code/code'), ('DBUS_SESSION_BUS_ADDRESS', 'unix:path=/run/user/1000/bus'), ('COLORTERM', 'truecolor'), ('GIO_LAUNCHED_DESKTOP_FILE_PID', '11040'), ('IM_CONFIG_PHASE', '2'), ('ROS_DISTRO', 'dashing'), ('LOGNAME', 'ubuntu'), ('GTK_IM_MODULE', 'ibus'), ('_', '/usr/bin/colcon'), ('ROS_VERSION', '2'), ('PKG_CONFIG_PATH', '/usr/local/lib/pkgconfig:/usr/local/lib/pkgconfig::/usr/local/lib/pkgconfig'), ('USERNAME', 'ubuntu'), ('XDG_SESSION_ID', '5'), ('TERM', 'xterm-256color'), ('GNOME_DESKTOP_SESSION_ID', 'this-is-deprecated'), ('WINDOWPATH', '2'), ('PATH', '/opt/gcc-arm-none-eabi-9-2020-q2-update/bin:/home/ubuntu/.local/bin:/opt/ros/dashing/bin:/opt/gcc-arm-none-eabi-9-2020-q2-update/bin:/home/ubuntu/.local/bin:/usr/local/sbin:/usr/local/bin:/usr/sbin:/usr/bin:/sbin:/bin:/usr/games:/usr/local/games:/snap/bin'), ('PAPERSIZE', 'a4'), ('SESSION_MANAGER', 'local/ubuntu-vm:@/tmp/.ICE-unix/2191,unix/ubuntu-vm:/tmp/.ICE-unix/2191'), ('XDG_MENU_PREFIX', 'gnome-'), ('LC_ADDRESS', 'zh_CN.UTF-8'), ('GDK_BACKEND', 'x11'), ('XDG_RUNTIME_DIR', '/run/user/1000'), ('DISPLAY', ':1'), ('LANG', 'zh_CN.UTF-8'), ('XDG_CURRENT_DESKTOP', 'Unity'), ('LC_TELEPHONE', 'zh_CN.UTF-8'), ('TERM_PROGRAM', 'vscode'), ('XDG_SESSION_DESKTOP', 'ubuntu'), ('XMODIFIERS', '@im=ibus'), ('VSCODE_GIT_IPC_HANDLE', '/run/user/1000/vscode-git-5508b6727b.sock'), ('XAUTHORITY', '/run/user/1000/gdm/Xauthority'), ('AMENT_PREFIX_PATH', '/opt/ros/dashing'), ('ORIGINAL_XDG_CURRENT_DESKTOP', 'ubuntu:GNOME'), ('SSH_AUTH_SOCK', '/run/user/1000/keyring/ssh'), ('LC_NAME', 'zh_CN.UTF-8'), ('SHELL', '/bin/bash'), ('QT_ACCESSIBILITY', '1'), ('GDMSESSION', 'ubuntu'), ('LESSCLOSE', '/usr/bin/lesspipe %s %s'), ('LC_MEASUREMENT', 'zh_CN.UTF-8'), ('TEXTDOMAINDIR', '/usr/share/locale/'), ('GJS_DEBUG_OUTPUT', 'stderr'), ('GPG_AGENT_INFO', '/run/user/1000/gnupg/S.gpg-agent:0:1'), ('LC_IDENTIFICATION', 'zh_CN.UTF-8'), ('VSCODE_GIT_ASKPASS_EXTRA_ARGS', '--ms-enable-electron-run-as-node'), ('XDG_VTNR', '2'), ('QT_IM_MODULE', 'ibus'), ('LC_ALL', 'en_US.UTF-8'), ('PWD', '/home/ubuntu/ros2_ws/build/my_c_topic'), ('CLUTTER_IM_MODULE', 'xim'), ('XDG_DATA_DIRS', '/usr/share/ubuntu:/usr/local/share/:/usr/share/:/var/lib/snapd/desktop'), ('XDG_CONFIG_DIRS', '/etc/xdg/xdg-ubuntu:/etc/xdg'), ('LC_NUMERIC', 'zh_CN.UTF-8'), ('PYTHONPATH', '/opt/ros/dashing/lib/python3.6/site-packages'), ('LC_PAPER', 'zh_CN.UTF-8'), ('COLCON', '1'), ('CMAKE_PREFIX_PATH', '/opt/ros/dashing')]), 'shell': False}
[0.915910] (-) TimerEvent: {}
[0.955417] (my_c_topic) StdoutLine: {'line': b'\x1b[35m\x1b[1mScanning dependencies of target my_c_publisher_node\x1b[0m\n'}
[0.969705] (my_c_topic) StdoutLine: {'line': b'[ 50%] \x1b[32mBuilding CXX object CMakeFiles/my_c_publisher_node.dir/src/my_c_publisher_node.cpp.o\x1b[0m\n'}
[1.003499] (my_py_package) Command: {'cmd': ['/usr/bin/python3', 'setup.py', 'egg_info', '--egg-base', '../../build/my_py_package', 'build', '--build-base', '/home/ubuntu/ros2_ws/build/my_py_package/build', 'install', '--prefix', '/home/ubuntu/ros2_ws/install', '--record', '/home/ubuntu/ros2_ws/build/my_py_package/install.log', '--single-version-externally-managed'], 'cwd': '/home/ubuntu/ros2_ws/src/my_py_package', 'env': {'GJS_DEBUG_TOPICS': 'JS ERROR;JS LOG', 'LESSOPEN': '| /usr/bin/lesspipe %s', 'USER': 'ubuntu', 'LANGUAGE': 'zh_CN:en_US:en', 'SVGA_VGPU10': '0', 'LC_TIME': 'zh_CN.UTF-8', 'TEXTDOMAIN': 'im-config', 'XDG_SEAT': 'seat0', 'SSH_AGENT_PID': '2268', 'XDG_SESSION_TYPE': 'x11', 'GIT_ASKPASS': '/usr/share/code/resources/app/extensions/git/dist/askpass.sh', 'LD_LIBRARY_PATH': '/opt/ros/dashing/opt/yaml_cpp_vendor/lib:/opt/ros/dashing/opt/rviz_ogre_vendor/lib:/opt/ros/dashing/lib', 'SHLVL': '2', 'CHROME_DESKTOP': 'code-url-handler.desktop', 'QT4_IM_MODULE': 'xim', 'HOME': '/home/ubuntu', 'DESKTOP_SESSION': 'ubuntu', 'TERM_PROGRAM_VERSION': '1.66.2', 'GIO_LAUNCHED_DESKTOP_FILE': '/usr/share/applications/code.desktop', 'GNOME_SHELL_SESSION_MODE': 'ubuntu', 'GTK_MODULES': 'gail:atk-bridge', 'VSCODE_GIT_ASKPASS_MAIN': '/usr/share/code/resources/app/extensions/git/dist/askpass-main.js', 'ROS_PYTHON_VERSION': '3', 'LC_MONETARY': 'zh_CN.UTF-8', 'VSCODE_GIT_ASKPASS_NODE': '/usr/share/code/code', 'DBUS_SESSION_BUS_ADDRESS': 'unix:path=/run/user/1000/bus', 'COLORTERM': 'truecolor', 'GIO_LAUNCHED_DESKTOP_FILE_PID': '11040', 'IM_CONFIG_PHASE': '2', 'ROS_DISTRO': 'dashing', 'LOGNAME': 'ubuntu', 'GTK_IM_MODULE': 'ibus', '_': '/usr/bin/colcon', 'ROS_VERSION': '2', 'PKG_CONFIG_PATH': '/usr/local/lib/pkgconfig:/usr/local/lib/pkgconfig::/usr/local/lib/pkgconfig', 'USERNAME': 'ubuntu', 'XDG_SESSION_ID': '5', 'TERM': 'xterm-256color', 'GNOME_DESKTOP_SESSION_ID': 'this-is-deprecated', 'WINDOWPATH': '2', 'PATH': '/opt/gcc-arm-none-eabi-9-2020-q2-update/bin:/home/ubuntu/.local/bin:/opt/ros/dashing/bin:/opt/gcc-arm-none-eabi-9-2020-q2-update/bin:/home/ubuntu/.local/bin:/usr/local/sbin:/usr/local/bin:/usr/sbin:/usr/bin:/sbin:/bin:/usr/games:/usr/local/games:/snap/bin', 'PAPERSIZE': 'a4', 'SESSION_MANAGER': 'local/ubuntu-vm:@/tmp/.ICE-unix/2191,unix/ubuntu-vm:/tmp/.ICE-unix/2191', 'XDG_MENU_PREFIX': 'gnome-', 'LC_ADDRESS': 'zh_CN.UTF-8', 'GDK_BACKEND': 'x11', 'XDG_RUNTIME_DIR': '/run/user/1000', 'DISPLAY': ':1', 'LANG': 'zh_CN.UTF-8', 'XDG_CURRENT_DESKTOP': 'Unity', 'LC_TELEPHONE': 'zh_CN.UTF-8', 'TERM_PROGRAM': 'vscode', 'XDG_SESSION_DESKTOP': 'ubuntu', 'XMODIFIERS': '@im=ibus', 'VSCODE_GIT_IPC_HANDLE': '/run/user/1000/vscode-git-5508b6727b.sock', 'XAUTHORITY': '/run/user/1000/gdm/Xauthority', 'AMENT_PREFIX_PATH': '/opt/ros/dashing', 'ORIGINAL_XDG_CURRENT_DESKTOP': 'ubuntu:GNOME', 'SSH_AUTH_SOCK': '/run/user/1000/keyring/ssh', 'LC_NAME': 'zh_CN.UTF-8', 'SHELL': '/bin/bash', 'QT_ACCESSIBILITY': '1', 'GDMSESSION': 'ubuntu', 'LESSCLOSE': '/usr/bin/lesspipe %s %s', 'LC_MEASUREMENT': 'zh_CN.UTF-8', 'TEXTDOMAINDIR': '/usr/share/locale/', 'GJS_DEBUG_OUTPUT': 'stderr', 'GPG_AGENT_INFO': '/run/user/1000/gnupg/S.gpg-agent:0:1', 'LC_IDENTIFICATION': 'zh_CN.UTF-8', 'VSCODE_GIT_ASKPASS_EXTRA_ARGS': '--ms-enable-electron-run-as-node', 'XDG_VTNR': '2', 'QT_IM_MODULE': 'ibus', 'LC_ALL': 'en_US.UTF-8', 'PWD': '/home/ubuntu/ros2_ws/build/my_py_package', 'CLUTTER_IM_MODULE': 'xim', 'XDG_DATA_DIRS': '/usr/share/ubuntu:/usr/local/share/:/usr/share/:/var/lib/snapd/desktop', 'XDG_CONFIG_DIRS': '/etc/xdg/xdg-ubuntu:/etc/xdg', 'LC_NUMERIC': 'zh_CN.UTF-8', 'PYTHONPATH': '/home/ubuntu/ros2_ws/install/lib/python3.6/site-packages:/opt/ros/dashing/lib/python3.6/site-packages', 'LC_PAPER': 'zh_CN.UTF-8', 'COLCON': '1'}, 'shell': False}
[1.007473] (my_c_topic) StdoutLine: {'line': b'[100%] \x1b[32m\x1b[1mLinking CXX executable my_c_publisher_node\x1b[0m\n'}
[1.016754] (-) TimerEvent: {}
[1.078323] (my_c_topic) StdoutLine: {'line': b'[100%] Built target my_c_publisher_node\n'}
[1.091279] (my_c_topic) CommandEnded: {'returncode': 0}
[1.117461] (-) TimerEvent: {}
[1.130829] (my_c_topic) JobProgress: {'identifier': 'my_c_topic', 'progress': 'install'}
[1.131213] (my_c_topic) Command: {'cmd': ['/usr/bin/cmake', '--build', '/home/ubuntu/ros2_ws/build/my_c_topic', '--target', 'install', '--', '-j4', '-l4'], 'cwd': '/home/ubuntu/ros2_ws/build/my_c_topic', 'env': OrderedDict([('GJS_DEBUG_TOPICS', 'JS ERROR;JS LOG'), ('LESSOPEN', '| /usr/bin/lesspipe %s'), ('USER', 'ubuntu'), ('LANGUAGE', 'zh_CN:en_US:en'), ('SVGA_VGPU10', '0'), ('LC_TIME', 'zh_CN.UTF-8'), ('TEXTDOMAIN', 'im-config'), ('XDG_SEAT', 'seat0'), ('SSH_AGENT_PID', '2268'), ('XDG_SESSION_TYPE', 'x11'), ('GIT_ASKPASS', '/usr/share/code/resources/app/extensions/git/dist/askpass.sh'), ('LD_LIBRARY_PATH', '/opt/ros/dashing/opt/yaml_cpp_vendor/lib:/opt/ros/dashing/opt/rviz_ogre_vendor/lib:/opt/ros/dashing/lib'), ('SHLVL', '2'), ('CHROME_DESKTOP', 'code-url-handler.desktop'), ('QT4_IM_MODULE', 'xim'), ('HOME', '/home/ubuntu'), ('DESKTOP_SESSION', 'ubuntu'), ('TERM_PROGRAM_VERSION', '1.66.2'), ('GIO_LAUNCHED_DESKTOP_FILE', '/usr/share/applications/code.desktop'), ('GNOME_SHELL_SESSION_MODE', 'ubuntu'), ('GTK_MODULES', 'gail:atk-bridge'), ('VSCODE_GIT_ASKPASS_MAIN', '/usr/share/code/resources/app/extensions/git/dist/askpass-main.js'), ('ROS_PYTHON_VERSION', '3'), ('LC_MONETARY', 'zh_CN.UTF-8'), ('VSCODE_GIT_ASKPASS_NODE', '/usr/share/code/code'), ('DBUS_SESSION_BUS_ADDRESS', 'unix:path=/run/user/1000/bus'), ('COLORTERM', 'truecolor'), ('GIO_LAUNCHED_DESKTOP_FILE_PID', '11040'), ('IM_CONFIG_PHASE', '2'), ('ROS_DISTRO', 'dashing'), ('LOGNAME', 'ubuntu'), ('GTK_IM_MODULE', 'ibus'), ('_', '/usr/bin/colcon'), ('ROS_VERSION', '2'), ('PKG_CONFIG_PATH', '/usr/local/lib/pkgconfig:/usr/local/lib/pkgconfig::/usr/local/lib/pkgconfig'), ('USERNAME', 'ubuntu'), ('XDG_SESSION_ID', '5'), ('TERM', 'xterm-256color'), ('GNOME_DESKTOP_SESSION_ID', 'this-is-deprecated'), ('WINDOWPATH', '2'), ('PATH', '/opt/gcc-arm-none-eabi-9-2020-q2-update/bin:/home/ubuntu/.local/bin:/opt/ros/dashing/bin:/opt/gcc-arm-none-eabi-9-2020-q2-update/bin:/home/ubuntu/.local/bin:/usr/local/sbin:/usr/local/bin:/usr/sbin:/usr/bin:/sbin:/bin:/usr/games:/usr/local/games:/snap/bin'), ('PAPERSIZE', 'a4'), ('SESSION_MANAGER', 'local/ubuntu-vm:@/tmp/.ICE-unix/2191,unix/ubuntu-vm:/tmp/.ICE-unix/2191'), ('XDG_MENU_PREFIX', 'gnome-'), ('LC_ADDRESS', 'zh_CN.UTF-8'), ('GDK_BACKEND', 'x11'), ('XDG_RUNTIME_DIR', '/run/user/1000'), ('DISPLAY', ':1'), ('LANG', 'zh_CN.UTF-8'), ('XDG_CURRENT_DESKTOP', 'Unity'), ('LC_TELEPHONE', 'zh_CN.UTF-8'), ('TERM_PROGRAM', 'vscode'), ('XDG_SESSION_DESKTOP', 'ubuntu'), ('XMODIFIERS', '@im=ibus'), ('VSCODE_GIT_IPC_HANDLE', '/run/user/1000/vscode-git-5508b6727b.sock'), ('XAUTHORITY', '/run/user/1000/gdm/Xauthority'), ('AMENT_PREFIX_PATH', '/opt/ros/dashing'), ('ORIGINAL_XDG_CURRENT_DESKTOP', 'ubuntu:GNOME'), ('SSH_AUTH_SOCK', '/run/user/1000/keyring/ssh'), ('LC_NAME', 'zh_CN.UTF-8'), ('SHELL', '/bin/bash'), ('QT_ACCESSIBILITY', '1'), ('GDMSESSION', 'ubuntu'), ('LESSCLOSE', '/usr/bin/lesspipe %s %s'), ('LC_MEASUREMENT', 'zh_CN.UTF-8'), ('TEXTDOMAINDIR', '/usr/share/locale/'), ('GJS_DEBUG_OUTPUT', 'stderr'), ('GPG_AGENT_INFO', '/run/user/1000/gnupg/S.gpg-agent:0:1'), ('LC_IDENTIFICATION', 'zh_CN.UTF-8'), ('VSCODE_GIT_ASKPASS_EXTRA_ARGS', '--ms-enable-electron-run-as-node'), ('XDG_VTNR', '2'), ('QT_IM_MODULE', 'ibus'), ('LC_ALL', 'en_US.UTF-8'), ('PWD', '/home/ubuntu/ros2_ws/build/my_c_topic'), ('CLUTTER_IM_MODULE', 'xim'), ('XDG_DATA_DIRS', '/usr/share/ubuntu:/usr/local/share/:/usr/share/:/var/lib/snapd/desktop'), ('XDG_CONFIG_DIRS', '/etc/xdg/xdg-ubuntu:/etc/xdg'), ('LC_NUMERIC', 'zh_CN.UTF-8'), ('PYTHONPATH', '/opt/ros/dashing/lib/python3.6/site-packages'), ('LC_PAPER', 'zh_CN.UTF-8'), ('COLCON', '1'), ('CMAKE_PREFIX_PATH', '/opt/ros/dashing')]), 'shell': False}
[1.195086] (my_c_topic) StdoutLine: {'line': b'[100%] Built target my_c_publisher_node\n'}
[1.213398] (my_c_topic) StdoutLine: {'line': b'\x1b[36mInstall the project...\x1b[0m\n'}
[1.218429] (-) TimerEvent: {}
[1.223101] (my_c_topic) StdoutLine: {'line': b'-- Install configuration: "RelWithDebInfo"\n'}
[1.223389] (my_c_topic) StdoutLine: {'line': b'-- Installing: /home/ubuntu/ros2_ws/install/lib/my_c_topic/my_c_publisher_node\n'}
[1.223751] (my_c_topic) StdoutLine: {'line': b'-- Set runtime path of "/home/ubuntu/ros2_ws/install/lib/my_c_topic/my_c_publisher_node" to ""\n'}
[1.223965] (my_c_topic) StdoutLine: {'line': b'-- Installing: /home/ubuntu/ros2_ws/install/share/ament_index/resource_index/package_run_dependencies/my_c_topic\n'}
[1.224328] (my_c_topic) StdoutLine: {'line': b'-- Installing: /home/ubuntu/ros2_ws/install/share/ament_index/resource_index/parent_prefix_path/my_c_topic\n'}
[1.225172] (my_c_topic) StdoutLine: {'line': b'-- Installing: /home/ubuntu/ros2_ws/install/share/my_c_topic/environment/ament_prefix_path.sh\n'}
[1.225261] (my_c_topic) StdoutLine: {'line': b'-- Installing: /home/ubuntu/ros2_ws/install/share/my_c_topic/environment/path.sh\n'}
[1.225402] (my_c_topic) StdoutLine: {'line': b'-- Installing: /home/ubuntu/ros2_ws/install/share/my_c_topic/local_setup.bash\n'}
[1.225500] (my_c_topic) StdoutLine: {'line': b'-- Installing: /home/ubuntu/ros2_ws/install/share/my_c_topic/local_setup.sh\n'}
[1.225570] (my_c_topic) StdoutLine: {'line': b'-- Installing: /home/ubuntu/ros2_ws/install/share/my_c_topic/local_setup.zsh\n'}
[1.225885] (my_c_topic) StdoutLine: {'line': b'-- Installing: /home/ubuntu/ros2_ws/install/share/ament_index/resource_index/packages/my_c_topic\n'}
[1.226005] (my_c_topic) StdoutLine: {'line': b'-- Installing: /home/ubuntu/ros2_ws/install/share/my_c_topic/cmake/my_c_topicConfig.cmake\n'}
[1.226086] (my_c_topic) StdoutLine: {'line': b'-- Installing: /home/ubuntu/ros2_ws/install/share/my_c_topic/cmake/my_c_topicConfig-version.cmake\n'}
[1.226161] (my_c_topic) StdoutLine: {'line': b'-- Installing: /home/ubuntu/ros2_ws/install/share/my_c_topic/package.xml\n'}
[1.229464] (my_c_topic) CommandEnded: {'returncode': 0}
[1.277488] (my_py_package) StderrLine: {'line': b"/home/ubuntu/.local/lib/python3.6/site-packages/setuptools/dist.py:726: UserWarning: Usage of dash-separated 'script-dir' will not be supported in future versions. Please use the underscore name 'script_dir' instead\n"}
[1.277933] (my_py_package) StderrLine: {'line': b'  % (opt, underscore_opt)\n'}
[1.278172] (my_py_package) StderrLine: {'line': b"/home/ubuntu/.local/lib/python3.6/site-packages/setuptools/dist.py:726: UserWarning: Usage of dash-separated 'install-scripts' will not be supported in future versions. Please use the underscore name 'install_scripts' instead\n"}
[1.278525] (my_py_package) StderrLine: {'line': b'  % (opt, underscore_opt)\n'}
[1.283921] (my_c_topic) JobEnded: {'identifier': 'my_c_topic', 'rc': 0}
[1.305988] (my_py_package) StdoutLine: {'line': b'running egg_info\n'}
[1.306606] (my_py_package) StdoutLine: {'line': b'writing ../../build/my_py_package/my_py_package.egg-info/PKG-INFO\n'}
[1.306988] (my_py_package) StdoutLine: {'line': b'writing dependency_links to ../../build/my_py_package/my_py_package.egg-info/dependency_links.txt\n'}
[1.307194] (my_py_package) StdoutLine: {'line': b'writing entry points to ../../build/my_py_package/my_py_package.egg-info/entry_points.txt\n'}
[1.307886] (my_py_package) StdoutLine: {'line': b'writing requirements to ../../build/my_py_package/my_py_package.egg-info/requires.txt\n'}
[1.308022] (my_py_package) StdoutLine: {'line': b'writing top-level names to ../../build/my_py_package/my_py_package.egg-info/top_level.txt\n'}
[1.309862] (my_py_package) StdoutLine: {'line': b"reading manifest file '../../build/my_py_package/my_py_package.egg-info/SOURCES.txt'\n"}
[1.310765] (my_py_package) StdoutLine: {'line': b"writing manifest file '../../build/my_py_package/my_py_package.egg-info/SOURCES.txt'\n"}
[1.311008] (my_py_package) StdoutLine: {'line': b'running build\n'}
[1.311203] (my_py_package) StdoutLine: {'line': b'running build_py\n'}
[1.311330] (my_py_package) StdoutLine: {'line': b'running install\n'}
[1.311549] (my_py_package) StderrLine: {'line': b'/home/ubuntu/.local/lib/python3.6/site-packages/setuptools/command/install.py:37: SetuptoolsDeprecationWarning: setup.py install is deprecated. Use build and pip and other standards-based tools.\n'}
[1.311648] (my_py_package) StderrLine: {'line': b'  setuptools.SetuptoolsDeprecationWarning,\n'}
[1.311820] (my_py_package) StdoutLine: {'line': b'running install_lib\n'}
[1.312748] (my_py_package) StdoutLine: {'line': b'running install_data\n'}
[1.313078] (my_py_package) StdoutLine: {'line': b'running install_egg_info\n'}
[1.314695] (my_py_package) StdoutLine: {'line': b"removing '/home/ubuntu/ros2_ws/install/lib/python3.6/site-packages/my_py_package-0.0.0-py3.6.egg-info' (and everything under it)\n"}
[1.314973] (my_py_package) StdoutLine: {'line': b'Copying ../../build/my_py_package/my_py_package.egg-info to /home/ubuntu/ros2_ws/install/lib/python3.6/site-packages/my_py_package-0.0.0-py3.6.egg-info\n'}
[1.316644] (my_py_package) StdoutLine: {'line': b'running install_scripts\n'}
[1.319518] (-) TimerEvent: {}
[1.332358] (my_py_package) StdoutLine: {'line': b'Installing my_py_node script to /home/ubuntu/ros2_ws/install/lib/my_py_package\n'}
[1.332764] (my_py_package) StdoutLine: {'line': b"writing list of installed files to '/home/ubuntu/ros2_ws/build/my_py_package/install.log'\n"}
[1.354249] (my_py_package) CommandEnded: {'returncode': 0}
[1.365045] (my_py_package) JobEnded: {'identifier': 'my_py_package', 'rc': 0}
[1.366279] (-) EventReactorShutdown: {}
