[0.315s] DEBUG:colcon:Command line arguments: ['/usr/bin/colcon', 'build', '--merge-install', '--cmake-args', '-DCMAKE_BUILD_TYPE=RelWithDebInfo', '-Wall', '-Wextra', '-Wpedantic']
[0.315s] DEBUG:colcon:Parsed command line arguments: Namespace(allow_overriding=[], ament_cmake_args=None, base_paths=['.'], build_base='build', catkin_cmake_args=None, catkin_skip_building_tests=False, cmake_args=['-DCMAKE_BUILD_TYPE=RelWithDebInfo', '-Wall', '-Wextra', '-Wpedantic'], cmake_clean_cache=False, cmake_clean_first=False, cmake_force_configure=False, cmake_target=None, cmake_target_skip_unavailable=False, continue_on_error=False, event_handlers=None, executor='parallel', ignore_user_meta=False, install_base='install', log_base=None, log_level=None, main=<bound method BuildVerb.main of <colcon_core.verb.build.BuildVerb object at 0x7fc24cb5af60>>, merge_install=True, metas=['./colcon.meta'], packages_above=None, packages_above_and_dependencies=None, packages_above_depth=None, packages_end=None, packages_ignore=None, packages_ignore_regex=None, packages_select=None, packages_select_build_failed=False, packages_select_by_dep=None, packages_select_regex=None, packages_select_test_failures=False, packages_skip=None, packages_skip_build_finished=False, packages_skip_by_dep=None, packages_skip_regex=None, packages_skip_test_passed=False, packages_skip_up_to=None, packages_start=None, packages_up_to=None, packages_up_to_regex=None, parallel_workers=4, paths=None, symlink_install=False, test_result_base=None, verb_extension=<colcon_core.verb.build.BuildVerb object at 0x7fc24cb5af60>, verb_name='build', verb_parser=<colcon_defaults.argument_parser.defaults.DefaultArgumentsDecorator object at 0x7fc24c8683c8>)
[0.347s] Level 1:colcon.colcon_core.package_discovery:discover_packages(colcon_meta) check parameters
[0.348s] Level 1:colcon.colcon_core.package_discovery:discover_packages(recursive) check parameters
[0.348s] Level 1:colcon.colcon_core.package_discovery:discover_packages(ignore) check parameters
[0.348s] Level 1:colcon.colcon_core.package_discovery:discover_packages(path) check parameters
[0.348s] Level 1:colcon.colcon_core.package_discovery:discover_packages(colcon_meta) discover
[0.348s] Level 1:colcon.colcon_core.package_discovery:discover_packages(recursive) discover
[0.348s] INFO:colcon.colcon_core.package_discovery:Crawling recursively for packages in '/home/ubuntu/ros2_ws'
[0.348s] Level 1:colcon.colcon_core.package_identification:_identify(.) by extensions ['ignore', 'ignore_ament_install']
[0.348s] Level 1:colcon.colcon_core.package_identification:_identify(.) by extension 'ignore'
[0.349s] Level 1:colcon.colcon_core.package_identification:_identify(.) by extension 'ignore_ament_install'
[0.349s] Level 1:colcon.colcon_core.package_identification:_identify(.) by extensions ['colcon_pkg']
[0.349s] Level 1:colcon.colcon_core.package_identification:_identify(.) by extension 'colcon_pkg'
[0.349s] Level 1:colcon.colcon_core.package_identification:_identify(.) by extensions ['colcon_meta']
[0.349s] Level 1:colcon.colcon_core.package_identification:_identify(.) by extension 'colcon_meta'
[0.349s] Level 1:colcon.colcon_core.package_identification:_identify(.) by extensions ['ros']
[0.349s] Level 1:colcon.colcon_core.package_identification:_identify(.) by extension 'ros'
[0.379s] Level 1:colcon.colcon_core.package_identification:_identify(.) by extensions ['cmake', 'python']
[0.379s] Level 1:colcon.colcon_core.package_identification:_identify(.) by extension 'cmake'
[0.379s] Level 1:colcon.colcon_core.package_identification:_identify(.) by extension 'python'
[0.380s] Level 1:colcon.colcon_core.package_identification:_identify(.) by extensions ['python_setup_py']
[0.380s] Level 1:colcon.colcon_core.package_identification:_identify(.) by extension 'python_setup_py'
[0.380s] Level 1:colcon.colcon_core.package_identification:_identify(build) by extensions ['ignore', 'ignore_ament_install']
[0.380s] Level 1:colcon.colcon_core.package_identification:_identify(build) by extension 'ignore'
[0.380s] Level 1:colcon.colcon_core.package_identification:_identify(build) ignored
[0.380s] Level 1:colcon.colcon_core.package_identification:_identify(install) by extensions ['ignore', 'ignore_ament_install']
[0.381s] Level 1:colcon.colcon_core.package_identification:_identify(install) by extension 'ignore'
[0.381s] Level 1:colcon.colcon_core.package_identification:_identify(install) ignored
[0.381s] Level 1:colcon.colcon_core.package_identification:_identify(log) by extensions ['ignore', 'ignore_ament_install']
[0.381s] Level 1:colcon.colcon_core.package_identification:_identify(log) by extension 'ignore'
[0.381s] Level 1:colcon.colcon_core.package_identification:_identify(log) ignored
[0.381s] Level 1:colcon.colcon_core.package_identification:_identify(src) by extensions ['ignore', 'ignore_ament_install']
[0.381s] Level 1:colcon.colcon_core.package_identification:_identify(src) by extension 'ignore'
[0.381s] Level 1:colcon.colcon_core.package_identification:_identify(src) by extension 'ignore_ament_install'
[0.381s] Level 1:colcon.colcon_core.package_identification:_identify(src) by extensions ['colcon_pkg']
[0.381s] Level 1:colcon.colcon_core.package_identification:_identify(src) by extension 'colcon_pkg'
[0.381s] Level 1:colcon.colcon_core.package_identification:_identify(src) by extensions ['colcon_meta']
[0.382s] Level 1:colcon.colcon_core.package_identification:_identify(src) by extension 'colcon_meta'
[0.382s] Level 1:colcon.colcon_core.package_identification:_identify(src) by extensions ['ros']
[0.382s] Level 1:colcon.colcon_core.package_identification:_identify(src) by extension 'ros'
[0.382s] Level 1:colcon.colcon_core.package_identification:_identify(src) by extensions ['cmake', 'python']
[0.382s] Level 1:colcon.colcon_core.package_identification:_identify(src) by extension 'cmake'
[0.382s] Level 1:colcon.colcon_core.package_identification:_identify(src) by extension 'python'
[0.382s] Level 1:colcon.colcon_core.package_identification:_identify(src) by extensions ['python_setup_py']
[0.382s] Level 1:colcon.colcon_core.package_identification:_identify(src) by extension 'python_setup_py'
[0.382s] Level 1:colcon.colcon_core.package_identification:_identify(src/my_c_package) by extensions ['ignore', 'ignore_ament_install']
[0.382s] Level 1:colcon.colcon_core.package_identification:_identify(src/my_c_package) by extension 'ignore'
[0.382s] Level 1:colcon.colcon_core.package_identification:_identify(src/my_c_package) by extension 'ignore_ament_install'
[0.383s] Level 1:colcon.colcon_core.package_identification:_identify(src/my_c_package) by extensions ['colcon_pkg']
[0.383s] Level 1:colcon.colcon_core.package_identification:_identify(src/my_c_package) by extension 'colcon_pkg'
[0.383s] Level 1:colcon.colcon_core.package_identification:_identify(src/my_c_package) by extensions ['colcon_meta']
[0.383s] Level 1:colcon.colcon_core.package_identification:_identify(src/my_c_package) by extension 'colcon_meta'
[0.383s] Level 1:colcon.colcon_core.package_identification:_identify(src/my_c_package) by extensions ['ros']
[0.383s] Level 1:colcon.colcon_core.package_identification:_identify(src/my_c_package) by extension 'ros'
[0.385s] DEBUG:colcon.colcon_core.package_identification:Package 'src/my_c_package' with type 'ros.ament_cmake' and name 'my_c_package'
[0.385s] Level 1:colcon.colcon_core.package_identification:_identify(src/my_c_topic) by extensions ['ignore', 'ignore_ament_install']
[0.385s] Level 1:colcon.colcon_core.package_identification:_identify(src/my_c_topic) by extension 'ignore'
[0.386s] Level 1:colcon.colcon_core.package_identification:_identify(src/my_c_topic) by extension 'ignore_ament_install'
[0.386s] Level 1:colcon.colcon_core.package_identification:_identify(src/my_c_topic) by extensions ['colcon_pkg']
[0.386s] Level 1:colcon.colcon_core.package_identification:_identify(src/my_c_topic) by extension 'colcon_pkg'
[0.386s] Level 1:colcon.colcon_core.package_identification:_identify(src/my_c_topic) by extensions ['colcon_meta']
[0.386s] Level 1:colcon.colcon_core.package_identification:_identify(src/my_c_topic) by extension 'colcon_meta'
[0.386s] Level 1:colcon.colcon_core.package_identification:_identify(src/my_c_topic) by extensions ['ros']
[0.386s] Level 1:colcon.colcon_core.package_identification:_identify(src/my_c_topic) by extension 'ros'
[0.387s] DEBUG:colcon.colcon_core.package_identification:Package 'src/my_c_topic' with type 'ros.ament_cmake' and name 'my_c_topic'
[0.387s] Level 1:colcon.colcon_core.package_identification:_identify(src/my_py_package) by extensions ['ignore', 'ignore_ament_install']
[0.387s] Level 1:colcon.colcon_core.package_identification:_identify(src/my_py_package) by extension 'ignore'
[0.387s] Level 1:colcon.colcon_core.package_identification:_identify(src/my_py_package) by extension 'ignore_ament_install'
[0.387s] Level 1:colcon.colcon_core.package_identification:_identify(src/my_py_package) by extensions ['colcon_pkg']
[0.387s] Level 1:colcon.colcon_core.package_identification:_identify(src/my_py_package) by extension 'colcon_pkg'
[0.387s] Level 1:colcon.colcon_core.package_identification:_identify(src/my_py_package) by extensions ['colcon_meta']
[0.387s] Level 1:colcon.colcon_core.package_identification:_identify(src/my_py_package) by extension 'colcon_meta'
[0.387s] Level 1:colcon.colcon_core.package_identification:_identify(src/my_py_package) by extensions ['ros']
[0.387s] Level 1:colcon.colcon_core.package_identification:_identify(src/my_py_package) by extension 'ros'
[0.388s] DEBUG:colcon.colcon_core.package_identification:Package 'src/my_py_package' with type 'ros.ament_python' and name 'my_py_package'
[0.388s] Level 1:colcon.colcon_core.package_discovery:discover_packages(recursive) using defaults
[0.388s] Level 1:colcon.colcon_core.package_discovery:discover_packages(ignore) discover
[0.388s] Level 1:colcon.colcon_core.package_discovery:discover_packages(ignore) using defaults
[0.388s] Level 1:colcon.colcon_core.package_discovery:discover_packages(path) discover
[0.388s] Level 1:colcon.colcon_core.package_discovery:discover_packages(path) using defaults
[0.410s] Level 1:colcon.colcon_core.package_discovery:discover_packages(prefix_path) check parameters
[0.410s] Level 1:colcon.colcon_core.package_discovery:discover_packages(prefix_path) discover
[0.413s] DEBUG:colcon.colcon_installed_package_information.package_discovery:Found 215 installed packages in /opt/ros/dashing
[0.414s] Level 1:colcon.colcon_core.package_discovery:discover_packages(prefix_path) using defaults
[0.471s] Level 5:colcon.colcon_core.verb:set package 'my_c_package' build argument 'cmake_args' from command line to '['-DCMAKE_BUILD_TYPE=RelWithDebInfo', '-Wall', '-Wextra', '-Wpedantic']'
[0.471s] Level 5:colcon.colcon_core.verb:set package 'my_c_package' build argument 'cmake_target' from command line to 'None'
[0.471s] Level 5:colcon.colcon_core.verb:set package 'my_c_package' build argument 'cmake_target_skip_unavailable' from command line to 'False'
[0.472s] Level 5:colcon.colcon_core.verb:set package 'my_c_package' build argument 'cmake_clean_cache' from command line to 'False'
[0.472s] Level 5:colcon.colcon_core.verb:set package 'my_c_package' build argument 'cmake_clean_first' from command line to 'False'
[0.472s] Level 5:colcon.colcon_core.verb:set package 'my_c_package' build argument 'cmake_force_configure' from command line to 'False'
[0.472s] Level 5:colcon.colcon_core.verb:set package 'my_c_package' build argument 'ament_cmake_args' from command line to 'None'
[0.472s] Level 5:colcon.colcon_core.verb:set package 'my_c_package' build argument 'catkin_cmake_args' from command line to 'None'
[0.472s] Level 5:colcon.colcon_core.verb:set package 'my_c_package' build argument 'catkin_skip_building_tests' from command line to 'False'
[0.472s] DEBUG:colcon.colcon_core.verb:Building package 'my_c_package' with the following arguments: {'ament_cmake_args': None, 'build_base': '/home/ubuntu/ros2_ws/build/my_c_package', 'catkin_cmake_args': None, 'catkin_skip_building_tests': False, 'cmake_args': ['-DCMAKE_BUILD_TYPE=RelWithDebInfo', '-Wall', '-Wextra', '-Wpedantic'], 'cmake_clean_cache': False, 'cmake_clean_first': False, 'cmake_force_configure': False, 'cmake_target': None, 'cmake_target_skip_unavailable': False, 'install_base': '/home/ubuntu/ros2_ws/install', 'merge_install': True, 'path': '/home/ubuntu/ros2_ws/src/my_c_package', 'symlink_install': False, 'test_result_base': None}
[0.473s] Level 5:colcon.colcon_core.verb:set package 'my_c_topic' build argument 'cmake_args' from command line to '['-DCMAKE_BUILD_TYPE=RelWithDebInfo', '-Wall', '-Wextra', '-Wpedantic']'
[0.473s] Level 5:colcon.colcon_core.verb:set package 'my_c_topic' build argument 'cmake_target' from command line to 'None'
[0.473s] Level 5:colcon.colcon_core.verb:set package 'my_c_topic' build argument 'cmake_target_skip_unavailable' from command line to 'False'
[0.473s] Level 5:colcon.colcon_core.verb:set package 'my_c_topic' build argument 'cmake_clean_cache' from command line to 'False'
[0.473s] Level 5:colcon.colcon_core.verb:set package 'my_c_topic' build argument 'cmake_clean_first' from command line to 'False'
[0.473s] Level 5:colcon.colcon_core.verb:set package 'my_c_topic' build argument 'cmake_force_configure' from command line to 'False'
[0.473s] Level 5:colcon.colcon_core.verb:set package 'my_c_topic' build argument 'ament_cmake_args' from command line to 'None'
[0.473s] Level 5:colcon.colcon_core.verb:set package 'my_c_topic' build argument 'catkin_cmake_args' from command line to 'None'
[0.473s] Level 5:colcon.colcon_core.verb:set package 'my_c_topic' build argument 'catkin_skip_building_tests' from command line to 'False'
[0.473s] DEBUG:colcon.colcon_core.verb:Building package 'my_c_topic' with the following arguments: {'ament_cmake_args': None, 'build_base': '/home/ubuntu/ros2_ws/build/my_c_topic', 'catkin_cmake_args': None, 'catkin_skip_building_tests': False, 'cmake_args': ['-DCMAKE_BUILD_TYPE=RelWithDebInfo', '-Wall', '-Wextra', '-Wpedantic'], 'cmake_clean_cache': False, 'cmake_clean_first': False, 'cmake_force_configure': False, 'cmake_target': None, 'cmake_target_skip_unavailable': False, 'install_base': '/home/ubuntu/ros2_ws/install', 'merge_install': True, 'path': '/home/ubuntu/ros2_ws/src/my_c_topic', 'symlink_install': False, 'test_result_base': None}
[0.474s] Level 5:colcon.colcon_core.verb:set package 'my_py_package' build argument 'cmake_args' from command line to '['-DCMAKE_BUILD_TYPE=RelWithDebInfo', '-Wall', '-Wextra', '-Wpedantic']'
[0.474s] Level 5:colcon.colcon_core.verb:set package 'my_py_package' build argument 'cmake_target' from command line to 'None'
[0.474s] Level 5:colcon.colcon_core.verb:set package 'my_py_package' build argument 'cmake_target_skip_unavailable' from command line to 'False'
[0.474s] Level 5:colcon.colcon_core.verb:set package 'my_py_package' build argument 'cmake_clean_cache' from command line to 'False'
[0.474s] Level 5:colcon.colcon_core.verb:set package 'my_py_package' build argument 'cmake_clean_first' from command line to 'False'
[0.474s] Level 5:colcon.colcon_core.verb:set package 'my_py_package' build argument 'cmake_force_configure' from command line to 'False'
[0.474s] Level 5:colcon.colcon_core.verb:set package 'my_py_package' build argument 'ament_cmake_args' from command line to 'None'
[0.474s] Level 5:colcon.colcon_core.verb:set package 'my_py_package' build argument 'catkin_cmake_args' from command line to 'None'
[0.475s] Level 5:colcon.colcon_core.verb:set package 'my_py_package' build argument 'catkin_skip_building_tests' from command line to 'False'
[0.475s] DEBUG:colcon.colcon_core.verb:Building package 'my_py_package' with the following arguments: {'ament_cmake_args': None, 'build_base': '/home/ubuntu/ros2_ws/build/my_py_package', 'catkin_cmake_args': None, 'catkin_skip_building_tests': False, 'cmake_args': ['-DCMAKE_BUILD_TYPE=RelWithDebInfo', '-Wall', '-Wextra', '-Wpedantic'], 'cmake_clean_cache': False, 'cmake_clean_first': False, 'cmake_force_configure': False, 'cmake_target': None, 'cmake_target_skip_unavailable': False, 'install_base': '/home/ubuntu/ros2_ws/install', 'merge_install': True, 'path': '/home/ubuntu/ros2_ws/src/my_py_package', 'symlink_install': False, 'test_result_base': None}
[0.475s] INFO:colcon.colcon_core.executor:Executing jobs using 'parallel' executor
[0.478s] DEBUG:colcon.colcon_parallel_executor.executor.parallel:run_until_complete
[0.478s] INFO:colcon.colcon_ros.task.ament_cmake.build:Building ROS package in '/home/ubuntu/ros2_ws/src/my_c_package' with build type 'ament_cmake'
[0.479s] INFO:colcon.colcon_cmake.task.cmake.build:Building CMake package in '/home/ubuntu/ros2_ws/src/my_c_package'
[0.483s] INFO:colcon.colcon_core.plugin_system:Skipping extension 'colcon_core.shell.bat': Not used on non-Windows systems
[0.483s] INFO:colcon.colcon_core.shell:Skip shell extension 'powershell' for command environment: Not usable outside of PowerShell
[0.484s] DEBUG:colcon.colcon_core.shell:Skip shell extension 'dsv' for command environment
[0.488s] INFO:colcon.colcon_ros.task.ament_cmake.build:Building ROS package in '/home/ubuntu/ros2_ws/src/my_c_topic' with build type 'ament_cmake'
[0.489s] INFO:colcon.colcon_cmake.task.cmake.build:Building CMake package in '/home/ubuntu/ros2_ws/src/my_c_topic'
[0.490s] INFO:colcon.colcon_core.shell:Skip shell extension 'powershell' for command environment: Not usable outside of PowerShell
[0.490s] DEBUG:colcon.colcon_core.shell:Skip shell extension 'dsv' for command environment
[0.537s] INFO:colcon.colcon_ros.task.ament_python.build:Building ROS package in '/home/ubuntu/ros2_ws/src/my_py_package' with build type 'ament_python'
[0.537s] Level 1:colcon.colcon_core.shell:create_environment_hook('my_py_package', 'ament_prefix_path')
[0.538s] INFO:colcon.colcon_core.shell:Creating environment hook '/home/ubuntu/ros2_ws/install/share/my_py_package/hook/ament_prefix_path.ps1'
[0.540s] INFO:colcon.colcon_core.shell:Creating environment descriptor '/home/ubuntu/ros2_ws/install/share/my_py_package/hook/ament_prefix_path.dsv'
[0.540s] INFO:colcon.colcon_core.shell:Creating environment hook '/home/ubuntu/ros2_ws/install/share/my_py_package/hook/ament_prefix_path.sh'
[0.541s] INFO:colcon.colcon_core.shell:Skip shell extension 'powershell' for command environment: Not usable outside of PowerShell
[0.542s] DEBUG:colcon.colcon_core.shell:Skip shell extension 'dsv' for command environment
[0.556s] DEBUG:colcon.colcon_core.event_handler.log_command:Invoking command in '/home/ubuntu/ros2_ws/build/my_c_package': CMAKE_PREFIX_PATH=/opt/ros/dashing /usr/bin/cmake --build /home/ubuntu/ros2_ws/build/my_c_package -- -j4 -l4
[0.563s] DEBUG:colcon.colcon_core.event_handler.log_command:Invoking command in '/home/ubuntu/ros2_ws/build/my_c_topic': CMAKE_PREFIX_PATH=/opt/ros/dashing /usr/bin/cmake /home/ubuntu/ros2_ws/src/my_c_topic -DCMAKE_BUILD_TYPE=RelWithDebInfo -Wall -Wextra -Wpedantic -DCMAKE_INSTALL_PREFIX=/home/ubuntu/ros2_ws/install
[0.932s] INFO:colcon.colcon_core.task.python.build:Building Python package in '/home/ubuntu/ros2_ws/src/my_py_package'
[0.933s] INFO:colcon.colcon_core.shell:Skip shell extension 'powershell' for command environment: Not usable outside of PowerShell
[0.933s] DEBUG:colcon.colcon_core.shell:Skip shell extension 'dsv' for command environment
[0.984s] DEBUG:colcon.colcon_core.event_handler.log_command:Invoked command in '/home/ubuntu/ros2_ws/build/my_c_package' returned '0': CMAKE_PREFIX_PATH=/opt/ros/dashing /usr/bin/cmake --build /home/ubuntu/ros2_ws/build/my_c_package -- -j4 -l4
[1.063s] DEBUG:colcon.colcon_core.event_handler.log_command:Invoking command in '/home/ubuntu/ros2_ws/build/my_c_package': CMAKE_PREFIX_PATH=/opt/ros/dashing /usr/bin/cmake --build /home/ubuntu/ros2_ws/build/my_c_package --target install -- -j4 -l4
[1.178s] Level 1:colcon.colcon_core.environment:create_environment_scripts_only(my_c_package)
[1.180s] DEBUG:colcon.colcon_core.event_handler.log_command:Invoked command in '/home/ubuntu/ros2_ws/build/my_c_package' returned '0': CMAKE_PREFIX_PATH=/opt/ros/dashing /usr/bin/cmake --build /home/ubuntu/ros2_ws/build/my_c_package --target install -- -j4 -l4
[1.184s] Level 1:colcon.colcon_core.environment:checking '/home/ubuntu/ros2_ws/install' for CMake module files
[1.184s] Level 1:colcon.colcon_core.environment:checking '/home/ubuntu/ros2_ws/install' for CMake config files
[1.185s] Level 1:colcon.colcon_core.shell:create_environment_hook('my_c_package', 'cmake_prefix_path')
[1.185s] INFO:colcon.colcon_core.shell:Creating environment hook '/home/ubuntu/ros2_ws/install/share/my_c_package/hook/cmake_prefix_path.ps1'
[1.186s] INFO:colcon.colcon_core.shell:Creating environment descriptor '/home/ubuntu/ros2_ws/install/share/my_c_package/hook/cmake_prefix_path.dsv'
[1.186s] INFO:colcon.colcon_core.shell:Creating environment hook '/home/ubuntu/ros2_ws/install/share/my_c_package/hook/cmake_prefix_path.sh'
[1.188s] Level 1:colcon.colcon_core.environment:checking '/home/ubuntu/ros2_ws/install/lib'
[1.188s] Level 1:colcon.colcon_core.environment:checking '/home/ubuntu/ros2_ws/install/bin'
[1.188s] Level 1:colcon.colcon_core.environment:checking '/home/ubuntu/ros2_ws/install/lib/pkgconfig/my_c_package.pc'
[1.188s] Level 1:colcon.colcon_core.environment:checking '/home/ubuntu/ros2_ws/install/lib/python3.6/site-packages'
[1.188s] Level 1:colcon.colcon_core.shell:create_environment_hook('my_c_package', 'pythonpath')
[1.189s] INFO:colcon.colcon_core.shell:Creating environment hook '/home/ubuntu/ros2_ws/install/share/my_c_package/hook/pythonpath.ps1'
[1.189s] INFO:colcon.colcon_core.shell:Creating environment descriptor '/home/ubuntu/ros2_ws/install/share/my_c_package/hook/pythonpath.dsv'
[1.190s] INFO:colcon.colcon_core.shell:Creating environment hook '/home/ubuntu/ros2_ws/install/share/my_c_package/hook/pythonpath.sh'
[1.191s] Level 1:colcon.colcon_core.environment:checking '/home/ubuntu/ros2_ws/install/bin'
[1.193s] INFO:colcon.colcon_core.shell:Creating package script '/home/ubuntu/ros2_ws/install/share/my_c_package/package.ps1'
[1.195s] INFO:colcon.colcon_core.shell:Creating package descriptor '/home/ubuntu/ros2_ws/install/share/my_c_package/package.dsv'
[1.196s] INFO:colcon.colcon_core.shell:Creating package script '/home/ubuntu/ros2_ws/install/share/my_c_package/package.sh'
[1.197s] INFO:colcon.colcon_core.shell:Creating package script '/home/ubuntu/ros2_ws/install/share/my_c_package/package.bash'
[1.198s] INFO:colcon.colcon_core.shell:Creating package script '/home/ubuntu/ros2_ws/install/share/my_c_package/package.zsh'
[1.199s] Level 1:colcon.colcon_core.environment:create_file_with_runtime_dependencies(/home/ubuntu/ros2_ws/install/share/colcon-core/packages/my_c_package)
[1.227s] Level 1:colcon.colcon_core.environment:create_environment_scripts_only(my_c_package)
[1.228s] Level 1:colcon.colcon_core.environment:checking '/home/ubuntu/ros2_ws/install' for CMake module files
[1.229s] Level 1:colcon.colcon_core.environment:checking '/home/ubuntu/ros2_ws/install' for CMake config files
[1.229s] Level 1:colcon.colcon_core.shell:create_environment_hook('my_c_package', 'cmake_prefix_path')
[1.230s] INFO:colcon.colcon_core.shell:Creating environment hook '/home/ubuntu/ros2_ws/install/share/my_c_package/hook/cmake_prefix_path.ps1'
[1.231s] INFO:colcon.colcon_core.shell:Creating environment descriptor '/home/ubuntu/ros2_ws/install/share/my_c_package/hook/cmake_prefix_path.dsv'
[1.231s] INFO:colcon.colcon_core.shell:Creating environment hook '/home/ubuntu/ros2_ws/install/share/my_c_package/hook/cmake_prefix_path.sh'
[1.232s] Level 1:colcon.colcon_core.environment:checking '/home/ubuntu/ros2_ws/install/lib'
[1.232s] Level 1:colcon.colcon_core.environment:checking '/home/ubuntu/ros2_ws/install/bin'
[1.232s] Level 1:colcon.colcon_core.environment:checking '/home/ubuntu/ros2_ws/install/lib/pkgconfig/my_c_package.pc'
[1.232s] Level 1:colcon.colcon_core.environment:checking '/home/ubuntu/ros2_ws/install/lib/python3.6/site-packages'
[1.233s] Level 1:colcon.colcon_core.shell:create_environment_hook('my_c_package', 'pythonpath')
[1.233s] INFO:colcon.colcon_core.shell:Creating environment hook '/home/ubuntu/ros2_ws/install/share/my_c_package/hook/pythonpath.ps1'
[1.234s] INFO:colcon.colcon_core.shell:Creating environment descriptor '/home/ubuntu/ros2_ws/install/share/my_c_package/hook/pythonpath.dsv'
[1.234s] INFO:colcon.colcon_core.shell:Creating environment hook '/home/ubuntu/ros2_ws/install/share/my_c_package/hook/pythonpath.sh'
[1.234s] Level 1:colcon.colcon_core.environment:checking '/home/ubuntu/ros2_ws/install/bin'
[1.235s] INFO:colcon.colcon_core.shell:Creating package script '/home/ubuntu/ros2_ws/install/share/my_c_package/package.ps1'
[1.236s] INFO:colcon.colcon_core.shell:Creating package descriptor '/home/ubuntu/ros2_ws/install/share/my_c_package/package.dsv'
[1.237s] INFO:colcon.colcon_core.shell:Creating package script '/home/ubuntu/ros2_ws/install/share/my_c_package/package.sh'
[1.237s] INFO:colcon.colcon_core.shell:Creating package script '/home/ubuntu/ros2_ws/install/share/my_c_package/package.bash'
[1.238s] INFO:colcon.colcon_core.shell:Creating package script '/home/ubuntu/ros2_ws/install/share/my_c_package/package.zsh'
[1.238s] Level 1:colcon.colcon_core.environment:create_file_with_runtime_dependencies(/home/ubuntu/ros2_ws/install/share/colcon-core/packages/my_c_package)
[1.378s] DEBUG:colcon.colcon_core.event_handler.log_command:Invoked command in '/home/ubuntu/ros2_ws/build/my_c_topic' returned '0': CMAKE_PREFIX_PATH=/opt/ros/dashing /usr/bin/cmake /home/ubuntu/ros2_ws/src/my_c_topic -DCMAKE_BUILD_TYPE=RelWithDebInfo -Wall -Wextra -Wpedantic -DCMAKE_INSTALL_PREFIX=/home/ubuntu/ros2_ws/install
[1.379s] DEBUG:colcon.colcon_core.event_handler.log_command:Invoking command in '/home/ubuntu/ros2_ws/build/my_c_topic': CMAKE_PREFIX_PATH=/opt/ros/dashing /usr/bin/cmake --build /home/ubuntu/ros2_ws/build/my_c_topic -- -j4 -l4
[1.485s] DEBUG:colcon.colcon_core.event_handler.log_command:Invoking command in '/home/ubuntu/ros2_ws/src/my_py_package': PYTHONPATH=/home/ubuntu/ros2_ws/install/lib/python3.6/site-packages:${PYTHONPATH} /usr/bin/python3 setup.py egg_info --egg-base ../../build/my_py_package build --build-base /home/ubuntu/ros2_ws/build/my_py_package/build install --prefix /home/ubuntu/ros2_ws/install --record /home/ubuntu/ros2_ws/build/my_py_package/install.log --single-version-externally-managed
[1.569s] DEBUG:colcon.colcon_core.event_handler.log_command:Invoked command in '/home/ubuntu/ros2_ws/build/my_c_topic' returned '0': CMAKE_PREFIX_PATH=/opt/ros/dashing /usr/bin/cmake --build /home/ubuntu/ros2_ws/build/my_c_topic -- -j4 -l4
[1.610s] DEBUG:colcon.colcon_core.event_handler.log_command:Invoking command in '/home/ubuntu/ros2_ws/build/my_c_topic': CMAKE_PREFIX_PATH=/opt/ros/dashing /usr/bin/cmake --build /home/ubuntu/ros2_ws/build/my_c_topic --target install -- -j4 -l4
[1.705s] Level 1:colcon.colcon_core.environment:create_environment_scripts_only(my_c_topic)
[1.707s] Level 1:colcon.colcon_core.environment:checking '/home/ubuntu/ros2_ws/install' for CMake module files
[1.707s] DEBUG:colcon.colcon_core.event_handler.log_command:Invoked command in '/home/ubuntu/ros2_ws/build/my_c_topic' returned '0': CMAKE_PREFIX_PATH=/opt/ros/dashing /usr/bin/cmake --build /home/ubuntu/ros2_ws/build/my_c_topic --target install -- -j4 -l4
[1.708s] Level 1:colcon.colcon_core.environment:checking '/home/ubuntu/ros2_ws/install' for CMake config files
[1.708s] Level 1:colcon.colcon_core.shell:create_environment_hook('my_c_topic', 'cmake_prefix_path')
[1.709s] INFO:colcon.colcon_core.shell:Creating environment hook '/home/ubuntu/ros2_ws/install/share/my_c_topic/hook/cmake_prefix_path.ps1'
[1.709s] INFO:colcon.colcon_core.shell:Creating environment descriptor '/home/ubuntu/ros2_ws/install/share/my_c_topic/hook/cmake_prefix_path.dsv'
[1.710s] INFO:colcon.colcon_core.shell:Creating environment hook '/home/ubuntu/ros2_ws/install/share/my_c_topic/hook/cmake_prefix_path.sh'
[1.710s] Level 1:colcon.colcon_core.environment:checking '/home/ubuntu/ros2_ws/install/lib'
[1.711s] Level 1:colcon.colcon_core.environment:checking '/home/ubuntu/ros2_ws/install/bin'
[1.711s] Level 1:colcon.colcon_core.environment:checking '/home/ubuntu/ros2_ws/install/lib/pkgconfig/my_c_topic.pc'
[1.711s] Level 1:colcon.colcon_core.environment:checking '/home/ubuntu/ros2_ws/install/lib/python3.6/site-packages'
[1.711s] Level 1:colcon.colcon_core.shell:create_environment_hook('my_c_topic', 'pythonpath')
[1.712s] INFO:colcon.colcon_core.shell:Creating environment hook '/home/ubuntu/ros2_ws/install/share/my_c_topic/hook/pythonpath.ps1'
[1.712s] INFO:colcon.colcon_core.shell:Creating environment descriptor '/home/ubuntu/ros2_ws/install/share/my_c_topic/hook/pythonpath.dsv'
[1.712s] INFO:colcon.colcon_core.shell:Creating environment hook '/home/ubuntu/ros2_ws/install/share/my_c_topic/hook/pythonpath.sh'
[1.713s] Level 1:colcon.colcon_core.environment:checking '/home/ubuntu/ros2_ws/install/bin'
[1.713s] INFO:colcon.colcon_core.shell:Creating package script '/home/ubuntu/ros2_ws/install/share/my_c_topic/package.ps1'
[1.714s] INFO:colcon.colcon_core.shell:Creating package descriptor '/home/ubuntu/ros2_ws/install/share/my_c_topic/package.dsv'
[1.715s] INFO:colcon.colcon_core.shell:Creating package script '/home/ubuntu/ros2_ws/install/share/my_c_topic/package.sh'
[1.715s] INFO:colcon.colcon_core.shell:Creating package script '/home/ubuntu/ros2_ws/install/share/my_c_topic/package.bash'
[1.716s] INFO:colcon.colcon_core.shell:Creating package script '/home/ubuntu/ros2_ws/install/share/my_c_topic/package.zsh'
[1.716s] Level 1:colcon.colcon_core.environment:create_file_with_runtime_dependencies(/home/ubuntu/ros2_ws/install/share/colcon-core/packages/my_c_topic)
[1.745s] Level 1:colcon.colcon_core.environment:create_environment_scripts_only(my_c_topic)
[1.747s] Level 1:colcon.colcon_core.environment:checking '/home/ubuntu/ros2_ws/install' for CMake module files
[1.747s] Level 1:colcon.colcon_core.environment:checking '/home/ubuntu/ros2_ws/install' for CMake config files
[1.748s] Level 1:colcon.colcon_core.shell:create_environment_hook('my_c_topic', 'cmake_prefix_path')
[1.749s] INFO:colcon.colcon_core.shell:Creating environment hook '/home/ubuntu/ros2_ws/install/share/my_c_topic/hook/cmake_prefix_path.ps1'
[1.750s] INFO:colcon.colcon_core.shell:Creating environment descriptor '/home/ubuntu/ros2_ws/install/share/my_c_topic/hook/cmake_prefix_path.dsv'
[1.751s] INFO:colcon.colcon_core.shell:Creating environment hook '/home/ubuntu/ros2_ws/install/share/my_c_topic/hook/cmake_prefix_path.sh'
[1.752s] Level 1:colcon.colcon_core.environment:checking '/home/ubuntu/ros2_ws/install/lib'
[1.753s] Level 1:colcon.colcon_core.environment:checking '/home/ubuntu/ros2_ws/install/bin'
[1.753s] Level 1:colcon.colcon_core.environment:checking '/home/ubuntu/ros2_ws/install/lib/pkgconfig/my_c_topic.pc'
[1.753s] Level 1:colcon.colcon_core.environment:checking '/home/ubuntu/ros2_ws/install/lib/python3.6/site-packages'
[1.753s] Level 1:colcon.colcon_core.shell:create_environment_hook('my_c_topic', 'pythonpath')
[1.754s] INFO:colcon.colcon_core.shell:Creating environment hook '/home/ubuntu/ros2_ws/install/share/my_c_topic/hook/pythonpath.ps1'
[1.756s] INFO:colcon.colcon_core.shell:Creating environment descriptor '/home/ubuntu/ros2_ws/install/share/my_c_topic/hook/pythonpath.dsv'
[1.757s] INFO:colcon.colcon_core.shell:Creating environment hook '/home/ubuntu/ros2_ws/install/share/my_c_topic/hook/pythonpath.sh'
[1.758s] Level 1:colcon.colcon_core.environment:checking '/home/ubuntu/ros2_ws/install/bin'
[1.758s] INFO:colcon.colcon_core.shell:Creating package script '/home/ubuntu/ros2_ws/install/share/my_c_topic/package.ps1'
[1.759s] INFO:colcon.colcon_core.shell:Creating package descriptor '/home/ubuntu/ros2_ws/install/share/my_c_topic/package.dsv'
[1.759s] INFO:colcon.colcon_core.shell:Creating package script '/home/ubuntu/ros2_ws/install/share/my_c_topic/package.sh'
[1.760s] INFO:colcon.colcon_core.shell:Creating package script '/home/ubuntu/ros2_ws/install/share/my_c_topic/package.bash'
[1.760s] INFO:colcon.colcon_core.shell:Creating package script '/home/ubuntu/ros2_ws/install/share/my_c_topic/package.zsh'
[1.761s] Level 1:colcon.colcon_core.environment:create_file_with_runtime_dependencies(/home/ubuntu/ros2_ws/install/share/colcon-core/packages/my_c_topic)
[1.831s] Level 1:colcon.colcon_core.environment:checking '/home/ubuntu/ros2_ws/install' for CMake module files
[1.832s] DEBUG:colcon.colcon_core.event_handler.log_command:Invoked command in '/home/ubuntu/ros2_ws/src/my_py_package' returned '0': PYTHONPATH=/home/ubuntu/ros2_ws/install/lib/python3.6/site-packages:${PYTHONPATH} /usr/bin/python3 setup.py egg_info --egg-base ../../build/my_py_package build --build-base /home/ubuntu/ros2_ws/build/my_py_package/build install --prefix /home/ubuntu/ros2_ws/install --record /home/ubuntu/ros2_ws/build/my_py_package/install.log --single-version-externally-managed
[1.832s] Level 1:colcon.colcon_core.environment:checking '/home/ubuntu/ros2_ws/install' for CMake config files
[1.833s] Level 1:colcon.colcon_core.shell:create_environment_hook('my_py_package', 'cmake_prefix_path')
[1.834s] INFO:colcon.colcon_core.shell:Creating environment hook '/home/ubuntu/ros2_ws/install/share/my_py_package/hook/cmake_prefix_path.ps1'
[1.834s] INFO:colcon.colcon_core.shell:Creating environment descriptor '/home/ubuntu/ros2_ws/install/share/my_py_package/hook/cmake_prefix_path.dsv'
[1.835s] INFO:colcon.colcon_core.shell:Creating environment hook '/home/ubuntu/ros2_ws/install/share/my_py_package/hook/cmake_prefix_path.sh'
[1.836s] Level 1:colcon.colcon_core.environment:checking '/home/ubuntu/ros2_ws/install/lib'
[1.836s] Level 1:colcon.colcon_core.environment:checking '/home/ubuntu/ros2_ws/install/bin'
[1.836s] Level 1:colcon.colcon_core.environment:checking '/home/ubuntu/ros2_ws/install/lib/pkgconfig/my_py_package.pc'
[1.836s] Level 1:colcon.colcon_core.environment:checking '/home/ubuntu/ros2_ws/install/lib/python3.6/site-packages'
[1.836s] Level 1:colcon.colcon_core.shell:create_environment_hook('my_py_package', 'pythonpath')
[1.837s] INFO:colcon.colcon_core.shell:Creating environment hook '/home/ubuntu/ros2_ws/install/share/my_py_package/hook/pythonpath.ps1'
[1.837s] INFO:colcon.colcon_core.shell:Creating environment descriptor '/home/ubuntu/ros2_ws/install/share/my_py_package/hook/pythonpath.dsv'
[1.838s] INFO:colcon.colcon_core.shell:Creating environment hook '/home/ubuntu/ros2_ws/install/share/my_py_package/hook/pythonpath.sh'
[1.838s] Level 1:colcon.colcon_core.environment:checking '/home/ubuntu/ros2_ws/install/bin'
[1.838s] Level 1:colcon.colcon_core.environment:create_environment_scripts_only(my_py_package)
[1.839s] INFO:colcon.colcon_core.shell:Creating package script '/home/ubuntu/ros2_ws/install/share/my_py_package/package.ps1'
[1.839s] INFO:colcon.colcon_core.shell:Creating package descriptor '/home/ubuntu/ros2_ws/install/share/my_py_package/package.dsv'
[1.840s] INFO:colcon.colcon_core.shell:Creating package script '/home/ubuntu/ros2_ws/install/share/my_py_package/package.sh'
[1.840s] INFO:colcon.colcon_core.shell:Creating package script '/home/ubuntu/ros2_ws/install/share/my_py_package/package.bash'
[1.841s] INFO:colcon.colcon_core.shell:Creating package script '/home/ubuntu/ros2_ws/install/share/my_py_package/package.zsh'
[1.841s] Level 1:colcon.colcon_core.environment:create_file_with_runtime_dependencies(/home/ubuntu/ros2_ws/install/share/colcon-core/packages/my_py_package)
[1.841s] DEBUG:colcon.colcon_parallel_executor.executor.parallel:closing loop
[1.842s] DEBUG:colcon.colcon_parallel_executor.executor.parallel:loop closed
[1.842s] DEBUG:colcon.colcon_parallel_executor.executor.parallel:run_until_complete finished with '0'
[1.844s] DEBUG:colcon.colcon_core.event_reactor:joining thread
[1.852s] INFO:colcon.colcon_core.plugin_system:Skipping extension 'colcon_notification.desktop_notification.terminal_notifier': Not used on non-Darwin systems
[1.852s] INFO:colcon.colcon_core.plugin_system:Skipping extension 'colcon_notification.desktop_notification.win32': Not used on non-Windows systems
[1.852s] INFO:colcon.colcon_notification.desktop_notification:Sending desktop notification using 'notify2'
[1.856s] DEBUG:colcon.colcon_core.event_reactor:joined thread
[1.856s] INFO:colcon.colcon_core.shell:Creating prefix script '/home/ubuntu/ros2_ws/install/local_setup.ps1'
[1.857s] INFO:colcon.colcon_core.shell:Creating prefix util module '/home/ubuntu/ros2_ws/install/_local_setup_util_ps1.py'
[1.859s] INFO:colcon.colcon_core.shell:Creating prefix chain script '/home/ubuntu/ros2_ws/install/setup.ps1'
[1.860s] INFO:colcon.colcon_core.shell:Creating prefix script '/home/ubuntu/ros2_ws/install/local_setup.sh'
[1.861s] INFO:colcon.colcon_core.shell:Creating prefix util module '/home/ubuntu/ros2_ws/install/_local_setup_util_sh.py'
[1.862s] INFO:colcon.colcon_core.shell:Creating prefix chain script '/home/ubuntu/ros2_ws/install/setup.sh'
[1.863s] INFO:colcon.colcon_core.shell:Creating prefix script '/home/ubuntu/ros2_ws/install/local_setup.bash'
[1.864s] INFO:colcon.colcon_core.shell:Creating prefix chain script '/home/ubuntu/ros2_ws/install/setup.bash'
[1.865s] INFO:colcon.colcon_core.shell:Creating prefix script '/home/ubuntu/ros2_ws/install/local_setup.zsh'
[1.866s] INFO:colcon.colcon_core.shell:Creating prefix chain script '/home/ubuntu/ros2_ws/install/setup.zsh'
